[20240324 23:40:40 973] [000000] [Pos_Send         ] [**********************************************************************************************]
[20240324 23:40:40 973] [000000] [Pos_Send         ] [Start!]
[20240324 23:40:40 981] [000000] [Ver.             ] [#######NVCAT5002]
[20240324 23:40:40 989] [000000] [Date.            ] [24.1.22.1]
[20240324 23:40:40 996] [000000] [VpnUse           ] [N]
[20240324 23:40:41 005] [000000] [MultiVan         ] [N]
[20240324 23:40:41 015] [000000] [MultiReaderInfo  ] [Start]
[20240324 23:40:41 025] [000000] [MultiReaderInfo  ] [READERTYPE : [01], MultiReaderUse : [N], READERCNT : [0], PORTNUM : [0], PORTBAUDRATE : [0]]
[20240324 23:40:41 036] [000000] [MultiReaderInfo  ] [Finish]
[20240324 23:40:41 043] [000000] [GetCnlDisableYN  ] [Start]
[20240324 23:40:41 053] [000000] [GetStrEnv        ] [Start!]
[20240324 23:40:41 061] [000000] [DOWNTP           ] [1]
[20240324 23:40:41 070] [000000] [CnlDisable       ] [N]
[20240324 23:40:41 077] [000000] [NICEDOWN2        ] [Start]
[20240324 23:40:41 087] [000000] [ReaderSN         ] [Z624020161]
[20240324 23:40:41 095] [000000] [ReaderVer        ] [#####NR-5500K002]
[20240324 23:40:41 109] [000000] [NICEDOWN2        ] [CATID]
[20240324 23:40:41 122] [000000] [NICEDOWN2        ] [3195189001]
[20240324 23:40:41 132] [000000] [NICEDOWN2        ] [BIZNO]
[20240324 23:40:41 143] [000000] [NICEDOWN2        ] [4089673734]
[20240324 23:40:41 152] [000000] [NICEDOWN2        ] [NICEDOWN2 Date Check Start]
[20240324 23:40:41 159] [000000] [RT               ] [R]
[20240324 23:40:41 170] [000000] [REGDOWNTP        ] [1]
[20240324 23:40:41 181] [000000] [CnlDisable       ] []
[20240324 23:40:41 190] [000000] [NICEDOWN2        ] [(1) 다운로드 했던 기록이 있음]
[20240324 23:40:41 197] [000000] [NICEDOWN2        ] [(3) 이전 다운로드했던 CATID와 다운로드할 CATID가 같음]
[20240324 23:40:41 205] [000000] [NICEDOWN2        ] [(4) 이전 다운로드 유형과 다운로드할 유형이 같음]
[20240324 23:40:41 215] [000000] [NICEDOWN2        ] [NICEDOWN2 Date Check Finish]
[20240324 23:40:41 223] [000000] [SetCnlDisableYN  ] [Start]
[20240324 23:40:41 232] [000000] [DownType         ] [1]
[20240324 23:40:41 240] [000000] [Disable          ] []
[20240324 23:40:41 249] [000000] [SetCnlDisableYN  ] [Finish]
[20240324 23:40:41 257] [000000] [Connect_Tcp      ] [211.33.136.9:9002]
[20240324 23:40:41 282] [001504] [Open_TcpPort     ] [Connect OK!]
[20240324 23:40:41 285] [000000] [GetMac           ] [Start]
[20240324 23:40:41 292] [000000] [GetMac           ] [Try]
[20240324 23:40:41 310] [000000] [GetMac           ] [Success]
[20240324 23:40:41 313] [000000] [GetMac           ] [Finish]
[20240324 23:40:41 323] [000000] [SIGNSERIALNO     ] []
[20240324 23:40:41 333] [000000] [sendBuf          ] [0273770G44089673734319518900111002091702027700000000                                       10NVCAT               Z624020161#####NR-5500K002NVKN50  20240324234041               D8C497336879                                                                                     ]
[20240324 23:40:41 468] [000000] [recvBuf          ] [0492770G4408967373431951890010000R다운로드 정상                           211.33.136.2   8101 211.33.136.2   8101 211.33.136.9   9003 에이스독서실                      임원일              01071038573         인천 부평구 충선로 174상록빌딩 5층 전체                                                                                                                                                                 00211.33.136.1   9000 022402240287192N                                              ]
[20240324 23:40:41 468] [001504] [Close_TcpPort    ] [Close OK!]
[20240324 23:40:41 478] [000000] [RPORT            ] [8101]
[20240324 23:40:41 486] [000000] [NICEDOWNREQ      ] [N]
[20240324 23:40:41 494] [000000] [RPORT Set 4      ] [8101]
[20240324 23:40:41 517] [000000] [POSUNINUM        ] [022402240287192]
[20240324 23:40:41 520] [000000] [NICEDOWN2        ] [return 1]
[20240324 23:40:41 530] [000000] [NICEDOWN2        ] [Finish]
[20240324 23:40:41 541] [000000] [Pos_Send         ] [NICEDOWN2 Success]
[20240324 23:40:41 553] [000000] [Pos_Send amt1    ] [000000000005]
[20240324 23:40:41 564] [000000] [Pos_Send amt2    ] [5]
[20240324 23:40:41 572] [000000] [ReqCard          ] [ReqCard]
[20240324 23:40:41 583] [000000] [Pos_Send amt3    ] [5]
[20240324 23:40:41 594] [000000] [POPUP_TIMER      ] [Start!]
[20240324 23:40:41 602] [000000] [Count            ] [30]
[20240324 23:40:41 637] [000000] [POPUP_TIMER      ] [Finish]
[20240324 23:40:41 664] [000000] [ReqCard          ] [Start!]
[20240324 23:40:41 678] [000000] [MultiReaderInfo  ] [Start]
[20240324 23:40:41 693] [000000] [MultiReaderInfo  ] [READERTYPE : [01], MultiReaderUse : [N], READERCNT : [0], PORTNUM : [0], PORTBAUDRATE : [0]]
[20240324 23:40:41 705] [000000] [MultiReaderInfo  ] [Finish]
[20240324 23:40:41 717] [000000] [ReqCard          ] [Multi Reader Use X]
[20240324 23:40:41 725] [000000] [PortOpen         ] [Start!]
[20240324 23:40:41 734] [000000] [PortOpen_Port    ] [12]
[20240324 23:40:41 948] [000000] [PortOpen         ] [Finish!]
[20240324 23:40:41 949] [000000] [PortOpen_rtn     ] [1]
[20240324 23:40:41 958] [000000] [ReqCard Time     ] [20240324234041]
[20240324 23:40:41 969] [000000] [ReqCard Amt      ] [000000000005]
[20240324 23:40:41 978] [000000] [ReqCard Catid    ] [3195189001]
[20240324 23:40:41 990] [000000] [ReqCard tp       ] [0]
[20240324 23:40:41 998] [000000] [ReqCard          ] [Request Nicepos sign!(0,1)]
[20240324 23:40:42 009] [000000] [NicePosSign      ] [156]
[20240324 23:40:42 036] [000000] [ReqCard ErrCode  ] [fb]
[20240324 23:40:42 037] [000000] [PortClose        ] [Start!]
[20240324 23:40:42 047] [000000] [PortClose        ] [PortClose]
[20240324 23:40:42 057] [000000] [SC_ClosePort     ] [Start!]
[20240324 23:40:42 065] [000000] [ThreadWatchComm  ] [Fisish!]
[20240324 23:40:42 106] [000000] [SC_ClosePort     ] [Finish!]
[20240324 23:40:42 107] [000000] [PortClose        ] [Finish!]
[20240324 23:40:42 118] [000000] [CLOSE_POPUP      ] [Start]
[20240324 23:40:42 139] [000000] [CLOSE_POPUP      ] [Finish]
[20240324 23:40:42 188] [000000] [MultiReaderInfo  ] [Start]
[20240324 23:40:42 203] [000000] [MultiReaderInfo  ] [READERTYPE : [01], MultiReaderUse : [N], READERCNT : [0], PORTNUM : [0], PORTBAUDRATE : [0]]
[20240324 23:40:42 217] [000000] [MultiReaderInfo  ] [Finish]
[20240324 23:40:42 228] [000000] [ChkValid         ] [Start!]
[20240324 23:40:42 243] [000000] [OPEN_POPUP       ] [Start!]
[20240324 23:40:42 351] [000000] [OPEN_POPUP       ] [Finish]
[20240324 23:40:42 353] [000000] [ChkValid         ] [Get_serial_data!]
[20240324 23:40:42 529] [000000] [PortOpen         ] [Start!]
[20240324 23:40:42 529] [000000] [PortOpen_Port    ] [12]
[20240324 23:40:42 744] [000000] [PortOpen         ] [Finish!]
[20240324 23:40:42 744] [000000] [PortOpen_rtn     ] [1]
[20240324 23:40:42 755] [000000] [Get_serial_data  ] [NicePosSign]
[20240324 23:40:42 767] [000000] [NicePosSign      ] [49]
[20240324 23:40:43 040] [000000] [PortClose        ] [Start!]
[20240324 23:40:43 041] [000000] [PortClose        ] [PortClose]
[20240324 23:40:43 049] [000000] [SC_ClosePort     ] [Start!]
[20240324 23:40:43 059] [000000] [ThreadWatchComm  ] [Fisish!]
[20240324 23:40:43 100] [000000] [SC_ClosePort     ] [Finish!]
[20240324 23:40:43 101] [000000] [PortClose        ] [Finish!]
[20240324 23:40:43 114] [000000] [ChkValid         ] [Get_RandomKey(RND_P1)]
[20240324 23:40:43 126] [000000] [PortOpen         ] [Start!]
[20240324 23:40:43 138] [000000] [PortOpen_Port    ] [12]
[20240324 23:40:43 351] [000000] [PortOpen         ] [Finish!]
[20240324 23:40:43 351] [000000] [PortOpen_rtn     ] [1]
[20240324 23:40:43 362] [000000] [ChkValid         ] [NicePosSign 1]
[20240324 23:40:43 378] [000000] [NicePosSign      ] [160]
[20240324 23:40:43 407] [000000] [ChkValid         ] [ClosePort 1]
[20240324 23:40:43 408] [000000] [ChkValid         ] [Get_RandomKey(RND_P2)]
[20240324 23:40:43 420] [000000] [ChkValid         ] [NicePosSign 2]
[20240324 23:40:43 433] [000000] [NicePosSign      ] [160]
[20240324 23:40:43 455] [000000] [ChkValid         ] [ClosePort 2]
[20240324 23:40:43 458] [000000] [ChkValid         ] [NicePosSign 3]
[20240324 23:40:43 473] [000000] [NicePosSign      ] [160]
[20240324 23:40:43 503] [000000] [ChkValid         ] [ClosePort 3]
[20240324 23:40:43 504] [000000] [CLOSE_POPUP      ] [Start]
[20240324 23:40:43 528] [000000] [CLOSE_POPUP      ] [Finish]
[20240324 23:40:43 572] [000000] [OPEN_POPUP       ] [Start!]
[20240324 23:40:43 606] [000000] [OPEN_POPUP       ] [Finish]
[20240324 23:40:43 629] [000000] [ChkValid         ] [NicePosSign 4]
[20240324 23:40:43 651] [000000] [NicePosSign      ] [161]
[20240324 23:40:43 680] [000000] [ChkValid         ] [ClosePort 4]
[20240324 23:40:43 684] [000000] [PortClose        ] [Start!]
[20240324 23:40:43 700] [000000] [PortClose        ] [PortClose]
[20240324 23:40:43 715] [000000] [SC_ClosePort     ] [Start!]
[20240324 23:40:43 734] [000000] [ThreadWatchComm  ] [Fisish!]
[20240324 23:40:43 775] [000000] [SC_ClosePort     ] [Finish!]
[20240324 23:40:43 776] [000000] [PortClose        ] [Finish!]
[20240324 23:40:43 796] [000000] [ChkValid_ERRCD   ] [0]
[20240324 23:40:43 826] [000000] [CLOSE_POPUP      ] [Start]
[20240324 23:40:43 863] [000000] [CLOSE_POPUP      ] [Finish]
[20240324 23:40:43 914] [000000] [ReqCard          ] [ReqCard End]
[20240324 23:40:43 934] [000000] [POPUP_TIMER      ] [Start!]
[20240324 23:40:43 953] [000000] [Count            ] [30]
[20240324 23:40:43 993] [000000] [POPUP_TIMER      ] [Finish]
[20240324 23:40:44 019] [000000] [ReqCard          ] [Start!]
[20240324 23:40:44 035] [000000] [MultiReaderInfo  ] [Start]
[20240324 23:40:44 052] [000000] [MultiReaderInfo  ] [READERTYPE : [01], MultiReaderUse : [N], READERCNT : [0], PORTNUM : [0], PORTBAUDRATE : [0]]
[20240324 23:40:44 068] [000000] [MultiReaderInfo  ] [Finish]
[20240324 23:40:44 086] [000000] [ReqCard          ] [Multi Reader Use X]
[20240324 23:40:44 104] [000000] [PortOpen         ] [Start!]
[20240324 23:40:44 121] [000000] [PortOpen_Port    ] [12]
[20240324 23:40:44 336] [000000] [PortOpen         ] [Finish!]
[20240324 23:40:44 337] [000000] [PortOpen_rtn     ] [1]
[20240324 23:40:44 348] [000000] [ReqCard Time     ] [20240324234044]
[20240324 23:40:44 357] [000000] [ReqCard Amt      ] [000000000005]
[20240324 23:40:44 368] [000000] [ReqCard Catid    ] [3195189001]
[20240324 23:40:44 377] [000000] [ReqCard tp       ] [0]
[20240324 23:40:44 390] [000000] [ReqCard          ] [Request Nicepos sign!(0,1)]
[20240324 23:40:44 403] [000000] [NicePosSign      ] [156]
[20240324 23:40:47 138] [000000] [Stop             ] [1]
[20240324 23:40:47 139] [000000] [ReqStop          ] [Start!]
[20240324 23:40:47 148] [000000] [ReqStop          ] [1]
[20240324 23:40:47 158] [000000] [ReqStop          ] [9]
[20240324 23:40:47 171] [000000] [MultiReaderInfo  ] [Start]
[20240324 23:40:47 180] [000000] [MultiReaderInfo  ] [READERTYPE : [01], MultiReaderUse : [N], READERCNT : [0], PORTNUM : [0], PORTBAUDRATE : [0]]
[20240324 23:40:47 191] [000000] [MultiReaderInfo  ] [Finish]
[20240324 23:40:47 200] [000000] [ReqStop          ] [2]
[20240324 23:40:47 210] [000000] [ReqStop          ] [3]
[20240324 23:40:47 221] [000000] [ReqStop          ] [4]
[20240324 23:40:47 745] [000000] [ReqStop          ] [5]
[20240324 23:40:47 746] [000000] [ReqStop          ] [6]
[20240324 23:40:47 758] [000000] [ReqStop          ] [7]
[20240324 23:40:47 768] [000000] [ReqStop          ] [8]
[20240324 23:40:47 780] [000000] [ReqCard ErrCode  ] [cd]
[20240324 23:40:47 789] [000000] [PortClose        ] [Start!]
[20240324 23:40:47 803] [000000] [PortClose        ] [PortClose]
[20240324 23:40:47 813] [000000] [SC_ClosePort     ] [Start!]
[20240324 23:40:47 824] [000000] [ThreadWatchComm  ] [Fisish!]
[20240324 23:40:47 866] [000000] [SC_ClosePort     ] [Finish!]
[20240324 23:40:47 866] [000000] [PortClose        ] [Finish!]
[20240324 23:40:47 880] [000000] [CLOSE_POPUP      ] [Start]
[20240324 23:40:47 908] [000000] [CLOSE_POPUP      ] [Finish]
[20240324 23:40:47 942] [000000] [Pos_Send[7]      ] [return -80]
[20240324 23:40:47 957] [000000] [Pos_Send[7]      ] [**********************************************************************************************]
[20240324 23:40:53 221] [000000] [Pos_Send         ] [**********************************************************************************************]
[20240324 23:40:53 222] [000000] [Pos_Send         ] [Start!]
[20240324 23:40:53 236] [000000] [Ver.             ] [#######NVCAT5002]
[20240324 23:40:53 251] [000000] [Date.            ] [24.1.22.1]
[20240324 23:40:53 261] [000000] [VpnUse           ] [N]
[20240324 23:40:53 273] [000000] [MultiVan         ] [N]
[20240324 23:40:53 287] [000000] [MultiReaderInfo  ] [Start]
[20240324 23:40:53 300] [000000] [MultiReaderInfo  ] [READERTYPE : [01], MultiReaderUse : [N], READERCNT : [0], PORTNUM : [0], PORTBAUDRATE : [0]]
[20240324 23:40:53 310] [000000] [MultiReaderInfo  ] [Finish]
[20240324 23:40:53 322] [000000] [GetCnlDisableYN  ] [Start]
[20240324 23:40:53 334] [000000] [GetStrEnv        ] [Start!]
[20240324 23:40:53 346] [000000] [DOWNTP           ] [1]
[20240324 23:40:53 357] [000000] [CnlDisable       ] [N]
[20240324 23:40:53 369] [000000] [NICEDOWN2        ] [Start]
[20240324 23:40:53 381] [000000] [ReaderSN         ] [Z624020161]
[20240324 23:40:53 391] [000000] [ReaderVer        ] [#####NR-5500K002]
[20240324 23:40:53 403] [000000] [NICEDOWN2        ] [CATID]
[20240324 23:40:53 417] [000000] [NICEDOWN2        ] [3195189001]
[20240324 23:40:53 430] [000000] [NICEDOWN2        ] [BIZNO]
[20240324 23:40:53 441] [000000] [NICEDOWN2        ] [4089673734]
[20240324 23:40:53 454] [000000] [NICEDOWN2        ] [NICEDOWN2 Date Check Start]
[20240324 23:40:53 465] [000000] [RT               ] [R]
[20240324 23:40:53 475] [000000] [REGDOWNTP        ] [1]
[20240324 23:40:53 488] [000000] [CnlDisable       ] []
[20240324 23:40:53 500] [000000] [NICEDOWN2        ] [(1) 다운로드 했던 기록이 있음]
[20240324 23:40:53 513] [000000] [NICEDOWN2        ] [(2) 이전 다운로드했던 날짜와 오늘 날짜가 같음]
[20240324 23:40:53 523] [000000] [NICEDOWN2        ] [(3) 이전 다운로드했던 CATID와 다운로드할 CATID가 같음]
[20240324 23:40:53 534] [000000] [NICEDOWN2        ] [(4) 이전 다운로드 유형과 다운로드할 유형이 같음]
[20240324 23:40:53 544] [000000] [NICEDOWN2        ] [Already NICEDOWN2  (-2)]
[20240324 23:40:53 554] [000000] [Pos_Send         ] [NICEDOWN2 Fail (-2)]
[20240324 23:40:53 563] [000000] [Pos_Send amt1    ] [000000000005]
[20240324 23:40:53 575] [000000] [Pos_Send amt2    ] [5]
[20240324 23:40:53 585] [000000] [ReqCard          ] [ReqCard]
[20240324 23:40:53 594] [000000] [Pos_Send amt3    ] [5]
[20240324 23:40:53 606] [000000] [POPUP_TIMER      ] [Start!]
[20240324 23:40:53 617] [000000] [Count            ] [30]
[20240324 23:40:53 646] [000000] [POPUP_TIMER      ] [Finish]
[20240324 23:40:53 667] [000000] [ReqCard          ] [Start!]
[20240324 23:40:53 679] [000000] [MultiReaderInfo  ] [Start]
[20240324 23:40:53 692] [000000] [MultiReaderInfo  ] [READERTYPE : [01], MultiReaderUse : [N], READERCNT : [0], PORTNUM : [0], PORTBAUDRATE : [0]]
[20240324 23:40:53 705] [000000] [MultiReaderInfo  ] [Finish]
[20240324 23:40:53 716] [000000] [ReqCard          ] [Multi Reader Use X]
[20240324 23:40:53 727] [000000] [PortOpen         ] [Start!]
[20240324 23:40:53 741] [000000] [PortOpen_Port    ] [12]
[20240324 23:40:53 955] [000000] [PortOpen         ] [Finish!]
[20240324 23:40:53 956] [000000] [PortOpen_rtn     ] [1]
[20240324 23:40:53 967] [000000] [ReqCard Time     ] [20240324234053]
[20240324 23:40:53 977] [000000] [ReqCard Amt      ] [000000000005]
[20240324 23:40:53 988] [000000] [ReqCard Catid    ] [3195189001]
[20240324 23:40:53 999] [000000] [ReqCard tp       ] [0]
[20240324 23:40:54 008] [000000] [ReqCard          ] [Request Nicepos sign!(0,1)]
[20240324 23:40:54 021] [000000] [NicePosSign      ] [156]
[20240324 23:41:05 691] [000000] [ReqCard ErrCode  ] [0]
[20240324 23:41:05 691] [000000] [PortClose        ] [Start!]
[20240324 23:41:05 703] [000000] [PortClose        ] [PortClose]
[20240324 23:41:05 715] [000000] [SC_ClosePort     ] [Start!]
[20240324 23:41:05 725] [000000] [ThreadWatchComm  ] [Fisish!]
[20240324 23:41:05 767] [000000] [SC_ClosePort     ] [Finish!]
[20240324 23:41:05 767] [000000] [PortClose        ] [Finish!]
[20240324 23:41:05 782] [000000] [CLOSE_POPUP      ] [Start]
[20240324 23:41:05 828] [000000] [CLOSE_POPUP      ] [Finish]
[20240324 23:41:05 878] [000000] [ReqCard          ] [ReqCard End]
[20240324 23:41:05 893] [000000] [SIGNROMVER       ] []
[20240324 23:41:05 911] [000000] [SIGNSERIALNO     ] []
[20240324 23:41:05 932] [000000] [VpnUse           ] [공중망]
[20240324 23:41:05 945] [000000] [POSUNINUM        ] [REQ TEXT ADD]
[20240324 23:41:05 962] [000000] [POSUNINUM        ] [PID(3) GB TEXT ADD OK]
[20240324 23:41:05 978] [000000] [POSUNINUM        ] [PID(15) TEXT ADD OK]
[20240324 23:41:05 990] [000000] [POSUNINUM        ] [MAC(3) GB TEXT ADD OK]
[20240324 23:41:06 006] [000000] [GetMac           ] [Start]
[20240324 23:41:06 021] [000000] [GetMac           ] [Try]
[20240324 23:41:06 037] [000000] [GetMac           ] [Success]
[20240324 23:41:06 049] [000000] [GetMac           ] [Finish]
[20240324 23:41:06 064] [000000] [POSUNINUM        ] [MAC+Space(32) TEXT ADD OK]
[20240324 23:41:06 081] [000000] [POSUNINUM        ] [Total Length Change]
[20240324 23:41:06 093] [000000] [POSUNINUM        ] [0747]
[20240324 23:41:06 102] [000000] [sendIP           ] [211.33.136.2]
[20240324 23:41:06 113] [000000] [sendPORT         ] [8101]
[20240324 23:41:06 123] [000000] [CommType         ] [1]
[20240324 23:41:06 134] [000000] [POSUNINUM        ] [Req Etc Port]
[20240324 23:41:06 144] [000000] [NiceCommWork     ] [211.33.136.2:8101]
[20240324 23:41:06 154] [000000] [Connect_Tcp      ] [211.33.136.2:8101]
[20240324 23:41:06 181] [001108] [Open_TcpPort     ] [Connect OK!]
[20240324 23:41:06 181] [000000] [GetCnlDisableYN  ] [Start]
[20240324 23:41:06 193] [000000] [GetStrEnv        ] [Start!]
[20240324 23:41:06 204] [000000] [CnlDisable       ] [N]
[20240324 23:41:06 218] [000000] [OPEN_POPUP       ] [Start!]
[20240324 23:41:06 246] [000000] [OPEN_POPUP       ] [Finish]
[20240324 23:41:06 264] [000000] [NiceCommWork     ] [SendRecvEnc]
[20240324 23:41:06 349] [001108] [SendMsg          ] [0747HPS31951890010324234053020010H1       IC 3195189001I*******************************************************************************************************************************00000000000000000000000000000000000005                          4089673734             ****************              ]
[20240324 23:41:06 878] [001108] [RecvMsg          ] [0580HPS31951890010324234053021010H1       IC 31951890010000****************************************000000000000000000000000000000000000054089673734             ****************07신한카드            07신한카드            0105275218     24032423410619892776    0842320148653 IC카드 정상승인 19892776                                                                                                                                                      1           NS240]
[20240324 23:41:06 878] [000000] [SendRecv         ] [End!]
[20240324 23:41:06 893] [001108] [Close_TcpPort    ] [Close OK!]
[20240324 23:41:06 905] [000000] [CLOSE_POPUP      ] [Start]
[20240324 23:41:06 932] [000000] [CLOSE_POPUP      ] [Finish]
[20240324 23:41:06 970] [000000] [EMV_COMPLITE     ] [Start]
[20240324 23:41:06 985] [000000] [EMV_CMP_ERRCD    ] []
[20240324 23:41:06 999] [000000] [Pos_Send         ] [return 1]
[20240324 23:41:07 012] [000000] [Pos_Send         ] [Finish!]
[20240324 23:41:07 026] [000000] [Pos_Send         ] [**********************************************************************************************]
