[20240403 13:21:20 362] [000000] [SetEnv           ] [Start!]
[20240403 13:21:20 369] [000000] [SetEnv_ccatid    ] [3195189001]
[20240403 13:21:20 376] [000000] [SetEnv_CatID     ] [3195189001]
[20240403 13:21:20 386] [000000] [SetEnv_cbizno    ] [4089673734]
[20240403 13:21:20 393] [000000] [SetEnv_BizNo     ] [4089673734]
[20240403 13:21:20 403] [000000] [SetEnv           ] [Finish!]
[20240403 13:21:20 518] [000000] [Set_SvrInfo      ] [Start!]
[20240403 13:21:20 586] [000000] [GetCnlDisableYN  ] [Start]
[20240403 13:21:20 639] [000000] [GetStrEnv        ] [Start!]
[20240403 13:21:20 699] [000000] [CnlDisable       ] [N]
[20240403 13:21:20 802] [000000] [RT               ] [1]
[20240403 13:21:20 832] [000000] [SetCnlDisableYN  ] [Start]
[20240403 13:21:20 952] [000000] [DownType         ] [1]
[20240403 13:21:20 960] [000000] [Disable          ] [N]
[20240403 13:21:20 969] [000000] [SetCnlDisableYN  ] [Finish]
[20240403 13:21:22 221] [000000] [Get_SvrInfo      ] [Start!]
[20240403 13:21:22 258] [000000] [GetEnv           ] [Start!]
[20240403 13:21:22 303] [000000] [Ver.             ] [#######NVCAT5002]
[20240403 13:21:22 311] [000000] [Date.            ] [24.1.22.1]
[20240403 13:21:22 367] [000000] [GetEnv_CatID     ] [3195189001]
[20240403 13:21:22 423] [000000] [GetEnv_BizNo     ] [4089673734]
[20240403 13:21:22 484] [000000] [GetEnv           ] [Finish!]
[20240403 13:21:22 543] [000000] [Get_ReaderInfo   ] [Start!]
[20240403 13:21:22 560] [000000] [PortOpen         ] [Start!]
[20240403 13:21:22 571] [000000] [PortOpen_Port    ] [12]
[20240403 13:21:23 155] [000000] [PortOpen         ] [Finish!]
[20240403 13:21:23 187] [000000] [PortOpen_rtn     ] [1]
[20240403 13:21:23 214] [000000] [Get_ReaderInfo   ] [NicePosSign!]
[20240403 13:21:23 223] [000000] [NicePosSign      ] [49]
[20240403 13:21:23 260] [000000] [PortClose        ] [Start!]
[20240403 13:21:23 289] [000000] [PortClose        ] [PortClose]
[20240403 13:21:23 302] [000000] [SC_ClosePort     ] [Start!]
[20240403 13:21:23 313] [000000] [ThreadWatchComm  ] [Fisish!]
[20240403 13:21:23 526] [000000] [SC_ClosePort     ] [Finish!]
[20240403 13:21:23 551] [000000] [PortClose        ] [Finish!]
[20240403 13:21:23 592] [000000] [Get_ReaderInfo   ] [#####NR-5500K002]
[20240403 13:21:23 624] [000000] [Get_SignInfo2    ] [ROMVER Start!]
[20240403 13:21:23 718] [000000] [Get_SignInfo2    ] [SignPort Not Setting]
[20240403 13:21:23 757] [000000] [Get_SignInfo2    ] [ROMVER(16)]
[20240403 13:21:23 790] [000000] [Get_SignInfo2    ] []
[20240403 13:21:23 813] [000000] [MultiReaderInfo  ] [Start]
[20240403 13:21:23 842] [000000] [MultiReaderInfo  ] [READERTYPE : [01], MultiReaderUse : [N], READERCNT : [0], PORTNUM : [0], PORTBAUDRATE : [0]]
[20240403 13:21:23 885] [000000] [MultiReaderInfo  ] [Finish]
[20240403 13:21:23 907] [000000] [ChkValid         ] [Start!]
[20240403 13:21:23 951] [000000] [OPEN_POPUP       ] [Start!]
[20240403 13:21:24 103] [000000] [OPEN_POPUP       ] [Finish]
[20240403 13:21:24 113] [000000] [ChkValid         ] [Get_serial_data!]
[20240403 13:21:24 283] [000000] [PortOpen         ] [Start!]
[20240403 13:21:24 306] [000000] [PortOpen_Port    ] [12]
[20240403 13:21:25 472] [000000] [PortOpen         ] [Finish!]
[20240403 13:21:25 534] [000000] [PortOpen_rtn     ] [1]
[20240403 13:21:25 633] [000000] [Get_serial_data  ] [NicePosSign]
[20240403 13:21:25 683] [000000] [NicePosSign      ] [49]
[20240403 13:21:25 805] [000000] [PortClose        ] [Start!]
[20240403 13:21:25 817] [000000] [PortClose        ] [PortClose]
[20240403 13:21:25 826] [000000] [SC_ClosePort     ] [Start!]
[20240403 13:21:25 838] [000000] [ThreadWatchComm  ] [Fisish!]
[20240403 13:21:26 213] [000000] [SC_ClosePort     ] [Finish!]
[20240403 13:21:26 286] [000000] [PortClose        ] [Finish!]
[20240403 13:21:26 338] [000000] [ChkValid         ] [Get_RandomKey(RND_P1)]
[20240403 13:21:26 423] [000000] [PortOpen         ] [Start!]
[20240403 13:21:26 502] [000000] [PortOpen_Port    ] [12]
[20240403 13:21:28 095] [000000] [PortOpen         ] [Finish!]
[20240403 13:21:28 126] [000000] [PortOpen_rtn     ] [1]
[20240403 13:21:28 176] [000000] [ChkValid         ] [NicePosSign 1]
[20240403 13:21:28 207] [000000] [NicePosSign      ] [160]
[20240403 13:21:28 248] [000000] [ChkValid         ] [ClosePort 1]
[20240403 13:21:28 258] [000000] [ChkValid         ] [Get_RandomKey(RND_P2)]
[20240403 13:21:28 268] [000000] [ChkValid         ] [NicePosSign 2]
[20240403 13:21:28 277] [000000] [NicePosSign      ] [160]
[20240403 13:21:28 309] [000000] [ChkValid         ] [ClosePort 2]
[20240403 13:21:28 319] [000000] [ChkValid         ] [NicePosSign 3]
[20240403 13:21:28 328] [000000] [NicePosSign      ] [160]
[20240403 13:21:28 356] [000000] [ChkValid         ] [ClosePort 3]
[20240403 13:21:28 365] [000000] [CLOSE_POPUP      ] [Start]
[20240403 13:21:28 381] [000000] [CLOSE_POPUP      ] [Finish]
[20240403 13:21:28 472] [000000] [OPEN_POPUP       ] [Start!]
[20240403 13:21:28 557] [000000] [OPEN_POPUP       ] [Finish]
[20240403 13:21:28 566] [000000] [ChkValid         ] [NicePosSign 4]
[20240403 13:21:28 575] [000000] [NicePosSign      ] [161]
[20240403 13:21:28 605] [000000] [ChkValid         ] [ClosePort 4]
[20240403 13:21:28 650] [000000] [PortClose        ] [Start!]
[20240403 13:21:28 660] [000000] [PortClose        ] [PortClose]
[20240403 13:21:28 670] [000000] [SC_ClosePort     ] [Start!]
[20240403 13:21:28 749] [000000] [ThreadWatchComm  ] [Fisish!]
[20240403 13:21:28 988] [000000] [SC_ClosePort     ] [Finish!]
[20240403 13:21:29 021] [000000] [PortClose        ] [Finish!]
[20240403 13:21:29 040] [000000] [ChkValid_ERRCD   ] [0]
[20240403 13:21:29 051] [000000] [CLOSE_POPUP      ] [Start]
[20240403 13:21:29 069] [000000] [CLOSE_POPUP      ] [Finish]
[20240403 13:21:29 143] [000000] [Get_ReaderInfo   ] [Start!]
[20240403 13:21:29 153] [000000] [PortOpen         ] [Start!]
[20240403 13:21:29 164] [000000] [PortOpen_Port    ] [12]
[20240403 13:21:29 777] [000000] [PortOpen         ] [Finish!]
[20240403 13:21:29 809] [000000] [PortOpen_rtn     ] [1]
[20240403 13:21:29 839] [000000] [Get_ReaderInfo   ] [NicePosSign!]
[20240403 13:21:29 865] [000000] [NicePosSign      ] [49]
[20240403 13:21:29 921] [000000] [PortClose        ] [Start!]
[20240403 13:21:29 931] [000000] [PortClose        ] [PortClose]
[20240403 13:21:29 941] [000000] [SC_ClosePort     ] [Start!]
[20240403 13:21:29 951] [000000] [ThreadWatchComm  ] [Fisish!]
[20240403 13:21:29 999] [000000] [SC_ClosePort     ] [Finish!]
[20240403 13:21:30 062] [000000] [PortClose        ] [Finish!]
[20240403 13:21:30 169] [000000] [Get_ReaderInfo   ] [#####NR-5500K002]
[20240403 13:21:30 632] [000000] [GetEnv           ] [Start!]
[20240403 13:21:30 643] [000000] [Ver.             ] [#######NVCAT5002]
[20240403 13:21:30 653] [000000] [Date.            ] [24.1.22.1]
[20240403 13:21:30 738] [000000] [GetEnv_CatID     ] [3195189001]
[20240403 13:21:30 749] [000000] [GetEnv_BizNo     ] [4089673734]
[20240403 13:21:30 799] [000000] [GetEnv           ] [Finish!]
[20240403 16:24:30 160] [000000] [Pos_Send         ] [**********************************************************************************************]
[20240403 16:24:30 169] [000000] [Pos_Send         ] [Start!]
[20240403 16:24:30 177] [000000] [Ver.             ] [#######NVCAT5002]
[20240403 16:24:30 190] [000000] [Date.            ] [24.1.22.1]
[20240403 16:24:30 199] [000000] [VpnUse           ] [N]
[20240403 16:24:30 207] [000000] [MultiVan         ] [N]
[20240403 16:24:30 216] [000000] [MultiReaderInfo  ] [Start]
[20240403 16:24:30 225] [000000] [MultiReaderInfo  ] [READERTYPE : [01], MultiReaderUse : [N], READERCNT : [0], PORTNUM : [0], PORTBAUDRATE : [0]]
[20240403 16:24:30 236] [000000] [MultiReaderInfo  ] [Finish]
[20240403 16:24:30 244] [000000] [GetCnlDisableYN  ] [Start]
[20240403 16:24:30 254] [000000] [GetStrEnv        ] [Start!]
[20240403 16:24:30 265] [000000] [DOWNTP           ] [1]
[20240403 16:24:30 273] [000000] [CnlDisable       ] [N]
[20240403 16:24:30 283] [000000] [NICEDOWN2        ] [Start]
[20240403 16:24:30 291] [000000] [ReaderSN         ] [Z624020161]
[20240403 16:24:30 299] [000000] [ReaderVer        ] [#####NR-5500K002]
[20240403 16:24:30 307] [000000] [NICEDOWN2        ] [CATID]
[20240403 16:24:30 316] [000000] [NICEDOWN2        ] [3195189001]
[20240403 16:24:30 325] [000000] [NICEDOWN2        ] [BIZNO]
[20240403 16:24:30 334] [000000] [NICEDOWN2        ] [4089673734]
[20240403 16:24:30 342] [000000] [NICEDOWN2        ] [NICEDOWN2 Date Check Start]
[20240403 16:24:30 354] [000000] [RT               ] [R]
[20240403 16:24:30 366] [000000] [REGDOWNTP        ] [1]
[20240403 16:24:30 378] [000000] [CnlDisable       ] []
[20240403 16:24:30 388] [000000] [NICEDOWN2        ] [(1) 다운로드 했던 기록이 있음]
[20240403 16:24:30 399] [000000] [NICEDOWN2        ] [(3) 이전 다운로드했던 CATID와 다운로드할 CATID가 같음]
[20240403 16:24:30 408] [000000] [NICEDOWN2        ] [(4) 이전 다운로드 유형과 다운로드할 유형이 같음]
[20240403 16:24:30 419] [000000] [NICEDOWN2        ] [NICEDOWN2 Date Check Finish]
[20240403 16:24:30 428] [000000] [SetCnlDisableYN  ] [Start]
[20240403 16:24:30 437] [000000] [DownType         ] [1]
[20240403 16:24:30 446] [000000] [Disable          ] []
[20240403 16:24:30 455] [000000] [SetCnlDisableYN  ] [Finish]
[20240403 16:24:30 464] [000000] [Connect_Tcp      ] [211.33.136.9:9002]
[20240403 16:24:30 493] [001304] [Open_TcpPort     ] [Connect OK!]
[20240403 16:24:30 494] [000000] [GetMac           ] [Start]
[20240403 16:24:30 509] [000000] [GetMac           ] [Try]
[20240403 16:24:30 528] [000000] [GetMac           ] [Success]
[20240403 16:24:30 535] [000000] [GetMac           ] [Finish]
[20240403 16:24:30 547] [000000] [SIGNSERIALNO     ] []
[20240403 16:24:30 558] [000000] [sendBuf          ] [0273770G44089673734319518900111002091702027700000000                                       10NVCAT               Z624020161#####NR-5500K002NVKN50  20240403162430               D8C497336879                                                                                     ]
[20240403 16:24:30 686] [000000] [recvBuf          ] [0492770G4408967373431951890010000R다운로드 정상                           211.33.136.2   8101 211.33.136.2   8101 211.33.136.9   9003 에이스독서실                      임원일              01071038573         인천 부평구 충선로 174상록빌딩 5층 전체                                                                                                                                                                 00211.33.136.1   9000 022402240287192N                                              ]
[20240403 16:24:30 687] [001304] [Close_TcpPort    ] [Close OK!]
[20240403 16:24:30 700] [000000] [RPORT            ] [8101]
[20240403 16:24:30 711] [000000] [NICEDOWNREQ      ] [N]
[20240403 16:24:30 720] [000000] [RPORT Set 4      ] [8101]
[20240403 16:24:30 747] [000000] [POSUNINUM        ] [022402240287192]
[20240403 16:24:30 751] [000000] [NICEDOWN2        ] [return 1]
[20240403 16:24:30 758] [000000] [NICEDOWN2        ] [Finish]
[20240403 16:24:30 768] [000000] [Pos_Send         ] [NICEDOWN2 Success]
[20240403 16:24:30 776] [000000] [Pos_Send amt1    ] [000000000100]
[20240403 16:24:30 786] [000000] [Pos_Send amt2    ] [100]
[20240403 16:24:30 795] [000000] [ReqCard          ] [ReqCard]
[20240403 16:24:30 804] [000000] [Pos_Send amt3    ] [100]
[20240403 16:24:30 813] [000000] [POPUP_TIMER      ] [Start!]
[20240403 16:24:30 823] [000000] [Count            ] [30]
[20240403 16:24:30 897] [000000] [POPUP_TIMER      ] [Finish]
[20240403 16:24:30 898] [000000] [ReqCard          ] [Start!]
[20240403 16:24:30 912] [000000] [MultiReaderInfo  ] [Start]
[20240403 16:24:30 923] [000000] [MultiReaderInfo  ] [READERTYPE : [01], MultiReaderUse : [N], READERCNT : [0], PORTNUM : [0], PORTBAUDRATE : [0]]
[20240403 16:24:30 934] [000000] [MultiReaderInfo  ] [Finish]
[20240403 16:24:30 945] [000000] [ReqCard          ] [Multi Reader Use X]
[20240403 16:24:30 955] [000000] [PortOpen         ] [Start!]
[20240403 16:24:30 963] [000000] [PortOpen_Port    ] [12]
[20240403 16:24:31 169] [000000] [PortOpen         ] [Finish!]
[20240403 16:24:31 169] [000000] [PortOpen_rtn     ] [1]
[20240403 16:24:31 182] [000000] [ReqCard Time     ] [20240403162431]
[20240403 16:24:31 190] [000000] [ReqCard Amt      ] [000000000100]
[20240403 16:24:31 199] [000000] [ReqCard Catid    ] [3195189001]
[20240403 16:24:31 208] [000000] [ReqCard tp       ] [0]
[20240403 16:24:31 218] [000000] [ReqCard          ] [Request Nicepos sign!(0,1)]
[20240403 16:24:31 227] [000000] [NicePosSign      ] [156]
[20240403 16:24:40 048] [000000] [ReqCard ErrCode  ] [0]
[20240403 16:24:40 049] [000000] [PortClose        ] [Start!]
[20240403 16:24:40 061] [000000] [PortClose        ] [PortClose]
[20240403 16:24:40 072] [000000] [SC_ClosePort     ] [Start!]
[20240403 16:24:40 082] [000000] [ThreadWatchComm  ] [Fisish!]
[20240403 16:24:40 123] [000000] [SC_ClosePort     ] [Finish!]
[20240403 16:24:40 124] [000000] [PortClose        ] [Finish!]
[20240403 16:24:40 136] [000000] [CLOSE_POPUP      ] [Start]
[20240403 16:24:40 159] [000000] [CLOSE_POPUP      ] [Finish]
[20240403 16:24:40 177] [000000] [ReqCard          ] [ReqCard End]
[20240403 16:24:40 189] [000000] [SIGNROMVER       ] []
[20240403 16:24:40 203] [000000] [SIGNSERIALNO     ] []
[20240403 16:24:40 213] [000000] [VpnUse           ] [공중망]
[20240403 16:24:40 227] [000000] [POSUNINUM        ] [REQ TEXT ADD]
[20240403 16:24:40 240] [000000] [POSUNINUM        ] [PID(3) GB TEXT ADD OK]
[20240403 16:24:40 250] [000000] [POSUNINUM        ] [PID(15) TEXT ADD OK]
[20240403 16:24:40 260] [000000] [POSUNINUM        ] [MAC(3) GB TEXT ADD OK]
[20240403 16:24:40 268] [000000] [GetMac           ] [Start]
[20240403 16:24:40 279] [000000] [GetMac           ] [Try]
[20240403 16:24:40 296] [000000] [GetMac           ] [Success]
[20240403 16:24:40 304] [000000] [GetMac           ] [Finish]
[20240403 16:24:40 313] [000000] [POSUNINUM        ] [MAC+Space(32) TEXT ADD OK]
[20240403 16:24:40 321] [000000] [POSUNINUM        ] [Total Length Change]
[20240403 16:24:40 330] [000000] [POSUNINUM        ] [0747]
[20240403 16:24:40 342] [000000] [sendIP           ] [211.33.136.2]
[20240403 16:24:40 354] [000000] [sendPORT         ] [8101]
[20240403 16:24:40 363] [000000] [CommType         ] [1]
[20240403 16:24:40 373] [000000] [POSUNINUM        ] [Req Etc Port]
[20240403 16:24:40 391] [000000] [NiceCommWork     ] [211.33.136.2:8101]
[20240403 16:24:40 401] [000000] [Connect_Tcp      ] [211.33.136.2:8101]
[20240403 16:24:40 426] [001284] [Open_TcpPort     ] [Connect OK!]
[20240403 16:24:40 426] [000000] [GetCnlDisableYN  ] [Start]
[20240403 16:24:40 436] [000000] [GetStrEnv        ] [Start!]
[20240403 16:24:40 444] [000000] [CnlDisable       ] [N]
[20240403 16:24:40 454] [000000] [OPEN_POPUP       ] [Start!]
[20240403 16:24:40 501] [000000] [OPEN_POPUP       ] [Finish]
[20240403 16:24:40 502] [000000] [NiceCommWork     ] [SendRecvEnc]
[20240403 16:24:40 588] [001284] [SendMsg          ] [0747HPS31951890010403162430020010H1       IC 3195189001I*******************************************************************************************************************************00000000000000000000000000000000000100                          4089673734             ****************              ]
[20240403 16:24:41 144] [001284] [RecvMsg          ] [0580HPS31951890010403162430021010H1       IC 31951890010000****************************************000000000000000000000000000000000001004089673734             ****************07신한카드            07신한카드            0105275218     24040316244045062431    0941611198383 IC카드 정상승인 45062431                                                                                                                                                      1           NS240]
[20240403 16:24:41 144] [000000] [SendRecv         ] [End!]
[20240403 16:24:41 155] [001284] [Close_TcpPort    ] [Close OK!]
[20240403 16:24:41 164] [000000] [CLOSE_POPUP      ] [Start]
[20240403 16:24:41 176] [000000] [CLOSE_POPUP      ] [Finish]
[20240403 16:24:41 184] [000000] [EMV_COMPLITE     ] [Start]
[20240403 16:24:41 194] [000000] [EMV_CMP_ERRCD    ] []
[20240403 16:24:41 204] [000000] [Pos_Send         ] [return 1]
[20240403 16:24:41 214] [000000] [Pos_Send         ] [Finish!]
[20240403 16:24:41 222] [000000] [Pos_Send         ] [**********************************************************************************************]
[20240403 16:29:50 635] [000000] [Pos_Send         ] [**********************************************************************************************]
[20240403 16:29:50 635] [000000] [Pos_Send         ] [Start!]
[20240403 16:29:50 646] [000000] [Ver.             ] [#######NVCAT5002]
[20240403 16:29:50 656] [000000] [Date.            ] [24.1.22.1]
[20240403 16:29:50 667] [000000] [VpnUse           ] [N]
[20240403 16:29:50 681] [000000] [MultiVan         ] [N]
[20240403 16:29:50 696] [000000] [MultiReaderInfo  ] [Start]
[20240403 16:29:50 707] [000000] [MultiReaderInfo  ] [READERTYPE : [01], MultiReaderUse : [N], READERCNT : [0], PORTNUM : [0], PORTBAUDRATE : [0]]
[20240403 16:29:50 716] [000000] [MultiReaderInfo  ] [Finish]
[20240403 16:29:50 730] [000000] [GetCnlDisableYN  ] [Start]
[20240403 16:29:50 741] [000000] [GetStrEnv        ] [Start!]
[20240403 16:29:50 750] [000000] [DOWNTP           ] [1]
[20240403 16:29:50 766] [000000] [CnlDisable       ] [N]
[20240403 16:29:50 777] [000000] [NICEDOWN2        ] [Start]
[20240403 16:29:50 789] [000000] [ReaderSN         ] [Z624020161]
[20240403 16:29:50 799] [000000] [ReaderVer        ] [#####NR-5500K002]
[20240403 16:29:50 809] [000000] [NICEDOWN2        ] [CATID]
[20240403 16:29:50 820] [000000] [NICEDOWN2        ] [3195189001]
[20240403 16:29:50 830] [000000] [NICEDOWN2        ] [BIZNO]
[20240403 16:29:50 846] [000000] [NICEDOWN2        ] [4089673734]
[20240403 16:29:50 859] [000000] [NICEDOWN2        ] [NICEDOWN2 Date Check Start]
[20240403 16:29:50 869] [000000] [RT               ] [R]
[20240403 16:29:50 878] [000000] [REGDOWNTP        ] [1]
[20240403 16:29:50 889] [000000] [CnlDisable       ] []
[20240403 16:29:50 902] [000000] [NICEDOWN2        ] [(1) 다운로드 했던 기록이 있음]
[20240403 16:29:50 914] [000000] [NICEDOWN2        ] [(2) 이전 다운로드했던 날짜와 오늘 날짜가 같음]
[20240403 16:29:50 926] [000000] [NICEDOWN2        ] [(3) 이전 다운로드했던 CATID와 다운로드할 CATID가 같음]
[20240403 16:29:50 954] [000000] [NICEDOWN2        ] [(4) 이전 다운로드 유형과 다운로드할 유형이 같음]
[20240403 16:29:50 967] [000000] [NICEDOWN2        ] [Already NICEDOWN2  (-2)]
[20240403 16:29:50 976] [000000] [Pos_Send         ] [NICEDOWN2 Fail (-2)]
[20240403 16:29:50 989] [000000] [Pos_Send amt1    ] [000000000100]
[20240403 16:29:51 000] [000000] [Pos_Send amt2    ] [100]
[20240403 16:29:51 014] [000000] [ReqCard          ] [ReqCard]
[20240403 16:29:51 027] [000000] [Pos_Send amt3    ] [100]
[20240403 16:29:51 038] [000000] [POPUP_TIMER      ] [Start!]
[20240403 16:29:51 048] [000000] [Count            ] [30]
[20240403 16:29:51 072] [000000] [POPUP_TIMER      ] [Finish]
[20240403 16:29:51 074] [000000] [ReqCard          ] [Start!]
[20240403 16:29:51 084] [000000] [MultiReaderInfo  ] [Start]
[20240403 16:29:51 094] [000000] [MultiReaderInfo  ] [READERTYPE : [01], MultiReaderUse : [N], READERCNT : [0], PORTNUM : [0], PORTBAUDRATE : [0]]
[20240403 16:29:51 107] [000000] [MultiReaderInfo  ] [Finish]
[20240403 16:29:51 117] [000000] [ReqCard          ] [Multi Reader Use X]
[20240403 16:29:51 131] [000000] [PortOpen         ] [Start!]
[20240403 16:29:51 142] [000000] [PortOpen_Port    ] [12]
[20240403 16:29:51 352] [000000] [PortOpen         ] [Finish!]
[20240403 16:29:51 353] [000000] [PortOpen_rtn     ] [1]
[20240403 16:29:51 363] [000000] [ReqCard Time     ] [20240403162951]
[20240403 16:29:51 371] [000000] [ReqCard Amt      ] [000000000100]
[20240403 16:29:51 380] [000000] [ReqCard Catid    ] [3195189001]
[20240403 16:29:51 388] [000000] [ReqCard tp       ] [1]
[20240403 16:29:51 398] [000000] [ReqCard          ] [Request Nicepos sign!(0,1)]
[20240403 16:29:51 409] [000000] [NicePosSign      ] [156]
[20240403 16:29:57 248] [000000] [ReqCard ErrCode  ] [0]
[20240403 16:29:57 248] [000000] [PortClose        ] [Start!]
[20240403 16:29:57 258] [000000] [PortClose        ] [PortClose]
[20240403 16:29:57 268] [000000] [SC_ClosePort     ] [Start!]
[20240403 16:29:57 277] [000000] [ThreadWatchComm  ] [Fisish!]
[20240403 16:29:57 318] [000000] [SC_ClosePort     ] [Finish!]
[20240403 16:29:57 318] [000000] [PortClose        ] [Finish!]
[20240403 16:29:57 328] [000000] [CLOSE_POPUP      ] [Start]
[20240403 16:29:57 347] [000000] [CLOSE_POPUP      ] [Finish]
[20240403 16:29:57 370] [000000] [ReqCard          ] [ReqCard End]
[20240403 16:29:57 385] [000000] [VpnUse           ] [공중망]
[20240403 16:29:57 403] [000000] [POSUNINUM        ] [REQ TEXT ADD]
[20240403 16:29:57 413] [000000] [POSUNINUM        ] [PID(3) GB TEXT ADD OK]
[20240403 16:29:57 423] [000000] [POSUNINUM        ] [PID(15) TEXT ADD OK]
[20240403 16:29:57 434] [000000] [POSUNINUM        ] [MAC(3) GB TEXT ADD OK]
[20240403 16:29:57 444] [000000] [GetMac           ] [Start]
[20240403 16:29:57 453] [000000] [GetMac           ] [Try]
[20240403 16:29:57 465] [000000] [GetMac           ] [Success]
[20240403 16:29:57 487] [000000] [GetMac           ] [Finish]
[20240403 16:29:57 498] [000000] [POSUNINUM        ] [MAC+Space(32) TEXT ADD OK]
[20240403 16:29:57 509] [000000] [POSUNINUM        ] [Total Length Change]
[20240403 16:29:57 521] [000000] [POSUNINUM        ] [0747]
[20240403 16:29:57 530] [000000] [sendIP           ] [211.33.136.2]
[20240403 16:29:57 539] [000000] [sendPORT         ] [8101]
[20240403 16:29:57 553] [000000] [CommType         ] [1]
[20240403 16:29:57 562] [000000] [POSUNINUM        ] [Req Etc Port]
[20240403 16:29:57 574] [000000] [NiceCommWork     ] [211.33.136.2:8101]
[20240403 16:29:57 584] [000000] [Connect_Tcp      ] [211.33.136.2:8101]
[20240403 16:29:57 605] [001296] [Open_TcpPort     ] [Connect OK!]
[20240403 16:29:57 605] [000000] [GetCnlDisableYN  ] [Start]
[20240403 16:29:57 619] [000000] [GetStrEnv        ] [Start!]
[20240403 16:29:57 633] [000000] [CnlDisable       ] [N]
[20240403 16:29:57 642] [000000] [OPEN_POPUP       ] [Start!]
[20240403 16:29:57 664] [000000] [OPEN_POPUP       ] [Finish]
[20240403 16:29:57 678] [000000] [NiceCommWork     ] [SendRecvEnc]
[20240403 16:29:57 786] [001296] [SendMsg          ] [0747HPS31951890010403162950042030H1       IC 3195189001I*******************************************************************************************************************************0000000000000000000000000000000000010045062431240403            4089673734             ****************              ]
[20240403 16:29:58 581] [001296] [RecvMsg          ] [0580HPS31951890010403162950043030H1       IC 31951890010000****************************************000000000000000000000000000000000001004089673734             ****************07신한카드            07신한카드            0105275218     24040316295745062431    0941611315973 IC카드 정상취소 45062431                                                                                                                                                      1           NS240]
[20240403 16:29:58 581] [000000] [SendRecv         ] [End!]
[20240403 16:29:58 594] [001296] [Close_TcpPort    ] [Close OK!]
[20240403 16:29:58 603] [000000] [CLOSE_POPUP      ] [Start]
[20240403 16:29:58 618] [000000] [CLOSE_POPUP      ] [Finish]
[20240403 16:29:58 626] [000000] [EMV_COMPLITE     ] [Start]
[20240403 16:29:58 639] [000000] [EMV_CMP_ERRCD    ] []
[20240403 16:29:58 651] [000000] [Pos_Send         ] [return 1]
[20240403 16:29:58 661] [000000] [Pos_Send         ] [Finish!]
[20240403 16:29:58 673] [000000] [Pos_Send         ] [**********************************************************************************************]
