[20240227 16:54:58 606] [000000] [SetEnv           ] [Start!]
[20240227 16:54:58 608] [000000] [SetEnv_ccatid    ] [3195189001]
[20240227 16:54:58 608] [000000] [SetEnv_CatID     ] [3195189001]
[20240227 16:54:58 609] [000000] [SetEnv_cbizno    ] [4089673714]
[20240227 16:54:58 610] [000000] [SetEnv_BizNo     ] [4089673714]
[20240227 16:54:58 614] [000000] [SetEnv           ] [Finish!]
[20240227 16:54:58 616] [000000] [Set_SvrInfo      ] [Start!]
[20240227 16:54:58 619] [000000] [GetCnlDisableYN  ] [Start]
[20240227 16:54:58 620] [000000] [GetStrEnv        ] [Start!]
[20240227 16:54:58 621] [000000] [CnlDisable       ] [N]
[20240227 16:54:58 621] [000000] [RT               ] [1]
[20240227 16:54:58 622] [000000] [SetCnlDisableYN  ] [Start]
[20240227 16:54:58 622] [000000] [DownType         ] [1]
[20240227 16:54:58 623] [000000] [Disable          ] [N]
[20240227 16:54:58 624] [000000] [SetCnlDisableYN  ] [Finish]
[20240227 16:54:59 139] [000000] [Get_SvrInfo      ] [Start!]
[20240227 16:54:59 140] [000000] [GetEnv           ] [Start!]
[20240227 16:54:59 140] [000000] [Ver.             ] [#######NVCAT5002]
[20240227 16:54:59 141] [000000] [Date.            ] [23.10.30.1]
[20240227 16:54:59 143] [000000] [GetEnv_CatID     ] [3195189001]
[20240227 16:54:59 143] [000000] [GetEnv_BizNo     ] [4089673714]
[20240227 16:54:59 144] [000000] [GetEnv           ] [Finish!]
[20240227 16:54:59 144] [000000] [Get_ReaderInfo   ] [Start!]
[20240227 16:54:59 145] [000000] [PortOpen         ] [Start!]
[20240227 16:54:59 145] [000000] [PortOpen_Port    ] [12]
[20240227 16:54:59 296] [000000] [PortOpen         ] [Finish!]
[20240227 16:54:59 296] [000000] [PortOpen_rtn     ] [0]
[20240227 16:54:59 297] [000000] [Get_ReaderInfo   ] [Reader PortOpen Error!]
[20240227 16:54:59 298] [000000] [Get_SignInfo2    ] [ROMVER Start!]
[20240227 16:54:59 360] [000000] [Get_SignInfo2    ] [SignPort Not Setting]
[20240227 16:54:59 360] [000000] [Get_SignInfo2    ] [ROMVER(16)]
[20240227 16:54:59 361] [000000] [Get_SignInfo2    ] []
[20240227 16:54:59 361] [000000] [MultiReaderInfo  ] [Start]
[20240227 16:54:59 363] [000000] [MultiReaderInfo  ] [READERTYPE : [01], MultiReaderUse : [N], READERCNT : [0], PORTNUM : [0], PORTBAUDRATE : [0]]
[20240227 16:54:59 363] [000000] [MultiReaderInfo  ] [Finish]
[20240227 16:54:59 363] [000000] [ChkValid         ] [Start!]
[20240227 16:54:59 365] [000000] [OPEN_POPUP       ] [Start!]
[20240227 16:54:59 439] [000000] [OPEN_POPUP       ] [Finish]
[20240227 16:54:59 440] [000000] [ChkValid         ] [Get_serial_data!]
[20240227 16:54:59 599] [000000] [PortOpen         ] [Start!]
[20240227 16:54:59 600] [000000] [PortOpen_Port    ] [12]
[20240227 16:54:59 755] [000000] [PortOpen         ] [Finish!]
[20240227 16:54:59 756] [000000] [PortOpen_rtn     ] [0]
[20240227 16:54:59 756] [000000] [Get_serial_data  ] [Reader PortOpen Error!]
[20240227 16:54:59 757] [000000] [CLOSE_POPUP      ] [Start]
[20240227 16:54:59 759] [000000] [CLOSE_POPUP      ] [Finish]
[20240227 16:55:05 231] [000000] [GetEnv           ] [Start!]
[20240227 16:55:05 232] [000000] [Ver.             ] [#######NVCAT5002]
[20240227 16:55:05 232] [000000] [Date.            ] [23.10.30.1]
[20240227 16:55:05 234] [000000] [GetEnv_CatID     ] [3195189001]
[20240227 16:55:05 235] [000000] [GetEnv_BizNo     ] [4089673714]
[20240227 16:55:05 235] [000000] [GetEnv           ] [Finish!]
