[20240327 14:35:43 311] [000000] [SetEnv           ] [Start!]
[20240327 14:35:43 315] [000000] [SetEnv_ccatid    ] [3195189001]
[20240327 14:35:43 324] [000000] [SetEnv_CatID     ] [3195189001]
[20240327 14:35:43 338] [000000] [SetEnv_cbizno    ] [4089673734]
[20240327 14:35:43 346] [000000] [SetEnv_BizNo     ] [4089673734]
[20240327 14:35:43 358] [000000] [SetEnv           ] [Finish!]
[20240327 14:35:43 376] [000000] [Set_SvrInfo      ] [Start!]
[20240327 14:35:43 389] [000000] [GetCnlDisableYN  ] [Start]
[20240327 14:35:43 399] [000000] [GetStrEnv        ] [Start!]
[20240327 14:35:43 414] [000000] [CnlDisable       ] [N]
[20240327 14:35:43 422] [000000] [RT               ] [1]
[20240327 14:35:43 470] [000000] [SetCnlDisableYN  ] [Start]
[20240327 14:35:43 500] [000000] [DownType         ] [1]
[20240327 14:35:43 570] [000000] [Disable          ] [N]
[20240327 14:35:43 614] [000000] [SetCnlDisableYN  ] [Finish]
[20240327 14:35:44 809] [000000] [Get_SvrInfo      ] [Start!]
[20240327 14:35:44 832] [000000] [GetEnv           ] [Start!]
[20240327 14:35:44 843] [000000] [Ver.             ] [#######NVCAT5002]
[20240327 14:35:44 899] [000000] [Date.            ] [24.1.22.1]
[20240327 14:35:44 966] [000000] [GetEnv_CatID     ] [3195189001]
[20240327 14:35:45 127] [000000] [GetEnv_BizNo     ] [4089673734]
[20240327 14:35:45 206] [000000] [GetEnv           ] [Finish!]
[20240327 14:35:45 278] [000000] [Get_ReaderInfo   ] [Start!]
[20240327 14:35:45 309] [000000] [PortOpen         ] [Start!]
[20240327 14:35:45 319] [000000] [PortOpen_Port    ] [12]
[20240327 14:35:47 510] [000000] [PortOpen         ] [Finish!]
[20240327 14:35:48 116] [000000] [PortOpen_rtn     ] [1]
[20240327 14:35:48 369] [000000] [Get_ReaderInfo   ] [NicePosSign!]
[20240327 14:35:48 540] [000000] [NicePosSign      ] [49]
[20240327 14:35:48 697] [000000] [PortClose        ] [Start!]
[20240327 14:35:48 708] [000000] [PortClose        ] [PortClose]
[20240327 14:35:48 721] [000000] [SC_ClosePort     ] [Start!]
[20240327 14:35:48 732] [000000] [ThreadWatchComm  ] [Fisish!]
[20240327 14:35:49 513] [000000] [SC_ClosePort     ] [Finish!]
[20240327 14:35:49 647] [000000] [PortClose        ] [Finish!]
[20240327 14:35:49 733] [000000] [Get_ReaderInfo   ] [#####NR-5500K002]
[20240327 14:35:49 767] [000000] [Get_SignInfo2    ] [ROMVER Start!]
[20240327 14:35:49 930] [000000] [Get_SignInfo2    ] [SignPort Not Setting]
[20240327 14:35:49 977] [000000] [Get_SignInfo2    ] [ROMVER(16)]
[20240327 14:35:50 069] [000000] [Get_SignInfo2    ] []
[20240327 14:35:50 116] [000000] [MultiReaderInfo  ] [Start]
[20240327 14:35:50 153] [000000] [MultiReaderInfo  ] [READERTYPE : [01], MultiReaderUse : [N], READERCNT : [0], PORTNUM : [0], PORTBAUDRATE : [0]]
[20240327 14:35:50 172] [000000] [MultiReaderInfo  ] [Finish]
[20240327 14:35:50 197] [000000] [ChkValid         ] [Start!]
[20240327 14:35:50 225] [000000] [OPEN_POPUP       ] [Start!]
[20240327 14:35:50 348] [000000] [OPEN_POPUP       ] [Finish]
[20240327 14:35:50 358] [000000] [ChkValid         ] [Get_serial_data!]
[20240327 14:35:50 528] [000000] [PortOpen         ] [Start!]
[20240327 14:35:50 541] [000000] [PortOpen_Port    ] [12]
[20240327 14:35:51 108] [000000] [PortOpen         ] [Finish!]
[20240327 14:35:51 126] [000000] [PortOpen_rtn     ] [1]
[20240327 14:35:51 140] [000000] [Get_serial_data  ] [NicePosSign]
[20240327 14:35:51 155] [000000] [NicePosSign      ] [49]
[20240327 14:35:51 183] [000000] [PortClose        ] [Start!]
[20240327 14:35:51 193] [000000] [PortClose        ] [PortClose]
[20240327 14:35:51 203] [000000] [SC_ClosePort     ] [Start!]
[20240327 14:35:51 212] [000000] [ThreadWatchComm  ] [Fisish!]
[20240327 14:35:51 254] [000000] [SC_ClosePort     ] [Finish!]
[20240327 14:35:51 265] [000000] [PortClose        ] [Finish!]
[20240327 14:35:51 276] [000000] [ChkValid         ] [Get_RandomKey(RND_P1)]
[20240327 14:35:51 286] [000000] [PortOpen         ] [Start!]
[20240327 14:35:51 296] [000000] [PortOpen_Port    ] [12]
[20240327 14:35:51 597] [000000] [PortOpen         ] [Finish!]
[20240327 14:35:51 610] [000000] [PortOpen_rtn     ] [1]
[20240327 14:35:51 621] [000000] [ChkValid         ] [NicePosSign 1]
[20240327 14:35:51 634] [000000] [NicePosSign      ] [160]
[20240327 14:35:51 762] [000000] [ChkValid         ] [ClosePort 1]
[20240327 14:35:51 772] [000000] [ChkValid         ] [Get_RandomKey(RND_P2)]
[20240327 14:35:51 782] [000000] [ChkValid         ] [NicePosSign 2]
[20240327 14:35:51 792] [000000] [NicePosSign      ] [160]
[20240327 14:35:51 831] [000000] [ChkValid         ] [ClosePort 2]
[20240327 14:35:51 847] [000000] [ChkValid         ] [NicePosSign 3]
[20240327 14:35:51 859] [000000] [NicePosSign      ] [160]
[20240327 14:35:51 905] [000000] [ChkValid         ] [ClosePort 3]
[20240327 14:35:51 917] [000000] [CLOSE_POPUP      ] [Start]
[20240327 14:35:51 937] [000000] [CLOSE_POPUP      ] [Finish]
[20240327 14:35:51 950] [000000] [OPEN_POPUP       ] [Start!]
[20240327 14:35:52 054] [000000] [OPEN_POPUP       ] [Finish]
[20240327 14:35:52 066] [000000] [ChkValid         ] [NicePosSign 4]
[20240327 14:35:52 078] [000000] [NicePosSign      ] [161]
[20240327 14:35:52 114] [000000] [ChkValid         ] [ClosePort 4]
[20240327 14:35:52 133] [000000] [PortClose        ] [Start!]
[20240327 14:35:52 143] [000000] [PortClose        ] [PortClose]
[20240327 14:35:52 155] [000000] [SC_ClosePort     ] [Start!]
[20240327 14:35:52 165] [000000] [ThreadWatchComm  ] [Fisish!]
[20240327 14:35:52 206] [000000] [SC_ClosePort     ] [Finish!]
[20240327 14:35:52 216] [000000] [PortClose        ] [Finish!]
[20240327 14:35:52 226] [000000] [ChkValid_ERRCD   ] [0]
[20240327 14:35:52 237] [000000] [CLOSE_POPUP      ] [Start]
[20240327 14:35:52 249] [000000] [CLOSE_POPUP      ] [Finish]
[20240327 14:35:52 319] [000000] [Get_ReaderInfo   ] [Start!]
[20240327 14:35:52 330] [000000] [PortOpen         ] [Start!]
[20240327 14:35:52 358] [000000] [PortOpen_Port    ] [12]
[20240327 14:35:52 769] [000000] [PortOpen         ] [Finish!]
[20240327 14:35:52 807] [000000] [PortOpen_rtn     ] [1]
[20240327 14:35:52 846] [000000] [Get_ReaderInfo   ] [NicePosSign!]
[20240327 14:35:52 865] [000000] [NicePosSign      ] [49]
[20240327 14:35:52 902] [000000] [PortClose        ] [Start!]
[20240327 14:35:52 924] [000000] [PortClose        ] [PortClose]
[20240327 14:35:52 937] [000000] [SC_ClosePort     ] [Start!]
[20240327 14:35:52 956] [000000] [ThreadWatchComm  ] [Fisish!]
[20240327 14:35:53 011] [000000] [SC_ClosePort     ] [Finish!]
[20240327 14:35:53 022] [000000] [PortClose        ] [Finish!]
[20240327 14:35:53 034] [000000] [Get_ReaderInfo   ] [#####NR-5500K002]
[20240327 14:35:53 646] [000000] [GetEnv           ] [Start!]
[20240327 14:35:53 656] [000000] [Ver.             ] [#######NVCAT5002]
[20240327 14:35:53 667] [000000] [Date.            ] [24.1.22.1]
[20240327 14:35:53 734] [000000] [GetEnv_CatID     ] [3195189001]
[20240327 14:35:53 833] [000000] [GetEnv_BizNo     ] [4089673734]
[20240327 14:35:53 944] [000000] [GetEnv           ] [Finish!]
