[20240310 14:40:27 749] [000000] [SetEnv           ] [Start!]
[20240310 14:40:27 750] [000000] [SetEnv_ccatid    ] [3195189001]
[20240310 14:40:27 758] [000000] [SetEnv_CatID     ] [3195189001]
[20240310 14:40:27 768] [000000] [SetEnv_cbizno    ] [4089673734]
[20240310 14:40:27 780] [000000] [SetEnv_BizNo     ] [4089673734]
[20240310 14:40:27 791] [000000] [SetEnv           ] [Finish!]
[20240310 14:40:27 809] [000000] [Set_SvrInfo      ] [Start!]
[20240310 14:40:27 821] [000000] [GetCnlDisableYN  ] [Start]
[20240310 14:40:27 830] [000000] [GetStrEnv        ] [Start!]
[20240310 14:40:27 839] [000000] [CnlDisable       ] [N]
[20240310 14:40:27 847] [000000] [RT               ] [1]
[20240310 14:40:27 856] [000000] [SetCnlDisableYN  ] [Start]
[20240310 14:40:27 864] [000000] [DownType         ] [1]
[20240310 14:40:27 873] [000000] [Disable          ] [N]
[20240310 14:40:27 881] [000000] [SetCnlDisableYN  ] [Finish]
[20240310 14:40:28 567] [000000] [Get_SvrInfo      ] [Start!]
[20240310 14:40:28 576] [000000] [GetEnv           ] [Start!]
[20240310 14:40:28 585] [000000] [Ver.             ] [#######NVCAT5002]
[20240310 14:40:28 593] [000000] [Date.            ] [24.1.22.1]
[20240310 14:40:28 603] [000000] [GetEnv_CatID     ] [3195189001]
[20240310 14:40:28 612] [000000] [GetEnv_BizNo     ] [4089673734]
[20240310 14:40:28 622] [000000] [GetEnv           ] [Finish!]
[20240310 14:40:28 631] [000000] [Get_ReaderInfo   ] [Start!]
[20240310 14:40:28 642] [000000] [PortOpen         ] [Start!]
[20240310 14:40:28 652] [000000] [PortOpen_Port    ] [12]
[20240310 14:40:28 861] [000000] [PortOpen         ] [Finish!]
[20240310 14:40:28 871] [000000] [PortOpen_rtn     ] [1]
[20240310 14:40:28 883] [000000] [Get_ReaderInfo   ] [NicePosSign!]
[20240310 14:40:28 894] [000000] [NicePosSign      ] [49]
[20240310 14:40:28 923] [000000] [PortClose        ] [Start!]
[20240310 14:40:28 934] [000000] [PortClose        ] [PortClose]
[20240310 14:40:28 944] [000000] [SC_ClosePort     ] [Start!]
[20240310 14:40:28 955] [000000] [ThreadWatchComm  ] [Fisish!]
[20240310 14:40:28 997] [000000] [SC_ClosePort     ] [Finish!]
[20240310 14:40:29 008] [000000] [PortClose        ] [Finish!]
[20240310 14:40:29 018] [000000] [Get_ReaderInfo   ] [#####NR-5500K002]
[20240310 14:40:29 029] [000000] [Get_SignInfo2    ] [ROMVER Start!]
[20240310 14:40:29 105] [000000] [Get_SignInfo2    ] [SignPort Not Setting]
[20240310 14:40:29 117] [000000] [Get_SignInfo2    ] [ROMVER(16)]
[20240310 14:40:29 127] [000000] [Get_SignInfo2    ] []
[20240310 14:40:29 137] [000000] [MultiReaderInfo  ] [Start]
[20240310 14:40:29 147] [000000] [MultiReaderInfo  ] [READERTYPE : [01], MultiReaderUse : [N], READERCNT : [0], PORTNUM : [0], PORTBAUDRATE : [0]]
[20240310 14:40:29 157] [000000] [MultiReaderInfo  ] [Finish]
[20240310 14:40:29 167] [000000] [ChkValid         ] [Start!]
[20240310 14:40:29 187] [000000] [OPEN_POPUP       ] [Start!]
[20240310 14:40:29 294] [000000] [OPEN_POPUP       ] [Finish]
[20240310 14:40:29 305] [000000] [ChkValid         ] [Get_serial_data!]
[20240310 14:40:29 473] [000000] [PortOpen         ] [Start!]
[20240310 14:40:29 485] [000000] [PortOpen_Port    ] [12]
[20240310 14:40:29 757] [000000] [PortOpen         ] [Finish!]
[20240310 14:40:29 775] [000000] [PortOpen_rtn     ] [1]
[20240310 14:40:29 794] [000000] [Get_serial_data  ] [NicePosSign]
[20240310 14:40:29 810] [000000] [NicePosSign      ] [49]
[20240310 14:40:29 880] [000000] [PortClose        ] [Start!]
[20240310 14:40:29 890] [000000] [PortClose        ] [PortClose]
[20240310 14:40:29 900] [000000] [SC_ClosePort     ] [Start!]
[20240310 14:40:29 910] [000000] [ThreadWatchComm  ] [Fisish!]
[20240310 14:40:29 966] [000000] [SC_ClosePort     ] [Finish!]
[20240310 14:40:29 978] [000000] [PortClose        ] [Finish!]
[20240310 14:40:29 997] [000000] [ChkValid         ] [Get_RandomKey(RND_P1)]
[20240310 14:40:30 007] [000000] [PortOpen         ] [Start!]
[20240310 14:40:30 020] [000000] [PortOpen_Port    ] [12]
[20240310 14:40:30 259] [000000] [PortOpen         ] [Finish!]
[20240310 14:40:30 277] [000000] [PortOpen_rtn     ] [1]
[20240310 14:40:30 295] [000000] [ChkValid         ] [NicePosSign 1]
[20240310 14:40:30 309] [000000] [NicePosSign      ] [160]
[20240310 14:40:30 346] [000000] [ChkValid         ] [ClosePort 1]
[20240310 14:40:30 357] [000000] [ChkValid         ] [Get_RandomKey(RND_P2)]
[20240310 14:40:30 370] [000000] [ChkValid         ] [NicePosSign 2]
[20240310 14:40:30 380] [000000] [NicePosSign      ] [160]
[20240310 14:40:30 406] [000000] [ChkValid         ] [ClosePort 2]
[20240310 14:40:30 416] [000000] [ChkValid         ] [NicePosSign 3]
[20240310 14:40:30 427] [000000] [NicePosSign      ] [160]
[20240310 14:40:30 452] [000000] [ChkValid         ] [ClosePort 3]
[20240310 14:40:30 462] [000000] [CLOSE_POPUP      ] [Start]
[20240310 14:40:30 480] [000000] [CLOSE_POPUP      ] [Finish]
[20240310 14:40:30 501] [000000] [OPEN_POPUP       ] [Start!]
[20240310 14:40:30 544] [000000] [OPEN_POPUP       ] [Finish]
[20240310 14:40:30 554] [000000] [ChkValid         ] [NicePosSign 4]
[20240310 14:40:30 566] [000000] [NicePosSign      ] [161]
[20240310 14:40:30 591] [000000] [ChkValid         ] [ClosePort 4]
[20240310 14:40:30 602] [000000] [PortClose        ] [Start!]
[20240310 14:40:30 613] [000000] [PortClose        ] [PortClose]
[20240310 14:40:30 624] [000000] [SC_ClosePort     ] [Start!]
[20240310 14:40:30 635] [000000] [ThreadWatchComm  ] [Fisish!]
[20240310 14:40:30 676] [000000] [SC_ClosePort     ] [Finish!]
[20240310 14:40:30 687] [000000] [PortClose        ] [Finish!]
[20240310 14:40:30 697] [000000] [ChkValid_ERRCD   ] [0]
[20240310 14:40:30 709] [000000] [CLOSE_POPUP      ] [Start]
[20240310 14:40:30 727] [000000] [CLOSE_POPUP      ] [Finish]
[20240310 14:40:30 808] [000000] [Get_ReaderInfo   ] [Start!]
[20240310 14:40:30 820] [000000] [PortOpen         ] [Start!]
[20240310 14:40:30 832] [000000] [PortOpen_Port    ] [12]
[20240310 14:40:31 043] [000000] [PortOpen         ] [Finish!]
[20240310 14:40:31 057] [000000] [PortOpen_rtn     ] [1]
[20240310 14:40:31 073] [000000] [Get_ReaderInfo   ] [NicePosSign!]
[20240310 14:40:31 091] [000000] [NicePosSign      ] [49]
[20240310 14:40:31 124] [000000] [PortClose        ] [Start!]
[20240310 14:40:31 136] [000000] [PortClose        ] [PortClose]
[20240310 14:40:31 147] [000000] [SC_ClosePort     ] [Start!]
[20240310 14:40:31 159] [000000] [ThreadWatchComm  ] [Fisish!]
[20240310 14:40:31 201] [000000] [SC_ClosePort     ] [Finish!]
[20240310 14:40:31 212] [000000] [PortClose        ] [Finish!]
[20240310 14:40:31 223] [000000] [Get_ReaderInfo   ] [#####NR-5500K002]
[20240310 14:40:31 554] [000000] [GetEnv           ] [Start!]
[20240310 14:40:31 565] [000000] [Ver.             ] [#######NVCAT5002]
[20240310 14:40:31 576] [000000] [Date.            ] [24.1.22.1]
[20240310 14:40:31 587] [000000] [GetEnv_CatID     ] [3195189001]
[20240310 14:40:31 598] [000000] [GetEnv_BizNo     ] [4089673734]
[20240310 14:40:31 609] [000000] [GetEnv           ] [Finish!]
