[20240317 07:55:26 964] [000000] [SetEnv           ] [Start!]
[20240317 07:55:26 966] [000000] [SetEnv_ccatid    ] [3195189001]
[20240317 07:55:26 974] [000000] [SetEnv_CatID     ] [3195189001]
[20240317 07:55:26 982] [000000] [SetEnv_cbizno    ] [4089673734]
[20240317 07:55:26 990] [000000] [SetEnv_BizNo     ] [4089673734]
[20240317 07:55:27 001] [000000] [SetEnv           ] [Finish!]
[20240317 07:55:28 427] [000000] [Set_SvrInfo      ] [Start!]
[20240317 07:55:28 430] [000000] [GetCnlDisableYN  ] [Start]
[20240317 07:55:28 530] [000000] [GetStrEnv        ] [Start!]
[20240317 07:55:28 538] [000000] [CnlDisable       ] [N]
[20240317 07:55:28 546] [000000] [RT               ] [1]
[20240317 07:55:28 555] [000000] [SetCnlDisableYN  ] [Start]
[20240317 07:55:28 564] [000000] [DownType         ] [1]
[20240317 07:55:28 571] [000000] [Disable          ] [N]
[20240317 07:55:28 582] [000000] [SetCnlDisableYN  ] [Finish]
[20240317 07:55:29 167] [000000] [Get_SvrInfo      ] [Start!]
[20240317 07:55:29 168] [000000] [GetEnv           ] [Start!]
[20240317 07:55:29 177] [000000] [Ver.             ] [#######NVCAT5002]
[20240317 07:55:29 187] [000000] [Date.            ] [24.1.22.1]
[20240317 07:55:29 213] [000000] [GetEnv_CatID     ] [3195189001]
[20240317 07:55:29 263] [000000] [GetEnv_BizNo     ] [4089673734]
[20240317 07:55:29 273] [000000] [GetEnv           ] [Finish!]
[20240317 07:55:29 282] [000000] [Get_ReaderInfo   ] [Start!]
[20240317 07:55:29 294] [000000] [PortOpen         ] [Start!]
[20240317 07:55:29 399] [000000] [PortOpen_Port    ] [12]
[20240317 07:55:29 604] [000000] [PortOpen         ] [Finish!]
[20240317 07:55:29 605] [000000] [PortOpen_rtn     ] [1]
[20240317 07:55:29 656] [000000] [Get_ReaderInfo   ] [NicePosSign!]
[20240317 07:55:29 696] [000000] [NicePosSign      ] [49]
[20240317 07:55:29 735] [000000] [PortClose        ] [Start!]
[20240317 07:55:29 735] [000000] [PortClose        ] [PortClose]
[20240317 07:55:29 745] [000000] [SC_ClosePort     ] [Start!]
[20240317 07:55:29 755] [000000] [ThreadWatchComm  ] [Fisish!]
[20240317 07:55:29 796] [000000] [SC_ClosePort     ] [Finish!]
[20240317 07:55:32 356] [000000] [PortClose        ] [Finish!]
[20240317 07:55:32 702] [000000] [Get_ReaderInfo   ] [#####NR-5500K002]
[20240317 07:55:32 760] [000000] [Get_SignInfo2    ] [ROMVER Start!]
[20240317 07:55:32 824] [000000] [Get_SignInfo2    ] [SignPort Not Setting]
[20240317 07:55:32 825] [000000] [Get_SignInfo2    ] [ROMVER(16)]
[20240317 07:55:32 839] [000000] [Get_SignInfo2    ] []
[20240317 07:55:32 851] [000000] [MultiReaderInfo  ] [Start]
[20240317 07:55:32 971] [000000] [MultiReaderInfo  ] [READERTYPE : [01], MultiReaderUse : [N], READERCNT : [0], PORTNUM : [0], PORTBAUDRATE : [0]]
[20240317 07:55:33 007] [000000] [MultiReaderInfo  ] [Finish]
[20240317 07:55:33 051] [000000] [ChkValid         ] [Start!]
[20240317 07:55:33 075] [000000] [OPEN_POPUP       ] [Start!]
[20240317 07:55:33 176] [000000] [OPEN_POPUP       ] [Finish]
[20240317 07:55:33 177] [000000] [ChkValid         ] [Get_serial_data!]
[20240317 07:55:33 354] [000000] [PortOpen         ] [Start!]
[20240317 07:55:33 354] [000000] [PortOpen_Port    ] [12]
[20240317 07:55:33 570] [000000] [PortOpen         ] [Finish!]
[20240317 07:55:33 571] [000000] [PortOpen_rtn     ] [1]
[20240317 07:55:33 580] [000000] [Get_serial_data  ] [NicePosSign]
[20240317 07:55:33 588] [000000] [NicePosSign      ] [49]
[20240317 07:55:33 624] [000000] [PortClose        ] [Start!]
[20240317 07:55:33 624] [000000] [PortClose        ] [PortClose]
[20240317 07:55:33 634] [000000] [SC_ClosePort     ] [Start!]
[20240317 07:55:33 646] [000000] [ThreadWatchComm  ] [Fisish!]
[20240317 07:55:33 687] [000000] [SC_ClosePort     ] [Finish!]
[20240317 07:55:33 687] [000000] [PortClose        ] [Finish!]
[20240317 07:55:33 699] [000000] [ChkValid         ] [Get_RandomKey(RND_P1)]
[20240317 07:55:33 708] [000000] [PortOpen         ] [Start!]
[20240317 07:55:33 719] [000000] [PortOpen_Port    ] [12]
[20240317 07:55:33 932] [000000] [PortOpen         ] [Finish!]
[20240317 07:55:33 933] [000000] [PortOpen_rtn     ] [1]
[20240317 07:55:33 945] [000000] [ChkValid         ] [NicePosSign 1]
[20240317 07:55:33 956] [000000] [NicePosSign      ] [160]
[20240317 07:55:33 987] [000000] [ChkValid         ] [ClosePort 1]
[20240317 07:55:33 987] [000000] [ChkValid         ] [Get_RandomKey(RND_P2)]
[20240317 07:55:33 998] [000000] [ChkValid         ] [NicePosSign 2]
[20240317 07:55:34 010] [000000] [NicePosSign      ] [160]
[20240317 07:55:34 035] [000000] [ChkValid         ] [ClosePort 2]
[20240317 07:55:34 035] [000000] [ChkValid         ] [NicePosSign 3]
[20240317 07:55:34 046] [000000] [NicePosSign      ] [160]
[20240317 07:55:34 081] [000000] [ChkValid         ] [ClosePort 3]
[20240317 07:55:34 082] [000000] [CLOSE_POPUP      ] [Start]
[20240317 07:55:34 093] [000000] [CLOSE_POPUP      ] [Finish]
[20240317 07:55:34 103] [000000] [OPEN_POPUP       ] [Start!]
[20240317 07:55:34 137] [000000] [OPEN_POPUP       ] [Finish]
[20240317 07:55:34 138] [000000] [ChkValid         ] [NicePosSign 4]
[20240317 07:55:34 149] [000000] [NicePosSign      ] [161]
[20240317 07:55:34 177] [000000] [ChkValid         ] [ClosePort 4]
[20240317 07:55:34 177] [000000] [PortClose        ] [Start!]
[20240317 07:55:34 186] [000000] [PortClose        ] [PortClose]
[20240317 07:55:34 195] [000000] [SC_ClosePort     ] [Start!]
[20240317 07:55:34 205] [000000] [ThreadWatchComm  ] [Fisish!]
[20240317 07:55:34 247] [000000] [SC_ClosePort     ] [Finish!]
[20240317 07:55:34 247] [000000] [PortClose        ] [Finish!]
[20240317 07:55:34 258] [000000] [ChkValid_ERRCD   ] [0]
[20240317 07:55:34 269] [000000] [CLOSE_POPUP      ] [Start]
[20240317 07:55:34 283] [000000] [CLOSE_POPUP      ] [Finish]
[20240317 07:55:34 365] [000000] [Get_ReaderInfo   ] [Start!]
[20240317 07:55:34 366] [000000] [PortOpen         ] [Start!]
[20240317 07:55:34 377] [000000] [PortOpen_Port    ] [12]
[20240317 07:55:34 594] [000000] [PortOpen         ] [Finish!]
[20240317 07:55:34 596] [000000] [PortOpen_rtn     ] [1]
[20240317 07:55:34 608] [000000] [Get_ReaderInfo   ] [NicePosSign!]
[20240317 07:55:34 619] [000000] [NicePosSign      ] [49]
[20240317 07:55:34 650] [000000] [PortClose        ] [Start!]
[20240317 07:55:34 651] [000000] [PortClose        ] [PortClose]
[20240317 07:55:34 660] [000000] [SC_ClosePort     ] [Start!]
[20240317 07:55:34 674] [000000] [ThreadWatchComm  ] [Fisish!]
[20240317 07:55:34 715] [000000] [SC_ClosePort     ] [Finish!]
[20240317 07:55:34 716] [000000] [PortClose        ] [Finish!]
[20240317 07:55:34 726] [000000] [Get_ReaderInfo   ] [#####NR-5500K002]
[20240317 07:55:35 020] [000000] [GetEnv           ] [Start!]
[20240317 07:55:35 020] [000000] [Ver.             ] [#######NVCAT5002]
[20240317 07:55:35 033] [000000] [Date.            ] [24.1.22.1]
[20240317 07:55:35 044] [000000] [GetEnv_CatID     ] [3195189001]
[20240317 07:55:35 055] [000000] [GetEnv_BizNo     ] [4089673734]
[20240317 07:55:35 066] [000000] [GetEnv           ] [Finish!]
[20240317 18:10:01 736] [000000] [Pos_Send         ] [**********************************************************************************************]
[20240317 18:10:01 747] [000000] [Pos_Send         ] [Start!]
[20240317 18:10:01 756] [000000] [Ver.             ] [#######NVCAT5002]
[20240317 18:10:01 765] [000000] [Date.            ] [24.1.22.1]
[20240317 18:10:01 776] [000000] [VpnUse           ] [N]
[20240317 18:10:01 786] [000000] [MultiVan         ] [N]
[20240317 18:10:01 796] [000000] [MultiReaderInfo  ] [Start]
[20240317 18:10:01 805] [000000] [MultiReaderInfo  ] [READERTYPE : [01], MultiReaderUse : [N], READERCNT : [0], PORTNUM : [0], PORTBAUDRATE : [0]]
[20240317 18:10:01 816] [000000] [MultiReaderInfo  ] [Finish]
[20240317 18:10:01 826] [000000] [GetCnlDisableYN  ] [Start]
[20240317 18:10:01 834] [000000] [GetStrEnv        ] [Start!]
[20240317 18:10:01 843] [000000] [DOWNTP           ] [1]
[20240317 18:10:01 853] [000000] [CnlDisable       ] [N]
[20240317 18:10:01 865] [000000] [NICEDOWN2        ] [Start]
[20240317 18:10:01 878] [000000] [ReaderSN         ] [Z624020161]
[20240317 18:10:01 887] [000000] [ReaderVer        ] [#####NR-5500K002]
[20240317 18:10:01 895] [000000] [NICEDOWN2        ] [CATID]
[20240317 18:10:01 907] [000000] [NICEDOWN2        ] [3195189001]
[20240317 18:10:01 916] [000000] [NICEDOWN2        ] [BIZNO]
[20240317 18:10:01 929] [000000] [NICEDOWN2        ] [4089673734]
[20240317 18:10:01 942] [000000] [NICEDOWN2        ] [NICEDOWN2 Date Check Start]
[20240317 18:10:01 951] [000000] [RT               ] [R]
[20240317 18:10:01 960] [000000] [REGDOWNTP        ] [1]
[20240317 18:10:01 972] [000000] [CnlDisable       ] []
[20240317 18:10:01 984] [000000] [NICEDOWN2        ] [(1) 다운로드 했던 기록이 있음]
[20240317 18:10:01 994] [000000] [NICEDOWN2        ] [(3) 이전 다운로드했던 CATID와 다운로드할 CATID가 같음]
[20240317 18:10:02 003] [000000] [NICEDOWN2        ] [(4) 이전 다운로드 유형과 다운로드할 유형이 같음]
[20240317 18:10:02 014] [000000] [NICEDOWN2        ] [NICEDOWN2 Date Check Finish]
[20240317 18:10:02 023] [000000] [SetCnlDisableYN  ] [Start]
[20240317 18:10:02 032] [000000] [DownType         ] [1]
[20240317 18:10:02 041] [000000] [Disable          ] []
[20240317 18:10:02 050] [000000] [SetCnlDisableYN  ] [Finish]
[20240317 18:10:02 060] [000000] [Connect_Tcp      ] [211.33.136.9:9002]
[20240317 18:10:02 095] [001176] [Open_TcpPort     ] [Connect OK!]
[20240317 18:10:02 096] [000000] [GetMac           ] [Start]
[20240317 18:10:02 108] [000000] [GetMac           ] [Try]
[20240317 18:10:02 125] [000000] [GetMac           ] [Success]
[20240317 18:10:02 140] [000000] [GetMac           ] [Finish]
[20240317 18:10:02 151] [000000] [SIGNSERIALNO     ] []
[20240317 18:10:02 161] [000000] [sendBuf          ] [0273770G44089673734319518900111002091702027700000000                                       10NVCAT               Z624020161#####NR-5500K002NVKN50  20240317181001               D8C497336879                                                                                     ]
[20240317 18:10:02 264] [000000] [recvBuf          ] [0492770G4408967373431951890010000R다운로드 정상                           211.33.136.2   8101 211.33.136.2   8101 211.33.136.9   9003 에이스독서실                      임원일              01071038573         인천 부평구 충선로 174상록빌딩 5층 전체                                                                                                                                                                 00211.33.136.1   9000 022402240287192N                                              ]
[20240317 18:10:02 264] [001176] [Close_TcpPort    ] [Close OK!]
[20240317 18:10:02 275] [000000] [RPORT            ] [8101]
[20240317 18:10:02 284] [000000] [NICEDOWNREQ      ] [N]
[20240317 18:10:02 294] [000000] [RPORT Set 4      ] [8101]
[20240317 18:10:02 321] [000000] [POSUNINUM        ] [022402240287192]
[20240317 18:10:02 323] [000000] [NICEDOWN2        ] [return 1]
[20240317 18:10:02 335] [000000] [NICEDOWN2        ] [Finish]
[20240317 18:10:02 347] [000000] [Pos_Send         ] [NICEDOWN2 Success]
[20240317 18:10:02 358] [000000] [Pos_Send amt1    ] [000000000001]
[20240317 18:10:02 370] [000000] [Pos_Send amt2    ] [1]
[20240317 18:10:02 383] [000000] [ReqCard          ] [ReqCard]
[20240317 18:10:02 396] [000000] [Pos_Send amt3    ] [1]
[20240317 18:10:02 410] [000000] [POPUP_TIMER      ] [Start!]
[20240317 18:10:02 419] [000000] [Count            ] [30]
[20240317 18:10:02 510] [000000] [POPUP_TIMER      ] [Finish]
[20240317 18:10:02 512] [000000] [ReqCard          ] [Start!]
[20240317 18:10:02 526] [000000] [MultiReaderInfo  ] [Start]
[20240317 18:10:02 541] [000000] [MultiReaderInfo  ] [READERTYPE : [01], MultiReaderUse : [N], READERCNT : [0], PORTNUM : [0], PORTBAUDRATE : [0]]
[20240317 18:10:02 554] [000000] [MultiReaderInfo  ] [Finish]
[20240317 18:10:02 568] [000000] [ReqCard          ] [Multi Reader Use X]
[20240317 18:10:02 582] [000000] [PortOpen         ] [Start!]
[20240317 18:10:02 593] [000000] [PortOpen_Port    ] [12]
[20240317 18:10:02 811] [000000] [PortOpen         ] [Finish!]
[20240317 18:10:02 812] [000000] [PortOpen_rtn     ] [1]
[20240317 18:10:02 823] [000000] [ReqCard Time     ] [20240317181002]
[20240317 18:10:02 833] [000000] [ReqCard Amt      ] [000000000001]
[20240317 18:10:02 845] [000000] [ReqCard Catid    ] [3195189001]
[20240317 18:10:02 855] [000000] [ReqCard tp       ] [0]
[20240317 18:10:02 865] [000000] [ReqCard          ] [Request Nicepos sign!(0,1)]
[20240317 18:10:02 879] [000000] [NicePosSign      ] [156]
[20240317 18:10:06 606] [000000] [Stop             ] [1]
[20240317 18:10:06 606] [000000] [ReqStop          ] [Start!]
[20240317 18:10:06 619] [000000] [ReqStop          ] [1]
[20240317 18:10:06 632] [000000] [ReqStop          ] [9]
[20240317 18:10:06 642] [000000] [MultiReaderInfo  ] [Start]
[20240317 18:10:06 653] [000000] [MultiReaderInfo  ] [READERTYPE : [01], MultiReaderUse : [N], READERCNT : [0], PORTNUM : [0], PORTBAUDRATE : [0]]
[20240317 18:10:06 662] [000000] [MultiReaderInfo  ] [Finish]
[20240317 18:10:06 674] [000000] [ReqStop          ] [2]
[20240317 18:10:06 684] [000000] [ReqStop          ] [3]
[20240317 18:10:06 694] [000000] [ReqStop          ] [4]
[20240317 18:10:07 208] [000000] [ReqStop          ] [5]
[20240317 18:10:07 209] [000000] [ReqStop          ] [6]
[20240317 18:10:07 218] [000000] [ReqStop          ] [7]
[20240317 18:10:07 230] [000000] [ReqStop          ] [8]
[20240317 18:10:07 239] [000000] [ReqCard ErrCode  ] [cd]
[20240317 18:10:07 249] [000000] [PortClose        ] [Start!]
[20240317 18:10:07 259] [000000] [PortClose        ] [PortClose]
[20240317 18:10:07 268] [000000] [SC_ClosePort     ] [Start!]
[20240317 18:10:07 278] [000000] [ThreadWatchComm  ] [Fisish!]
[20240317 18:10:07 320] [000000] [SC_ClosePort     ] [Finish!]
[20240317 18:10:07 320] [000000] [PortClose        ] [Finish!]
[20240317 18:10:07 332] [000000] [CLOSE_POPUP      ] [Start]
[20240317 18:10:07 358] [000000] [CLOSE_POPUP      ] [Finish]
[20240317 18:10:07 425] [000000] [ReqCard          ] [ReqCard End]
[20240317 18:10:07 452] [000000] [Pos_Send[4]      ] [return -80]
[20240317 18:10:07 467] [000000] [Pos_Send[4]      ] [**********************************************************************************************]
[20240317 18:10:27 017] [000000] [Pos_Send         ] [**********************************************************************************************]
[20240317 18:10:27 018] [000000] [Pos_Send         ] [Start!]
[20240317 18:10:27 033] [000000] [Ver.             ] [#######NVCAT5002]
[20240317 18:10:27 056] [000000] [Date.            ] [24.1.22.1]
[20240317 18:10:27 070] [000000] [VpnUse           ] [N]
[20240317 18:10:27 090] [000000] [MultiVan         ] [N]
[20240317 18:10:27 102] [000000] [MultiReaderInfo  ] [Start]
[20240317 18:10:27 114] [000000] [MultiReaderInfo  ] [READERTYPE : [01], MultiReaderUse : [N], READERCNT : [0], PORTNUM : [0], PORTBAUDRATE : [0]]
[20240317 18:10:27 125] [000000] [MultiReaderInfo  ] [Finish]
[20240317 18:10:27 136] [000000] [GetCnlDisableYN  ] [Start]
[20240317 18:10:27 150] [000000] [GetStrEnv        ] [Start!]
[20240317 18:10:27 164] [000000] [DOWNTP           ] [1]
[20240317 18:10:27 179] [000000] [CnlDisable       ] [N]
[20240317 18:10:27 192] [000000] [NICEDOWN2        ] [Start]
[20240317 18:10:27 212] [000000] [ReaderSN         ] [Z624020161]
[20240317 18:10:27 226] [000000] [ReaderVer        ] [#####NR-5500K002]
[20240317 18:10:27 238] [000000] [NICEDOWN2        ] [CATID]
[20240317 18:10:27 251] [000000] [NICEDOWN2        ] [3195189001]
[20240317 18:10:27 265] [000000] [NICEDOWN2        ] [BIZNO]
[20240317 18:10:27 279] [000000] [NICEDOWN2        ] [4089673734]
[20240317 18:10:27 294] [000000] [NICEDOWN2        ] [NICEDOWN2 Date Check Start]
[20240317 18:10:27 319] [000000] [RT               ] [R]
[20240317 18:10:27 338] [000000] [REGDOWNTP        ] [1]
[20240317 18:10:27 351] [000000] [CnlDisable       ] []
[20240317 18:10:27 365] [000000] [NICEDOWN2        ] [(1) 다운로드 했던 기록이 있음]
[20240317 18:10:27 380] [000000] [NICEDOWN2        ] [(2) 이전 다운로드했던 날짜와 오늘 날짜가 같음]
[20240317 18:10:27 400] [000000] [NICEDOWN2        ] [(3) 이전 다운로드했던 CATID와 다운로드할 CATID가 같음]
[20240317 18:10:27 423] [000000] [NICEDOWN2        ] [(4) 이전 다운로드 유형과 다운로드할 유형이 같음]
[20240317 18:10:27 439] [000000] [NICEDOWN2        ] [Already NICEDOWN2  (-2)]
[20240317 18:10:27 449] [000000] [Pos_Send         ] [NICEDOWN2 Fail (-2)]
[20240317 18:10:27 463] [000000] [Pos_Send amt1    ] [000000000001]
[20240317 18:10:27 478] [000000] [Pos_Send amt2    ] [1]
[20240317 18:10:27 490] [000000] [ReqCard          ] [ReqCard]
[20240317 18:10:27 501] [000000] [Pos_Send amt3    ] [1]
[20240317 18:10:27 514] [000000] [POPUP_TIMER      ] [Start!]
[20240317 18:10:27 525] [000000] [Count            ] [30]
[20240317 18:10:27 560] [000000] [POPUP_TIMER      ] [Finish]
[20240317 18:10:27 584] [000000] [ReqCard          ] [Start!]
[20240317 18:10:27 599] [000000] [MultiReaderInfo  ] [Start]
[20240317 18:10:27 616] [000000] [MultiReaderInfo  ] [READERTYPE : [01], MultiReaderUse : [N], READERCNT : [0], PORTNUM : [0], PORTBAUDRATE : [0]]
[20240317 18:10:27 630] [000000] [MultiReaderInfo  ] [Finish]
[20240317 18:10:27 643] [000000] [ReqCard          ] [Multi Reader Use X]
[20240317 18:10:27 656] [000000] [PortOpen         ] [Start!]
[20240317 18:10:27 671] [000000] [PortOpen_Port    ] [12]
[20240317 18:10:27 887] [000000] [PortOpen         ] [Finish!]
[20240317 18:10:27 888] [000000] [PortOpen_rtn     ] [1]
[20240317 18:10:27 903] [000000] [ReqCard Time     ] [20240317181027]
[20240317 18:10:27 918] [000000] [ReqCard Amt      ] [000000000001]
[20240317 18:10:27 930] [000000] [ReqCard Catid    ] [3195189001]
[20240317 18:10:27 942] [000000] [ReqCard tp       ] [0]
[20240317 18:10:27 952] [000000] [ReqCard          ] [Request Nicepos sign!(0,1)]
[20240317 18:10:27 964] [000000] [NicePosSign      ] [156]
[20240317 18:10:30 330] [000000] [ReqCard ErrCode  ] [0]
[20240317 18:10:30 331] [000000] [PortClose        ] [Start!]
[20240317 18:10:30 340] [000000] [PortClose        ] [PortClose]
[20240317 18:10:30 350] [000000] [SC_ClosePort     ] [Start!]
[20240317 18:10:30 359] [000000] [ThreadWatchComm  ] [Fisish!]
[20240317 18:10:30 401] [000000] [SC_ClosePort     ] [Finish!]
[20240317 18:10:30 401] [000000] [PortClose        ] [Finish!]
[20240317 18:10:30 414] [000000] [CLOSE_POPUP      ] [Start]
[20240317 18:10:30 439] [000000] [CLOSE_POPUP      ] [Finish]
[20240317 18:10:30 477] [000000] [ReqCard          ] [ReqCard End]
[20240317 18:10:30 491] [000000] [SIGNROMVER       ] []
[20240317 18:10:30 505] [000000] [SIGNSERIALNO     ] []
[20240317 18:10:30 521] [000000] [VpnUse           ] [공중망]
[20240317 18:10:30 535] [000000] [POSUNINUM        ] [REQ TEXT ADD]
[20240317 18:10:30 549] [000000] [POSUNINUM        ] [PID(3) GB TEXT ADD OK]
[20240317 18:10:30 563] [000000] [POSUNINUM        ] [PID(15) TEXT ADD OK]
[20240317 18:10:30 578] [000000] [POSUNINUM        ] [MAC(3) GB TEXT ADD OK]
[20240317 18:10:30 592] [000000] [GetMac           ] [Start]
[20240317 18:10:30 606] [000000] [GetMac           ] [Try]
[20240317 18:10:30 623] [000000] [GetMac           ] [Success]
[20240317 18:10:30 636] [000000] [GetMac           ] [Finish]
[20240317 18:10:30 652] [000000] [POSUNINUM        ] [MAC+Space(32) TEXT ADD OK]
[20240317 18:10:30 667] [000000] [POSUNINUM        ] [Total Length Change]
[20240317 18:10:30 679] [000000] [POSUNINUM        ] [0747]
[20240317 18:10:30 697] [000000] [sendIP           ] [211.33.136.2]
[20240317 18:10:30 710] [000000] [sendPORT         ] [8101]
[20240317 18:10:30 720] [000000] [CommType         ] [1]
[20240317 18:10:30 733] [000000] [POSUNINUM        ] [Req Etc Port]
[20240317 18:10:30 746] [000000] [NiceCommWork     ] [211.33.136.2:8101]
[20240317 18:10:30 758] [000000] [Connect_Tcp      ] [211.33.136.2:8101]
[20240317 18:10:30 784] [000280] [Open_TcpPort     ] [Connect OK!]
[20240317 18:10:30 784] [000000] [GetCnlDisableYN  ] [Start]
[20240317 18:10:30 794] [000000] [GetStrEnv        ] [Start!]
[20240317 18:10:30 804] [000000] [CnlDisable       ] [N]
[20240317 18:10:30 815] [000000] [OPEN_POPUP       ] [Start!]
[20240317 18:10:30 870] [000000] [OPEN_POPUP       ] [Finish]
[20240317 18:10:30 871] [000000] [NiceCommWork     ] [SendRecvEnc]
[20240317 18:10:30 953] [000280] [SendMsg          ] [0747HPS31951890010317181027020010H1       IC 3195189001I*******************************************************************************************************************************00000000000000000000000000000000000001                          4089673734             ****************              ]
[20240317 18:10:31 571] [000280] [RecvMsg          ] [0580HPS31951890010317181027021010H1       IC 31951890010000****************************************000000000000000000000000000000000000014089673734             ****************07신한카드            07신한카드            0105275218     24031718103025245594    0771811446183 IC카드 정상승인 25245594                                                                                                                                                      1           NS240]
[20240317 18:10:31 572] [000000] [SendRecv         ] [End!]
[20240317 18:10:31 583] [000280] [Close_TcpPort    ] [Close OK!]
[20240317 18:10:31 593] [000000] [CLOSE_POPUP      ] [Start]
[20240317 18:10:31 617] [000000] [CLOSE_POPUP      ] [Finish]
[20240317 18:10:31 663] [000000] [EMV_COMPLITE     ] [Start]
[20240317 18:10:31 679] [000000] [EMV_CMP_ERRCD    ] []
[20240317 18:10:31 702] [000000] [Pos_Send         ] [return 1]
[20240317 18:10:31 724] [000000] [Pos_Send         ] [Finish!]
[20240317 18:10:31 742] [000000] [Pos_Send         ] [**********************************************************************************************]
[20240317 18:22:01 194] [000000] [Pos_Send         ] [**********************************************************************************************]
[20240317 18:22:01 195] [000000] [Pos_Send         ] [Start!]
[20240317 18:22:01 204] [000000] [Ver.             ] [#######NVCAT5002]
[20240317 18:22:01 214] [000000] [Date.            ] [24.1.22.1]
[20240317 18:22:01 224] [000000] [VpnUse           ] [N]
[20240317 18:22:01 237] [000000] [MultiVan         ] [N]
[20240317 18:22:01 247] [000000] [MultiReaderInfo  ] [Start]
[20240317 18:22:01 260] [000000] [MultiReaderInfo  ] [READERTYPE : [01], MultiReaderUse : [N], READERCNT : [0], PORTNUM : [0], PORTBAUDRATE : [0]]
[20240317 18:22:01 269] [000000] [MultiReaderInfo  ] [Finish]
[20240317 18:22:01 280] [000000] [GetCnlDisableYN  ] [Start]
[20240317 18:22:01 292] [000000] [GetStrEnv        ] [Start!]
[20240317 18:22:01 305] [000000] [DOWNTP           ] [1]
[20240317 18:22:01 317] [000000] [CnlDisable       ] [N]
[20240317 18:22:01 327] [000000] [NICEDOWN2        ] [Start]
[20240317 18:22:01 336] [000000] [ReaderSN         ] [Z624020161]
[20240317 18:22:01 346] [000000] [ReaderVer        ] [#####NR-5500K002]
[20240317 18:22:01 359] [000000] [NICEDOWN2        ] [CATID]
[20240317 18:22:01 369] [000000] [NICEDOWN2        ] [3195189001]
[20240317 18:22:01 379] [000000] [NICEDOWN2        ] [BIZNO]
[20240317 18:22:01 389] [000000] [NICEDOWN2        ] [4089673734]
[20240317 18:22:01 404] [000000] [NICEDOWN2        ] [NICEDOWN2 Date Check Start]
[20240317 18:22:01 413] [000000] [RT               ] [R]
[20240317 18:22:01 426] [000000] [REGDOWNTP        ] [1]
[20240317 18:22:01 436] [000000] [CnlDisable       ] []
[20240317 18:22:01 449] [000000] [NICEDOWN2        ] [(1) 다운로드 했던 기록이 있음]
[20240317 18:22:01 462] [000000] [NICEDOWN2        ] [(2) 이전 다운로드했던 날짜와 오늘 날짜가 같음]
[20240317 18:22:01 475] [000000] [NICEDOWN2        ] [(3) 이전 다운로드했던 CATID와 다운로드할 CATID가 같음]
[20240317 18:22:01 487] [000000] [NICEDOWN2        ] [(4) 이전 다운로드 유형과 다운로드할 유형이 같음]
[20240317 18:22:01 496] [000000] [NICEDOWN2        ] [Already NICEDOWN2  (-2)]
[20240317 18:22:01 511] [000000] [Pos_Send         ] [NICEDOWN2 Fail (-2)]
[20240317 18:22:01 521] [000000] [Pos_Send amt1    ] [000000000001]
[20240317 18:22:01 531] [000000] [Pos_Send amt2    ] [1]
[20240317 18:22:01 541] [000000] [ReqCard          ] [ReqCard]
[20240317 18:22:01 551] [000000] [Pos_Send amt3    ] [1]
[20240317 18:22:01 564] [000000] [POPUP_TIMER      ] [Start!]
[20240317 18:22:01 575] [000000] [Count            ] [30]
[20240317 18:22:01 603] [000000] [POPUP_TIMER      ] [Finish]
[20240317 18:22:01 624] [000000] [ReqCard          ] [Start!]
[20240317 18:22:01 637] [000000] [MultiReaderInfo  ] [Start]
[20240317 18:22:01 681] [000000] [MultiReaderInfo  ] [READERTYPE : [01], MultiReaderUse : [N], READERCNT : [0], PORTNUM : [0], PORTBAUDRATE : [0]]
[20240317 18:22:01 691] [000000] [MultiReaderInfo  ] [Finish]
[20240317 18:22:01 705] [000000] [ReqCard          ] [Multi Reader Use X]
[20240317 18:22:01 718] [000000] [PortOpen         ] [Start!]
[20240317 18:22:01 732] [000000] [PortOpen_Port    ] [12]
[20240317 18:22:01 935] [000000] [PortOpen         ] [Finish!]
[20240317 18:22:01 936] [000000] [PortOpen_rtn     ] [1]
[20240317 18:22:01 947] [000000] [ReqCard Time     ] [20240317182201]
[20240317 18:22:01 956] [000000] [ReqCard Amt      ] [000000000001]
[20240317 18:22:01 970] [000000] [ReqCard Catid    ] [3195189001]
[20240317 18:22:01 981] [000000] [ReqCard tp       ] [0]
[20240317 18:22:01 990] [000000] [ReqCard          ] [Request Nicepos sign!(0,1)]
[20240317 18:22:02 004] [000000] [NicePosSign      ] [156]
[20240317 18:22:03 006] [000000] [Stop             ] [1]
[20240317 18:22:03 006] [000000] [ReqStop          ] [Start!]
[20240317 18:22:03 016] [000000] [ReqStop          ] [1]
[20240317 18:22:03 028] [000000] [ReqStop          ] [9]
[20240317 18:22:03 037] [000000] [MultiReaderInfo  ] [Start]
[20240317 18:22:03 050] [000000] [MultiReaderInfo  ] [READERTYPE : [01], MultiReaderUse : [N], READERCNT : [0], PORTNUM : [0], PORTBAUDRATE : [0]]
[20240317 18:22:03 060] [000000] [MultiReaderInfo  ] [Finish]
[20240317 18:22:03 074] [000000] [ReqStop          ] [2]
[20240317 18:22:03 083] [000000] [ReqStop          ] [3]
[20240317 18:22:03 093] [000000] [ReqStop          ] [4]
[20240317 18:22:03 608] [000000] [ReqStop          ] [5]
[20240317 18:22:03 609] [000000] [ReqStop          ] [6]
[20240317 18:22:03 645] [000000] [ReqStop          ] [7]
[20240317 18:22:03 654] [000000] [ReqStop          ] [8]
[20240317 18:22:03 668] [000000] [ReqCard ErrCode  ] [cd]
[20240317 18:22:03 681] [000000] [PortClose        ] [Start!]
[20240317 18:22:03 695] [000000] [PortClose        ] [PortClose]
[20240317 18:22:03 708] [000000] [SC_ClosePort     ] [Start!]
[20240317 18:22:03 718] [000000] [ThreadWatchComm  ] [Fisish!]
[20240317 18:22:03 759] [000000] [SC_ClosePort     ] [Finish!]
[20240317 18:22:03 759] [000000] [PortClose        ] [Finish!]
[20240317 18:22:03 771] [000000] [CLOSE_POPUP      ] [Start]
[20240317 18:22:03 794] [000000] [CLOSE_POPUP      ] [Finish]
[20240317 18:22:03 830] [000000] [ReqCard          ] [ReqCard End]
[20240317 18:22:03 845] [000000] [Pos_Send[4]      ] [return -80]
[20240317 18:22:03 860] [000000] [Pos_Send[4]      ] [**********************************************************************************************]
[20240317 18:24:03 045] [000000] [Pos_Send         ] [**********************************************************************************************]
[20240317 18:24:03 046] [000000] [Pos_Send         ] [Start!]
[20240317 18:24:03 058] [000000] [Ver.             ] [#######NVCAT5002]
[20240317 18:24:03 068] [000000] [Date.            ] [24.1.22.1]
[20240317 18:24:03 078] [000000] [VpnUse           ] [N]
[20240317 18:24:03 088] [000000] [MultiVan         ] [N]
[20240317 18:24:03 100] [000000] [MultiReaderInfo  ] [Start]
[20240317 18:24:03 113] [000000] [MultiReaderInfo  ] [READERTYPE : [01], MultiReaderUse : [N], READERCNT : [0], PORTNUM : [0], PORTBAUDRATE : [0]]
[20240317 18:24:03 125] [000000] [MultiReaderInfo  ] [Finish]
[20240317 18:24:03 135] [000000] [GetCnlDisableYN  ] [Start]
[20240317 18:24:03 144] [000000] [GetStrEnv        ] [Start!]
[20240317 18:24:03 155] [000000] [DOWNTP           ] [1]
[20240317 18:24:03 168] [000000] [CnlDisable       ] [N]
[20240317 18:24:03 177] [000000] [NICEDOWN2        ] [Start]
[20240317 18:24:03 188] [000000] [ReaderSN         ] [Z624020161]
[20240317 18:24:03 198] [000000] [ReaderVer        ] [#####NR-5500K002]
[20240317 18:24:03 207] [000000] [NICEDOWN2        ] [CATID]
[20240317 18:24:03 218] [000000] [NICEDOWN2        ] [3195189001]
[20240317 18:24:03 230] [000000] [NICEDOWN2        ] [BIZNO]
[20240317 18:24:03 243] [000000] [NICEDOWN2        ] [4089673734]
[20240317 18:24:03 252] [000000] [NICEDOWN2        ] [NICEDOWN2 Date Check Start]
[20240317 18:24:03 262] [000000] [RT               ] [R]
[20240317 18:24:03 271] [000000] [REGDOWNTP        ] [1]
[20240317 18:24:03 281] [000000] [CnlDisable       ] []
[20240317 18:24:03 292] [000000] [NICEDOWN2        ] [(1) 다운로드 했던 기록이 있음]
[20240317 18:24:03 305] [000000] [NICEDOWN2        ] [(2) 이전 다운로드했던 날짜와 오늘 날짜가 같음]
[20240317 18:24:03 315] [000000] [NICEDOWN2        ] [(3) 이전 다운로드했던 CATID와 다운로드할 CATID가 같음]
[20240317 18:24:03 328] [000000] [NICEDOWN2        ] [(4) 이전 다운로드 유형과 다운로드할 유형이 같음]
[20240317 18:24:03 337] [000000] [NICEDOWN2        ] [Already NICEDOWN2  (-2)]
[20240317 18:24:03 351] [000000] [Pos_Send         ] [NICEDOWN2 Fail (-2)]
[20240317 18:24:03 361] [000000] [Pos_Send amt1    ] [000000000010]
[20240317 18:24:03 372] [000000] [Pos_Send amt2    ] [10]
[20240317 18:24:03 385] [000000] [ReqCard          ] [ReqCard]
[20240317 18:24:03 395] [000000] [Pos_Send amt3    ] [10]
[20240317 18:24:03 406] [000000] [POPUP_TIMER      ] [Start!]
[20240317 18:24:03 416] [000000] [Count            ] [30]
[20240317 18:24:03 445] [000000] [POPUP_TIMER      ] [Finish]
[20240317 18:24:03 471] [000000] [ReqCard          ] [Start!]
[20240317 18:24:03 484] [000000] [MultiReaderInfo  ] [Start]
[20240317 18:24:03 495] [000000] [MultiReaderInfo  ] [READERTYPE : [01], MultiReaderUse : [N], READERCNT : [0], PORTNUM : [0], PORTBAUDRATE : [0]]
[20240317 18:24:03 506] [000000] [MultiReaderInfo  ] [Finish]
[20240317 18:24:03 517] [000000] [ReqCard          ] [Multi Reader Use X]
[20240317 18:24:03 528] [000000] [PortOpen         ] [Start!]
[20240317 18:24:03 539] [000000] [PortOpen_Port    ] [12]
[20240317 18:24:03 759] [000000] [PortOpen         ] [Finish!]
[20240317 18:24:03 759] [000000] [PortOpen_rtn     ] [1]
[20240317 18:24:03 772] [000000] [ReqCard Time     ] [20240317182403]
[20240317 18:24:03 785] [000000] [ReqCard Amt      ] [000000000010]
[20240317 18:24:03 798] [000000] [ReqCard Catid    ] [3195189001]
[20240317 18:24:03 812] [000000] [ReqCard tp       ] [0]
[20240317 18:24:03 824] [000000] [ReqCard          ] [Request Nicepos sign!(0,1)]
[20240317 18:24:03 834] [000000] [NicePosSign      ] [156]
[20240317 18:24:05 237] [000000] [Stop             ] [1]
[20240317 18:24:05 237] [000000] [ReqStop          ] [Start!]
[20240317 18:24:05 247] [000000] [ReqStop          ] [1]
[20240317 18:24:05 257] [000000] [ReqStop          ] [9]
[20240317 18:24:05 270] [000000] [MultiReaderInfo  ] [Start]
[20240317 18:24:05 280] [000000] [MultiReaderInfo  ] [READERTYPE : [01], MultiReaderUse : [N], READERCNT : [0], PORTNUM : [0], PORTBAUDRATE : [0]]
[20240317 18:24:05 291] [000000] [MultiReaderInfo  ] [Finish]
[20240317 18:24:05 303] [000000] [ReqStop          ] [2]
[20240317 18:24:05 312] [000000] [ReqStop          ] [3]
[20240317 18:24:05 322] [000000] [ReqStop          ] [4]
[20240317 18:24:05 842] [000000] [ReqStop          ] [5]
[20240317 18:24:05 843] [000000] [ReqStop          ] [6]
[20240317 18:24:05 852] [000000] [ReqStop          ] [7]
[20240317 18:24:05 862] [000000] [ReqStop          ] [8]
[20240317 18:24:05 871] [000000] [ReqCard ErrCode  ] [cd]
[20240317 18:24:05 881] [000000] [PortClose        ] [Start!]
[20240317 18:24:05 898] [000000] [PortClose        ] [PortClose]
[20240317 18:24:05 908] [000000] [SC_ClosePort     ] [Start!]
[20240317 18:24:05 917] [000000] [ThreadWatchComm  ] [Fisish!]
[20240317 18:24:05 959] [000000] [SC_ClosePort     ] [Finish!]
[20240317 18:24:05 959] [000000] [PortClose        ] [Finish!]
[20240317 18:24:05 972] [000000] [CLOSE_POPUP      ] [Start]
[20240317 18:24:05 997] [000000] [CLOSE_POPUP      ] [Finish]
[20240317 18:24:06 039] [000000] [ReqCard          ] [ReqCard End]
[20240317 18:24:06 053] [000000] [Pos_Send[4]      ] [return -80]
[20240317 18:24:06 068] [000000] [Pos_Send[4]      ] [**********************************************************************************************]
[20240317 18:43:19 030] [000000] [Pos_Send         ] [**********************************************************************************************]
[20240317 18:43:19 031] [000000] [Pos_Send         ] [Start!]
[20240317 18:43:19 043] [000000] [Ver.             ] [#######NVCAT5002]
[20240317 18:43:19 053] [000000] [Date.            ] [24.1.22.1]
[20240317 18:43:19 062] [000000] [VpnUse           ] [N]
[20240317 18:43:19 074] [000000] [MultiVan         ] [N]
[20240317 18:43:19 084] [000000] [MultiReaderInfo  ] [Start]
[20240317 18:43:19 097] [000000] [MultiReaderInfo  ] [READERTYPE : [01], MultiReaderUse : [N], READERCNT : [0], PORTNUM : [0], PORTBAUDRATE : [0]]
[20240317 18:43:19 107] [000000] [MultiReaderInfo  ] [Finish]
[20240317 18:43:19 117] [000000] [GetCnlDisableYN  ] [Start]
[20240317 18:43:19 125] [000000] [GetStrEnv        ] [Start!]
[20240317 18:43:19 135] [000000] [DOWNTP           ] [1]
[20240317 18:43:19 145] [000000] [CnlDisable       ] [N]
[20240317 18:43:19 159] [000000] [NICEDOWN2        ] [Start]
[20240317 18:43:19 169] [000000] [ReaderSN         ] [Z624020161]
[20240317 18:43:19 179] [000000] [ReaderVer        ] [#####NR-5500K002]
[20240317 18:43:19 191] [000000] [NICEDOWN2        ] [CATID]
[20240317 18:43:19 204] [000000] [NICEDOWN2        ] [3195189001]
[20240317 18:43:19 215] [000000] [NICEDOWN2        ] [BIZNO]
[20240317 18:43:19 225] [000000] [NICEDOWN2        ] [4089673734]
[20240317 18:43:19 236] [000000] [NICEDOWN2        ] [NICEDOWN2 Date Check Start]
[20240317 18:43:19 246] [000000] [RT               ] [R]
[20240317 18:43:19 255] [000000] [REGDOWNTP        ] [1]
[20240317 18:43:19 268] [000000] [CnlDisable       ] []
[20240317 18:43:19 281] [000000] [NICEDOWN2        ] [(1) 다운로드 했던 기록이 있음]
[20240317 18:43:19 291] [000000] [NICEDOWN2        ] [(2) 이전 다운로드했던 날짜와 오늘 날짜가 같음]
[20240317 18:43:19 303] [000000] [NICEDOWN2        ] [(3) 이전 다운로드했던 CATID와 다운로드할 CATID가 같음]
[20240317 18:43:19 314] [000000] [NICEDOWN2        ] [(4) 이전 다운로드 유형과 다운로드할 유형이 같음]
[20240317 18:43:19 326] [000000] [NICEDOWN2        ] [Already NICEDOWN2  (-2)]
[20240317 18:43:19 336] [000000] [Pos_Send         ] [NICEDOWN2 Fail (-2)]
[20240317 18:43:19 350] [000000] [Pos_Send amt1    ] [000000000010]
[20240317 18:43:19 362] [000000] [Pos_Send amt2    ] [10]
[20240317 18:43:19 375] [000000] [ReqCard          ] [ReqCard]
[20240317 18:43:19 387] [000000] [Pos_Send amt3    ] [10]
[20240317 18:43:19 397] [000000] [POPUP_TIMER      ] [Start!]
[20240317 18:43:19 406] [000000] [Count            ] [30]
[20240317 18:43:19 440] [000000] [POPUP_TIMER      ] [Finish]
[20240317 18:43:19 462] [000000] [ReqCard          ] [Start!]
[20240317 18:43:19 476] [000000] [MultiReaderInfo  ] [Start]
[20240317 18:43:19 491] [000000] [MultiReaderInfo  ] [READERTYPE : [01], MultiReaderUse : [N], READERCNT : [0], PORTNUM : [0], PORTBAUDRATE : [0]]
[20240317 18:43:19 503] [000000] [MultiReaderInfo  ] [Finish]
[20240317 18:43:19 512] [000000] [ReqCard          ] [Multi Reader Use X]
[20240317 18:43:19 522] [000000] [PortOpen         ] [Start!]
[20240317 18:43:19 532] [000000] [PortOpen_Port    ] [12]
[20240317 18:43:19 744] [000000] [PortOpen         ] [Finish!]
[20240317 18:43:19 745] [000000] [PortOpen_rtn     ] [1]
[20240317 18:43:19 755] [000000] [ReqCard Time     ] [20240317184319]
[20240317 18:43:19 764] [000000] [ReqCard Amt      ] [000000000010]
[20240317 18:43:19 778] [000000] [ReqCard Catid    ] [3195189001]
[20240317 18:43:19 788] [000000] [ReqCard tp       ] [0]
[20240317 18:43:19 801] [000000] [ReqCard          ] [Request Nicepos sign!(0,1)]
[20240317 18:43:19 811] [000000] [NicePosSign      ] [156]
[20240317 18:43:20 898] [000000] [Stop             ] [1]
[20240317 18:43:20 899] [000000] [ReqStop          ] [Start!]
[20240317 18:43:20 909] [000000] [ReqStop          ] [1]
[20240317 18:43:20 920] [000000] [ReqStop          ] [9]
[20240317 18:43:20 934] [000000] [MultiReaderInfo  ] [Start]
[20240317 18:43:20 944] [000000] [MultiReaderInfo  ] [READERTYPE : [01], MultiReaderUse : [N], READERCNT : [0], PORTNUM : [0], PORTBAUDRATE : [0]]
[20240317 18:43:20 955] [000000] [MultiReaderInfo  ] [Finish]
[20240317 18:43:20 966] [000000] [ReqStop          ] [2]
[20240317 18:43:20 976] [000000] [ReqStop          ] [3]
[20240317 18:43:20 989] [000000] [ReqStop          ] [4]
[20240317 18:43:21 517] [000000] [ReqStop          ] [5]
[20240317 18:43:21 518] [000000] [ReqStop          ] [6]
[20240317 18:43:21 531] [000000] [ReqStop          ] [7]
[20240317 18:43:21 541] [000000] [ReqStop          ] [8]
[20240317 18:43:21 554] [000000] [ReqCard ErrCode  ] [cd]
[20240317 18:43:21 564] [000000] [PortClose        ] [Start!]
[20240317 18:43:21 577] [000000] [PortClose        ] [PortClose]
[20240317 18:43:21 591] [000000] [SC_ClosePort     ] [Start!]
[20240317 18:43:21 604] [000000] [ThreadWatchComm  ] [Fisish!]
[20240317 18:43:21 646] [000000] [SC_ClosePort     ] [Finish!]
[20240317 18:43:21 646] [000000] [PortClose        ] [Finish!]
[20240317 18:43:21 656] [000000] [CLOSE_POPUP      ] [Start]
[20240317 18:43:21 679] [000000] [CLOSE_POPUP      ] [Finish]
[20240317 18:43:21 717] [000000] [ReqCard          ] [ReqCard End]
[20240317 18:43:21 732] [000000] [Pos_Send[4]      ] [return -80]
[20240317 18:43:21 747] [000000] [Pos_Send[4]      ] [**********************************************************************************************]
[20240317 18:43:53 406] [000000] [Pos_Send         ] [**********************************************************************************************]
[20240317 18:43:53 406] [000000] [Pos_Send         ] [Start!]
[20240317 18:43:53 419] [000000] [Ver.             ] [#######NVCAT5002]
[20240317 18:43:53 429] [000000] [Date.            ] [24.1.22.1]
[20240317 18:43:53 439] [000000] [VpnUse           ] [N]
[20240317 18:43:53 449] [000000] [MultiVan         ] [N]
[20240317 18:43:53 460] [000000] [MultiReaderInfo  ] [Start]
[20240317 18:43:53 472] [000000] [MultiReaderInfo  ] [READERTYPE : [01], MultiReaderUse : [N], READERCNT : [0], PORTNUM : [0], PORTBAUDRATE : [0]]
[20240317 18:43:53 482] [000000] [MultiReaderInfo  ] [Finish]
[20240317 18:43:53 493] [000000] [GetCnlDisableYN  ] [Start]
[20240317 18:43:53 502] [000000] [GetStrEnv        ] [Start!]
[20240317 18:43:53 513] [000000] [DOWNTP           ] [1]
[20240317 18:43:53 522] [000000] [CnlDisable       ] [N]
[20240317 18:43:53 539] [000000] [NICEDOWN2        ] [Start]
[20240317 18:43:53 550] [000000] [ReaderSN         ] [Z624020161]
[20240317 18:43:53 560] [000000] [ReaderVer        ] [#####NR-5500K002]
[20240317 18:43:53 572] [000000] [NICEDOWN2        ] [CATID]
[20240317 18:43:53 587] [000000] [NICEDOWN2        ] [3195189001]
[20240317 18:43:53 597] [000000] [NICEDOWN2        ] [BIZNO]
[20240317 18:43:53 611] [000000] [NICEDOWN2        ] [4089673734]
[20240317 18:43:53 622] [000000] [NICEDOWN2        ] [NICEDOWN2 Date Check Start]
[20240317 18:43:53 631] [000000] [RT               ] [R]
[20240317 18:43:53 644] [000000] [REGDOWNTP        ] [1]
[20240317 18:43:53 653] [000000] [CnlDisable       ] []
[20240317 18:43:53 663] [000000] [NICEDOWN2        ] [(1) 다운로드 했던 기록이 있음]
[20240317 18:43:53 675] [000000] [NICEDOWN2        ] [(2) 이전 다운로드했던 날짜와 오늘 날짜가 같음]
[20240317 18:43:53 685] [000000] [NICEDOWN2        ] [(3) 이전 다운로드했던 CATID와 다운로드할 CATID가 같음]
[20240317 18:43:53 698] [000000] [NICEDOWN2        ] [(4) 이전 다운로드 유형과 다운로드할 유형이 같음]
[20240317 18:43:53 707] [000000] [NICEDOWN2        ] [Already NICEDOWN2  (-2)]
[20240317 18:43:53 718] [000000] [Pos_Send         ] [NICEDOWN2 Fail (-2)]
[20240317 18:43:53 727] [000000] [Pos_Send amt1    ] [000000000010]
[20240317 18:43:53 737] [000000] [Pos_Send amt2    ] [10]
[20240317 18:43:53 747] [000000] [ReqCard          ] [ReqCard]
[20240317 18:43:53 762] [000000] [Pos_Send amt3    ] [10]
[20240317 18:43:53 770] [000000] [POPUP_TIMER      ] [Start!]
[20240317 18:43:53 780] [000000] [Count            ] [30]
[20240317 18:43:53 814] [000000] [POPUP_TIMER      ] [Finish]
[20240317 18:43:53 836] [000000] [ReqCard          ] [Start!]
[20240317 18:43:53 851] [000000] [MultiReaderInfo  ] [Start]
[20240317 18:43:53 866] [000000] [MultiReaderInfo  ] [READERTYPE : [01], MultiReaderUse : [N], READERCNT : [0], PORTNUM : [0], PORTBAUDRATE : [0]]
[20240317 18:43:53 876] [000000] [MultiReaderInfo  ] [Finish]
[20240317 18:43:53 890] [000000] [ReqCard          ] [Multi Reader Use X]
[20240317 18:43:53 902] [000000] [PortOpen         ] [Start!]
[20240317 18:43:53 915] [000000] [PortOpen_Port    ] [12]
[20240317 18:43:54 134] [000000] [PortOpen         ] [Finish!]
[20240317 18:43:54 135] [000000] [PortOpen_rtn     ] [1]
[20240317 18:43:54 145] [000000] [ReqCard Time     ] [20240317184354]
[20240317 18:43:54 158] [000000] [ReqCard Amt      ] [000000000010]
[20240317 18:43:54 167] [000000] [ReqCard Catid    ] [3195189001]
[20240317 18:43:54 178] [000000] [ReqCard tp       ] [0]
[20240317 18:43:54 187] [000000] [ReqCard          ] [Request Nicepos sign!(0,1)]
[20240317 18:43:54 197] [000000] [NicePosSign      ] [156]
[20240317 18:43:55 147] [000000] [Stop             ] [1]
[20240317 18:43:55 147] [000000] [ReqStop          ] [Start!]
[20240317 18:43:55 161] [000000] [ReqStop          ] [1]
[20240317 18:43:55 175] [000000] [ReqStop          ] [9]
[20240317 18:43:55 185] [000000] [MultiReaderInfo  ] [Start]
[20240317 18:43:55 195] [000000] [MultiReaderInfo  ] [READERTYPE : [01], MultiReaderUse : [N], READERCNT : [0], PORTNUM : [0], PORTBAUDRATE : [0]]
[20240317 18:43:55 204] [000000] [MultiReaderInfo  ] [Finish]
[20240317 18:43:55 214] [000000] [ReqStop          ] [2]
[20240317 18:43:55 228] [000000] [ReqStop          ] [3]
[20240317 18:43:55 237] [000000] [ReqStop          ] [4]
[20240317 18:43:55 750] [000000] [ReqStop          ] [5]
[20240317 18:43:55 750] [000000] [ReqStop          ] [6]
[20240317 18:43:55 763] [000000] [ReqStop          ] [7]
[20240317 18:43:55 775] [000000] [ReqStop          ] [8]
[20240317 18:43:55 786] [000000] [ReqCard ErrCode  ] [cd]
[20240317 18:43:55 798] [000000] [PortClose        ] [Start!]
[20240317 18:43:55 808] [000000] [PortClose        ] [PortClose]
[20240317 18:43:55 819] [000000] [SC_ClosePort     ] [Start!]
[20240317 18:43:55 832] [000000] [ThreadWatchComm  ] [Fisish!]
[20240317 18:43:55 873] [000000] [SC_ClosePort     ] [Finish!]
[20240317 18:43:55 874] [000000] [PortClose        ] [Finish!]
[20240317 18:43:55 887] [000000] [CLOSE_POPUP      ] [Start]
[20240317 18:43:55 909] [000000] [CLOSE_POPUP      ] [Finish]
[20240317 18:43:55 944] [000000] [ReqCard          ] [ReqCard End]
[20240317 18:43:55 959] [000000] [Pos_Send[4]      ] [return -80]
[20240317 18:43:55 974] [000000] [Pos_Send[4]      ] [**********************************************************************************************]
[20240317 18:44:46 636] [000000] [Pos_Send         ] [**********************************************************************************************]
[20240317 18:44:46 636] [000000] [Pos_Send         ] [Start!]
[20240317 18:44:46 651] [000000] [Ver.             ] [#######NVCAT5002]
[20240317 18:44:46 672] [000000] [Date.            ] [24.1.22.1]
[20240317 18:44:46 690] [000000] [VpnUse           ] [N]
[20240317 18:44:46 701] [000000] [MultiVan         ] [N]
[20240317 18:44:46 712] [000000] [MultiReaderInfo  ] [Start]
[20240317 18:44:46 734] [000000] [MultiReaderInfo  ] [READERTYPE : [01], MultiReaderUse : [N], READERCNT : [0], PORTNUM : [0], PORTBAUDRATE : [0]]
[20240317 18:44:46 752] [000000] [MultiReaderInfo  ] [Finish]
[20240317 18:44:46 771] [000000] [GetCnlDisableYN  ] [Start]
[20240317 18:44:46 795] [000000] [GetStrEnv        ] [Start!]
[20240317 18:44:46 807] [000000] [DOWNTP           ] [1]
[20240317 18:44:46 825] [000000] [CnlDisable       ] [N]
[20240317 18:44:46 843] [000000] [NICEDOWN2        ] [Start]
[20240317 18:44:46 862] [000000] [ReaderSN         ] [Z624020161]
[20240317 18:44:46 879] [000000] [ReaderVer        ] [#####NR-5500K002]
[20240317 18:44:46 893] [000000] [NICEDOWN2        ] [CATID]
[20240317 18:44:46 911] [000000] [NICEDOWN2        ] [3195189001]
[20240317 18:44:46 921] [000000] [NICEDOWN2        ] [BIZNO]
[20240317 18:44:46 942] [000000] [NICEDOWN2        ] [4089673734]
[20240317 18:44:46 959] [000000] [NICEDOWN2        ] [NICEDOWN2 Date Check Start]
[20240317 18:44:46 975] [000000] [RT               ] [R]
[20240317 18:44:46 994] [000000] [REGDOWNTP        ] [1]
[20240317 18:44:47 012] [000000] [CnlDisable       ] []
[20240317 18:44:47 030] [000000] [NICEDOWN2        ] [(1) 다운로드 했던 기록이 있음]
[20240317 18:44:47 052] [000000] [NICEDOWN2        ] [(2) 이전 다운로드했던 날짜와 오늘 날짜가 같음]
[20240317 18:44:47 062] [000000] [NICEDOWN2        ] [(3) 이전 다운로드했던 CATID와 다운로드할 CATID가 같음]
[20240317 18:44:47 083] [000000] [NICEDOWN2        ] [(4) 이전 다운로드 유형과 다운로드할 유형이 같음]
[20240317 18:44:47 093] [000000] [NICEDOWN2        ] [Already NICEDOWN2  (-2)]
[20240317 18:44:47 105] [000000] [Pos_Send         ] [NICEDOWN2 Fail (-2)]
[20240317 18:44:47 118] [000000] [Pos_Send amt1    ] [000000000010]
[20240317 18:44:47 127] [000000] [Pos_Send amt2    ] [10]
[20240317 18:44:47 137] [000000] [ReqCard          ] [ReqCard]
[20240317 18:44:47 147] [000000] [Pos_Send amt3    ] [10]
[20240317 18:44:47 157] [000000] [POPUP_TIMER      ] [Start!]
[20240317 18:44:47 169] [000000] [Count            ] [30]
[20240317 18:44:47 249] [000000] [POPUP_TIMER      ] [Finish]
[20240317 18:44:47 330] [000000] [ReqCard          ] [Start!]
[20240317 18:44:47 344] [000000] [MultiReaderInfo  ] [Start]
[20240317 18:44:47 358] [000000] [MultiReaderInfo  ] [READERTYPE : [01], MultiReaderUse : [N], READERCNT : [0], PORTNUM : [0], PORTBAUDRATE : [0]]
[20240317 18:44:47 370] [000000] [MultiReaderInfo  ] [Finish]
[20240317 18:44:47 436] [000000] [ReqCard          ] [Multi Reader Use X]
[20240317 18:44:47 496] [000000] [PortOpen         ] [Start!]
[20240317 18:44:47 505] [000000] [PortOpen_Port    ] [12]
[20240317 18:44:47 708] [000000] [PortOpen         ] [Finish!]
[20240317 18:44:47 708] [000000] [PortOpen_rtn     ] [1]
[20240317 18:44:47 721] [000000] [ReqCard Time     ] [20240317184447]
[20240317 18:44:47 734] [000000] [ReqCard Amt      ] [000000000010]
[20240317 18:44:47 805] [000000] [ReqCard Catid    ] [3195189001]
[20240317 18:44:47 880] [000000] [ReqCard tp       ] [0]
[20240317 18:44:47 893] [000000] [ReqCard          ] [Request Nicepos sign!(0,1)]
[20240317 18:44:47 922] [000000] [NicePosSign      ] [156]
[20240317 18:44:48 672] [000000] [Stop             ] [1]
[20240317 18:44:48 672] [000000] [ReqStop          ] [Start!]
[20240317 18:44:48 737] [000000] [ReqStop          ] [1]
[20240317 18:44:48 811] [000000] [ReqStop          ] [9]
[20240317 18:44:48 887] [000000] [MultiReaderInfo  ] [Start]
[20240317 18:44:48 898] [000000] [MultiReaderInfo  ] [READERTYPE : [01], MultiReaderUse : [N], READERCNT : [0], PORTNUM : [0], PORTBAUDRATE : [0]]
[20240317 18:44:48 909] [000000] [MultiReaderInfo  ] [Finish]
[20240317 18:44:48 972] [000000] [ReqStop          ] [2]
[20240317 18:44:49 041] [000000] [ReqStop          ] [3]
[20240317 18:44:49 113] [000000] [ReqStop          ] [4]
[20240317 18:44:49 687] [000000] [ReqStop          ] [5]
[20240317 18:44:49 688] [000000] [ReqStop          ] [6]
[20240317 18:44:49 757] [000000] [ReqStop          ] [7]
[20240317 18:44:49 825] [000000] [ReqStop          ] [8]
[20240317 18:44:49 837] [000000] [ReqCard ErrCode  ] [cd]
[20240317 18:44:49 851] [000000] [PortClose        ] [Start!]
[20240317 18:44:49 862] [000000] [PortClose        ] [PortClose]
[20240317 18:44:49 872] [000000] [SC_ClosePort     ] [Start!]
[20240317 18:44:49 884] [000000] [ThreadWatchComm  ] [Fisish!]
[20240317 18:44:49 925] [000000] [SC_ClosePort     ] [Finish!]
[20240317 18:44:49 925] [000000] [PortClose        ] [Finish!]
[20240317 18:44:49 937] [000000] [CLOSE_POPUP      ] [Start]
[20240317 18:44:49 959] [000000] [CLOSE_POPUP      ] [Finish]
[20240317 18:44:49 998] [000000] [ReqCard          ] [ReqCard End]
[20240317 18:44:50 012] [000000] [Pos_Send[4]      ] [return -80]
[20240317 18:44:50 030] [000000] [Pos_Send[4]      ] [**********************************************************************************************]
[20240317 18:44:52 821] [000000] [Pos_Send         ] [**********************************************************************************************]
[20240317 18:44:52 822] [000000] [Pos_Send         ] [Start!]
[20240317 18:44:52 834] [000000] [Ver.             ] [#######NVCAT5002]
[20240317 18:44:52 847] [000000] [Date.            ] [24.1.22.1]
[20240317 18:44:52 857] [000000] [VpnUse           ] [N]
[20240317 18:44:52 866] [000000] [MultiVan         ] [N]
[20240317 18:44:52 878] [000000] [MultiReaderInfo  ] [Start]
[20240317 18:44:52 888] [000000] [MultiReaderInfo  ] [READERTYPE : [01], MultiReaderUse : [N], READERCNT : [0], PORTNUM : [0], PORTBAUDRATE : [0]]
[20240317 18:44:52 897] [000000] [MultiReaderInfo  ] [Finish]
[20240317 18:44:52 909] [000000] [GetCnlDisableYN  ] [Start]
[20240317 18:44:52 926] [000000] [GetStrEnv        ] [Start!]
[20240317 18:44:52 936] [000000] [DOWNTP           ] [1]
[20240317 18:44:52 965] [000000] [CnlDisable       ] [N]
[20240317 18:44:52 991] [000000] [NICEDOWN2        ] [Start]
[20240317 18:44:53 004] [000000] [ReaderSN         ] [Z624020161]
[20240317 18:44:53 029] [000000] [ReaderVer        ] [#####NR-5500K002]
[20240317 18:44:53 058] [000000] [NICEDOWN2        ] [CATID]
[20240317 18:44:53 085] [000000] [NICEDOWN2        ] [3195189001]
[20240317 18:44:53 101] [000000] [NICEDOWN2        ] [BIZNO]
[20240317 18:44:53 132] [000000] [NICEDOWN2        ] [4089673734]
[20240317 18:44:53 146] [000000] [NICEDOWN2        ] [NICEDOWN2 Date Check Start]
[20240317 18:44:53 155] [000000] [RT               ] [R]
[20240317 18:44:53 166] [000000] [REGDOWNTP        ] [1]
[20240317 18:44:53 179] [000000] [CnlDisable       ] []
[20240317 18:44:53 188] [000000] [NICEDOWN2        ] [(1) 다운로드 했던 기록이 있음]
[20240317 18:44:53 199] [000000] [NICEDOWN2        ] [(2) 이전 다운로드했던 날짜와 오늘 날짜가 같음]
[20240317 18:44:53 213] [000000] [NICEDOWN2        ] [(3) 이전 다운로드했던 CATID와 다운로드할 CATID가 같음]
[20240317 18:44:53 223] [000000] [NICEDOWN2        ] [(4) 이전 다운로드 유형과 다운로드할 유형이 같음]
[20240317 18:44:53 243] [000000] [NICEDOWN2        ] [Already NICEDOWN2  (-2)]
[20240317 18:44:53 256] [000000] [Pos_Send         ] [NICEDOWN2 Fail (-2)]
[20240317 18:44:53 266] [000000] [Pos_Send amt1    ] [000000000010]
[20240317 18:44:53 277] [000000] [Pos_Send amt2    ] [10]
[20240317 18:44:53 288] [000000] [ReqCard          ] [ReqCard]
[20240317 18:44:53 298] [000000] [Pos_Send amt3    ] [10]
[20240317 18:44:53 311] [000000] [POPUP_TIMER      ] [Start!]
[20240317 18:44:53 322] [000000] [Count            ] [30]
[20240317 18:44:53 349] [000000] [POPUP_TIMER      ] [Finish]
[20240317 18:44:53 371] [000000] [ReqCard          ] [Start!]
[20240317 18:44:53 387] [000000] [MultiReaderInfo  ] [Start]
[20240317 18:44:53 407] [000000] [MultiReaderInfo  ] [READERTYPE : [01], MultiReaderUse : [N], READERCNT : [0], PORTNUM : [0], PORTBAUDRATE : [0]]
[20240317 18:44:53 420] [000000] [MultiReaderInfo  ] [Finish]
[20240317 18:44:53 434] [000000] [ReqCard          ] [Multi Reader Use X]
[20240317 18:44:53 447] [000000] [PortOpen         ] [Start!]
[20240317 18:44:53 460] [000000] [PortOpen_Port    ] [12]
[20240317 18:44:53 662] [000000] [PortOpen         ] [Finish!]
[20240317 18:44:53 663] [000000] [PortOpen_rtn     ] [1]
[20240317 18:44:53 680] [000000] [ReqCard Time     ] [20240317184453]
[20240317 18:44:53 694] [000000] [ReqCard Amt      ] [000000000010]
[20240317 18:44:53 706] [000000] [ReqCard Catid    ] [3195189001]
[20240317 18:44:53 720] [000000] [ReqCard tp       ] [0]
[20240317 18:44:53 736] [000000] [ReqCard          ] [Request Nicepos sign!(0,1)]
[20240317 18:44:53 751] [000000] [NicePosSign      ] [156]
[20240317 18:44:54 704] [000000] [Stop             ] [1]
[20240317 18:44:54 704] [000000] [ReqStop          ] [Start!]
[20240317 18:44:54 714] [000000] [ReqStop          ] [1]
[20240317 18:44:54 725] [000000] [ReqStop          ] [9]
[20240317 18:44:54 739] [000000] [MultiReaderInfo  ] [Start]
[20240317 18:44:54 753] [000000] [MultiReaderInfo  ] [READERTYPE : [01], MultiReaderUse : [N], READERCNT : [0], PORTNUM : [0], PORTBAUDRATE : [0]]
[20240317 18:44:54 761] [000000] [MultiReaderInfo  ] [Finish]
[20240317 18:44:54 772] [000000] [ReqStop          ] [2]
[20240317 18:44:54 785] [000000] [ReqStop          ] [3]
[20240317 18:44:54 795] [000000] [ReqStop          ] [4]
[20240317 18:44:55 308] [000000] [ReqStop          ] [5]
[20240317 18:44:55 309] [000000] [ReqStop          ] [6]
[20240317 18:44:55 322] [000000] [ReqStop          ] [7]
[20240317 18:44:55 334] [000000] [ReqStop          ] [8]
[20240317 18:44:55 345] [000000] [ReqCard ErrCode  ] [cd]
[20240317 18:44:55 355] [000000] [PortClose        ] [Start!]
[20240317 18:44:55 365] [000000] [PortClose        ] [PortClose]
[20240317 18:44:55 378] [000000] [SC_ClosePort     ] [Start!]
[20240317 18:44:55 394] [000000] [ThreadWatchComm  ] [Fisish!]
[20240317 18:44:55 435] [000000] [SC_ClosePort     ] [Finish!]
[20240317 18:44:55 436] [000000] [PortClose        ] [Finish!]
[20240317 18:44:55 446] [000000] [CLOSE_POPUP      ] [Start]
[20240317 18:44:55 468] [000000] [CLOSE_POPUP      ] [Finish]
[20240317 18:44:55 510] [000000] [ReqCard          ] [ReqCard End]
[20240317 18:44:55 527] [000000] [Pos_Send[4]      ] [return -80]
[20240317 18:44:55 541] [000000] [Pos_Send[4]      ] [**********************************************************************************************]
[20240317 22:15:05 372] [000000] [Pos_Send         ] [**********************************************************************************************]
[20240317 22:15:05 373] [000000] [Pos_Send         ] [Start!]
[20240317 22:15:05 385] [000000] [Ver.             ] [#######NVCAT5002]
[20240317 22:15:05 396] [000000] [Date.            ] [24.1.22.1]
[20240317 22:15:05 411] [000000] [VpnUse           ] [N]
[20240317 22:15:05 426] [000000] [MultiVan         ] [N]
[20240317 22:15:05 444] [000000] [MultiReaderInfo  ] [Start]
[20240317 22:15:05 475] [000000] [MultiReaderInfo  ] [READERTYPE : [01], MultiReaderUse : [N], READERCNT : [0], PORTNUM : [0], PORTBAUDRATE : [0]]
[20240317 22:15:05 489] [000000] [MultiReaderInfo  ] [Finish]
[20240317 22:15:05 506] [000000] [GetCnlDisableYN  ] [Start]
[20240317 22:15:05 523] [000000] [GetStrEnv        ] [Start!]
[20240317 22:15:05 538] [000000] [DOWNTP           ] [1]
[20240317 22:15:05 547] [000000] [CnlDisable       ] [N]
[20240317 22:15:05 559] [000000] [NICEDOWN2        ] [Start]
[20240317 22:15:05 570] [000000] [ReaderSN         ] [Z624020161]
[20240317 22:15:05 579] [000000] [ReaderVer        ] [#####NR-5500K002]
[20240317 22:15:05 591] [000000] [NICEDOWN2        ] [CATID]
[20240317 22:15:05 604] [000000] [NICEDOWN2        ] [3195189001]
[20240317 22:15:05 614] [000000] [NICEDOWN2        ] [BIZNO]
[20240317 22:15:05 624] [000000] [NICEDOWN2        ] [4089673734]
[20240317 22:15:05 634] [000000] [NICEDOWN2        ] [NICEDOWN2 Date Check Start]
[20240317 22:15:05 646] [000000] [RT               ] [R]
[20240317 22:15:05 655] [000000] [REGDOWNTP        ] [1]
[20240317 22:15:05 670] [000000] [CnlDisable       ] []
[20240317 22:15:05 683] [000000] [NICEDOWN2        ] [(1) 다운로드 했던 기록이 있음]
[20240317 22:15:05 695] [000000] [NICEDOWN2        ] [(2) 이전 다운로드했던 날짜와 오늘 날짜가 같음]
[20240317 22:15:05 705] [000000] [NICEDOWN2        ] [(3) 이전 다운로드했던 CATID와 다운로드할 CATID가 같음]
[20240317 22:15:05 715] [000000] [NICEDOWN2        ] [(4) 이전 다운로드 유형과 다운로드할 유형이 같음]
[20240317 22:15:05 725] [000000] [NICEDOWN2        ] [Already NICEDOWN2  (-2)]
[20240317 22:15:05 737] [000000] [Pos_Send         ] [NICEDOWN2 Fail (-2)]
[20240317 22:15:05 748] [000000] [Pos_Send amt1    ] [000000000010]
[20240317 22:15:05 758] [000000] [Pos_Send amt2    ] [10]
[20240317 22:15:05 769] [000000] [ReqCard          ] [ReqCard]
[20240317 22:15:05 778] [000000] [Pos_Send amt3    ] [10]
[20240317 22:15:05 788] [000000] [POPUP_TIMER      ] [Start!]
[20240317 22:15:05 801] [000000] [Count            ] [30]
[20240317 22:15:05 831] [000000] [POPUP_TIMER      ] [Finish]
[20240317 22:15:05 856] [000000] [ReqCard          ] [Start!]
[20240317 22:15:05 868] [000000] [MultiReaderInfo  ] [Start]
[20240317 22:15:05 882] [000000] [MultiReaderInfo  ] [READERTYPE : [01], MultiReaderUse : [N], READERCNT : [0], PORTNUM : [0], PORTBAUDRATE : [0]]
[20240317 22:15:05 892] [000000] [MultiReaderInfo  ] [Finish]
[20240317 22:15:05 907] [000000] [ReqCard          ] [Multi Reader Use X]
[20240317 22:15:05 918] [000000] [PortOpen         ] [Start!]
[20240317 22:15:05 932] [000000] [PortOpen_Port    ] [12]
[20240317 22:15:06 140] [000000] [PortOpen         ] [Finish!]
[20240317 22:15:06 141] [000000] [PortOpen_rtn     ] [1]
[20240317 22:15:06 151] [000000] [ReqCard Time     ] [20240317221506]
[20240317 22:15:06 161] [000000] [ReqCard Amt      ] [000000000010]
[20240317 22:15:06 173] [000000] [ReqCard Catid    ] [3195189001]
[20240317 22:15:06 184] [000000] [ReqCard tp       ] [0]
[20240317 22:15:06 198] [000000] [ReqCard          ] [Request Nicepos sign!(0,1)]
[20240317 22:15:06 208] [000000] [NicePosSign      ] [156]
[20240317 22:15:09 674] [000000] [Stop             ] [1]
[20240317 22:15:09 675] [000000] [ReqStop          ] [Start!]
[20240317 22:15:09 685] [000000] [ReqStop          ] [1]
[20240317 22:15:09 695] [000000] [ReqStop          ] [9]
[20240317 22:15:09 704] [000000] [MultiReaderInfo  ] [Start]
[20240317 22:15:09 716] [000000] [MultiReaderInfo  ] [READERTYPE : [01], MultiReaderUse : [N], READERCNT : [0], PORTNUM : [0], PORTBAUDRATE : [0]]
[20240317 22:15:09 726] [000000] [MultiReaderInfo  ] [Finish]
[20240317 22:15:09 735] [000000] [ReqStop          ] [2]
[20240317 22:15:09 746] [000000] [ReqStop          ] [3]
[20240317 22:15:09 757] [000000] [ReqStop          ] [4]
[20240317 22:15:10 277] [000000] [ReqStop          ] [5]
[20240317 22:15:10 278] [000000] [ReqStop          ] [6]
[20240317 22:15:10 291] [000000] [ReqStop          ] [7]
[20240317 22:15:10 304] [000000] [ReqStop          ] [8]
[20240317 22:15:10 314] [000000] [ReqCard ErrCode  ] [cd]
[20240317 22:15:10 324] [000000] [PortClose        ] [Start!]
[20240317 22:15:10 333] [000000] [PortClose        ] [PortClose]
[20240317 22:15:10 344] [000000] [SC_ClosePort     ] [Start!]
[20240317 22:15:10 354] [000000] [ThreadWatchComm  ] [Fisish!]
[20240317 22:15:10 395] [000000] [SC_ClosePort     ] [Finish!]
[20240317 22:15:10 396] [000000] [PortClose        ] [Finish!]
[20240317 22:15:10 408] [000000] [CLOSE_POPUP      ] [Start]
[20240317 22:15:10 429] [000000] [CLOSE_POPUP      ] [Finish]
[20240317 22:15:10 493] [000000] [ReqCard          ] [ReqCard End]
[20240317 22:15:10 511] [000000] [Pos_Send[4]      ] [return -80]
[20240317 22:15:10 528] [000000] [Pos_Send[4]      ] [**********************************************************************************************]
[20240317 22:15:38 391] [000000] [Pos_Send         ] [**********************************************************************************************]
[20240317 22:15:38 392] [000000] [Pos_Send         ] [Start!]
[20240317 22:15:38 402] [000000] [Ver.             ] [#######NVCAT5002]
[20240317 22:15:38 414] [000000] [Date.            ] [24.1.22.1]
[20240317 22:15:38 424] [000000] [VpnUse           ] [N]
[20240317 22:15:38 435] [000000] [MultiVan         ] [N]
[20240317 22:15:38 446] [000000] [MultiReaderInfo  ] [Start]
[20240317 22:15:38 456] [000000] [MultiReaderInfo  ] [READERTYPE : [01], MultiReaderUse : [N], READERCNT : [0], PORTNUM : [0], PORTBAUDRATE : [0]]
[20240317 22:15:38 466] [000000] [MultiReaderInfo  ] [Finish]
[20240317 22:15:38 477] [000000] [GetCnlDisableYN  ] [Start]
[20240317 22:15:38 487] [000000] [GetStrEnv        ] [Start!]
[20240317 22:15:38 501] [000000] [DOWNTP           ] [1]
[20240317 22:15:38 512] [000000] [CnlDisable       ] [N]
[20240317 22:15:38 526] [000000] [NICEDOWN2        ] [Start]
[20240317 22:15:38 536] [000000] [ReaderSN         ] [Z624020161]
[20240317 22:15:38 549] [000000] [ReaderVer        ] [#####NR-5500K002]
[20240317 22:15:38 562] [000000] [NICEDOWN2        ] [CATID]
[20240317 22:15:38 575] [000000] [NICEDOWN2        ] [3195189001]
[20240317 22:15:38 585] [000000] [NICEDOWN2        ] [BIZNO]
[20240317 22:15:38 595] [000000] [NICEDOWN2        ] [4089673734]
[20240317 22:15:38 608] [000000] [NICEDOWN2        ] [NICEDOWN2 Date Check Start]
[20240317 22:15:38 621] [000000] [RT               ] [R]
[20240317 22:15:38 630] [000000] [REGDOWNTP        ] [1]
[20240317 22:15:38 644] [000000] [CnlDisable       ] []
[20240317 22:15:38 655] [000000] [NICEDOWN2        ] [(1) 다운로드 했던 기록이 있음]
[20240317 22:15:38 665] [000000] [NICEDOWN2        ] [(2) 이전 다운로드했던 날짜와 오늘 날짜가 같음]
[20240317 22:15:38 675] [000000] [NICEDOWN2        ] [(3) 이전 다운로드했던 CATID와 다운로드할 CATID가 같음]
[20240317 22:15:38 688] [000000] [NICEDOWN2        ] [(4) 이전 다운로드 유형과 다운로드할 유형이 같음]
[20240317 22:15:38 699] [000000] [NICEDOWN2        ] [Already NICEDOWN2  (-2)]
[20240317 22:15:38 709] [000000] [Pos_Send         ] [NICEDOWN2 Fail (-2)]
[20240317 22:15:38 720] [000000] [Pos_Send amt1    ] [000000000010]
[20240317 22:15:38 734] [000000] [Pos_Send amt2    ] [10]
[20240317 22:15:38 748] [000000] [ReqCard          ] [ReqCard]
[20240317 22:15:38 759] [000000] [Pos_Send amt3    ] [10]
[20240317 22:15:38 772] [000000] [POPUP_TIMER      ] [Start!]
[20240317 22:15:38 787] [000000] [Count            ] [30]
[20240317 22:15:38 816] [000000] [POPUP_TIMER      ] [Finish]
[20240317 22:15:38 838] [000000] [ReqCard          ] [Start!]
[20240317 22:15:38 854] [000000] [MultiReaderInfo  ] [Start]
[20240317 22:15:38 868] [000000] [MultiReaderInfo  ] [READERTYPE : [01], MultiReaderUse : [N], READERCNT : [0], PORTNUM : [0], PORTBAUDRATE : [0]]
[20240317 22:15:38 882] [000000] [MultiReaderInfo  ] [Finish]
[20240317 22:15:38 894] [000000] [ReqCard          ] [Multi Reader Use X]
[20240317 22:15:38 907] [000000] [PortOpen         ] [Start!]
[20240317 22:15:38 916] [000000] [PortOpen_Port    ] [12]
[20240317 22:15:39 134] [000000] [PortOpen         ] [Finish!]
[20240317 22:15:39 134] [000000] [PortOpen_rtn     ] [1]
[20240317 22:15:39 146] [000000] [ReqCard Time     ] [20240317221539]
[20240317 22:15:39 155] [000000] [ReqCard Amt      ] [000000000010]
[20240317 22:15:39 166] [000000] [ReqCard Catid    ] [3195189001]
[20240317 22:15:39 177] [000000] [ReqCard tp       ] [0]
[20240317 22:15:39 191] [000000] [ReqCard          ] [Request Nicepos sign!(0,1)]
[20240317 22:15:39 201] [000000] [NicePosSign      ] [156]
[20240317 22:15:40 109] [000000] [Stop             ] [1]
[20240317 22:15:40 110] [000000] [ReqStop          ] [Start!]
[20240317 22:15:40 125] [000000] [ReqStop          ] [1]
[20240317 22:15:40 134] [000000] [ReqStop          ] [9]
[20240317 22:15:40 144] [000000] [MultiReaderInfo  ] [Start]
[20240317 22:15:40 153] [000000] [MultiReaderInfo  ] [READERTYPE : [01], MultiReaderUse : [N], READERCNT : [0], PORTNUM : [0], PORTBAUDRATE : [0]]
[20240317 22:15:40 162] [000000] [MultiReaderInfo  ] [Finish]
[20240317 22:15:40 174] [000000] [ReqStop          ] [2]
[20240317 22:15:40 183] [000000] [ReqStop          ] [3]
[20240317 22:15:40 193] [000000] [ReqStop          ] [4]
[20240317 22:15:40 710] [000000] [ReqStop          ] [5]
[20240317 22:15:40 711] [000000] [ReqStop          ] [6]
[20240317 22:15:40 723] [000000] [ReqStop          ] [7]
[20240317 22:15:40 735] [000000] [ReqStop          ] [8]
[20240317 22:15:40 748] [000000] [ReqCard ErrCode  ] [cd]
[20240317 22:15:40 756] [000000] [PortClose        ] [Start!]
[20240317 22:15:40 766] [000000] [PortClose        ] [PortClose]
[20240317 22:15:40 777] [000000] [SC_ClosePort     ] [Start!]
[20240317 22:15:40 786] [000000] [ThreadWatchComm  ] [Fisish!]
[20240317 22:15:40 827] [000000] [SC_ClosePort     ] [Finish!]
[20240317 22:15:40 828] [000000] [PortClose        ] [Finish!]
[20240317 22:15:40 836] [000000] [CLOSE_POPUP      ] [Start]
[20240317 22:15:40 859] [000000] [CLOSE_POPUP      ] [Finish]
[20240317 22:15:40 942] [000000] [ReqCard          ] [ReqCard End]
[20240317 22:15:40 958] [000000] [Pos_Send[4]      ] [return -80]
[20240317 22:15:40 972] [000000] [Pos_Send[4]      ] [**********************************************************************************************]
[20240317 22:56:46 236] [000000] [Pos_Send         ] [**********************************************************************************************]
[20240317 22:56:46 237] [000000] [Pos_Send         ] [Start!]
[20240317 22:56:46 248] [000000] [Ver.             ] [#######NVCAT5002]
[20240317 22:56:46 257] [000000] [Date.            ] [24.1.22.1]
[20240317 22:56:46 267] [000000] [VpnUse           ] [N]
[20240317 22:56:46 275] [000000] [MultiVan         ] [N]
[20240317 22:56:46 286] [000000] [MultiReaderInfo  ] [Start]
[20240317 22:56:46 297] [000000] [MultiReaderInfo  ] [READERTYPE : [01], MultiReaderUse : [N], READERCNT : [0], PORTNUM : [0], PORTBAUDRATE : [0]]
[20240317 22:56:46 305] [000000] [MultiReaderInfo  ] [Finish]
[20240317 22:56:46 316] [000000] [GetCnlDisableYN  ] [Start]
[20240317 22:56:46 328] [000000] [GetStrEnv        ] [Start!]
[20240317 22:56:46 340] [000000] [DOWNTP           ] [1]
[20240317 22:56:46 349] [000000] [CnlDisable       ] [N]
[20240317 22:56:46 360] [000000] [NICEDOWN2        ] [Start]
[20240317 22:56:46 369] [000000] [ReaderSN         ] [Z624020161]
[20240317 22:56:46 378] [000000] [ReaderVer        ] [#####NR-5500K002]
[20240317 22:56:46 387] [000000] [NICEDOWN2        ] [CATID]
[20240317 22:56:46 400] [000000] [NICEDOWN2        ] [3195189001]
[20240317 22:56:46 410] [000000] [NICEDOWN2        ] [BIZNO]
[20240317 22:56:46 419] [000000] [NICEDOWN2        ] [4089673734]
[20240317 22:56:46 431] [000000] [NICEDOWN2        ] [NICEDOWN2 Date Check Start]
[20240317 22:56:46 441] [000000] [RT               ] [R]
[20240317 22:56:46 450] [000000] [REGDOWNTP        ] [1]
[20240317 22:56:46 459] [000000] [CnlDisable       ] []
[20240317 22:56:46 468] [000000] [NICEDOWN2        ] [(1) 다운로드 했던 기록이 있음]
[20240317 22:56:46 477] [000000] [NICEDOWN2        ] [(2) 이전 다운로드했던 날짜와 오늘 날짜가 같음]
[20240317 22:56:46 488] [000000] [NICEDOWN2        ] [(3) 이전 다운로드했던 CATID와 다운로드할 CATID가 같음]
[20240317 22:56:46 496] [000000] [NICEDOWN2        ] [(4) 이전 다운로드 유형과 다운로드할 유형이 같음]
[20240317 22:56:46 505] [000000] [NICEDOWN2        ] [Already NICEDOWN2  (-2)]
[20240317 22:56:46 517] [000000] [Pos_Send         ] [NICEDOWN2 Fail (-2)]
[20240317 22:56:46 529] [000000] [Pos_Send amt1    ] [000000000010]
[20240317 22:56:46 538] [000000] [Pos_Send amt2    ] [10]
[20240317 22:56:46 546] [000000] [ReqCard          ] [ReqCard]
[20240317 22:56:46 556] [000000] [Pos_Send amt3    ] [10]
[20240317 22:56:46 568] [000000] [POPUP_TIMER      ] [Start!]
[20240317 22:56:46 581] [000000] [Count            ] [30]
[20240317 22:56:46 612] [000000] [POPUP_TIMER      ] [Finish]
[20240317 22:56:46 634] [000000] [ReqCard          ] [Start!]
[20240317 22:56:46 649] [000000] [MultiReaderInfo  ] [Start]
[20240317 22:56:46 660] [000000] [MultiReaderInfo  ] [READERTYPE : [01], MultiReaderUse : [N], READERCNT : [0], PORTNUM : [0], PORTBAUDRATE : [0]]
[20240317 22:56:46 674] [000000] [MultiReaderInfo  ] [Finish]
[20240317 22:56:46 683] [000000] [ReqCard          ] [Multi Reader Use X]
[20240317 22:56:46 693] [000000] [PortOpen         ] [Start!]
[20240317 22:56:46 702] [000000] [PortOpen_Port    ] [12]
[20240317 22:56:46 907] [000000] [PortOpen         ] [Finish!]
[20240317 22:56:46 908] [000000] [PortOpen_rtn     ] [1]
[20240317 22:56:46 919] [000000] [ReqCard Time     ] [20240317225646]
[20240317 22:56:46 929] [000000] [ReqCard Amt      ] [000000000010]
[20240317 22:56:46 941] [000000] [ReqCard Catid    ] [3195189001]
[20240317 22:56:46 954] [000000] [ReqCard tp       ] [0]
[20240317 22:56:46 968] [000000] [ReqCard          ] [Request Nicepos sign!(0,1)]
[20240317 22:56:46 980] [000000] [NicePosSign      ] [156]
[20240317 22:56:52 896] [000000] [Stop             ] [1]
[20240317 22:56:52 896] [000000] [ReqStop          ] [Start!]
[20240317 22:56:52 907] [000000] [ReqStop          ] [1]
[20240317 22:56:52 917] [000000] [ReqStop          ] [9]
[20240317 22:56:52 925] [000000] [MultiReaderInfo  ] [Start]
[20240317 22:56:52 938] [000000] [MultiReaderInfo  ] [READERTYPE : [01], MultiReaderUse : [N], READERCNT : [0], PORTNUM : [0], PORTBAUDRATE : [0]]
[20240317 22:56:52 947] [000000] [MultiReaderInfo  ] [Finish]
[20240317 22:56:52 956] [000000] [ReqStop          ] [2]
[20240317 22:56:52 966] [000000] [ReqStop          ] [3]
[20240317 22:56:52 975] [000000] [ReqStop          ] [4]
[20240317 22:56:53 502] [000000] [ReqStop          ] [5]
[20240317 22:56:53 503] [000000] [ReqStop          ] [6]
[20240317 22:56:53 511] [000000] [ReqStop          ] [7]
[20240317 22:56:53 524] [000000] [ReqStop          ] [8]
[20240317 22:56:53 537] [000000] [ReqCard ErrCode  ] [cd]
[20240317 22:56:53 545] [000000] [PortClose        ] [Start!]
[20240317 22:56:53 557] [000000] [PortClose        ] [PortClose]
[20240317 22:56:53 568] [000000] [SC_ClosePort     ] [Start!]
[20240317 22:56:53 577] [000000] [ThreadWatchComm  ] [Fisish!]
[20240317 22:56:53 619] [000000] [SC_ClosePort     ] [Finish!]
[20240317 22:56:53 619] [000000] [PortClose        ] [Finish!]
[20240317 22:56:53 632] [000000] [CLOSE_POPUP      ] [Start]
[20240317 22:56:53 654] [000000] [CLOSE_POPUP      ] [Finish]
[20240317 22:56:53 698] [000000] [ReqCard          ] [ReqCard End]
[20240317 22:56:53 712] [000000] [Pos_Send[4]      ] [return -80]
[20240317 22:56:53 727] [000000] [Pos_Send[4]      ] [**********************************************************************************************]
