[20240407 13:03:13 705] [000000] [SetEnv           ] [Start!]
[20240407 13:03:13 707] [000000] [SetEnv_ccatid    ] [3195189001]
[20240407 13:03:13 717] [000000] [SetEnv_CatID     ] [3195189001]
[20240407 13:03:13 728] [000000] [SetEnv_cbizno    ] [4089673734]
[20240407 13:03:13 737] [000000] [SetEnv_BizNo     ] [4089673734]
[20240407 13:03:13 760] [000000] [SetEnv           ] [Finish!]
[20240407 13:03:13 782] [000000] [Set_SvrInfo      ] [Start!]
[20240407 13:03:13 797] [000000] [GetCnlDisableYN  ] [Start]
[20240407 13:03:13 808] [000000] [GetStrEnv        ] [Start!]
[20240407 13:03:13 818] [000000] [CnlDisable       ] [N]
[20240407 13:03:13 828] [000000] [RT               ] [1]
[20240407 13:03:13 839] [000000] [SetCnlDisableYN  ] [Start]
[20240407 13:03:13 851] [000000] [DownType         ] [1]
[20240407 13:03:13 865] [000000] [Disable          ] [N]
[20240407 13:03:13 876] [000000] [SetCnlDisableYN  ] [Finish]
[20240407 13:03:14 791] [000000] [Get_SvrInfo      ] [Start!]
[20240407 13:03:14 802] [000000] [GetEnv           ] [Start!]
[20240407 13:03:14 811] [000000] [Ver.             ] [#######NVCAT5002]
[20240407 13:03:14 824] [000000] [Date.            ] [24.1.22.1]
[20240407 13:03:14 836] [000000] [GetEnv_CatID     ] [3195189001]
[20240407 13:03:14 846] [000000] [GetEnv_BizNo     ] [4089673734]
[20240407 13:03:14 857] [000000] [GetEnv           ] [Finish!]
[20240407 13:03:14 868] [000000] [Get_ReaderInfo   ] [Start!]
[20240407 13:03:14 879] [000000] [PortOpen         ] [Start!]
[20240407 13:03:14 893] [000000] [PortOpen_Port    ] [12]
[20240407 13:03:15 287] [000000] [PortOpen         ] [Finish!]
[20240407 13:03:15 303] [000000] [PortOpen_rtn     ] [1]
[20240407 13:03:15 315] [000000] [Get_ReaderInfo   ] [NicePosSign!]
[20240407 13:03:15 326] [000000] [NicePosSign      ] [49]
[20240407 13:03:15 369] [000000] [PortClose        ] [Start!]
[20240407 13:03:15 382] [000000] [PortClose        ] [PortClose]
[20240407 13:03:15 393] [000000] [SC_ClosePort     ] [Start!]
[20240407 13:03:15 405] [000000] [ThreadWatchComm  ] [Fisish!]
[20240407 13:03:15 447] [000000] [SC_ClosePort     ] [Finish!]
[20240407 13:03:15 461] [000000] [PortClose        ] [Finish!]
[20240407 13:03:15 474] [000000] [Get_ReaderInfo   ] [#####NR-5500K002]
[20240407 13:03:15 486] [000000] [Get_SignInfo2    ] [ROMVER Start!]
[20240407 13:03:15 564] [000000] [Get_SignInfo2    ] [SignPort Not Setting]
[20240407 13:03:15 576] [000000] [Get_SignInfo2    ] [ROMVER(16)]
[20240407 13:03:15 590] [000000] [Get_SignInfo2    ] []
[20240407 13:03:15 605] [000000] [MultiReaderInfo  ] [Start]
[20240407 13:03:15 622] [000000] [MultiReaderInfo  ] [READERTYPE : [01], MultiReaderUse : [N], READERCNT : [0], PORTNUM : [0], PORTBAUDRATE : [0]]
[20240407 13:03:15 669] [000000] [MultiReaderInfo  ] [Finish]
[20240407 13:03:15 696] [000000] [ChkValid         ] [Start!]
[20240407 13:03:15 767] [000000] [OPEN_POPUP       ] [Start!]
[20240407 13:03:15 958] [000000] [OPEN_POPUP       ] [Finish]
[20240407 13:03:15 971] [000000] [ChkValid         ] [Get_serial_data!]
[20240407 13:03:16 140] [000000] [PortOpen         ] [Start!]
[20240407 13:03:16 156] [000000] [PortOpen_Port    ] [12]
[20240407 13:03:16 368] [000000] [PortOpen         ] [Finish!]
[20240407 13:03:16 382] [000000] [PortOpen_rtn     ] [1]
[20240407 13:03:16 402] [000000] [Get_serial_data  ] [NicePosSign]
[20240407 13:03:16 416] [000000] [NicePosSign      ] [49]
[20240407 13:03:16 455] [000000] [PortClose        ] [Start!]
[20240407 13:03:16 468] [000000] [PortClose        ] [PortClose]
[20240407 13:03:16 480] [000000] [SC_ClosePort     ] [Start!]
[20240407 13:03:16 493] [000000] [ThreadWatchComm  ] [Fisish!]
[20240407 13:03:16 565] [000000] [SC_ClosePort     ] [Finish!]
[20240407 13:03:16 577] [000000] [PortClose        ] [Finish!]
[20240407 13:03:16 591] [000000] [ChkValid         ] [Get_RandomKey(RND_P1)]
[20240407 13:03:16 606] [000000] [PortOpen         ] [Start!]
[20240407 13:03:16 629] [000000] [PortOpen_Port    ] [12]
[20240407 13:03:16 921] [000000] [PortOpen         ] [Finish!]
[20240407 13:03:16 939] [000000] [PortOpen_rtn     ] [1]
[20240407 13:03:16 952] [000000] [ChkValid         ] [NicePosSign 1]
[20240407 13:03:16 971] [000000] [NicePosSign      ] [160]
[20240407 13:03:17 009] [000000] [ChkValid         ] [ClosePort 1]
[20240407 13:03:17 021] [000000] [ChkValid         ] [Get_RandomKey(RND_P2)]
[20240407 13:03:17 033] [000000] [ChkValid         ] [NicePosSign 2]
[20240407 13:03:17 046] [000000] [NicePosSign      ] [160]
[20240407 13:03:17 074] [000000] [ChkValid         ] [ClosePort 2]
[20240407 13:03:17 085] [000000] [ChkValid         ] [NicePosSign 3]
[20240407 13:03:17 098] [000000] [NicePosSign      ] [160]
[20240407 13:03:17 135] [000000] [ChkValid         ] [ClosePort 3]
[20240407 13:03:17 147] [000000] [CLOSE_POPUP      ] [Start]
[20240407 13:03:17 162] [000000] [CLOSE_POPUP      ] [Finish]
[20240407 13:03:17 177] [000000] [OPEN_POPUP       ] [Start!]
[20240407 13:03:17 231] [000000] [OPEN_POPUP       ] [Finish]
[20240407 13:03:17 243] [000000] [ChkValid         ] [NicePosSign 4]
[20240407 13:03:17 255] [000000] [NicePosSign      ] [161]
[20240407 13:03:17 289] [000000] [ChkValid         ] [ClosePort 4]
[20240407 13:03:17 302] [000000] [PortClose        ] [Start!]
[20240407 13:03:17 315] [000000] [PortClose        ] [PortClose]
[20240407 13:03:17 328] [000000] [SC_ClosePort     ] [Start!]
[20240407 13:03:17 341] [000000] [ThreadWatchComm  ] [Fisish!]
[20240407 13:03:17 382] [000000] [SC_ClosePort     ] [Finish!]
[20240407 13:03:17 395] [000000] [PortClose        ] [Finish!]
[20240407 13:03:17 408] [000000] [ChkValid_ERRCD   ] [0]
[20240407 13:03:17 421] [000000] [CLOSE_POPUP      ] [Start]
[20240407 13:03:17 435] [000000] [CLOSE_POPUP      ] [Finish]
[20240407 13:03:17 509] [000000] [Get_ReaderInfo   ] [Start!]
[20240407 13:03:17 524] [000000] [PortOpen         ] [Start!]
[20240407 13:03:17 538] [000000] [PortOpen_Port    ] [12]
[20240407 13:03:17 764] [000000] [PortOpen         ] [Finish!]
[20240407 13:03:17 779] [000000] [PortOpen_rtn     ] [1]
[20240407 13:03:17 793] [000000] [Get_ReaderInfo   ] [NicePosSign!]
[20240407 13:03:17 830] [000000] [NicePosSign      ] [49]
[20240407 13:03:17 870] [000000] [PortClose        ] [Start!]
[20240407 13:03:17 883] [000000] [PortClose        ] [PortClose]
[20240407 13:03:17 897] [000000] [SC_ClosePort     ] [Start!]
[20240407 13:03:17 910] [000000] [ThreadWatchComm  ] [Fisish!]
[20240407 13:03:17 974] [000000] [SC_ClosePort     ] [Finish!]
[20240407 13:03:17 998] [000000] [PortClose        ] [Finish!]
[20240407 13:03:18 018] [000000] [Get_ReaderInfo   ] [#####NR-5500K002]
[20240407 13:03:18 290] [000000] [GetEnv           ] [Start!]
[20240407 13:03:18 304] [000000] [Ver.             ] [#######NVCAT5002]
[20240407 13:03:18 317] [000000] [Date.            ] [24.1.22.1]
[20240407 13:03:18 331] [000000] [GetEnv_CatID     ] [3195189001]
[20240407 13:03:18 345] [000000] [GetEnv_BizNo     ] [4089673734]
[20240407 13:03:18 357] [000000] [GetEnv           ] [Finish!]
