[20240313 13:33:20 411] [000000] [SetEnv           ] [Start!]
[20240313 13:33:20 414] [000000] [SetEnv_ccatid    ] [3195189001]
[20240313 13:33:20 602] [000000] [SetEnv_CatID     ] [3195189001]
[20240313 13:33:20 806] [000000] [SetEnv_cbizno    ] [4089673734]
[20240313 13:33:21 272] [000000] [SetEnv_BizNo     ] [4089673734]
[20240313 13:33:21 440] [000000] [SetEnv           ] [Finish!]
[20240313 13:33:21 711] [000000] [Set_SvrInfo      ] [Start!]
[20240313 13:33:21 989] [000000] [GetCnlDisableYN  ] [Start]
[20240313 13:33:22 004] [000000] [GetStrEnv        ] [Start!]
[20240313 13:33:22 016] [000000] [CnlDisable       ] [N]
[20240313 13:33:22 028] [000000] [RT               ] [1]
[20240313 13:33:22 040] [000000] [SetCnlDisableYN  ] [Start]
[20240313 13:33:22 052] [000000] [DownType         ] [1]
[20240313 13:33:22 064] [000000] [Disable          ] [N]
[20240313 13:33:22 078] [000000] [SetCnlDisableYN  ] [Finish]
[20240313 13:33:25 671] [000000] [Get_SvrInfo      ] [Start!]
[20240313 13:33:25 946] [000000] [GetEnv           ] [Start!]
[20240313 13:33:25 958] [000000] [Ver.             ] [#######NVCAT5002]
[20240313 13:33:25 970] [000000] [Date.            ] [24.1.22.1]
[20240313 13:33:25 983] [000000] [GetEnv_CatID     ] [3195189001]
[20240313 13:33:25 996] [000000] [GetEnv_BizNo     ] [4089673734]
[20240313 13:33:26 010] [000000] [GetEnv           ] [Finish!]
[20240313 13:33:26 022] [000000] [Get_ReaderInfo   ] [Start!]
[20240313 13:33:26 037] [000000] [PortOpen         ] [Start!]
[20240313 13:33:26 050] [000000] [PortOpen_Port    ] [12]
[20240313 13:33:30 832] [000000] [PortOpen         ] [Finish!]
[20240313 13:33:31 235] [000000] [PortOpen_rtn     ] [1]
[20240313 13:33:31 476] [000000] [Get_ReaderInfo   ] [NicePosSign!]
[20240313 13:33:31 903] [000000] [NicePosSign      ] [49]
[20240313 13:33:32 210] [000000] [PortClose        ] [Start!]
[20240313 13:33:32 226] [000000] [PortClose        ] [PortClose]
[20240313 13:33:32 238] [000000] [SC_ClosePort     ] [Start!]
[20240313 13:33:32 310] [000000] [ThreadWatchComm  ] [Fisish!]
[20240313 13:33:32 698] [000000] [SC_ClosePort     ] [Finish!]
[20240313 13:33:32 882] [000000] [PortClose        ] [Finish!]
[20240313 13:33:33 097] [000000] [Get_ReaderInfo   ] [#####NR-5500K002]
[20240313 13:33:33 286] [000000] [Get_SignInfo2    ] [ROMVER Start!]
[20240313 13:33:33 426] [000000] [Get_SignInfo2    ] [SignPort Not Setting]
[20240313 13:33:33 525] [000000] [Get_SignInfo2    ] [ROMVER(16)]
[20240313 13:33:33 712] [000000] [Get_SignInfo2    ] []
[20240313 13:33:33 726] [000000] [MultiReaderInfo  ] [Start]
[20240313 13:33:33 959] [000000] [MultiReaderInfo  ] [READERTYPE : [01], MultiReaderUse : [N], READERCNT : [0], PORTNUM : [0], PORTBAUDRATE : [0]]
[20240313 13:33:33 970] [000000] [MultiReaderInfo  ] [Finish]
[20240313 13:33:33 983] [000000] [ChkValid         ] [Start!]
[20240313 13:33:34 258] [000000] [OPEN_POPUP       ] [Start!]
[20240313 13:33:34 851] [000000] [OPEN_POPUP       ] [Finish]
[20240313 13:33:34 866] [000000] [ChkValid         ] [Get_serial_data!]
[20240313 13:33:35 480] [000000] [PortOpen         ] [Start!]
[20240313 13:33:36 438] [000000] [PortOpen_Port    ] [12]
[20240313 13:33:40 616] [000000] [PortOpen         ] [Finish!]
[20240313 13:33:40 759] [000000] [PortOpen_rtn     ] [1]
[20240313 13:33:41 235] [000000] [Get_serial_data  ] [NicePosSign]
[20240313 13:33:41 274] [000000] [NicePosSign      ] [49]
[20240313 13:33:41 554] [000000] [PortClose        ] [Start!]
[20240313 13:33:41 568] [000000] [PortClose        ] [PortClose]
[20240313 13:33:41 583] [000000] [SC_ClosePort     ] [Start!]
[20240313 13:33:41 597] [000000] [ThreadWatchComm  ] [Fisish!]
[20240313 13:33:41 804] [000000] [SC_ClosePort     ] [Finish!]
[20240313 13:33:41 817] [000000] [PortClose        ] [Finish!]
[20240313 13:33:41 834] [000000] [ChkValid         ] [Get_RandomKey(RND_P1)]
[20240313 13:33:42 247] [000000] [PortOpen         ] [Start!]
[20240313 13:33:42 261] [000000] [PortOpen_Port    ] [12]
[20240313 13:33:42 479] [000000] [PortOpen         ] [Finish!]
[20240313 13:33:42 493] [000000] [PortOpen_rtn     ] [1]
[20240313 13:33:42 719] [000000] [ChkValid         ] [NicePosSign 1]
[20240313 13:33:42 733] [000000] [NicePosSign      ] [160]
[20240313 13:33:42 912] [000000] [ChkValid         ] [ClosePort 1]
[20240313 13:33:43 099] [000000] [ChkValid         ] [Get_RandomKey(RND_P2)]
[20240313 13:33:43 113] [000000] [ChkValid         ] [NicePosSign 2]
[20240313 13:33:43 128] [000000] [NicePosSign      ] [160]
[20240313 13:33:43 241] [000000] [ChkValid         ] [ClosePort 2]
[20240313 13:33:43 355] [000000] [ChkValid         ] [NicePosSign 3]
[20240313 13:33:43 476] [000000] [NicePosSign      ] [160]
[20240313 13:33:43 653] [000000] [ChkValid         ] [ClosePort 3]
[20240313 13:33:43 666] [000000] [CLOSE_POPUP      ] [Start]
[20240313 13:33:43 695] [000000] [CLOSE_POPUP      ] [Finish]
[20240313 13:33:43 721] [000000] [OPEN_POPUP       ] [Start!]
[20240313 13:33:44 253] [000000] [OPEN_POPUP       ] [Finish]
[20240313 13:33:44 269] [000000] [ChkValid         ] [NicePosSign 4]
[20240313 13:33:44 292] [000000] [NicePosSign      ] [161]
[20240313 13:33:44 406] [000000] [ChkValid         ] [ClosePort 4]
[20240313 13:33:44 500] [000000] [PortClose        ] [Start!]
[20240313 13:33:44 515] [000000] [PortClose        ] [PortClose]
[20240313 13:33:44 546] [000000] [SC_ClosePort     ] [Start!]
[20240313 13:33:44 592] [000000] [ThreadWatchComm  ] [Fisish!]
[20240313 13:33:44 677] [000000] [SC_ClosePort     ] [Finish!]
[20240313 13:33:44 702] [000000] [PortClose        ] [Finish!]
[20240313 13:33:44 823] [000000] [ChkValid_ERRCD   ] [0]
[20240313 13:33:44 876] [000000] [CLOSE_POPUP      ] [Start]
[20240313 13:33:44 973] [000000] [CLOSE_POPUP      ] [Finish]
[20240313 13:33:45 156] [000000] [Get_ReaderInfo   ] [Start!]
[20240313 13:33:45 297] [000000] [PortOpen         ] [Start!]
[20240313 13:33:45 382] [000000] [PortOpen_Port    ] [12]
[20240313 13:33:48 157] [000000] [PortOpen         ] [Finish!]
[20240313 13:33:48 256] [000000] [PortOpen_rtn     ] [1]
[20240313 13:33:48 332] [000000] [Get_ReaderInfo   ] [NicePosSign!]
[20240313 13:33:48 486] [000000] [NicePosSign      ] [49]
[20240313 13:33:48 689] [000000] [PortClose        ] [Start!]
[20240313 13:33:48 942] [000000] [PortClose        ] [PortClose]
[20240313 13:33:49 171] [000000] [SC_ClosePort     ] [Start!]
[20240313 13:33:49 234] [000000] [ThreadWatchComm  ] [Fisish!]
[20240313 13:33:50 379] [000000] [SC_ClosePort     ] [Finish!]
[20240313 13:33:50 524] [000000] [PortClose        ] [Finish!]
[20240313 13:33:50 710] [000000] [Get_ReaderInfo   ] [#####NR-5500K002]
[20240313 13:33:51 935] [000000] [GetEnv           ] [Start!]
[20240313 13:33:51 949] [000000] [Ver.             ] [#######NVCAT5002]
[20240313 13:33:51 963] [000000] [Date.            ] [24.1.22.1]
[20240313 13:33:51 983] [000000] [GetEnv_CatID     ] [3195189001]
[20240313 13:33:52 204] [000000] [GetEnv_BizNo     ] [4089673734]
[20240313 13:33:52 302] [000000] [GetEnv           ] [Finish!]
