[20240218 14:17:58 644] [000000] [Get_SvrInfo      ] [Start!]
[20240218 14:17:58 647] [000000] [GetEnv           ] [Start!]
[20240218 14:17:58 896] [000000] [Ver.             ] [#######NVCAT5002]
[20240218 14:17:58 906] [000000] [Date.            ] [23.10.30.1]
[20240218 14:17:59 085] [000000] [GetEnv_CatID     ] []
[20240218 14:17:59 097] [000000] [GetEnv_BizNo     ] []
[20240218 14:17:59 107] [000000] [GetEnv           ] [Finish!]
[20240218 14:17:59 118] [000000] [Get_ReaderInfo   ] [Start!]
[20240218 14:17:59 130] [000000] [PortOpen         ] [Start!]
[20240218 14:17:59 263] [000000] [PortOpen_Port    ] [0]
[20240218 14:17:59 461] [000000] [PortOpen         ] [Finish!]
[20240218 14:17:59 512] [000000] [PortOpen_rtn     ] [0]
[20240218 14:17:59 563] [000000] [Get_ReaderInfo   ] [Reader PortOpen Error!]
[20240218 14:17:59 871] [000000] [GetEnv           ] [Start!]
[20240218 14:17:59 885] [000000] [Ver.             ] [#######NVCAT5002]
[20240218 14:17:59 897] [000000] [Date.            ] [23.10.30.1]
[20240218 14:17:59 912] [000000] [GetEnv_CatID     ] []
[20240218 14:17:59 924] [000000] [GetEnv_BizNo     ] []
[20240218 14:17:59 937] [000000] [GetEnv           ] [Finish!]
[20240218 19:15:15 964] [000000] [Get_SvrInfo      ] [Start!]
[20240218 19:15:15 976] [000000] [GetEnv           ] [Start!]
[20240218 19:15:15 986] [000000] [Ver.             ] [#######NVCAT5002]
[20240218 19:15:16 029] [000000] [Date.            ] [23.10.30.1]
[20240218 19:15:16 055] [000000] [GetEnv_CatID     ] []
[20240218 19:15:16 122] [000000] [GetEnv_BizNo     ] []
[20240218 19:15:16 191] [000000] [GetEnv           ] [Finish!]
[20240218 19:15:16 239] [000000] [Get_ReaderInfo   ] [Start!]
[20240218 19:15:16 273] [000000] [PortOpen         ] [Start!]
[20240218 19:15:16 334] [000000] [PortOpen_Port    ] [0]
[20240218 19:15:16 547] [000000] [PortOpen         ] [Finish!]
[20240218 19:15:16 573] [000000] [PortOpen_rtn     ] [0]
[20240218 19:15:16 604] [000000] [Get_ReaderInfo   ] [Reader PortOpen Error!]
[20240218 19:15:16 938] [000000] [GetEnv           ] [Start!]
[20240218 19:15:16 950] [000000] [Ver.             ] [#######NVCAT5002]
[20240218 19:15:17 008] [000000] [Date.            ] [23.10.30.1]
[20240218 19:15:17 056] [000000] [GetEnv_CatID     ] []
[20240218 19:15:17 183] [000000] [GetEnv_BizNo     ] []
[20240218 19:15:17 217] [000000] [GetEnv           ] [Finish!]
