[20240314 13:08:56 400] [000000] [SetEnv           ] [Start!]
[20240314 13:08:56 402] [000000] [SetEnv_ccatid    ] [3195189001]
[20240314 13:08:56 412] [000000] [SetEnv_CatID     ] [3195189001]
[20240314 13:08:56 420] [000000] [SetEnv_cbizno    ] [4089673734]
[20240314 13:08:56 429] [000000] [SetEnv_BizNo     ] [4089673734]
[20240314 13:08:56 439] [000000] [SetEnv           ] [Finish!]
[20240314 13:08:56 463] [000000] [Set_SvrInfo      ] [Start!]
[20240314 13:08:56 475] [000000] [GetCnlDisableYN  ] [Start]
[20240314 13:08:56 482] [000000] [GetStrEnv        ] [Start!]
[20240314 13:08:56 490] [000000] [CnlDisable       ] [N]
[20240314 13:08:56 498] [000000] [RT               ] [1]
[20240314 13:08:56 507] [000000] [SetCnlDisableYN  ] [Start]
[20240314 13:08:56 518] [000000] [DownType         ] [1]
[20240314 13:08:56 527] [000000] [Disable          ] [N]
[20240314 13:08:56 536] [000000] [SetCnlDisableYN  ] [Finish]
[20240314 13:08:57 153] [000000] [Get_SvrInfo      ] [Start!]
[20240314 13:08:57 170] [000000] [GetEnv           ] [Start!]
[20240314 13:08:57 180] [000000] [Ver.             ] [#######NVCAT5002]
[20240314 13:08:57 197] [000000] [Date.            ] [24.1.22.1]
[20240314 13:08:57 208] [000000] [GetEnv_CatID     ] [3195189001]
[20240314 13:08:57 218] [000000] [GetEnv_BizNo     ] [4089673734]
[20240314 13:08:57 230] [000000] [GetEnv           ] [Finish!]
[20240314 13:08:57 253] [000000] [Get_ReaderInfo   ] [Start!]
[20240314 13:08:57 287] [000000] [PortOpen         ] [Start!]
[20240314 13:08:57 300] [000000] [PortOpen_Port    ] [12]
[20240314 13:08:57 506] [000000] [PortOpen         ] [Finish!]
[20240314 13:08:57 756] [000000] [PortOpen_rtn     ] [1]
[20240314 13:08:58 745] [000000] [Get_ReaderInfo   ] [NicePosSign!]
[20240314 13:08:58 755] [000000] [NicePosSign      ] [49]
[20240314 13:09:06 817] [000000] [PortClose        ] [Start!]
[20240314 13:09:06 825] [000000] [PortClose        ] [PortClose]
[20240314 13:09:06 835] [000000] [SC_ClosePort     ] [Start!]
[20240314 13:09:06 845] [000000] [ThreadWatchComm  ] [Fisish!]
[20240314 13:09:06 886] [000000] [SC_ClosePort     ] [Finish!]
[20240314 13:09:06 896] [000000] [PortClose        ] [Finish!]
[20240314 13:09:06 905] [000000] [Get_ReaderInfo   ] [#####NR-5500K002]
[20240314 13:09:06 916] [000000] [Get_SignInfo2    ] [ROMVER Start!]
[20240314 13:09:06 978] [000000] [Get_SignInfo2    ] [SignPort Not Setting]
[20240314 13:09:06 991] [000000] [Get_SignInfo2    ] [ROMVER(16)]
[20240314 13:09:07 000] [000000] [Get_SignInfo2    ] []
[20240314 13:09:07 010] [000000] [MultiReaderInfo  ] [Start]
[20240314 13:09:07 024] [000000] [MultiReaderInfo  ] [READERTYPE : [01], MultiReaderUse : [N], READERCNT : [0], PORTNUM : [0], PORTBAUDRATE : [0]]
[20240314 13:09:07 032] [000000] [MultiReaderInfo  ] [Finish]
[20240314 13:09:07 043] [000000] [ChkValid         ] [Start!]
[20240314 13:09:07 066] [000000] [OPEN_POPUP       ] [Start!]
[20240314 13:09:07 229] [000000] [OPEN_POPUP       ] [Finish]
[20240314 13:09:07 239] [000000] [ChkValid         ] [Get_serial_data!]
[20240314 13:09:07 401] [000000] [PortOpen         ] [Start!]
[20240314 13:09:07 411] [000000] [PortOpen_Port    ] [12]
[20240314 13:09:07 612] [000000] [PortOpen         ] [Finish!]
[20240314 13:09:07 630] [000000] [PortOpen_rtn     ] [1]
[20240314 13:09:07 644] [000000] [Get_serial_data  ] [NicePosSign]
[20240314 13:09:07 652] [000000] [NicePosSign      ] [49]
[20240314 13:09:07 676] [000000] [PortClose        ] [Start!]
[20240314 13:09:07 686] [000000] [PortClose        ] [PortClose]
[20240314 13:09:07 696] [000000] [SC_ClosePort     ] [Start!]
[20240314 13:09:07 706] [000000] [ThreadWatchComm  ] [Fisish!]
[20240314 13:09:07 747] [000000] [SC_ClosePort     ] [Finish!]
[20240314 13:09:07 764] [000000] [PortClose        ] [Finish!]
[20240314 13:09:07 791] [000000] [ChkValid         ] [Get_RandomKey(RND_P1)]
[20240314 13:09:07 802] [000000] [PortOpen         ] [Start!]
[20240314 13:09:07 813] [000000] [PortOpen_Port    ] [12]
[20240314 13:09:08 014] [000000] [PortOpen         ] [Finish!]
[20240314 13:09:08 023] [000000] [PortOpen_rtn     ] [1]
[20240314 13:09:08 035] [000000] [ChkValid         ] [NicePosSign 1]
[20240314 13:09:08 046] [000000] [NicePosSign      ] [160]
[20240314 13:09:08 067] [000000] [ChkValid         ] [ClosePort 1]
[20240314 13:09:08 079] [000000] [ChkValid         ] [Get_RandomKey(RND_P2)]
[20240314 13:09:08 090] [000000] [ChkValid         ] [NicePosSign 2]
[20240314 13:09:08 101] [000000] [NicePosSign      ] [160]
[20240314 13:09:08 122] [000000] [ChkValid         ] [ClosePort 2]
[20240314 13:09:08 133] [000000] [ChkValid         ] [NicePosSign 3]
[20240314 13:09:08 143] [000000] [NicePosSign      ] [160]
[20240314 13:09:08 163] [000000] [ChkValid         ] [ClosePort 3]
[20240314 13:09:08 181] [000000] [CLOSE_POPUP      ] [Start]
[20240314 13:09:08 199] [000000] [CLOSE_POPUP      ] [Finish]
[20240314 13:09:08 226] [000000] [OPEN_POPUP       ] [Start!]
[20240314 13:09:08 298] [000000] [OPEN_POPUP       ] [Finish]
[20240314 13:09:08 309] [000000] [ChkValid         ] [NicePosSign 4]
[20240314 13:09:08 319] [000000] [NicePosSign      ] [161]
[20240314 13:09:08 366] [000000] [ChkValid         ] [ClosePort 4]
[20240314 13:09:08 377] [000000] [PortClose        ] [Start!]
[20240314 13:09:08 388] [000000] [PortClose        ] [PortClose]
[20240314 13:09:08 398] [000000] [SC_ClosePort     ] [Start!]
[20240314 13:09:08 411] [000000] [ThreadWatchComm  ] [Fisish!]
[20240314 13:09:08 454] [000000] [SC_ClosePort     ] [Finish!]
[20240314 13:09:08 467] [000000] [PortClose        ] [Finish!]
[20240314 13:09:08 479] [000000] [ChkValid_ERRCD   ] [0]
[20240314 13:09:08 490] [000000] [CLOSE_POPUP      ] [Start]
[20240314 13:09:08 509] [000000] [CLOSE_POPUP      ] [Finish]
[20240314 13:09:08 589] [000000] [Get_ReaderInfo   ] [Start!]
[20240314 13:09:08 603] [000000] [PortOpen         ] [Start!]
[20240314 13:09:08 618] [000000] [PortOpen_Port    ] [12]
[20240314 13:09:08 834] [000000] [PortOpen         ] [Finish!]
[20240314 13:09:08 845] [000000] [PortOpen_rtn     ] [1]
[20240314 13:09:08 861] [000000] [Get_ReaderInfo   ] [NicePosSign!]
[20240314 13:09:08 872] [000000] [NicePosSign      ] [49]
[20240314 13:09:08 895] [000000] [PortClose        ] [Start!]
[20240314 13:09:08 906] [000000] [PortClose        ] [PortClose]
[20240314 13:09:08 917] [000000] [SC_ClosePort     ] [Start!]
[20240314 13:09:08 929] [000000] [ThreadWatchComm  ] [Fisish!]
[20240314 13:09:08 971] [000000] [SC_ClosePort     ] [Finish!]
[20240314 13:09:08 982] [000000] [PortClose        ] [Finish!]
[20240314 13:09:08 996] [000000] [Get_ReaderInfo   ] [#####NR-5500K002]
[20240314 13:09:09 469] [000000] [GetEnv           ] [Start!]
[20240314 13:09:09 482] [000000] [Ver.             ] [#######NVCAT5002]
[20240314 13:09:09 494] [000000] [Date.            ] [24.1.22.1]
[20240314 13:09:09 506] [000000] [GetEnv_CatID     ] [3195189001]
[20240314 13:09:09 517] [000000] [GetEnv_BizNo     ] [4089673734]
[20240314 13:09:09 528] [000000] [GetEnv           ] [Finish!]
