[20240217 15:17:20 238] [000000] [Get_SvrInfo      ] [Start!]
[20240217 15:17:20 240] [000000] [GetEnv           ] [Start!]
[20240217 15:17:20 248] [000000] [Ver.             ] [#######NVCAT5002]
[20240217 15:17:20 258] [000000] [Date.            ] [23.10.30.1]
[20240217 15:17:20 268] [000000] [GetEnv_CatID     ] []
[20240217 15:17:20 277] [000000] [GetEnv_BizNo     ] []
[20240217 15:17:20 284] [000000] [GetEnv           ] [Finish!]
[20240217 15:17:20 293] [000000] [Get_ReaderInfo   ] [Start!]
[20240217 15:17:20 301] [000000] [PortOpen         ] [Start!]
[20240217 15:17:20 310] [000000] [PortOpen_Port    ] [0]
[20240217 15:17:20 472] [000000] [PortOpen         ] [Finish!]
[20240217 15:17:20 483] [000000] [PortOpen_rtn     ] [0]
[20240217 15:17:20 497] [000000] [Get_ReaderInfo   ] [Reader PortOpen Error!]
[20240217 15:17:20 707] [000000] [GetEnv           ] [Start!]
[20240217 15:17:20 716] [000000] [Ver.             ] [#######NVCAT5002]
[20240217 15:17:20 728] [000000] [Date.            ] [23.10.30.1]
[20240217 15:17:20 738] [000000] [GetEnv_CatID     ] []
[20240217 15:17:20 748] [000000] [GetEnv_BizNo     ] []
[20240217 15:17:20 757] [000000] [GetEnv           ] [Finish!]
[20240217 16:27:38 110] [000000] [GetEnv           ] [Start!]
[20240217 16:27:38 119] [000000] [Ver.             ] [#######NVCAT5002]
[20240217 16:27:38 128] [000000] [Date.            ] [23.10.30.1]
[20240217 16:27:38 142] [000000] [GetEnv_CatID     ] []
[20240217 16:27:38 148] [000000] [GetEnv_BizNo     ] []
[20240217 16:27:38 159] [000000] [GetEnv           ] [Finish!]
[20240217 16:30:22 747] [000000] [Get_SvrInfo      ] [Start!]
[20240217 16:30:22 749] [000000] [GetEnv           ] [Start!]
[20240217 16:30:22 757] [000000] [Ver.             ] [#######NVCAT5002]
[20240217 16:30:22 766] [000000] [Date.            ] [23.10.30.1]
[20240217 16:30:22 776] [000000] [GetEnv_CatID     ] []
[20240217 16:30:22 783] [000000] [GetEnv_BizNo     ] []
[20240217 16:30:22 792] [000000] [GetEnv           ] [Finish!]
[20240217 16:30:22 801] [000000] [Get_ReaderInfo   ] [Start!]
[20240217 16:30:22 812] [000000] [PortOpen         ] [Start!]
[20240217 16:30:22 822] [000000] [PortOpen_Port    ] [0]
[20240217 16:30:22 985] [000000] [PortOpen         ] [Finish!]
[20240217 16:30:22 986] [000000] [PortOpen_rtn     ] [0]
[20240217 16:30:22 994] [000000] [Get_ReaderInfo   ] [Reader PortOpen Error!]
[20240217 16:30:23 231] [000000] [GetEnv           ] [Start!]
[20240217 16:30:23 232] [000000] [Ver.             ] [#######NVCAT5002]
[20240217 16:30:23 241] [000000] [Date.            ] [23.10.30.1]
[20240217 16:30:23 251] [000000] [GetEnv_CatID     ] []
[20240217 16:30:23 259] [000000] [GetEnv_BizNo     ] []
[20240217 16:30:23 268] [000000] [GetEnv           ] [Finish!]
[20240217 16:39:26 482] [000000] [EncKeyDown       ] [Start]
[20240217 16:39:26 483] [000000] [MultiReaderInfo  ] [Start]
[20240217 16:39:26 494] [000000] [MultiReaderInfo  ] [READERTYPE : [01], MultiReaderUse : [N], READERCNT : [0], PORTNUM : [0], PORTBAUDRATE : [0]]
[20240217 16:39:26 502] [000000] [MultiReaderInfo  ] [Finish]
[20240217 16:39:26 514] [000000] [MsrKeyDown       ] [Start]
[20240217 16:39:26 522] [000000] [MsrKeyDown_flag  ] [1]
[20240217 16:39:26 531] [000000] [DOWNTP           ] []
[20240217 16:39:26 541] [000000] [CnlDisable       ] []
[20240217 16:39:26 550] [000000] [GetCnlDisableYN  ] [Start]
[20240217 16:39:26 558] [000000] [GetStrEnv        ] [Start!]
[20240217 16:39:26 567] [000000] [NICEDOWN2        ] [Start]
[20240217 16:39:26 577] [000000] [ReaderSN         ] [          ]
[20240217 16:39:26 585] [000000] [ReaderVer        ] [                ]
[20240217 16:39:26 594] [000000] [NICEDOWN2        ] [CATID]
[20240217 16:39:26 605] [000000] [NICEDOWN2        ] []
[20240217 16:39:26 613] [000000] [NICEDOWN2        ] [BIZNO]
[20240217 16:39:26 622] [000000] [NICEDOWN2        ] []
[20240217 16:39:26 631] [000000] [NICEDOWN2        ] [NICEDOWN2 Date Check Start]
[20240217 16:39:26 642] [000000] [RT               ] []
[20240217 16:39:26 652] [000000] [REGDOWNTP        ] [1]
[20240217 16:39:26 663] [000000] [CnlDisable       ] []
[20240217 16:39:26 672] [000000] [NICEDOWN2        ] [(4) ÀÌÀü ´Ù¿î·Îµå À¯Çü°ú ´Ù¿î·ÎµåÇÒ À¯ÇüÀÌ °°À½]
[20240217 16:39:26 683] [000000] [NICEDOWN2        ] [NICEDOWN2 Date Check Finish]
[20240217 16:39:26 695] [000000] [SetCnlDisableYN  ] [Start]
[20240217 16:39:26 705] [000000] [DownType         ] [1]
[20240217 16:39:26 717] [000000] [Disable          ] []
[20240217 16:39:26 725] [000000] [SetCnlDisableYN  ] [Finish]
[20240217 16:39:26 734] [000000] [Connect_Tcp      ] [211.33.136.9:9002]
[20240217 16:39:26 762] [000884] [Open_TcpPort     ] [Connect OK!]
[20240217 16:39:26 763] [000000] [GetMac           ] [Start]
[20240217 16:39:26 774] [000000] [GetMac           ] [Try]
[20240217 16:39:26 788] [000000] [GetMac           ] [Success]
[20240217 16:39:26 796] [000000] [GetMac           ] [Finish]
[20240217 16:39:26 806] [000000] [SIGNSERIALNO     ] []
[20240217 16:39:26 816] [000000] [sendBuf          ] [0121770G4               D8C497336879                                                                                     ]
[20240217 16:40:00 626] [000000] [Get_SvrInfo      ] [Start!]
[20240217 16:40:00 627] [000000] [GetEnv           ] [Start!]
[20240217 16:40:00 635] [000000] [Ver.             ] [#######NVCAT5002]
[20240217 16:40:00 644] [000000] [Date.            ] [23.10.30.1]
[20240217 16:40:00 655] [000000] [GetEnv_CatID     ] []
[20240217 16:40:00 662] [000000] [GetEnv_BizNo     ] []
[20240217 16:40:00 675] [000000] [GetEnv           ] [Finish!]
[20240217 16:40:00 687] [000000] [Get_ReaderInfo   ] [Start!]
[20240217 16:40:00 700] [000000] [PortOpen         ] [Start!]
[20240217 16:40:00 708] [000000] [PortOpen_Port    ] [0]
[20240217 16:40:00 880] [000000] [PortOpen         ] [Finish!]
[20240217 16:40:00 880] [000000] [PortOpen_rtn     ] [0]
[20240217 16:40:00 892] [000000] [Get_ReaderInfo   ] [Reader PortOpen Error!]
[20240217 16:40:01 113] [000000] [GetEnv           ] [Start!]
[20240217 16:40:01 113] [000000] [Ver.             ] [#######NVCAT5002]
[20240217 16:40:01 123] [000000] [Date.            ] [23.10.30.1]
[20240217 16:40:01 134] [000000] [GetEnv_CatID     ] []
[20240217 16:40:01 141] [000000] [GetEnv_BizNo     ] []
[20240217 16:40:01 151] [000000] [GetEnv           ] [Finish!]
[20240217 16:46:25 907] [000000] [GetCnlDisableYN  ] [Start]
[20240217 16:46:25 909] [000000] [GetStrEnv        ] [Start!]
[20240217 16:46:25 943] [000000] [DOWNTP           ] [1]
[20240217 16:46:25 968] [000000] [CnlDisable       ] [N]
[20240217 16:46:25 998] [000000] [NICEDOWN2        ] [Start]
[20240217 16:46:26 040] [000000] [ReaderSN         ] [          ]
[20240217 16:46:26 057] [000000] [ReaderVer        ] [                ]
[20240217 16:46:26 079] [000000] [NICEDOWN2        ] [CATID]
[20240217 16:46:26 096] [000000] [NICEDOWN2        ] []
[20240217 16:46:26 108] [000000] [NICEDOWN2        ] [BIZNO]
[20240217 16:46:26 117] [000000] [NICEDOWN2        ] []
[20240217 16:46:26 131] [000000] [NICEDOWN2        ] [NICEDOWN2 Date Check Start]
[20240217 16:46:26 145] [000000] [RT               ] []
[20240217 16:46:26 161] [000000] [REGDOWNTP        ] [1]
[20240217 16:46:26 171] [000000] [CnlDisable       ] []
[20240217 16:46:26 181] [000000] [NICEDOWN2        ] [(3) ÀÌÀü ´Ù¿î·ÎµåÇß´ø CATID¿Í ´Ù¿î·ÎµåÇÒ CATID°¡ °°À½]
[20240217 16:46:26 193] [000000] [NICEDOWN2        ] [(4) ÀÌÀü ´Ù¿î·Îµå À¯Çü°ú ´Ù¿î·ÎµåÇÒ À¯ÇüÀÌ °°À½]
[20240217 16:46:26 207] [000000] [NICEDOWN2        ] [NICEDOWN2 Date Check Finish]
[20240217 16:46:26 218] [000000] [SetCnlDisableYN  ] [Start]
[20240217 16:46:26 230] [000000] [DownType         ] [1]
[20240217 16:46:26 241] [000000] [Disable          ] []
[20240217 16:46:26 250] [000000] [SetCnlDisableYN  ] [Finish]
[20240217 16:46:26 260] [000000] [Connect_Tcp      ] [211.33.136.9:9002]
[20240217 16:46:26 295] [001064] [Open_TcpPort     ] [Connect OK!]
[20240217 16:46:26 297] [000000] [GetMac           ] [Start]
[20240217 16:46:26 305] [000000] [GetMac           ] [Try]
[20240217 16:46:26 319] [000000] [GetMac           ] [Success]
[20240217 16:46:26 328] [000000] [GetMac           ] [Finish]
[20240217 16:46:26 340] [000000] [SIGNSERIALNO     ] []
[20240217 16:46:26 349] [000000] [sendBuf          ] [0121770G4               D8C497336879                                                                                     ]
[20240217 16:46:39 368] [001064] [RecvMsg          ] [Recv Length Error! (-3)]
[20240217 16:46:39 369] [000000] [recvBuf          ] []
[20240217 16:46:39 380] [001064] [Close_TcpPort    ] [Close OK!]
[20240217 16:46:39 394] [000000] [NICEDOWN2        ] [return -22]
[20240217 16:46:39 406] [000000] [NICEDOWN2        ] [Finish]
[20240217 16:46:41 747] [000000] [GetCnlDisableYN  ] [Start]
[20240217 16:46:41 748] [000000] [GetStrEnv        ] [Start!]
[20240217 16:46:41 759] [000000] [DOWNTP           ] [T]
[20240217 16:46:41 772] [000000] [CnlDisable       ] [N]
[20240217 16:46:41 782] [000000] [NICEDOWN2        ] [Start]
[20240217 16:46:41 794] [000000] [ReaderSN         ] [          ]
[20240217 16:46:41 805] [000000] [ReaderVer        ] [                ]
[20240217 16:46:41 815] [000000] [NICEDOWN2        ] [CATID]
[20240217 16:46:41 828] [000000] [NICEDOWN2        ] []
[20240217 16:46:41 840] [000000] [NICEDOWN2        ] [BIZNO]
[20240217 16:46:41 850] [000000] [NICEDOWN2        ] []
[20240217 16:46:41 861] [000000] [NICEDOWN2        ] [NICEDOWN2 Date Check Start]
[20240217 16:46:41 871] [000000] [RT               ] []
[20240217 16:46:41 881] [000000] [REGDOWNTP        ] [1]
[20240217 16:46:41 892] [000000] [CnlDisable       ] []
[20240217 16:46:41 903] [000000] [NICEDOWN2        ] [(3) ÀÌÀü ´Ù¿î·ÎµåÇß´ø CATID¿Í ´Ù¿î·ÎµåÇÒ CATID°¡ °°À½]
[20240217 16:46:41 914] [000000] [NICEDOWN2        ] [NICEDOWN2 Date Check Finish]
[20240217 16:46:41 925] [000000] [SetCnlDisableYN  ] [Start]
[20240217 16:46:41 935] [000000] [DownType         ] [T]
[20240217 16:46:41 946] [000000] [Disable          ] []
[20240217 16:46:42 072] [000000] [SetCnlDisableYN  ] [Finish]
[20240217 16:46:42 083] [000000] [Connect_Tcp      ] [211.33.136.9:9002]
[20240217 16:46:42 112] [001048] [Open_TcpPort     ] [Connect OK!]
[20240217 16:46:42 112] [000000] [GetMac           ] [Start]
[20240217 16:46:42 123] [000000] [GetMac           ] [Try]
[20240217 16:46:42 137] [000000] [GetMac           ] [Success]
[20240217 16:46:42 148] [000000] [GetMac           ] [Finish]
[20240217 16:46:42 160] [000000] [SIGNSERIALNO     ] []
[20240217 16:46:42 173] [000000] [sendBuf          ] [0121770G4               D8C497336879                                                                                     ]
[20240217 16:46:55 191] [001048] [RecvMsg          ] [Recv Length Error! (-3)]
[20240217 16:46:55 192] [000000] [recvBuf          ] []
[20240217 16:46:55 207] [001048] [Close_TcpPort    ] [Close OK!]
[20240217 16:46:55 219] [000000] [NICEDOWN2        ] [return -22]
[20240217 16:46:55 230] [000000] [NICEDOWN2        ] [Finish]
[20240217 16:46:57 459] [000000] [EncKeyDown       ] [Start]
[20240217 16:46:57 459] [000000] [MultiReaderInfo  ] [Start]
[20240217 16:46:57 472] [000000] [MultiReaderInfo  ] [READERTYPE : [01], MultiReaderUse : [N], READERCNT : [0], PORTNUM : [0], PORTBAUDRATE : [0]]
[20240217 16:46:57 484] [000000] [MultiReaderInfo  ] [Finish]
[20240217 16:46:57 499] [000000] [MsrKeyDown       ] [Start]
[20240217 16:46:57 510] [000000] [MsrKeyDown_flag  ] [1]
[20240217 16:46:57 521] [000000] [DOWNTP           ] []
[20240217 16:46:57 534] [000000] [CnlDisable       ] []
[20240217 16:46:57 547] [000000] [GetCnlDisableYN  ] [Start]
[20240217 16:46:57 556] [000000] [GetStrEnv        ] [Start!]
[20240217 16:46:57 572] [000000] [NICEDOWN2        ] [Start]
[20240217 16:46:57 586] [000000] [ReaderSN         ] [          ]
[20240217 16:46:57 597] [000000] [ReaderVer        ] [                ]
[20240217 16:46:57 607] [000000] [NICEDOWN2        ] [CATID]
[20240217 16:46:57 618] [000000] [NICEDOWN2        ] []
[20240217 16:46:57 629] [000000] [NICEDOWN2        ] [BIZNO]
[20240217 16:46:57 645] [000000] [NICEDOWN2        ] [è¿ []
[20240217 16:46:57 656] [000000] [NICEDOWN2        ] [NICEDOWN2 Date Check Start]
[20240217 16:46:57 666] [000000] [RT               ] []
[20240217 16:46:57 678] [000000] [REGDOWNTP        ] [1]
[20240217 16:46:57 688] [000000] [CnlDisable       ] []
[20240217 16:46:57 700] [000000] [NICEDOWN2        ] [(3) ÀÌÀü ´Ù¿î·ÎµåÇß´ø CATID¿Í ´Ù¿î·ÎµåÇÒ CATID°¡ °°À½]
[20240217 16:46:57 712] [000000] [NICEDOWN2        ] [NICEDOWN2 Date Check Finish]
[20240217 16:46:57 722] [000000] [SetCnlDisableYN  ] [Start]
[20240217 16:46:57 735] [000000] [DownType         ] [T]
[20240217 16:46:57 747] [000000] [Disable          ] []
[20240217 16:46:57 759] [000000] [SetCnlDisableYN  ] [Finish]
[20240217 16:46:57 771] [000000] [Connect_Tcp      ] [211.33.136.9:9002]
[20240217 16:46:57 798] [001100] [Open_TcpPort     ] [Connect OK!]
[20240217 16:46:57 799] [000000] [GetMac           ] [Start]
[20240217 16:46:57 808] [000000] [GetMac           ] [Try]
[20240217 16:46:57 822] [000000] [GetMac           ] [Success]
[20240217 16:46:57 835] [000000] [GetMac           ] [Finish]
[20240217 16:46:57 852] [000000] [SIGNSERIALNO     ] []
[20240217 16:46:57 867] [000000] [sendBuf          ] [0125770G4è¿ [               D8C497336879                                                                                     ]
[20240217 16:47:10 905] [001100] [RecvMsg          ] [Recv Length Error! (-3)]
[20240217 16:47:10 905] [000000] [recvBuf          ] []
[20240217 16:47:10 920] [001100] [Close_TcpPort    ] [Close OK!]
[20240217 16:47:10 932] [000000] [NICEDOWN2        ] [return -22]
[20240217 16:47:10 943] [000000] [NICEDOWN2        ] [Finish]
[20240217 16:47:10 959] [000000] [Pos_Send         ] [NICEDOWN2 Fail (-22)]
[20240217 16:47:10 970] [000000] [POSUNINUM        ] [Req Etc Port]
[20240217 16:47:10 980] [000000] [MsrKeyDown       ] [:]
[20240217 16:47:10 993] [000000] [OPEN_POPUP       ] [Start!]
[20240217 16:47:11 087] [000000] [OPEN_POPUP       ] [Finish]
[20240217 16:47:11 241] [000000] [PortOpen         ] [Start!]
[20240217 16:47:11 242] [000000] [PortOpen_Port    ] [0]
[20240217 16:47:11 417] [000000] [PortOpen         ] [Finish!]
[20240217 16:47:11 418] [000000] [PortOpen_rtn     ] [0]
[20240217 16:47:11 428] [000000] [MsrKeyDown       ] [Reader PortOpen Error!]
[20240217 16:47:11 438] [000000] [CLOSE_POPUP      ] [Start]
[20240217 16:47:11 459] [000000] [CLOSE_POPUP      ] [Finish]
[20240217 16:47:17 873] [000000] [ClosePort        ] [Start!]
[20240217 16:47:17 874] [000000] [ClosePort        ] [Finish!]
