[20240323 15:07:18 164] [000000] [SetEnv           ] [Start!]
[20240323 15:07:18 166] [000000] [SetEnv_ccatid    ] [3195189001]
[20240323 15:07:18 173] [000000] [SetEnv_CatID     ] [3195189001]
[20240323 15:07:18 181] [000000] [SetEnv_cbizno    ] [4089673734]
[20240323 15:07:18 190] [000000] [SetEnv_BizNo     ] [4089673734]
[20240323 15:07:18 281] [000000] [SetEnv           ] [Finish!]
[20240323 15:07:18 338] [000000] [Set_SvrInfo      ] [Start!]
[20240323 15:07:18 407] [000000] [GetCnlDisableYN  ] [Start]
[20240323 15:07:18 451] [000000] [GetStrEnv        ] [Start!]
[20240323 15:07:18 487] [000000] [CnlDisable       ] [N]
[20240323 15:07:18 495] [000000] [RT               ] [1]
[20240323 15:07:18 518] [000000] [SetCnlDisableYN  ] [Start]
[20240323 15:07:18 564] [000000] [DownType         ] [1]
[20240323 15:07:18 574] [000000] [Disable          ] [N]
[20240323 15:07:18 581] [000000] [SetCnlDisableYN  ] [Finish]
[20240323 15:07:19 633] [000000] [Get_SvrInfo      ] [Start!]
[20240323 15:07:19 657] [000000] [GetEnv           ] [Start!]
[20240323 15:07:19 672] [000000] [Ver.             ] [#######NVCAT5002]
[20240323 15:07:19 743] [000000] [Date.            ] [24.1.22.1]
[20240323 15:07:19 752] [000000] [GetEnv_CatID     ] [3195189001]
[20240323 15:07:19 762] [000000] [GetEnv_BizNo     ] [4089673734]
[20240323 15:07:19 770] [000000] [GetEnv           ] [Finish!]
[20240323 15:07:19 780] [000000] [Get_ReaderInfo   ] [Start!]
[20240323 15:07:19 788] [000000] [PortOpen         ] [Start!]
[20240323 15:07:19 798] [000000] [PortOpen_Port    ] [12]
[20240323 15:07:20 208] [000000] [PortOpen         ] [Finish!]
[20240323 15:07:20 249] [000000] [PortOpen_rtn     ] [1]
[20240323 15:07:20 288] [000000] [Get_ReaderInfo   ] [NicePosSign!]
[20240323 15:07:20 307] [000000] [NicePosSign      ] [49]
[20240323 15:07:20 337] [000000] [PortClose        ] [Start!]
[20240323 15:07:20 347] [000000] [PortClose        ] [PortClose]
[20240323 15:07:20 356] [000000] [SC_ClosePort     ] [Start!]
[20240323 15:07:20 365] [000000] [ThreadWatchComm  ] [Fisish!]
[20240323 15:07:20 579] [000000] [SC_ClosePort     ] [Finish!]
[20240323 15:07:20 629] [000000] [PortClose        ] [Finish!]
[20240323 15:07:20 639] [000000] [Get_ReaderInfo   ] [#####NR-5500K002]
[20240323 15:07:20 650] [000000] [Get_SignInfo2    ] [ROMVER Start!]
[20240323 15:07:20 749] [000000] [Get_SignInfo2    ] [SignPort Not Setting]
[20240323 15:07:20 822] [000000] [Get_SignInfo2    ] [ROMVER(16)]
[20240323 15:07:20 862] [000000] [Get_SignInfo2    ] []
[20240323 15:07:20 887] [000000] [MultiReaderInfo  ] [Start]
[20240323 15:07:20 904] [000000] [MultiReaderInfo  ] [READERTYPE : [01], MultiReaderUse : [N], READERCNT : [0], PORTNUM : [0], PORTBAUDRATE : [0]]
[20240323 15:07:20 949] [000000] [MultiReaderInfo  ] [Finish]
[20240323 15:07:20 962] [000000] [ChkValid         ] [Start!]
[20240323 15:07:20 998] [000000] [OPEN_POPUP       ] [Start!]
[20240323 15:07:21 227] [000000] [OPEN_POPUP       ] [Finish]
[20240323 15:07:21 239] [000000] [ChkValid         ] [Get_serial_data!]
[20240323 15:07:21 511] [000000] [PortOpen         ] [Start!]
[20240323 15:07:21 549] [000000] [PortOpen_Port    ] [12]
[20240323 15:07:22 612] [000000] [PortOpen         ] [Finish!]
[20240323 15:07:22 669] [000000] [PortOpen_rtn     ] [1]
[20240323 15:07:22 704] [000000] [Get_serial_data  ] [NicePosSign]
[20240323 15:07:22 716] [000000] [NicePosSign      ] [49]
[20240323 15:07:22 762] [000000] [PortClose        ] [Start!]
[20240323 15:07:22 772] [000000] [PortClose        ] [PortClose]
[20240323 15:07:22 783] [000000] [SC_ClosePort     ] [Start!]
[20240323 15:07:22 864] [000000] [ThreadWatchComm  ] [Fisish!]
[20240323 15:07:23 004] [000000] [SC_ClosePort     ] [Finish!]
[20240323 15:07:23 017] [000000] [PortClose        ] [Finish!]
[20240323 15:07:23 032] [000000] [ChkValid         ] [Get_RandomKey(RND_P1)]
[20240323 15:07:23 047] [000000] [PortOpen         ] [Start!]
[20240323 15:07:23 062] [000000] [PortOpen_Port    ] [12]
[20240323 15:07:23 605] [000000] [PortOpen         ] [Finish!]
[20240323 15:07:23 618] [000000] [PortOpen_rtn     ] [1]
[20240323 15:07:23 657] [000000] [ChkValid         ] [NicePosSign 1]
[20240323 15:07:23 680] [000000] [NicePosSign      ] [160]
[20240323 15:07:23 762] [000000] [ChkValid         ] [ClosePort 1]
[20240323 15:07:23 773] [000000] [ChkValid         ] [Get_RandomKey(RND_P2)]
[20240323 15:07:23 783] [000000] [ChkValid         ] [NicePosSign 2]
[20240323 15:07:23 792] [000000] [NicePosSign      ] [160]
[20240323 15:07:23 826] [000000] [ChkValid         ] [ClosePort 2]
[20240323 15:07:23 838] [000000] [ChkValid         ] [NicePosSign 3]
[20240323 15:07:23 848] [000000] [NicePosSign      ] [160]
[20240323 15:07:23 873] [000000] [ChkValid         ] [ClosePort 3]
[20240323 15:07:23 883] [000000] [CLOSE_POPUP      ] [Start]
[20240323 15:07:23 894] [000000] [CLOSE_POPUP      ] [Finish]
[20240323 15:07:23 906] [000000] [OPEN_POPUP       ] [Start!]
[20240323 15:07:24 005] [000000] [OPEN_POPUP       ] [Finish]
[20240323 15:07:24 016] [000000] [ChkValid         ] [NicePosSign 4]
[20240323 15:07:24 026] [000000] [NicePosSign      ] [161]
[20240323 15:07:24 061] [000000] [ChkValid         ] [ClosePort 4]
[20240323 15:07:24 072] [000000] [PortClose        ] [Start!]
[20240323 15:07:24 083] [000000] [PortClose        ] [PortClose]
[20240323 15:07:24 092] [000000] [SC_ClosePort     ] [Start!]
[20240323 15:07:24 103] [000000] [ThreadWatchComm  ] [Fisish!]
[20240323 15:07:24 616] [000000] [SC_ClosePort     ] [Finish!]
[20240323 15:07:24 694] [000000] [PortClose        ] [Finish!]
[20240323 15:07:24 759] [000000] [ChkValid_ERRCD   ] [0]
[20240323 15:07:24 784] [000000] [CLOSE_POPUP      ] [Start]
[20240323 15:07:24 813] [000000] [CLOSE_POPUP      ] [Finish]
[20240323 15:07:24 938] [000000] [Get_ReaderInfo   ] [Start!]
[20240323 15:07:24 949] [000000] [PortOpen         ] [Start!]
[20240323 15:07:24 960] [000000] [PortOpen_Port    ] [12]
[20240323 15:07:25 624] [000000] [PortOpen         ] [Finish!]
[20240323 15:07:25 657] [000000] [PortOpen_rtn     ] [1]
[20240323 15:07:25 698] [000000] [Get_ReaderInfo   ] [NicePosSign!]
[20240323 15:07:25 709] [000000] [NicePosSign      ] [49]
[20240323 15:07:25 752] [000000] [PortClose        ] [Start!]
[20240323 15:07:25 764] [000000] [PortClose        ] [PortClose]
[20240323 15:07:25 774] [000000] [SC_ClosePort     ] [Start!]
[20240323 15:07:25 784] [000000] [ThreadWatchComm  ] [Fisish!]
[20240323 15:07:25 830] [000000] [SC_ClosePort     ] [Finish!]
[20240323 15:07:25 841] [000000] [PortClose        ] [Finish!]
[20240323 15:07:25 851] [000000] [Get_ReaderInfo   ] [#####NR-5500K002]
[20240323 15:07:26 211] [000000] [GetEnv           ] [Start!]
[20240323 15:07:26 223] [000000] [Ver.             ] [#######NVCAT5002]
[20240323 15:07:26 234] [000000] [Date.            ] [24.1.22.1]
[20240323 15:07:26 244] [000000] [GetEnv_CatID     ] [3195189001]
[20240323 15:07:26 255] [000000] [GetEnv_BizNo     ] [4089673734]
[20240323 15:07:26 267] [000000] [GetEnv           ] [Finish!]
[20240323 15:48:56 766] [000000] [Pos_Send         ] [**********************************************************************************************]
[20240323 15:48:56 777] [000000] [Pos_Send         ] [Start!]
[20240323 15:48:56 789] [000000] [Ver.             ] [#######NVCAT5002]
[20240323 15:48:56 798] [000000] [Date.            ] [24.1.22.1]
[20240323 15:48:56 811] [000000] [VpnUse           ] [N]
[20240323 15:48:56 820] [000000] [MultiVan         ] [N]
[20240323 15:48:56 829] [000000] [MultiReaderInfo  ] [Start]
[20240323 15:48:56 841] [000000] [MultiReaderInfo  ] [READERTYPE : [01], MultiReaderUse : [N], READERCNT : [0], PORTNUM : [0], PORTBAUDRATE : [0]]
[20240323 15:48:56 853] [000000] [MultiReaderInfo  ] [Finish]
[20240323 15:48:56 867] [000000] [GetCnlDisableYN  ] [Start]
[20240323 15:48:56 878] [000000] [GetStrEnv        ] [Start!]
[20240323 15:48:56 888] [000000] [DOWNTP           ] [1]
[20240323 15:48:56 899] [000000] [CnlDisable       ] [N]
[20240323 15:48:56 907] [000000] [NICEDOWN2        ] [Start]
[20240323 15:48:56 918] [000000] [ReaderSN         ] [Z624020161]
[20240323 15:48:56 927] [000000] [ReaderVer        ] [#####NR-5500K002]
[20240323 15:48:56 938] [000000] [NICEDOWN2        ] [CATID]
[20240323 15:48:56 950] [000000] [NICEDOWN2        ] [3195189001]
[20240323 15:48:56 959] [000000] [NICEDOWN2        ] [BIZNO]
[20240323 15:48:56 972] [000000] [NICEDOWN2        ] [4089673734]
[20240323 15:48:56 985] [000000] [NICEDOWN2        ] [NICEDOWN2 Date Check Start]
[20240323 15:48:56 997] [000000] [RT               ] [R]
[20240323 15:48:57 010] [000000] [REGDOWNTP        ] [1]
[20240323 15:48:57 021] [000000] [CnlDisable       ] []
[20240323 15:48:57 035] [000000] [NICEDOWN2        ] [(1) 다운로드 했던 기록이 있음]
[20240323 15:48:57 044] [000000] [NICEDOWN2        ] [(3) 이전 다운로드했던 CATID와 다운로드할 CATID가 같음]
[20240323 15:48:57 057] [000000] [NICEDOWN2        ] [(4) 이전 다운로드 유형과 다운로드할 유형이 같음]
[20240323 15:48:57 067] [000000] [NICEDOWN2        ] [NICEDOWN2 Date Check Finish]
[20240323 15:48:57 076] [000000] [SetCnlDisableYN  ] [Start]
[20240323 15:48:57 089] [000000] [DownType         ] [1]
[20240323 15:48:57 101] [000000] [Disable          ] []
[20240323 15:48:57 113] [000000] [SetCnlDisableYN  ] [Finish]
[20240323 15:48:57 123] [000000] [Connect_Tcp      ] [211.33.136.9:9002]
[20240323 15:48:57 150] [001164] [Open_TcpPort     ] [Connect OK!]
[20240323 15:48:57 150] [000000] [GetMac           ] [Start]
[20240323 15:48:57 161] [000000] [GetMac           ] [Try]
[20240323 15:48:57 177] [000000] [GetMac           ] [Success]
[20240323 15:48:57 187] [000000] [GetMac           ] [Finish]
[20240323 15:48:57 198] [000000] [SIGNSERIALNO     ] []
[20240323 15:48:57 210] [000000] [sendBuf          ] [0273770G44089673734319518900111002091702027700000000                                       10NVCAT               Z624020161#####NR-5500K002NVKN50  20240323154856               D8C497336879                                                                                     ]
[20240323 15:48:57 323] [000000] [recvBuf          ] [0492770G4408967373431951890010000R다운로드 정상                           211.33.136.2   8101 211.33.136.2   8101 211.33.136.9   9003 에이스독서실                      임원일              01071038573         인천 부평구 충선로 174상록빌딩 5층 전체                                                                                                                                                                 00211.33.136.1   9000 022402240287192N                                              ]
[20240323 15:48:57 324] [001164] [Close_TcpPort    ] [Close OK!]
[20240323 15:48:57 338] [000000] [RPORT            ] [8101]
[20240323 15:48:57 347] [000000] [NICEDOWNREQ      ] [N]
[20240323 15:48:57 356] [000000] [RPORT Set 4      ] [8101]
[20240323 15:48:57 383] [000000] [POSUNINUM        ] [022402240287192]
[20240323 15:48:57 386] [000000] [NICEDOWN2        ] [return 1]
[20240323 15:48:57 395] [000000] [NICEDOWN2        ] [Finish]
[20240323 15:48:57 408] [000000] [Pos_Send         ] [NICEDOWN2 Success]
[20240323 15:48:57 417] [000000] [Pos_Send amt1    ] [000000000005]
[20240323 15:48:57 427] [000000] [Pos_Send amt2    ] [5]
[20240323 15:48:57 440] [000000] [ReqCard          ] [ReqCard]
[20240323 15:48:57 452] [000000] [Pos_Send amt3    ] [5]
[20240323 15:48:57 465] [000000] [POPUP_TIMER      ] [Start!]
[20240323 15:48:57 474] [000000] [Count            ] [30]
[20240323 15:48:57 544] [000000] [POPUP_TIMER      ] [Finish]
[20240323 15:48:57 545] [000000] [ReqCard          ] [Start!]
[20240323 15:48:57 555] [000000] [MultiReaderInfo  ] [Start]
[20240323 15:48:57 564] [000000] [MultiReaderInfo  ] [READERTYPE : [01], MultiReaderUse : [N], READERCNT : [0], PORTNUM : [0], PORTBAUDRATE : [0]]
[20240323 15:48:57 574] [000000] [MultiReaderInfo  ] [Finish]
[20240323 15:48:57 586] [000000] [ReqCard          ] [Multi Reader Use X]
[20240323 15:48:57 594] [000000] [PortOpen         ] [Start!]
[20240323 15:48:57 604] [000000] [PortOpen_Port    ] [12]
[20240323 15:48:57 813] [000000] [PortOpen         ] [Finish!]
[20240323 15:48:57 814] [000000] [PortOpen_rtn     ] [1]
[20240323 15:48:57 824] [000000] [ReqCard Time     ] [20240323154857]
[20240323 15:48:57 833] [000000] [ReqCard Amt      ] [000000000005]
[20240323 15:48:57 844] [000000] [ReqCard Catid    ] [3195189001]
[20240323 15:48:57 853] [000000] [ReqCard tp       ] [0]
[20240323 15:48:57 862] [000000] [ReqCard          ] [Request Nicepos sign!(0,1)]
[20240323 15:48:57 871] [000000] [NicePosSign      ] [156]
[20240323 15:48:59 976] [000000] [ReqCard ErrCode  ] [0]
[20240323 15:48:59 977] [000000] [PortClose        ] [Start!]
[20240323 15:48:59 989] [000000] [PortClose        ] [PortClose]
[20240323 15:49:00 001] [000000] [SC_ClosePort     ] [Start!]
[20240323 15:49:00 027] [000000] [ThreadWatchComm  ] [Fisish!]
[20240323 15:49:00 069] [000000] [SC_ClosePort     ] [Finish!]
[20240323 15:49:00 069] [000000] [PortClose        ] [Finish!]
[20240323 15:49:00 083] [000000] [CLOSE_POPUP      ] [Start]
[20240323 15:49:00 107] [000000] [CLOSE_POPUP      ] [Finish]
[20240323 15:49:00 141] [000000] [ReqCard          ] [ReqCard End]
[20240323 15:49:00 163] [000000] [SIGNROMVER       ] []
[20240323 15:49:00 183] [000000] [SIGNSERIALNO     ] []
[20240323 15:49:00 202] [000000] [VpnUse           ] [공중망]
[20240323 15:49:00 224] [000000] [POSUNINUM        ] [REQ TEXT ADD]
[20240323 15:49:00 240] [000000] [POSUNINUM        ] [PID(3) GB TEXT ADD OK]
[20240323 15:49:00 257] [000000] [POSUNINUM        ] [PID(15) TEXT ADD OK]
[20240323 15:49:00 276] [000000] [POSUNINUM        ] [MAC(3) GB TEXT ADD OK]
[20240323 15:49:00 292] [000000] [GetMac           ] [Start]
[20240323 15:49:00 307] [000000] [GetMac           ] [Try]
[20240323 15:49:00 326] [000000] [GetMac           ] [Success]
[20240323 15:49:00 339] [000000] [GetMac           ] [Finish]
[20240323 15:49:00 355] [000000] [POSUNINUM        ] [MAC+Space(32) TEXT ADD OK]
[20240323 15:49:00 370] [000000] [POSUNINUM        ] [Total Length Change]
[20240323 15:49:00 384] [000000] [POSUNINUM        ] [0747]
[20240323 15:49:00 407] [000000] [sendIP           ] [211.33.136.2]
[20240323 15:49:00 417] [000000] [sendPORT         ] [8101]
[20240323 15:49:00 430] [000000] [CommType         ] [1]
[20240323 15:49:00 442] [000000] [POSUNINUM        ] [Req Etc Port]
[20240323 15:49:00 456] [000000] [NiceCommWork     ] [211.33.136.2:8101]
[20240323 15:49:00 468] [000000] [Connect_Tcp      ] [211.33.136.2:8101]
[20240323 15:49:00 496] [001280] [Open_TcpPort     ] [Connect OK!]
[20240323 15:49:00 497] [000000] [GetCnlDisableYN  ] [Start]
[20240323 15:49:00 509] [000000] [GetStrEnv        ] [Start!]
[20240323 15:49:00 522] [000000] [CnlDisable       ] [N]
[20240323 15:49:00 533] [000000] [OPEN_POPUP       ] [Start!]
[20240323 15:49:00 595] [000000] [OPEN_POPUP       ] [Finish]
[20240323 15:49:00 596] [000000] [NiceCommWork     ] [SendRecvEnc]
[20240323 15:49:00 670] [001280] [SendMsg          ] [0747HPS31951890010323154856020010H1       IC 3195189001I*******************************************************************************************************************************00000000000000000000000000000000000005                          4089673734             ****************              ]
[20240323 15:49:01 176] [001280] [RecvMsg          ] [0580HPS31951890010323154856021010H1       IC 31951890010000****************************************000000000000000000000000000000000000054089673734             ****************07신한카드            07신한카드            0105275218     24032315490002997091    0831515364583 IC카드 정상승인 02997091                                                                                                                                                      1           NS240]
[20240323 15:49:01 176] [000000] [SendRecv         ] [End!]
[20240323 15:49:01 195] [001280] [Close_TcpPort    ] [Close OK!]
[20240323 15:49:01 215] [000000] [CLOSE_POPUP      ] [Start]
[20240323 15:49:01 228] [000000] [CLOSE_POPUP      ] [Finish]
[20240323 15:49:01 241] [000000] [EMV_COMPLITE     ] [Start]
[20240323 15:49:01 256] [000000] [EMV_CMP_ERRCD    ] []
[20240323 15:49:01 267] [000000] [Pos_Send         ] [return 1]
[20240323 15:49:01 282] [000000] [Pos_Send         ] [Finish!]
[20240323 15:49:01 293] [000000] [Pos_Send         ] [**********************************************************************************************]
[20240323 15:49:31 247] [000000] [Pos_Send         ] [**********************************************************************************************]
[20240323 15:49:31 248] [000000] [Pos_Send         ] [Start!]
[20240323 15:49:31 260] [000000] [Ver.             ] [#######NVCAT5002]
[20240323 15:49:31 272] [000000] [Date.            ] [24.1.22.1]
[20240323 15:49:31 281] [000000] [VpnUse           ] [N]
[20240323 15:49:31 296] [000000] [MultiVan         ] [N]
[20240323 15:49:31 308] [000000] [MultiReaderInfo  ] [Start]
[20240323 15:49:31 321] [000000] [MultiReaderInfo  ] [READERTYPE : [01], MultiReaderUse : [N], READERCNT : [0], PORTNUM : [0], PORTBAUDRATE : [0]]
[20240323 15:49:31 330] [000000] [MultiReaderInfo  ] [Finish]
[20240323 15:49:31 341] [000000] [GetCnlDisableYN  ] [Start]
[20240323 15:49:31 351] [000000] [GetStrEnv        ] [Start!]
[20240323 15:49:31 360] [000000] [DOWNTP           ] [1]
[20240323 15:49:31 371] [000000] [CnlDisable       ] [N]
[20240323 15:49:31 381] [000000] [NICEDOWN2        ] [Start]
[20240323 15:49:31 391] [000000] [ReaderSN         ] [Z624020161]
[20240323 15:49:31 402] [000000] [ReaderVer        ] [#####NR-5500K002]
[20240323 15:49:31 413] [000000] [NICEDOWN2        ] [CATID]
[20240323 15:49:31 422] [000000] [NICEDOWN2        ] [3195189001]
[20240323 15:49:31 431] [000000] [NICEDOWN2        ] [BIZNO]
[20240323 15:49:31 443] [000000] [NICEDOWN2        ] [4089673734]
[20240323 15:49:31 452] [000000] [NICEDOWN2        ] [NICEDOWN2 Date Check Start]
[20240323 15:49:31 462] [000000] [RT               ] [R]
[20240323 15:49:31 470] [000000] [REGDOWNTP        ] [1]
[20240323 15:49:31 479] [000000] [CnlDisable       ] []
[20240323 15:49:31 488] [000000] [NICEDOWN2        ] [(1) 다운로드 했던 기록이 있음]
[20240323 15:49:31 500] [000000] [NICEDOWN2        ] [(2) 이전 다운로드했던 날짜와 오늘 날짜가 같음]
[20240323 15:49:31 509] [000000] [NICEDOWN2        ] [(3) 이전 다운로드했던 CATID와 다운로드할 CATID가 같음]
[20240323 15:49:31 520] [000000] [NICEDOWN2        ] [(4) 이전 다운로드 유형과 다운로드할 유형이 같음]
[20240323 15:49:31 529] [000000] [NICEDOWN2        ] [Already NICEDOWN2  (-2)]
[20240323 15:49:31 541] [000000] [Pos_Send         ] [NICEDOWN2 Fail (-2)]
[20240323 15:49:31 549] [000000] [Pos_Send amt1    ] [000000000005]
[20240323 15:49:31 561] [000000] [Pos_Send amt2    ] [5]
[20240323 15:49:31 571] [000000] [ReqCard          ] [ReqCard]
[20240323 15:49:31 580] [000000] [Pos_Send amt3    ] [5]
[20240323 15:49:31 591] [000000] [POPUP_TIMER      ] [Start!]
[20240323 15:49:31 605] [000000] [Count            ] [30]
[20240323 15:49:31 627] [000000] [POPUP_TIMER      ] [Finish]
[20240323 15:49:31 631] [000000] [ReqCard          ] [Start!]
[20240323 15:49:31 646] [000000] [MultiReaderInfo  ] [Start]
[20240323 15:49:31 658] [000000] [MultiReaderInfo  ] [READERTYPE : [01], MultiReaderUse : [N], READERCNT : [0], PORTNUM : [0], PORTBAUDRATE : [0]]
[20240323 15:49:31 668] [000000] [MultiReaderInfo  ] [Finish]
[20240323 15:49:31 678] [000000] [ReqCard          ] [Multi Reader Use X]
[20240323 15:49:31 688] [000000] [PortOpen         ] [Start!]
[20240323 15:49:31 701] [000000] [PortOpen_Port    ] [12]
[20240323 15:49:31 912] [000000] [PortOpen         ] [Finish!]
[20240323 15:49:31 912] [000000] [PortOpen_rtn     ] [1]
[20240323 15:49:31 921] [000000] [ReqCard Time     ] [20240323154931]
[20240323 15:49:31 933] [000000] [ReqCard Amt      ] [000000000005]
[20240323 15:49:31 942] [000000] [ReqCard Catid    ] [3195189001]
[20240323 15:49:31 950] [000000] [ReqCard tp       ] [0]
[20240323 15:49:31 961] [000000] [ReqCard          ] [Request Nicepos sign!(0,1)]
[20240323 15:49:31 973] [000000] [NicePosSign      ] [156]
[20240323 15:49:33 834] [000000] [ReqCard ErrCode  ] [0]
[20240323 15:49:33 835] [000000] [PortClose        ] [Start!]
[20240323 15:49:33 849] [000000] [PortClose        ] [PortClose]
[20240323 15:49:33 863] [000000] [SC_ClosePort     ] [Start!]
[20240323 15:49:33 876] [000000] [ThreadWatchComm  ] [Fisish!]
[20240323 15:49:33 917] [000000] [SC_ClosePort     ] [Finish!]
[20240323 15:49:33 917] [000000] [PortClose        ] [Finish!]
[20240323 15:49:33 929] [000000] [CLOSE_POPUP      ] [Start]
[20240323 15:49:33 971] [000000] [CLOSE_POPUP      ] [Finish]
[20240323 15:49:34 069] [000000] [ReqCard          ] [ReqCard End]
[20240323 15:49:34 086] [000000] [SIGNROMVER       ] []
[20240323 15:49:34 103] [000000] [SIGNSERIALNO     ] []
[20240323 15:49:34 120] [000000] [VpnUse           ] [공중망]
[20240323 15:49:34 138] [000000] [POSUNINUM        ] [REQ TEXT ADD]
[20240323 15:49:34 153] [000000] [POSUNINUM        ] [PID(3) GB TEXT ADD OK]
[20240323 15:49:34 168] [000000] [POSUNINUM        ] [PID(15) TEXT ADD OK]
[20240323 15:49:34 182] [000000] [POSUNINUM        ] [MAC(3) GB TEXT ADD OK]
[20240323 15:49:34 198] [000000] [GetMac           ] [Start]
[20240323 15:49:34 213] [000000] [GetMac           ] [Try]
[20240323 15:49:34 229] [000000] [GetMac           ] [Success]
[20240323 15:49:34 241] [000000] [GetMac           ] [Finish]
[20240323 15:49:34 254] [000000] [POSUNINUM        ] [MAC+Space(32) TEXT ADD OK]
[20240323 15:49:34 268] [000000] [POSUNINUM        ] [Total Length Change]
[20240323 15:49:34 278] [000000] [POSUNINUM        ] [0747]
[20240323 15:49:34 287] [000000] [sendIP           ] [211.33.136.2]
[20240323 15:49:34 299] [000000] [sendPORT         ] [8101]
[20240323 15:49:34 307] [000000] [CommType         ] [1]
[20240323 15:49:34 317] [000000] [POSUNINUM        ] [Req Etc Port]
[20240323 15:49:34 325] [000000] [NiceCommWork     ] [211.33.136.2:8101]
[20240323 15:49:34 335] [000000] [Connect_Tcp      ] [211.33.136.2:8101]
[20240323 15:49:34 361] [001432] [Open_TcpPort     ] [Connect OK!]
[20240323 15:49:34 362] [000000] [GetCnlDisableYN  ] [Start]
[20240323 15:49:34 370] [000000] [GetStrEnv        ] [Start!]
[20240323 15:49:34 381] [000000] [CnlDisable       ] [N]
[20240323 15:49:34 390] [000000] [OPEN_POPUP       ] [Start!]
[20240323 15:49:34 418] [000000] [OPEN_POPUP       ] [Finish]
[20240323 15:49:34 437] [000000] [NiceCommWork     ] [SendRecvEnc]
[20240323 15:49:34 582] [001432] [SendMsg          ] [0747HPS31951890010323154931020010H1       IC 3195189001I*******************************************************************************************************************************00000000000000000000000000000000000005                          4089673734             ****************              ]
[20240323 15:49:35 118] [001432] [RecvMsg          ] [0580HPS31951890010323154931021010H1       IC 31951890010000****************************************000000000000000000000000000000000000054089673734             ****************07신한카드            07신한카드            0105275218     24032315493403006140    0831515378553 IC카드 정상승인 03006140                                                                                                                                                      1           NS240]
[20240323 15:49:35 118] [000000] [SendRecv         ] [End!]
[20240323 15:49:35 132] [001432] [Close_TcpPort    ] [Close OK!]
[20240323 15:49:35 142] [000000] [CLOSE_POPUP      ] [Start]
[20240323 15:49:35 154] [000000] [CLOSE_POPUP      ] [Finish]
[20240323 15:49:35 165] [000000] [EMV_COMPLITE     ] [Start]
[20240323 15:49:35 179] [000000] [EMV_CMP_ERRCD    ] []
[20240323 15:49:35 189] [000000] [Pos_Send         ] [return 1]
[20240323 15:49:35 203] [000000] [Pos_Send         ] [Finish!]
[20240323 15:49:35 213] [000000] [Pos_Send         ] [**********************************************************************************************]
[20240323 15:49:49 023] [000000] [Pos_Send         ] [**********************************************************************************************]
[20240323 15:49:49 023] [000000] [Pos_Send         ] [Start!]
[20240323 15:49:49 037] [000000] [Ver.             ] [#######NVCAT5002]
[20240323 15:49:49 048] [000000] [Date.            ] [24.1.22.1]
[20240323 15:49:49 058] [000000] [VpnUse           ] [N]
[20240323 15:49:49 069] [000000] [MultiVan         ] [N]
[20240323 15:49:49 083] [000000] [MultiReaderInfo  ] [Start]
[20240323 15:49:49 097] [000000] [MultiReaderInfo  ] [READERTYPE : [01], MultiReaderUse : [N], READERCNT : [0], PORTNUM : [0], PORTBAUDRATE : [0]]
[20240323 15:49:49 109] [000000] [MultiReaderInfo  ] [Finish]
[20240323 15:49:49 122] [000000] [GetCnlDisableYN  ] [Start]
[20240323 15:49:49 133] [000000] [GetStrEnv        ] [Start!]
[20240323 15:49:49 146] [000000] [DOWNTP           ] [1]
[20240323 15:49:49 157] [000000] [CnlDisable       ] [N]
[20240323 15:49:49 169] [000000] [NICEDOWN2        ] [Start]
[20240323 15:49:49 179] [000000] [ReaderSN         ] [Z624020161]
[20240323 15:49:49 189] [000000] [ReaderVer        ] [#####NR-5500K002]
[20240323 15:49:49 202] [000000] [NICEDOWN2        ] [CATID]
[20240323 15:49:49 213] [000000] [NICEDOWN2        ] [3195189001]
[20240323 15:49:49 229] [000000] [NICEDOWN2        ] [BIZNO]
[20240323 15:49:49 240] [000000] [NICEDOWN2        ] [4089673734]
[20240323 15:49:49 252] [000000] [NICEDOWN2        ] [NICEDOWN2 Date Check Start]
[20240323 15:49:49 263] [000000] [RT               ] [R]
[20240323 15:49:49 277] [000000] [REGDOWNTP        ] [1]
[20240323 15:49:49 291] [000000] [CnlDisable       ] []
[20240323 15:49:49 304] [000000] [NICEDOWN2        ] [(1) 다운로드 했던 기록이 있음]
[20240323 15:49:49 315] [000000] [NICEDOWN2        ] [(2) 이전 다운로드했던 날짜와 오늘 날짜가 같음]
[20240323 15:49:49 327] [000000] [NICEDOWN2        ] [(3) 이전 다운로드했던 CATID와 다운로드할 CATID가 같음]
[20240323 15:49:49 338] [000000] [NICEDOWN2        ] [(4) 이전 다운로드 유형과 다운로드할 유형이 같음]
[20240323 15:49:49 349] [000000] [NICEDOWN2        ] [Already NICEDOWN2  (-2)]
[20240323 15:49:49 362] [000000] [Pos_Send         ] [NICEDOWN2 Fail (-2)]
[20240323 15:49:49 373] [000000] [Pos_Send amt1    ] [000000000005]
[20240323 15:49:49 386] [000000] [Pos_Send amt2    ] [5]
[20240323 15:49:49 400] [000000] [ReqCard          ] [ReqCard]
[20240323 15:49:49 412] [000000] [Pos_Send amt3    ] [5]
[20240323 15:49:49 426] [000000] [POPUP_TIMER      ] [Start!]
[20240323 15:49:49 440] [000000] [Count            ] [30]
[20240323 15:49:49 465] [000000] [POPUP_TIMER      ] [Finish]
[20240323 15:49:49 468] [000000] [ReqCard          ] [Start!]
[20240323 15:49:49 484] [000000] [MultiReaderInfo  ] [Start]
[20240323 15:49:49 499] [000000] [MultiReaderInfo  ] [READERTYPE : [01], MultiReaderUse : [N], READERCNT : [0], PORTNUM : [0], PORTBAUDRATE : [0]]
[20240323 15:49:49 508] [000000] [MultiReaderInfo  ] [Finish]
[20240323 15:49:49 519] [000000] [ReqCard          ] [Multi Reader Use X]
[20240323 15:49:49 531] [000000] [PortOpen         ] [Start!]
[20240323 15:49:49 541] [000000] [PortOpen_Port    ] [12]
[20240323 15:49:49 758] [000000] [PortOpen         ] [Finish!]
[20240323 15:49:49 758] [000000] [PortOpen_rtn     ] [1]
[20240323 15:49:49 770] [000000] [ReqCard Time     ] [20240323154949]
[20240323 15:49:49 779] [000000] [ReqCard Amt      ] [000000000005]
[20240323 15:49:49 789] [000000] [ReqCard Catid    ] [3195189001]
[20240323 15:49:49 801] [000000] [ReqCard tp       ] [0]
[20240323 15:49:49 814] [000000] [ReqCard          ] [Request Nicepos sign!(0,1)]
[20240323 15:49:49 824] [000000] [NicePosSign      ] [156]
[20240323 15:49:50 817] [000000] [ReqCard ErrCode  ] [0]
[20240323 15:49:50 817] [000000] [PortClose        ] [Start!]
[20240323 15:49:50 827] [000000] [PortClose        ] [PortClose]
[20240323 15:49:50 840] [000000] [SC_ClosePort     ] [Start!]
[20240323 15:49:50 848] [000000] [ThreadWatchComm  ] [Fisish!]
[20240323 15:49:50 890] [000000] [SC_ClosePort     ] [Finish!]
[20240323 15:49:50 890] [000000] [PortClose        ] [Finish!]
[20240323 15:49:50 902] [000000] [CLOSE_POPUP      ] [Start]
[20240323 15:49:50 926] [000000] [CLOSE_POPUP      ] [Finish]
[20240323 15:49:50 971] [000000] [ReqCard          ] [ReqCard End]
[20240323 15:49:50 984] [000000] [SIGNROMVER       ] []
[20240323 15:49:51 004] [000000] [SIGNSERIALNO     ] []
[20240323 15:49:51 019] [000000] [VpnUse           ] [공중망]
[20240323 15:49:51 037] [000000] [POSUNINUM        ] [REQ TEXT ADD]
[20240323 15:49:51 053] [000000] [POSUNINUM        ] [PID(3) GB TEXT ADD OK]
[20240323 15:49:51 071] [000000] [POSUNINUM        ] [PID(15) TEXT ADD OK]
[20240323 15:49:51 086] [000000] [POSUNINUM        ] [MAC(3) GB TEXT ADD OK]
[20240323 15:49:51 104] [000000] [GetMac           ] [Start]
[20240323 15:49:51 117] [000000] [GetMac           ] [Try]
[20240323 15:49:51 132] [000000] [GetMac           ] [Success]
[20240323 15:49:51 152] [000000] [GetMac           ] [Finish]
[20240323 15:49:51 164] [000000] [POSUNINUM        ] [MAC+Space(32) TEXT ADD OK]
[20240323 15:49:51 180] [000000] [POSUNINUM        ] [Total Length Change]
[20240323 15:49:51 196] [000000] [POSUNINUM        ] [0747]
[20240323 15:49:51 218] [000000] [sendIP           ] [211.33.136.2]
[20240323 15:49:51 227] [000000] [sendPORT         ] [8101]
[20240323 15:49:51 241] [000000] [CommType         ] [1]
[20240323 15:49:51 252] [000000] [POSUNINUM        ] [Req Etc Port]
[20240323 15:49:51 263] [000000] [NiceCommWork     ] [211.33.136.2:8101]
[20240323 15:49:51 274] [000000] [Connect_Tcp      ] [211.33.136.2:8101]
[20240323 15:49:51 305] [001440] [Open_TcpPort     ] [Connect OK!]
[20240323 15:49:51 305] [000000] [GetCnlDisableYN  ] [Start]
[20240323 15:49:51 317] [000000] [GetStrEnv        ] [Start!]
[20240323 15:49:51 330] [000000] [CnlDisable       ] [N]
[20240323 15:49:51 340] [000000] [OPEN_POPUP       ] [Start!]
[20240323 15:49:51 371] [000000] [OPEN_POPUP       ] [Finish]
[20240323 15:49:51 379] [000000] [NiceCommWork     ] [SendRecvEnc]
[20240323 15:49:51 492] [001440] [SendMsg          ] [0747HPS31951890010323154949020010H1       IC 3195189001I*******************************************************************************************************************************00000000000000000000000000000000000005                          4089673734             ****************              ]
[20240323 15:49:52 023] [001440] [RecvMsg          ] [0580HPS31951890010323154949021010H1       IC 31951890010000****************************************000000000000000000000000000000000000054089673734             ****************07신한카드            07신한카드            0105275218     24032315495103008107    0831515385843 IC카드 정상승인 03008107                                                                                                                                                      1           NS240]
[20240323 15:49:52 024] [000000] [SendRecv         ] [End!]
[20240323 15:49:52 040] [001440] [Close_TcpPort    ] [Close OK!]
[20240323 15:49:52 051] [000000] [CLOSE_POPUP      ] [Start]
[20240323 15:49:52 073] [000000] [CLOSE_POPUP      ] [Finish]
[20240323 15:49:52 106] [000000] [EMV_COMPLITE     ] [Start]
[20240323 15:49:52 125] [000000] [EMV_CMP_ERRCD    ] []
[20240323 15:49:52 139] [000000] [Pos_Send         ] [return 1]
[20240323 15:49:52 154] [000000] [Pos_Send         ] [Finish!]
[20240323 15:49:52 169] [000000] [Pos_Send         ] [**********************************************************************************************]
[20240323 15:53:34 894] [000000] [Pos_Send         ] [**********************************************************************************************]
[20240323 15:53:34 895] [000000] [Pos_Send         ] [Start!]
[20240323 15:53:34 909] [000000] [Ver.             ] [#######NVCAT5002]
[20240323 15:53:34 919] [000000] [Date.            ] [24.1.22.1]
[20240323 15:53:34 933] [000000] [VpnUse           ] [N]
[20240323 15:53:34 945] [000000] [MultiVan         ] [N]
[20240323 15:53:34 956] [000000] [MultiReaderInfo  ] [Start]
[20240323 15:53:34 966] [000000] [MultiReaderInfo  ] [READERTYPE : [01], MultiReaderUse : [N], READERCNT : [0], PORTNUM : [0], PORTBAUDRATE : [0]]
[20240323 15:53:34 977] [000000] [MultiReaderInfo  ] [Finish]
[20240323 15:53:34 992] [000000] [GetCnlDisableYN  ] [Start]
[20240323 15:53:35 006] [000000] [GetStrEnv        ] [Start!]
[20240323 15:53:35 017] [000000] [DOWNTP           ] [1]
[20240323 15:53:35 032] [000000] [CnlDisable       ] [N]
[20240323 15:53:35 047] [000000] [NICEDOWN2        ] [Start]
[20240323 15:53:35 058] [000000] [ReaderSN         ] [Z624020161]
[20240323 15:53:35 072] [000000] [ReaderVer        ] [#####NR-5500K002]
[20240323 15:53:35 082] [000000] [NICEDOWN2        ] [CATID]
[20240323 15:53:35 093] [000000] [NICEDOWN2        ] [3195189001]
[20240323 15:53:35 105] [000000] [NICEDOWN2        ] [BIZNO]
[20240323 15:53:35 119] [000000] [NICEDOWN2        ] [4089673734]
[20240323 15:53:35 130] [000000] [NICEDOWN2        ] [NICEDOWN2 Date Check Start]
[20240323 15:53:35 140] [000000] [RT               ] [R]
[20240323 15:53:35 152] [000000] [REGDOWNTP        ] [1]
[20240323 15:53:35 166] [000000] [CnlDisable       ] []
[20240323 15:53:35 193] [000000] [NICEDOWN2        ] [(1) 다운로드 했던 기록이 있음]
[20240323 15:53:35 231] [000000] [NICEDOWN2        ] [(2) 이전 다운로드했던 날짜와 오늘 날짜가 같음]
[20240323 15:53:35 254] [000000] [NICEDOWN2        ] [(3) 이전 다운로드했던 CATID와 다운로드할 CATID가 같음]
[20240323 15:53:35 266] [000000] [NICEDOWN2        ] [(4) 이전 다운로드 유형과 다운로드할 유형이 같음]
[20240323 15:53:35 280] [000000] [NICEDOWN2        ] [Already NICEDOWN2  (-2)]
[20240323 15:53:35 292] [000000] [Pos_Send         ] [NICEDOWN2 Fail (-2)]
[20240323 15:53:35 303] [000000] [Pos_Send amt1    ] [000000000005]
[20240323 15:53:35 313] [000000] [Pos_Send amt2    ] [5]
[20240323 15:53:35 326] [000000] [ReqCard          ] [ReqCard]
[20240323 15:53:35 338] [000000] [Pos_Send amt3    ] [5]
[20240323 15:53:35 351] [000000] [POPUP_TIMER      ] [Start!]
[20240323 15:53:35 363] [000000] [Count            ] [30]
[20240323 15:53:35 396] [000000] [POPUP_TIMER      ] [Finish]
[20240323 15:53:35 428] [000000] [ReqCard          ] [Start!]
[20240323 15:53:35 443] [000000] [MultiReaderInfo  ] [Start]
[20240323 15:53:35 460] [000000] [MultiReaderInfo  ] [READERTYPE : [01], MultiReaderUse : [N], READERCNT : [0], PORTNUM : [0], PORTBAUDRATE : [0]]
[20240323 15:53:35 471] [000000] [MultiReaderInfo  ] [Finish]
[20240323 15:53:35 480] [000000] [ReqCard          ] [Multi Reader Use X]
[20240323 15:53:35 492] [000000] [PortOpen         ] [Start!]
[20240323 15:53:35 503] [000000] [PortOpen_Port    ] [12]
[20240323 15:53:35 715] [000000] [PortOpen         ] [Finish!]
[20240323 15:53:35 716] [000000] [PortOpen_rtn     ] [1]
[20240323 15:53:35 729] [000000] [ReqCard Time     ] [20240323155335]
[20240323 15:53:35 742] [000000] [ReqCard Amt      ] [000000000005]
[20240323 15:53:35 752] [000000] [ReqCard Catid    ] [3195189001]
[20240323 15:53:35 762] [000000] [ReqCard tp       ] [1]
[20240323 15:53:35 776] [000000] [ReqCard          ] [Request Nicepos sign!(0,1)]
[20240323 15:53:35 789] [000000] [NicePosSign      ] [156]
[20240323 15:53:36 877] [000000] [ReqCard ErrCode  ] [0]
[20240323 15:53:36 878] [000000] [PortClose        ] [Start!]
[20240323 15:53:36 889] [000000] [PortClose        ] [PortClose]
[20240323 15:53:36 900] [000000] [SC_ClosePort     ] [Start!]
[20240323 15:53:36 909] [000000] [ThreadWatchComm  ] [Fisish!]
[20240323 15:53:36 951] [000000] [SC_ClosePort     ] [Finish!]
[20240323 15:53:36 951] [000000] [PortClose        ] [Finish!]
[20240323 15:53:36 964] [000000] [CLOSE_POPUP      ] [Start]
[20240323 15:53:36 977] [000000] [CLOSE_POPUP      ] [Finish]
[20240323 15:53:36 989] [000000] [ReqCard          ] [ReqCard End]
[20240323 15:53:36 999] [000000] [VpnUse           ] [공중망]
[20240323 15:53:37 011] [000000] [POSUNINUM        ] [REQ TEXT ADD]
[20240323 15:53:37 023] [000000] [POSUNINUM        ] [PID(3) GB TEXT ADD OK]
[20240323 15:53:37 037] [000000] [POSUNINUM        ] [PID(15) TEXT ADD OK]
[20240323 15:53:37 050] [000000] [POSUNINUM        ] [MAC(3) GB TEXT ADD OK]
[20240323 15:53:37 060] [000000] [GetMac           ] [Start]
[20240323 15:53:37 070] [000000] [GetMac           ] [Try]
[20240323 15:53:37 082] [000000] [GetMac           ] [Success]
[20240323 15:53:37 092] [000000] [GetMac           ] [Finish]
[20240323 15:53:37 106] [000000] [POSUNINUM        ] [MAC+Space(32) TEXT ADD OK]
[20240323 15:53:37 115] [000000] [POSUNINUM        ] [Total Length Change]
[20240323 15:53:37 130] [000000] [POSUNINUM        ] [0747]
[20240323 15:53:37 144] [000000] [sendIP           ] [211.33.136.2]
[20240323 15:53:37 153] [000000] [sendPORT         ] [8101]
[20240323 15:53:37 162] [000000] [CommType         ] [1]
[20240323 15:53:37 173] [000000] [POSUNINUM        ] [Req Etc Port]
[20240323 15:53:37 184] [000000] [NiceCommWork     ] [211.33.136.2:8101]
[20240323 15:53:37 193] [000000] [Connect_Tcp      ] [211.33.136.2:8101]
[20240323 15:53:37 223] [001108] [Open_TcpPort     ] [Connect OK!]
[20240323 15:53:37 224] [000000] [GetCnlDisableYN  ] [Start]
[20240323 15:53:37 235] [000000] [GetStrEnv        ] [Start!]
[20240323 15:53:37 247] [000000] [CnlDisable       ] [N]
[20240323 15:53:37 259] [000000] [OPEN_POPUP       ] [Start!]
[20240323 15:53:37 281] [000000] [OPEN_POPUP       ] [Finish]
[20240323 15:53:37 287] [000000] [NiceCommWork     ] [SendRecvEnc]
[20240323 15:53:37 358] [001108] [SendMsg          ] [0747HPS31951890010323155334042030H1       IC 3195189001I*******************************************************************************************************************************0000000000000000000000000000000000000544797754240322            4089673734             ****************              ]
[20240323 15:53:38 072] [001108] [RecvMsg          ] [0580HPS31951890010323155334043030H1       IC 31951890010000****************************************000000000000000000000000000000000000054089673734             ****************07신한카드            07신한카드            0105275218     24032315533744797754    0831515476573 IC카드 정상취소 44797754                                                                                                                                                      1           NS240]
[20240323 15:53:38 073] [000000] [SendRecv         ] [End!]
[20240323 15:53:38 084] [001108] [Close_TcpPort    ] [Close OK!]
[20240323 15:53:38 093] [000000] [CLOSE_POPUP      ] [Start]
[20240323 15:53:38 106] [000000] [CLOSE_POPUP      ] [Finish]
[20240323 15:53:38 115] [000000] [EMV_COMPLITE     ] [Start]
[20240323 15:53:38 128] [000000] [EMV_CMP_ERRCD    ] []
[20240323 15:53:38 140] [000000] [Pos_Send         ] [return 1]
[20240323 15:53:38 149] [000000] [Pos_Send         ] [Finish!]
[20240323 15:53:38 160] [000000] [Pos_Send         ] [**********************************************************************************************]
[20240323 15:53:57 911] [000000] [Pos_Send         ] [**********************************************************************************************]
[20240323 15:53:57 912] [000000] [Pos_Send         ] [Start!]
[20240323 15:53:57 923] [000000] [Ver.             ] [#######NVCAT5002]
[20240323 15:53:57 932] [000000] [Date.            ] [24.1.22.1]
[20240323 15:53:57 942] [000000] [VpnUse           ] [N]
[20240323 15:53:57 954] [000000] [MultiVan         ] [N]
[20240323 15:53:57 962] [000000] [MultiReaderInfo  ] [Start]
[20240323 15:53:57 973] [000000] [MultiReaderInfo  ] [READERTYPE : [01], MultiReaderUse : [N], READERCNT : [0], PORTNUM : [0], PORTBAUDRATE : [0]]
[20240323 15:53:57 981] [000000] [MultiReaderInfo  ] [Finish]
[20240323 15:53:57 993] [000000] [GetCnlDisableYN  ] [Start]
[20240323 15:53:58 002] [000000] [GetStrEnv        ] [Start!]
[20240323 15:53:58 010] [000000] [DOWNTP           ] [1]
[20240323 15:53:58 019] [000000] [CnlDisable       ] [N]
[20240323 15:53:58 028] [000000] [NICEDOWN2        ] [Start]
[20240323 15:53:58 037] [000000] [ReaderSN         ] [Z624020161]
[20240323 15:53:58 045] [000000] [ReaderVer        ] [#####NR-5500K002]
[20240323 15:53:58 055] [000000] [NICEDOWN2        ] [CATID]
[20240323 15:53:58 067] [000000] [NICEDOWN2        ] [3195189001]
[20240323 15:53:58 079] [000000] [NICEDOWN2        ] [BIZNO]
[20240323 15:53:58 091] [000000] [NICEDOWN2        ] [4089673734]
[20240323 15:53:58 102] [000000] [NICEDOWN2        ] [NICEDOWN2 Date Check Start]
[20240323 15:53:58 111] [000000] [RT               ] [R]
[20240323 15:53:58 120] [000000] [REGDOWNTP        ] [1]
[20240323 15:53:58 130] [000000] [CnlDisable       ] []
[20240323 15:53:58 139] [000000] [NICEDOWN2        ] [(1) 다운로드 했던 기록이 있음]
[20240323 15:53:58 149] [000000] [NICEDOWN2        ] [(2) 이전 다운로드했던 날짜와 오늘 날짜가 같음]
[20240323 15:53:58 158] [000000] [NICEDOWN2        ] [(3) 이전 다운로드했던 CATID와 다운로드할 CATID가 같음]
[20240323 15:53:58 168] [000000] [NICEDOWN2        ] [(4) 이전 다운로드 유형과 다운로드할 유형이 같음]
[20240323 15:53:58 177] [000000] [NICEDOWN2        ] [Already NICEDOWN2  (-2)]
[20240323 15:53:58 186] [000000] [Pos_Send         ] [NICEDOWN2 Fail (-2)]
[20240323 15:53:58 197] [000000] [Pos_Send amt1    ] [000000000005]
[20240323 15:53:58 205] [000000] [Pos_Send amt2    ] [5]
[20240323 15:53:58 217] [000000] [ReqCard          ] [ReqCard]
[20240323 15:53:58 228] [000000] [Pos_Send amt3    ] [5]
[20240323 15:53:58 240] [000000] [POPUP_TIMER      ] [Start!]
[20240323 15:53:58 249] [000000] [Count            ] [30]
[20240323 15:53:58 270] [000000] [POPUP_TIMER      ] [Finish]
[20240323 15:53:58 274] [000000] [ReqCard          ] [Start!]
[20240323 15:53:58 285] [000000] [MultiReaderInfo  ] [Start]
[20240323 15:53:58 331] [000000] [MultiReaderInfo  ] [READERTYPE : [01], MultiReaderUse : [N], READERCNT : [0], PORTNUM : [0], PORTBAUDRATE : [0]]
[20240323 15:53:58 342] [000000] [MultiReaderInfo  ] [Finish]
[20240323 15:53:58 351] [000000] [ReqCard          ] [Multi Reader Use X]
[20240323 15:53:58 362] [000000] [PortOpen         ] [Start!]
[20240323 15:53:58 372] [000000] [PortOpen_Port    ] [12]
[20240323 15:53:58 582] [000000] [PortOpen         ] [Finish!]
[20240323 15:53:58 583] [000000] [PortOpen_rtn     ] [1]
[20240323 15:53:58 594] [000000] [ReqCard Time     ] [20240323155358]
[20240323 15:53:58 602] [000000] [ReqCard Amt      ] [000000000005]
[20240323 15:53:58 612] [000000] [ReqCard Catid    ] [3195189001]
[20240323 15:53:58 620] [000000] [ReqCard tp       ] [1]
[20240323 15:53:58 629] [000000] [ReqCard          ] [Request Nicepos sign!(0,1)]
[20240323 15:53:58 640] [000000] [NicePosSign      ] [156]
[20240323 15:53:59 642] [000000] [ReqCard ErrCode  ] [0]
[20240323 15:53:59 643] [000000] [PortClose        ] [Start!]
[20240323 15:53:59 651] [000000] [PortClose        ] [PortClose]
[20240323 15:53:59 662] [000000] [SC_ClosePort     ] [Start!]
[20240323 15:53:59 671] [000000] [ThreadWatchComm  ] [Fisish!]
[20240323 15:53:59 713] [000000] [SC_ClosePort     ] [Finish!]
[20240323 15:53:59 713] [000000] [PortClose        ] [Finish!]
[20240323 15:53:59 726] [000000] [CLOSE_POPUP      ] [Start]
[20240323 15:53:59 746] [000000] [CLOSE_POPUP      ] [Finish]
[20240323 15:53:59 788] [000000] [ReqCard          ] [ReqCard End]
[20240323 15:53:59 802] [000000] [VpnUse           ] [공중망]
[20240323 15:53:59 818] [000000] [POSUNINUM        ] [REQ TEXT ADD]
[20240323 15:53:59 832] [000000] [POSUNINUM        ] [PID(3) GB TEXT ADD OK]
[20240323 15:53:59 848] [000000] [POSUNINUM        ] [PID(15) TEXT ADD OK]
[20240323 15:53:59 915] [000000] [POSUNINUM        ] [MAC(3) GB TEXT ADD OK]
[20240323 15:54:00 029] [000000] [GetMac           ] [Start]
[20240323 15:54:00 101] [000000] [GetMac           ] [Try]
[20240323 15:54:00 181] [000000] [GetMac           ] [Success]
[20240323 15:54:00 252] [000000] [GetMac           ] [Finish]
[20240323 15:54:00 308] [000000] [POSUNINUM        ] [MAC+Space(32) TEXT ADD OK]
[20240323 15:54:00 367] [000000] [POSUNINUM        ] [Total Length Change]
[20240323 15:54:00 376] [000000] [POSUNINUM        ] [0747]
[20240323 15:54:00 386] [000000] [sendIP           ] [211.33.136.2]
[20240323 15:54:00 397] [000000] [sendPORT         ] [8101]
[20240323 15:54:00 407] [000000] [CommType         ] [1]
[20240323 15:54:00 416] [000000] [POSUNINUM        ] [Req Etc Port]
[20240323 15:54:00 426] [000000] [NiceCommWork     ] [211.33.136.2:8101]
[20240323 15:54:00 435] [000000] [Connect_Tcp      ] [211.33.136.2:8101]
[20240323 15:54:00 466] [001528] [Open_TcpPort     ] [Connect OK!]
[20240323 15:54:00 466] [000000] [GetCnlDisableYN  ] [Start]
[20240323 15:54:00 478] [000000] [GetStrEnv        ] [Start!]
[20240323 15:54:00 503] [000000] [CnlDisable       ] [N]
[20240323 15:54:00 515] [000000] [OPEN_POPUP       ] [Start!]
[20240323 15:54:00 547] [000000] [OPEN_POPUP       ] [Finish]
[20240323 15:54:00 557] [000000] [NiceCommWork     ] [SendRecvEnc]
[20240323 15:54:00 627] [001528] [SendMsg          ] [0747HPS31951890010323155357042030H1       IC 3195189001I*******************************************************************************************************************************000000000000000000000000000000000000052997091 240323            4089673734             ****************              ]
[20240323 15:54:00 760] [001528] [RecvMsg          ] [0516HPS31951890010323155357043030H1       IC 31951890016666****************************************000000000000000000000000000000000000054089673734             ****************07신한카드            07신한카드            0105275218                                          취소불가                                승인내역확인요                                                                                                                                     NS240]
[20240323 15:54:00 760] [000000] [SendRecv         ] [End!]
[20240323 15:54:00 773] [001528] [Close_TcpPort    ] [Close OK!]
[20240323 15:54:00 785] [000000] [CLOSE_POPUP      ] [Start]
[20240323 15:54:00 806] [000000] [CLOSE_POPUP      ] [Finish]
[20240323 15:54:00 839] [000000] [EMV_COMPLITE     ] [Start]
[20240323 15:54:00 855] [000000] [EMV_CMP_ERRCD    ] []
[20240323 15:54:00 868] [000000] [Pos_Send         ] [return 1]
[20240323 15:54:00 882] [000000] [Pos_Send         ] [Finish!]
[20240323 15:54:00 896] [000000] [Pos_Send         ] [**********************************************************************************************]
[20240323 16:29:06 966] [000000] [Pos_Send         ] [**********************************************************************************************]
[20240323 16:29:06 967] [000000] [Pos_Send         ] [Start!]
[20240323 16:29:06 979] [000000] [Ver.             ] [#######NVCAT5002]
[20240323 16:29:06 989] [000000] [Date.            ] [24.1.22.1]
[20240323 16:29:07 003] [000000] [VpnUse           ] [N]
[20240323 16:29:07 014] [000000] [MultiVan         ] [N]
[20240323 16:29:07 027] [000000] [MultiReaderInfo  ] [Start]
[20240323 16:29:07 037] [000000] [MultiReaderInfo  ] [READERTYPE : [01], MultiReaderUse : [N], READERCNT : [0], PORTNUM : [0], PORTBAUDRATE : [0]]
[20240323 16:29:07 048] [000000] [MultiReaderInfo  ] [Finish]
[20240323 16:29:07 061] [000000] [GetCnlDisableYN  ] [Start]
[20240323 16:29:07 075] [000000] [GetStrEnv        ] [Start!]
[20240323 16:29:07 085] [000000] [DOWNTP           ] [1]
[20240323 16:29:07 095] [000000] [CnlDisable       ] [N]
[20240323 16:29:07 107] [000000] [NICEDOWN2        ] [Start]
[20240323 16:29:07 124] [000000] [ReaderSN         ] [Z624020161]
[20240323 16:29:07 135] [000000] [ReaderVer        ] [#####NR-5500K002]
[20240323 16:29:07 149] [000000] [NICEDOWN2        ] [CATID]
[20240323 16:29:07 160] [000000] [NICEDOWN2        ] [3195189001]
[20240323 16:29:07 172] [000000] [NICEDOWN2        ] [BIZNO]
[20240323 16:29:07 183] [000000] [NICEDOWN2        ] [4089673734]
[20240323 16:29:07 193] [000000] [NICEDOWN2        ] [NICEDOWN2 Date Check Start]
[20240323 16:29:07 205] [000000] [RT               ] [R]
[20240323 16:29:07 218] [000000] [REGDOWNTP        ] [1]
[20240323 16:29:07 231] [000000] [CnlDisable       ] []
[20240323 16:29:07 241] [000000] [NICEDOWN2        ] [(1) 다운로드 했던 기록이 있음]
[20240323 16:29:07 251] [000000] [NICEDOWN2        ] [(2) 이전 다운로드했던 날짜와 오늘 날짜가 같음]
[20240323 16:29:07 260] [000000] [NICEDOWN2        ] [(3) 이전 다운로드했던 CATID와 다운로드할 CATID가 같음]
[20240323 16:29:07 270] [000000] [NICEDOWN2        ] [(4) 이전 다운로드 유형과 다운로드할 유형이 같음]
[20240323 16:29:07 286] [000000] [NICEDOWN2        ] [Already NICEDOWN2  (-2)]
[20240323 16:29:07 301] [000000] [Pos_Send         ] [NICEDOWN2 Fail (-2)]
[20240323 16:29:07 314] [000000] [Pos_Send amt1    ] [000000000005]
[20240323 16:29:07 326] [000000] [Pos_Send amt2    ] [5]
[20240323 16:29:07 338] [000000] [ReqCard          ] [ReqCard]
[20240323 16:29:07 356] [000000] [Pos_Send amt3    ] [5]
[20240323 16:29:07 372] [000000] [POPUP_TIMER      ] [Start!]
[20240323 16:29:07 388] [000000] [Count            ] [30]
[20240323 16:29:07 422] [000000] [POPUP_TIMER      ] [Finish]
[20240323 16:29:07 448] [000000] [ReqCard          ] [Start!]
[20240323 16:29:07 466] [000000] [MultiReaderInfo  ] [Start]
[20240323 16:29:07 482] [000000] [MultiReaderInfo  ] [READERTYPE : [01], MultiReaderUse : [N], READERCNT : [0], PORTNUM : [0], PORTBAUDRATE : [0]]
[20240323 16:29:07 493] [000000] [MultiReaderInfo  ] [Finish]
[20240323 16:29:07 509] [000000] [ReqCard          ] [Multi Reader Use X]
[20240323 16:29:07 526] [000000] [PortOpen         ] [Start!]
[20240323 16:29:07 542] [000000] [PortOpen_Port    ] [12]
[20240323 16:29:07 748] [000000] [PortOpen         ] [Finish!]
[20240323 16:29:07 749] [000000] [PortOpen_rtn     ] [1]
[20240323 16:29:07 762] [000000] [ReqCard Time     ] [20240323162907]
[20240323 16:29:07 775] [000000] [ReqCard Amt      ] [000000000005]
[20240323 16:29:07 791] [000000] [ReqCard Catid    ] [3195189001]
[20240323 16:29:07 803] [000000] [ReqCard tp       ] [0]
[20240323 16:29:07 817] [000000] [ReqCard          ] [Request Nicepos sign!(0,1)]
[20240323 16:29:07 830] [000000] [NicePosSign      ] [156]
[20240323 16:29:38 255] [000000] [ReqCard ErrCode  ] [f2]
[20240323 16:29:38 255] [000000] [PortClose        ] [Start!]
[20240323 16:29:38 267] [000000] [PortClose        ] [PortClose]
[20240323 16:29:38 278] [000000] [SC_ClosePort     ] [Start!]
[20240323 16:29:38 290] [000000] [ThreadWatchComm  ] [Fisish!]
[20240323 16:29:38 332] [000000] [SC_ClosePort     ] [Finish!]
[20240323 16:29:38 333] [000000] [PortClose        ] [Finish!]
[20240323 16:29:38 343] [000000] [CLOSE_POPUP      ] [Start]
[20240323 16:29:38 378] [000000] [CLOSE_POPUP      ] [Finish]
[20240323 16:29:38 409] [000000] [ReqCard          ] [ReqCard End]
[20240323 16:29:38 425] [000000] [POPUP_TIMER      ] [Start!]
[20240323 16:29:38 441] [000000] [Count            ] [30]
[20240323 16:29:38 494] [000000] [POPUP_TIMER      ] [Finish]
[20240323 16:29:38 500] [000000] [ReqCard          ] [Start!]
[20240323 16:29:38 519] [000000] [MultiReaderInfo  ] [Start]
[20240323 16:29:38 539] [000000] [MultiReaderInfo  ] [READERTYPE : [01], MultiReaderUse : [N], READERCNT : [0], PORTNUM : [0], PORTBAUDRATE : [0]]
[20240323 16:29:38 553] [000000] [MultiReaderInfo  ] [Finish]
[20240323 16:29:38 569] [000000] [ReqCard          ] [Multi Reader Use X]
[20240323 16:29:38 581] [000000] [PortOpen         ] [Start!]
[20240323 16:29:38 601] [000000] [PortOpen_Port    ] [12]
[20240323 16:29:38 817] [000000] [PortOpen         ] [Finish!]
[20240323 16:29:38 818] [000000] [PortOpen_rtn     ] [1]
[20240323 16:29:38 834] [000000] [ReqCard Time     ] [20240323162938]
[20240323 16:29:38 851] [000000] [ReqCard Amt      ] [000000000005]
[20240323 16:29:38 866] [000000] [ReqCard Catid    ] [3195189001]
[20240323 16:29:38 882] [000000] [ReqCard tp       ] [0]
[20240323 16:29:38 903] [000000] [ReqCard          ] [Request Nicepos sign!(0,1)]
[20240323 16:29:38 916] [000000] [NicePosSign      ] [156]
[20240323 16:30:09 520] [000000] [ReqCard ErrCode  ] [f2]
[20240323 16:30:09 521] [000000] [PortClose        ] [Start!]
[20240323 16:30:09 531] [000000] [PortClose        ] [PortClose]
[20240323 16:30:09 545] [000000] [SC_ClosePort     ] [Start!]
[20240323 16:30:09 555] [000000] [ThreadWatchComm  ] [Fisish!]
[20240323 16:30:09 597] [000000] [SC_ClosePort     ] [Finish!]
[20240323 16:30:09 598] [000000] [PortClose        ] [Finish!]
[20240323 16:30:09 608] [000000] [CLOSE_POPUP      ] [Start]
[20240323 16:30:09 636] [000000] [CLOSE_POPUP      ] [Finish]
[20240323 16:30:09 674] [000000] [Pos_Send[7]      ] [return -80]
[20240323 16:30:09 694] [000000] [Pos_Send[7]      ] [**********************************************************************************************]
[20240323 18:42:05 645] [000000] [Pos_Send         ] [**********************************************************************************************]
[20240323 18:42:05 657] [000000] [Pos_Send         ] [Start!]
[20240323 18:42:05 672] [000000] [Ver.             ] [#######NVCAT5002]
[20240323 18:42:05 702] [000000] [Date.            ] [24.1.22.1]
[20240323 18:42:05 727] [000000] [VpnUse           ] [N]
[20240323 18:42:05 750] [000000] [MultiVan         ] [N]
[20240323 18:42:05 775] [000000] [MultiReaderInfo  ] [Start]
[20240323 18:42:05 798] [000000] [MultiReaderInfo  ] [READERTYPE : [01], MultiReaderUse : [N], READERCNT : [0], PORTNUM : [0], PORTBAUDRATE : [0]]
[20240323 18:42:05 829] [000000] [MultiReaderInfo  ] [Finish]
[20240323 18:42:05 843] [000000] [GetCnlDisableYN  ] [Start]
[20240323 18:42:05 863] [000000] [GetStrEnv        ] [Start!]
[20240323 18:42:05 874] [000000] [DOWNTP           ] [1]
[20240323 18:42:05 890] [000000] [CnlDisable       ] [N]
[20240323 18:42:05 926] [000000] [NICEDOWN2        ] [Start]
[20240323 18:42:05 945] [000000] [ReaderSN         ] [Z624020161]
[20240323 18:42:05 956] [000000] [ReaderVer        ] [#####NR-5500K002]
[20240323 18:42:05 974] [000000] [NICEDOWN2        ] [CATID]
[20240323 18:42:05 985] [000000] [NICEDOWN2        ] [3195189001]
[20240323 18:42:05 998] [000000] [NICEDOWN2        ] [BIZNO]
[20240323 18:42:06 012] [000000] [NICEDOWN2        ] [4089673734]
[20240323 18:42:06 024] [000000] [NICEDOWN2        ] [NICEDOWN2 Date Check Start]
[20240323 18:42:06 040] [000000] [RT               ] [R]
[20240323 18:42:06 055] [000000] [REGDOWNTP        ] [1]
[20240323 18:42:06 067] [000000] [CnlDisable       ] []
[20240323 18:42:06 079] [000000] [NICEDOWN2        ] [(1) 다운로드 했던 기록이 있음]
[20240323 18:42:06 091] [000000] [NICEDOWN2        ] [(2) 이전 다운로드했던 날짜와 오늘 날짜가 같음]
[20240323 18:42:06 104] [000000] [NICEDOWN2        ] [(3) 이전 다운로드했던 CATID와 다운로드할 CATID가 같음]
[20240323 18:42:06 115] [000000] [NICEDOWN2        ] [(4) 이전 다운로드 유형과 다운로드할 유형이 같음]
[20240323 18:42:06 125] [000000] [NICEDOWN2        ] [Already NICEDOWN2  (-2)]
[20240323 18:42:06 137] [000000] [Pos_Send         ] [NICEDOWN2 Fail (-2)]
[20240323 18:42:06 146] [000000] [Pos_Send amt1    ] [000000000003]
[20240323 18:42:06 159] [000000] [Pos_Send amt2    ] [3]
[20240323 18:42:06 169] [000000] [ReqCard          ] [ReqCard]
[20240323 18:42:06 182] [000000] [Pos_Send amt3    ] [3]
[20240323 18:42:06 191] [000000] [POPUP_TIMER      ] [Start!]
[20240323 18:42:06 203] [000000] [Count            ] [30]
[20240323 18:42:06 232] [000000] [POPUP_TIMER      ] [Finish]
[20240323 18:42:06 263] [000000] [ReqCard          ] [Start!]
[20240323 18:42:06 276] [000000] [MultiReaderInfo  ] [Start]
[20240323 18:42:06 287] [000000] [MultiReaderInfo  ] [READERTYPE : [01], MultiReaderUse : [N], READERCNT : [0], PORTNUM : [0], PORTBAUDRATE : [0]]
[20240323 18:42:06 297] [000000] [MultiReaderInfo  ] [Finish]
[20240323 18:42:06 308] [000000] [ReqCard          ] [Multi Reader Use X]
[20240323 18:42:06 321] [000000] [PortOpen         ] [Start!]
[20240323 18:42:06 334] [000000] [PortOpen_Port    ] [12]
[20240323 18:42:06 536] [000000] [PortOpen         ] [Finish!]
[20240323 18:42:06 536] [000000] [PortOpen_rtn     ] [1]
[20240323 18:42:06 548] [000000] [ReqCard Time     ] [20240323184206]
[20240323 18:42:06 561] [000000] [ReqCard Amt      ] [000000000003]
[20240323 18:42:06 572] [000000] [ReqCard Catid    ] [3195189001]
[20240323 18:42:06 585] [000000] [ReqCard tp       ] [0]
[20240323 18:42:06 596] [000000] [ReqCard          ] [Request Nicepos sign!(0,1)]
[20240323 18:42:06 609] [000000] [NicePosSign      ] [156]
[20240323 18:42:12 995] [000000] [ReqCard ErrCode  ] [0]
[20240323 18:42:12 996] [000000] [PortClose        ] [Start!]
[20240323 18:42:13 014] [000000] [PortClose        ] [PortClose]
[20240323 18:42:13 024] [000000] [SC_ClosePort     ] [Start!]
[20240323 18:42:13 037] [000000] [ThreadWatchComm  ] [Fisish!]
[20240323 18:42:13 079] [000000] [SC_ClosePort     ] [Finish!]
[20240323 18:42:13 079] [000000] [PortClose        ] [Finish!]
[20240323 18:42:13 089] [000000] [CLOSE_POPUP      ] [Start]
[20240323 18:42:13 114] [000000] [CLOSE_POPUP      ] [Finish]
[20240323 18:42:13 160] [000000] [ReqCard          ] [ReqCard End]
[20240323 18:42:13 177] [000000] [SIGNROMVER       ] []
[20240323 18:42:13 193] [000000] [SIGNSERIALNO     ] []
[20240323 18:42:13 206] [000000] [VpnUse           ] [공중망]
[20240323 18:42:13 222] [000000] [POSUNINUM        ] [REQ TEXT ADD]
[20240323 18:42:13 233] [000000] [POSUNINUM        ] [PID(3) GB TEXT ADD OK]
[20240323 18:42:13 246] [000000] [POSUNINUM        ] [PID(15) TEXT ADD OK]
[20240323 18:42:13 260] [000000] [POSUNINUM        ] [MAC(3) GB TEXT ADD OK]
[20240323 18:42:13 275] [000000] [GetMac           ] [Start]
[20240323 18:42:13 288] [000000] [GetMac           ] [Try]
[20240323 18:42:13 305] [000000] [GetMac           ] [Success]
[20240323 18:42:13 316] [000000] [GetMac           ] [Finish]
[20240323 18:42:13 334] [000000] [POSUNINUM        ] [MAC+Space(32) TEXT ADD OK]
[20240323 18:42:13 354] [000000] [POSUNINUM        ] [Total Length Change]
[20240323 18:42:13 373] [000000] [POSUNINUM        ] [0747]
[20240323 18:42:13 397] [000000] [sendIP           ] [211.33.136.2]
[20240323 18:42:13 415] [000000] [sendPORT         ] [8101]
[20240323 18:42:13 428] [000000] [CommType         ] [1]
[20240323 18:42:13 444] [000000] [POSUNINUM        ] [Req Etc Port]
[20240323 18:42:13 456] [000000] [NiceCommWork     ] [211.33.136.2:8101]
[20240323 18:42:13 469] [000000] [Connect_Tcp      ] [211.33.136.2:8101]
[20240323 18:42:13 499] [001472] [Open_TcpPort     ] [Connect OK!]
[20240323 18:42:13 500] [000000] [GetCnlDisableYN  ] [Start]
[20240323 18:42:13 514] [000000] [GetStrEnv        ] [Start!]
[20240323 18:42:13 527] [000000] [CnlDisable       ] [N]
[20240323 18:42:13 541] [000000] [OPEN_POPUP       ] [Start!]
[20240323 18:42:13 572] [000000] [OPEN_POPUP       ] [Finish]
[20240323 18:42:13 619] [000000] [NiceCommWork     ] [SendRecvEnc]
[20240323 18:42:13 753] [001472] [SendMsg          ] [0747HPS31951890010323184205020010H1       IC 3195189001I*******************************************************************************************************************************00000000000000000000000000000000000003                          4089673734             ****************              ]
[20240323 18:42:14 409] [001472] [RecvMsg          ] [0580HPS31951890010323184205021010H1       IC 31951890010000****************************************000000000000000000000000000000000000034089673734             ****************07신한카드            07신한카드            0105275218     24032318421305482625    0831819678303 IC카드 정상승인 05482625                                                                                                                                                      1           NS240]
[20240323 18:42:14 409] [000000] [SendRecv         ] [End!]
[20240323 18:42:14 421] [001472] [Close_TcpPort    ] [Close OK!]
[20240323 18:42:14 433] [000000] [CLOSE_POPUP      ] [Start]
[20240323 18:42:14 454] [000000] [CLOSE_POPUP      ] [Finish]
[20240323 18:42:14 491] [000000] [EMV_COMPLITE     ] [Start]
[20240323 18:42:14 510] [000000] [EMV_CMP_ERRCD    ] []
[20240323 18:42:14 526] [000000] [Pos_Send         ] [return 1]
[20240323 18:42:14 542] [000000] [Pos_Send         ] [Finish!]
[20240323 18:42:14 557] [000000] [Pos_Send         ] [**********************************************************************************************]
[20240323 18:43:08 807] [000000] [Pos_Send         ] [**********************************************************************************************]
[20240323 18:43:08 808] [000000] [Pos_Send         ] [Start!]
[20240323 18:43:08 822] [000000] [Ver.             ] [#######NVCAT5002]
[20240323 18:43:08 834] [000000] [Date.            ] [24.1.22.1]
[20240323 18:43:08 851] [000000] [VpnUse           ] [N]
[20240323 18:43:08 865] [000000] [MultiVan         ] [N]
[20240323 18:43:08 877] [000000] [MultiReaderInfo  ] [Start]
[20240323 18:43:08 888] [000000] [MultiReaderInfo  ] [READERTYPE : [01], MultiReaderUse : [N], READERCNT : [0], PORTNUM : [0], PORTBAUDRATE : [0]]
[20240323 18:43:08 901] [000000] [MultiReaderInfo  ] [Finish]
[20240323 18:43:08 913] [000000] [GetCnlDisableYN  ] [Start]
[20240323 18:43:08 925] [000000] [GetStrEnv        ] [Start!]
[20240323 18:43:08 939] [000000] [DOWNTP           ] [1]
[20240323 18:43:08 949] [000000] [CnlDisable       ] [N]
[20240323 18:43:08 960] [000000] [NICEDOWN2        ] [Start]
[20240323 18:43:08 972] [000000] [ReaderSN         ] [Z624020161]
[20240323 18:43:08 985] [000000] [ReaderVer        ] [#####NR-5500K002]
[20240323 18:43:08 996] [000000] [NICEDOWN2        ] [CATID]
[20240323 18:43:09 007] [000000] [NICEDOWN2        ] [3195189001]
[20240323 18:43:09 018] [000000] [NICEDOWN2        ] [BIZNO]
[20240323 18:43:09 029] [000000] [NICEDOWN2        ] [4089673734]
[20240323 18:43:09 042] [000000] [NICEDOWN2        ] [NICEDOWN2 Date Check Start]
[20240323 18:43:09 055] [000000] [RT               ] [R]
[20240323 18:43:09 066] [000000] [REGDOWNTP        ] [1]
[20240323 18:43:09 078] [000000] [CnlDisable       ] []
[20240323 18:43:09 090] [000000] [NICEDOWN2        ] [(1) 다운로드 했던 기록이 있음]
[20240323 18:43:09 102] [000000] [NICEDOWN2        ] [(2) 이전 다운로드했던 날짜와 오늘 날짜가 같음]
[20240323 18:43:09 116] [000000] [NICEDOWN2        ] [(3) 이전 다운로드했던 CATID와 다운로드할 CATID가 같음]
[20240323 18:43:09 129] [000000] [NICEDOWN2        ] [(4) 이전 다운로드 유형과 다운로드할 유형이 같음]
[20240323 18:43:09 140] [000000] [NICEDOWN2        ] [Already NICEDOWN2  (-2)]
[20240323 18:43:09 153] [000000] [Pos_Send         ] [NICEDOWN2 Fail (-2)]
[20240323 18:43:09 164] [000000] [Pos_Send amt1    ] [000000000003]
[20240323 18:43:09 175] [000000] [Pos_Send amt2    ] [3]
[20240323 18:43:09 193] [000000] [ReqCard          ] [ReqCard]
[20240323 18:43:09 208] [000000] [Pos_Send amt3    ] [3]
[20240323 18:43:09 220] [000000] [POPUP_TIMER      ] [Start!]
[20240323 18:43:09 232] [000000] [Count            ] [30]
[20240323 18:43:09 262] [000000] [POPUP_TIMER      ] [Finish]
[20240323 18:43:09 284] [000000] [ReqCard          ] [Start!]
[20240323 18:43:09 298] [000000] [MultiReaderInfo  ] [Start]
[20240323 18:43:09 314] [000000] [MultiReaderInfo  ] [READERTYPE : [01], MultiReaderUse : [N], READERCNT : [0], PORTNUM : [0], PORTBAUDRATE : [0]]
[20240323 18:43:09 326] [000000] [MultiReaderInfo  ] [Finish]
[20240323 18:43:09 336] [000000] [ReqCard          ] [Multi Reader Use X]
[20240323 18:43:09 348] [000000] [PortOpen         ] [Start!]
[20240323 18:43:09 358] [000000] [PortOpen_Port    ] [12]
[20240323 18:43:09 566] [000000] [PortOpen         ] [Finish!]
[20240323 18:43:09 566] [000000] [PortOpen_rtn     ] [1]
[20240323 18:43:09 581] [000000] [ReqCard Time     ] [20240323184309]
[20240323 18:43:09 593] [000000] [ReqCard Amt      ] [000000000003]
[20240323 18:43:09 602] [000000] [ReqCard Catid    ] [3195189001]
[20240323 18:43:09 615] [000000] [ReqCard tp       ] [1]
[20240323 18:43:09 625] [000000] [ReqCard          ] [Request Nicepos sign!(0,1)]
[20240323 18:43:09 635] [000000] [NicePosSign      ] [156]
[20240323 18:43:13 948] [000000] [ReqCard ErrCode  ] [0]
[20240323 18:43:13 949] [000000] [PortClose        ] [Start!]
[20240323 18:43:13 961] [000000] [PortClose        ] [PortClose]
[20240323 18:43:13 971] [000000] [SC_ClosePort     ] [Start!]
[20240323 18:43:13 983] [000000] [ThreadWatchComm  ] [Fisish!]
[20240323 18:43:14 025] [000000] [SC_ClosePort     ] [Finish!]
[20240323 18:43:14 025] [000000] [PortClose        ] [Finish!]
[20240323 18:43:14 038] [000000] [CLOSE_POPUP      ] [Start]
[20240323 18:43:14 061] [000000] [CLOSE_POPUP      ] [Finish]
[20240323 18:43:14 101] [000000] [ReqCard          ] [ReqCard End]
[20240323 18:43:14 116] [000000] [VpnUse           ] [공중망]
[20240323 18:43:14 132] [000000] [POSUNINUM        ] [REQ TEXT ADD]
[20240323 18:43:14 147] [000000] [POSUNINUM        ] [PID(3) GB TEXT ADD OK]
[20240323 18:43:14 163] [000000] [POSUNINUM        ] [PID(15) TEXT ADD OK]
[20240323 18:43:14 177] [000000] [POSUNINUM        ] [MAC(3) GB TEXT ADD OK]
[20240323 18:43:14 195] [000000] [GetMac           ] [Start]
[20240323 18:43:14 210] [000000] [GetMac           ] [Try]
[20240323 18:43:14 230] [000000] [GetMac           ] [Success]
[20240323 18:43:14 247] [000000] [GetMac           ] [Finish]
[20240323 18:43:14 260] [000000] [POSUNINUM        ] [MAC+Space(32) TEXT ADD OK]
[20240323 18:43:14 273] [000000] [POSUNINUM        ] [Total Length Change]
[20240323 18:43:14 285] [000000] [POSUNINUM        ] [0747]
[20240323 18:43:14 298] [000000] [sendIP           ] [211.33.136.2]
[20240323 18:43:14 312] [000000] [sendPORT         ] [8101]
[20240323 18:43:14 326] [000000] [CommType         ] [1]
[20240323 18:43:14 340] [000000] [POSUNINUM        ] [Req Etc Port]
[20240323 18:43:14 352] [000000] [NiceCommWork     ] [211.33.136.2:8101]
[20240323 18:43:14 362] [000000] [Connect_Tcp      ] [211.33.136.2:8101]
[20240323 18:43:14 396] [001872] [Open_TcpPort     ] [Connect OK!]
[20240323 18:43:14 396] [000000] [GetCnlDisableYN  ] [Start]
[20240323 18:43:14 406] [000000] [GetStrEnv        ] [Start!]
[20240323 18:43:14 419] [000000] [CnlDisable       ] [N]
[20240323 18:43:14 430] [000000] [OPEN_POPUP       ] [Start!]
[20240323 18:43:14 458] [000000] [OPEN_POPUP       ] [Finish]
[20240323 18:43:14 474] [000000] [NiceCommWork     ] [SendRecvEnc]
[20240323 18:43:14 556] [001872] [SendMsg          ] [0747HPS31951890010323184308042030H1       IC 3195189001I*******************************************************************************************************************************000000000000000000000000000000000000035482625 240323            4089673734             ****************              ]
[20240323 18:43:14 682] [001872] [RecvMsg          ] [0516HPS31951890010323184308043030H1       IC 31951890016666****************************************000000000000000000000000000000000000034089673734             ****************07신한카드            07신한카드            0105275218                                          취소불가                                승인내역확인요                                                                                                                                     NS240]
[20240323 18:43:14 683] [000000] [SendRecv         ] [End!]
[20240323 18:43:14 696] [001872] [Close_TcpPort    ] [Close OK!]
[20240323 18:43:14 706] [000000] [CLOSE_POPUP      ] [Start]
[20240323 18:43:14 730] [000000] [CLOSE_POPUP      ] [Finish]
[20240323 18:43:14 780] [000000] [EMV_COMPLITE     ] [Start]
[20240323 18:43:14 801] [000000] [EMV_CMP_ERRCD    ] []
[20240323 18:43:14 815] [000000] [Pos_Send         ] [return 1]
[20240323 18:43:14 829] [000000] [Pos_Send         ] [Finish!]
[20240323 18:43:14 845] [000000] [Pos_Send         ] [**********************************************************************************************]
[20240323 23:07:19 259] [000000] [Pos_Send         ] [**********************************************************************************************]
[20240323 23:07:19 260] [000000] [Pos_Send         ] [Start!]
[20240323 23:07:19 286] [000000] [Ver.             ] [#######NVCAT5002]
[20240323 23:07:19 308] [000000] [Date.            ] [24.1.22.1]
[20240323 23:07:19 331] [000000] [VpnUse           ] [N]
[20240323 23:07:19 348] [000000] [MultiVan         ] [N]
[20240323 23:07:19 368] [000000] [MultiReaderInfo  ] [Start]
[20240323 23:07:19 389] [000000] [MultiReaderInfo  ] [READERTYPE : [01], MultiReaderUse : [N], READERCNT : [0], PORTNUM : [0], PORTBAUDRATE : [0]]
[20240323 23:07:19 411] [000000] [MultiReaderInfo  ] [Finish]
[20240323 23:07:19 433] [000000] [GetCnlDisableYN  ] [Start]
[20240323 23:07:19 452] [000000] [GetStrEnv        ] [Start!]
[20240323 23:07:19 470] [000000] [DOWNTP           ] [1]
[20240323 23:07:19 493] [000000] [CnlDisable       ] [N]
[20240323 23:07:19 511] [000000] [NICEDOWN2        ] [Start]
[20240323 23:07:19 533] [000000] [ReaderSN         ] [Z624020161]
[20240323 23:07:19 555] [000000] [ReaderVer        ] [#####NR-5500K002]
[20240323 23:07:19 579] [000000] [NICEDOWN2        ] [CATID]
[20240323 23:07:19 603] [000000] [NICEDOWN2        ] [3195189001]
[20240323 23:07:19 620] [000000] [NICEDOWN2        ] [BIZNO]
[20240323 23:07:19 641] [000000] [NICEDOWN2        ] [4089673734]
[20240323 23:07:19 655] [000000] [NICEDOWN2        ] [NICEDOWN2 Date Check Start]
[20240323 23:07:19 670] [000000] [RT               ] [R]
[20240323 23:07:19 693] [000000] [REGDOWNTP        ] [1]
[20240323 23:07:19 715] [000000] [CnlDisable       ] []
[20240323 23:07:19 734] [000000] [NICEDOWN2        ] [(1) 다운로드 했던 기록이 있음]
[20240323 23:07:19 755] [000000] [NICEDOWN2        ] [(2) 이전 다운로드했던 날짜와 오늘 날짜가 같음]
[20240323 23:07:19 772] [000000] [NICEDOWN2        ] [(3) 이전 다운로드했던 CATID와 다운로드할 CATID가 같음]
[20240323 23:07:19 790] [000000] [NICEDOWN2        ] [(4) 이전 다운로드 유형과 다운로드할 유형이 같음]
[20240323 23:07:19 812] [000000] [NICEDOWN2        ] [Already NICEDOWN2  (-2)]
[20240323 23:07:19 830] [000000] [Pos_Send         ] [NICEDOWN2 Fail (-2)]
[20240323 23:07:19 852] [000000] [Pos_Send amt1    ] [000000000005]
[20240323 23:07:19 872] [000000] [Pos_Send amt2    ] [5]
[20240323 23:07:19 889] [000000] [ReqCard          ] [ReqCard]
[20240323 23:07:19 907] [000000] [Pos_Send amt3    ] [5]
[20240323 23:07:19 927] [000000] [POPUP_TIMER      ] [Start!]
[20240323 23:07:19 949] [000000] [Count            ] [30]
[20240323 23:07:19 993] [000000] [POPUP_TIMER      ] [Finish]
[20240323 23:07:20 034] [000000] [ReqCard          ] [Start!]
[20240323 23:07:20 049] [000000] [MultiReaderInfo  ] [Start]
[20240323 23:07:20 064] [000000] [MultiReaderInfo  ] [READERTYPE : [01], MultiReaderUse : [N], READERCNT : [0], PORTNUM : [0], PORTBAUDRATE : [0]]
[20240323 23:07:20 074] [000000] [MultiReaderInfo  ] [Finish]
[20240323 23:07:20 083] [000000] [ReqCard          ] [Multi Reader Use X]
[20240323 23:07:20 094] [000000] [PortOpen         ] [Start!]
[20240323 23:07:20 104] [000000] [PortOpen_Port    ] [12]
[20240323 23:07:20 317] [000000] [PortOpen         ] [Finish!]
[20240323 23:07:20 318] [000000] [PortOpen_rtn     ] [1]
[20240323 23:07:20 328] [000000] [ReqCard Time     ] [20240323230720]
[20240323 23:07:20 338] [000000] [ReqCard Amt      ] [000000000005]
[20240323 23:07:20 349] [000000] [ReqCard Catid    ] [3195189001]
[20240323 23:07:20 359] [000000] [ReqCard tp       ] [0]
[20240323 23:07:20 369] [000000] [ReqCard          ] [Request Nicepos sign!(0,1)]
[20240323 23:07:20 381] [000000] [NicePosSign      ] [156]
[20240323 23:07:30 274] [000000] [ReqCard ErrCode  ] [0]
[20240323 23:07:30 274] [000000] [PortClose        ] [Start!]
[20240323 23:07:30 284] [000000] [PortClose        ] [PortClose]
[20240323 23:07:30 294] [000000] [SC_ClosePort     ] [Start!]
[20240323 23:07:30 304] [000000] [ThreadWatchComm  ] [Fisish!]
[20240323 23:07:30 346] [000000] [SC_ClosePort     ] [Finish!]
[20240323 23:07:30 346] [000000] [PortClose        ] [Finish!]
[20240323 23:07:30 357] [000000] [CLOSE_POPUP      ] [Start]
[20240323 23:07:30 385] [000000] [CLOSE_POPUP      ] [Finish]
[20240323 23:07:30 439] [000000] [ReqCard          ] [ReqCard End]
[20240323 23:07:30 457] [000000] [SIGNROMVER       ] []
[20240323 23:07:30 473] [000000] [SIGNSERIALNO     ] []
[20240323 23:07:30 489] [000000] [VpnUse           ] [공중망]
[20240323 23:07:30 504] [000000] [POSUNINUM        ] [REQ TEXT ADD]
[20240323 23:07:30 519] [000000] [POSUNINUM        ] [PID(3) GB TEXT ADD OK]
[20240323 23:07:30 535] [000000] [POSUNINUM        ] [PID(15) TEXT ADD OK]
[20240323 23:07:30 551] [000000] [POSUNINUM        ] [MAC(3) GB TEXT ADD OK]
[20240323 23:07:30 564] [000000] [GetMac           ] [Start]
[20240323 23:07:30 579] [000000] [GetMac           ] [Try]
[20240323 23:07:30 597] [000000] [GetMac           ] [Success]
[20240323 23:07:30 610] [000000] [GetMac           ] [Finish]
[20240323 23:07:30 624] [000000] [POSUNINUM        ] [MAC+Space(32) TEXT ADD OK]
[20240323 23:07:30 639] [000000] [POSUNINUM        ] [Total Length Change]
[20240323 23:07:30 659] [000000] [POSUNINUM        ] [0747]
[20240323 23:07:30 679] [000000] [sendIP           ] [211.33.136.2]
[20240323 23:07:30 696] [000000] [sendPORT         ] [8101]
[20240323 23:07:30 712] [000000] [CommType         ] [1]
[20240323 23:07:30 735] [000000] [POSUNINUM        ] [Req Etc Port]
[20240323 23:07:30 757] [000000] [NiceCommWork     ] [211.33.136.2:8101]
[20240323 23:07:30 780] [000000] [Connect_Tcp      ] [211.33.136.2:8101]
[20240323 23:07:30 820] [001732] [Open_TcpPort     ] [Connect OK!]
[20240323 23:07:30 821] [000000] [GetCnlDisableYN  ] [Start]
[20240323 23:07:30 838] [000000] [GetStrEnv        ] [Start!]
[20240323 23:07:30 860] [000000] [CnlDisable       ] [N]
[20240323 23:07:30 878] [000000] [OPEN_POPUP       ] [Start!]
[20240323 23:07:30 915] [000000] [OPEN_POPUP       ] [Finish]
[20240323 23:07:30 932] [000000] [NiceCommWork     ] [SendRecvEnc]
[20240323 23:07:31 016] [001732] [SendMsg          ] [0747HPS31951890010323230719020010H1       IC 3195189001I*******************************************************************************************************************************00000000000000000000000000000000000005                          4089673734             ****************              ]
[20240323 23:07:31 429] [001732] [RecvMsg          ] [0580HPS31951890010323230719021010H1       IC 31951890010000****************************************000000000000000000000000000000000000054089673734             ****************05신한카드            07신한카드            0105275218     24032323073008424309    0832300039273 IC카드 정상승인 08424309                                                                                                                                                      0           NS240]
[20240323 23:07:31 429] [000000] [SendRecv         ] [End!]
[20240323 23:07:31 440] [001732] [Close_TcpPort    ] [Close OK!]
[20240323 23:07:31 450] [000000] [CLOSE_POPUP      ] [Start]
[20240323 23:07:31 473] [000000] [CLOSE_POPUP      ] [Finish]
[20240323 23:07:31 521] [000000] [EMV_COMPLITE     ] [Start]
[20240323 23:07:31 537] [000000] [EMV_CMP_ERRCD    ] []
[20240323 23:07:31 553] [000000] [Pos_Send         ] [return 1]
[20240323 23:07:31 568] [000000] [Pos_Send         ] [Finish!]
[20240323 23:07:31 583] [000000] [Pos_Send         ] [**********************************************************************************************]
[20240323 23:10:31 780] [000000] [Pos_Send         ] [**********************************************************************************************]
[20240323 23:10:31 781] [000000] [Pos_Send         ] [Start!]
[20240323 23:10:31 815] [000000] [Ver.             ] [#######NVCAT5002]
[20240323 23:10:31 862] [000000] [Date.            ] [24.1.22.1]
[20240323 23:10:31 892] [000000] [VpnUse           ] [N]
[20240323 23:10:31 915] [000000] [MultiVan         ] [N]
[20240323 23:10:31 951] [000000] [MultiReaderInfo  ] [Start]
[20240323 23:10:32 174] [000000] [MultiReaderInfo  ] [READERTYPE : [01], MultiReaderUse : [N], READERCNT : [0], PORTNUM : [0], PORTBAUDRATE : [0]]
[20240323 23:10:32 295] [000000] [MultiReaderInfo  ] [Finish]
[20240323 23:10:32 335] [000000] [GetCnlDisableYN  ] [Start]
[20240323 23:10:32 410] [000000] [GetStrEnv        ] [Start!]
[20240323 23:10:32 477] [000000] [DOWNTP           ] [1]
[20240323 23:10:32 512] [000000] [CnlDisable       ] [N]
[20240323 23:10:32 557] [000000] [NICEDOWN2        ] [Start]
[20240323 23:10:32 582] [000000] [ReaderSN         ] [Z624020161]
[20240323 23:10:32 613] [000000] [ReaderVer        ] [#####NR-5500K002]
[20240323 23:10:32 640] [000000] [NICEDOWN2        ] [CATID]
[20240323 23:10:32 664] [000000] [NICEDOWN2        ] [3195189001]
[20240323 23:10:32 692] [000000] [NICEDOWN2        ] [BIZNO]
[20240323 23:10:32 719] [000000] [NICEDOWN2        ] [4089673734]
[20240323 23:10:32 750] [000000] [NICEDOWN2        ] [NICEDOWN2 Date Check Start]
[20240323 23:10:32 781] [000000] [RT               ] [R]
[20240323 23:10:32 810] [000000] [REGDOWNTP        ] [1]
[20240323 23:10:32 842] [000000] [CnlDisable       ] []
[20240323 23:10:32 871] [000000] [NICEDOWN2        ] [(1) 다운로드 했던 기록이 있음]
[20240323 23:10:32 921] [000000] [NICEDOWN2        ] [(2) 이전 다운로드했던 날짜와 오늘 날짜가 같음]
[20240323 23:10:33 007] [000000] [NICEDOWN2        ] [(3) 이전 다운로드했던 CATID와 다운로드할 CATID가 같음]
[20240323 23:10:33 139] [000000] [NICEDOWN2        ] [(4) 이전 다운로드 유형과 다운로드할 유형이 같음]
[20240323 23:10:33 426] [000000] [NICEDOWN2        ] [Already NICEDOWN2  (-2)]
[20240323 23:10:33 469] [000000] [Pos_Send         ] [NICEDOWN2 Fail (-2)]
[20240323 23:10:33 543] [000000] [Pos_Send amt1    ] [000000000005]
[20240323 23:10:33 576] [000000] [Pos_Send amt2    ] [5]
[20240323 23:10:33 617] [000000] [ReqCard          ] [ReqCard]
[20240323 23:10:33 645] [000000] [Pos_Send amt3    ] [5]
[20240323 23:10:33 676] [000000] [POPUP_TIMER      ] [Start!]
[20240323 23:10:33 701] [000000] [Count            ] [30]
[20240323 23:10:33 776] [000000] [POPUP_TIMER      ] [Finish]
[20240323 23:10:33 807] [000000] [ReqCard          ] [Start!]
[20240323 23:10:33 824] [000000] [MultiReaderInfo  ] [Start]
[20240323 23:10:33 842] [000000] [MultiReaderInfo  ] [READERTYPE : [01], MultiReaderUse : [N], READERCNT : [0], PORTNUM : [0], PORTBAUDRATE : [0]]
[20240323 23:10:33 854] [000000] [MultiReaderInfo  ] [Finish]
[20240323 23:10:33 865] [000000] [ReqCard          ] [Multi Reader Use X]
[20240323 23:10:33 874] [000000] [PortOpen         ] [Start!]
[20240323 23:10:33 886] [000000] [PortOpen_Port    ] [12]
[20240323 23:10:34 088] [000000] [PortOpen         ] [Finish!]
[20240323 23:10:34 088] [000000] [PortOpen_rtn     ] [1]
[20240323 23:10:34 193] [000000] [ReqCard Time     ] [20240323231034]
[20240323 23:10:34 229] [000000] [ReqCard Amt      ] [000000000005]
[20240323 23:10:34 242] [000000] [ReqCard Catid    ] [3195189001]
[20240323 23:10:34 258] [000000] [ReqCard tp       ] [0]
[20240323 23:10:34 275] [000000] [ReqCard          ] [Request Nicepos sign!(0,1)]
[20240323 23:10:34 300] [000000] [NicePosSign      ] [156]
[20240323 23:10:37 737] [000000] [ReqCard ErrCode  ] [0]
[20240323 23:10:37 737] [000000] [PortClose        ] [Start!]
[20240323 23:10:37 747] [000000] [PortClose        ] [PortClose]
[20240323 23:10:37 756] [000000] [SC_ClosePort     ] [Start!]
[20240323 23:10:37 766] [000000] [ThreadWatchComm  ] [Fisish!]
[20240323 23:10:37 807] [000000] [SC_ClosePort     ] [Finish!]
[20240323 23:10:37 808] [000000] [PortClose        ] [Finish!]
[20240323 23:10:37 821] [000000] [CLOSE_POPUP      ] [Start]
[20240323 23:10:37 843] [000000] [CLOSE_POPUP      ] [Finish]
[20240323 23:10:37 891] [000000] [ReqCard          ] [ReqCard End]
[20240323 23:10:37 917] [000000] [SIGNROMVER       ] []
[20240323 23:10:37 934] [000000] [SIGNSERIALNO     ] []
[20240323 23:10:37 951] [000000] [VpnUse           ] [공중망]
[20240323 23:10:37 968] [000000] [POSUNINUM        ] [REQ TEXT ADD]
[20240323 23:10:37 990] [000000] [POSUNINUM        ] [PID(3) GB TEXT ADD OK]
[20240323 23:10:38 007] [000000] [POSUNINUM        ] [PID(15) TEXT ADD OK]
[20240323 23:10:38 023] [000000] [POSUNINUM        ] [MAC(3) GB TEXT ADD OK]
[20240323 23:10:38 040] [000000] [GetMac           ] [Start]
[20240323 23:10:38 058] [000000] [GetMac           ] [Try]
[20240323 23:10:38 075] [000000] [GetMac           ] [Success]
[20240323 23:10:38 224] [000000] [GetMac           ] [Finish]
[20240323 23:10:38 317] [000000] [POSUNINUM        ] [MAC+Space(32) TEXT ADD OK]
[20240323 23:10:38 339] [000000] [POSUNINUM        ] [Total Length Change]
[20240323 23:10:38 362] [000000] [POSUNINUM        ] [0747]
[20240323 23:10:38 407] [000000] [sendIP           ] [211.33.136.2]
[20240323 23:10:38 506] [000000] [sendPORT         ] [8101]
[20240323 23:10:38 549] [000000] [CommType         ] [1]
[20240323 23:10:38 567] [000000] [POSUNINUM        ] [Req Etc Port]
[20240323 23:10:38 588] [000000] [NiceCommWork     ] [211.33.136.2:8101]
[20240323 23:10:38 618] [000000] [Connect_Tcp      ] [211.33.136.2:8101]
[20240323 23:10:38 652] [001532] [Open_TcpPort     ] [Connect OK!]
[20240323 23:10:38 660] [000000] [GetCnlDisableYN  ] [Start]
[20240323 23:10:38 683] [000000] [GetStrEnv        ] [Start!]
[20240323 23:10:38 705] [000000] [CnlDisable       ] [N]
[20240323 23:10:38 730] [000000] [OPEN_POPUP       ] [Start!]
[20240323 23:10:38 788] [000000] [OPEN_POPUP       ] [Finish]
[20240323 23:10:38 805] [000000] [NiceCommWork     ] [SendRecvEnc]
[20240323 23:10:38 882] [001532] [SendMsg          ] [0747HPS31951890010323231031020010H1       IC 3195189001I*******************************************************************************************************************************00000000000000000000000000000000000005                          4089673734             ****************              ]
[20240323 23:10:39 208] [001532] [RecvMsg          ] [0580HPS31951890010323231031021010H1       IC 31951890010000****************************************000000000000000000000000000000000000054089673734             ****************05신한카드            07신한카드            0105275218     24032323103808445353    0832300080503 IC카드 정상승인 08445353                                                                                                                                                      0           NS240]
[20240323 23:10:39 208] [000000] [SendRecv         ] [End!]
[20240323 23:10:39 263] [001532] [Close_TcpPort    ] [Close OK!]
[20240323 23:10:39 321] [000000] [CLOSE_POPUP      ] [Start]
[20240323 23:10:39 361] [000000] [CLOSE_POPUP      ] [Finish]
[20240323 23:10:39 407] [000000] [EMV_COMPLITE     ] [Start]
[20240323 23:10:39 424] [000000] [EMV_CMP_ERRCD    ] []
[20240323 23:10:39 440] [000000] [Pos_Send         ] [return 1]
[20240323 23:10:39 467] [000000] [Pos_Send         ] [Finish!]
[20240323 23:10:39 486] [000000] [Pos_Send         ] [**********************************************************************************************]
