[20240405 12:57:02 167] [000000] [SetEnv           ] [Start!]
[20240405 12:57:02 169] [000000] [SetEnv_ccatid    ] [3195189001]
[20240405 12:57:02 180] [000000] [SetEnv_CatID     ] [3195189001]
[20240405 12:57:02 259] [000000] [SetEnv_cbizno    ] [4089673734]
[20240405 12:57:02 298] [000000] [SetEnv_BizNo     ] [4089673734]
[20240405 12:57:02 394] [000000] [SetEnv           ] [Finish!]
[20240405 12:57:02 541] [000000] [Set_SvrInfo      ] [Start!]
[20240405 12:57:02 677] [000000] [GetCnlDisableYN  ] [Start]
[20240405 12:57:02 754] [000000] [GetStrEnv        ] [Start!]
[20240405 12:57:02 801] [000000] [CnlDisable       ] [N]
[20240405 12:57:02 837] [000000] [RT               ] [1]
[20240405 12:57:02 887] [000000] [SetCnlDisableYN  ] [Start]
[20240405 12:57:02 918] [000000] [DownType         ] [1]
[20240405 12:57:02 918] [000000] [Disable          ] [N]
[20240405 12:57:02 934] [000000] [SetCnlDisableYN  ] [Finish]
[20240405 12:57:05 176] [000000] [Get_SvrInfo      ] [Start!]
[20240405 12:57:05 304] [000000] [GetEnv           ] [Start!]
[20240405 12:57:05 391] [000000] [Ver.             ] [#######NVCAT5002]
[20240405 12:57:05 463] [000000] [Date.            ] [24.1.22.1]
[20240405 12:57:05 520] [000000] [GetEnv_CatID     ] [3195189001]
[20240405 12:57:05 619] [000000] [GetEnv_BizNo     ] [4089673734]
[20240405 12:57:05 629] [000000] [GetEnv           ] [Finish!]
[20240405 12:57:05 639] [000000] [Get_ReaderInfo   ] [Start!]
[20240405 12:57:05 650] [000000] [PortOpen         ] [Start!]
[20240405 12:57:05 811] [000000] [PortOpen_Port    ] [12]
[20240405 12:57:07 869] [000000] [PortOpen         ] [Finish!]
[20240405 12:57:07 956] [000000] [PortOpen_rtn     ] [1]
[20240405 12:57:07 967] [000000] [Get_ReaderInfo   ] [NicePosSign!]
[20240405 12:57:08 011] [000000] [NicePosSign      ] [49]
[20240405 12:57:08 072] [000000] [PortClose        ] [Start!]
[20240405 12:57:08 082] [000000] [PortClose        ] [PortClose]
[20240405 12:57:08 092] [000000] [SC_ClosePort     ] [Start!]
[20240405 12:57:08 103] [000000] [ThreadWatchComm  ] [Fisish!]
[20240405 12:57:08 144] [000000] [SC_ClosePort     ] [Finish!]
[20240405 12:57:08 154] [000000] [PortClose        ] [Finish!]
[20240405 12:57:08 164] [000000] [Get_ReaderInfo   ] [#####NR-5500K002]
[20240405 12:57:08 175] [000000] [Get_SignInfo2    ] [ROMVER Start!]
[20240405 12:57:08 254] [000000] [Get_SignInfo2    ] [SignPort Not Setting]
[20240405 12:57:08 265] [000000] [Get_SignInfo2    ] [ROMVER(16)]
[20240405 12:57:08 293] [000000] [Get_SignInfo2    ] []
[20240405 12:57:08 308] [000000] [MultiReaderInfo  ] [Start]
[20240405 12:57:08 333] [000000] [MultiReaderInfo  ] [READERTYPE : [01], MultiReaderUse : [N], READERCNT : [0], PORTNUM : [0], PORTBAUDRATE : [0]]
[20240405 12:57:08 362] [000000] [MultiReaderInfo  ] [Finish]
[20240405 12:57:08 389] [000000] [ChkValid         ] [Start!]
[20240405 12:57:08 434] [000000] [OPEN_POPUP       ] [Start!]
[20240405 12:57:08 567] [000000] [OPEN_POPUP       ] [Finish]
[20240405 12:57:08 578] [000000] [ChkValid         ] [Get_serial_data!]
[20240405 12:57:08 758] [000000] [PortOpen         ] [Start!]
[20240405 12:57:08 769] [000000] [PortOpen_Port    ] [12]
[20240405 12:57:09 945] [000000] [PortOpen         ] [Finish!]
[20240405 12:57:10 010] [000000] [PortOpen_rtn     ] [1]
[20240405 12:57:10 059] [000000] [Get_serial_data  ] [NicePosSign]
[20240405 12:57:10 083] [000000] [NicePosSign      ] [49]
[20240405 12:57:10 160] [000000] [PortClose        ] [Start!]
[20240405 12:57:10 172] [000000] [PortClose        ] [PortClose]
[20240405 12:57:10 183] [000000] [SC_ClosePort     ] [Start!]
[20240405 12:57:10 194] [000000] [ThreadWatchComm  ] [Fisish!]
[20240405 12:57:10 236] [000000] [SC_ClosePort     ] [Finish!]
[20240405 12:57:10 284] [000000] [PortClose        ] [Finish!]
[20240405 12:57:10 299] [000000] [ChkValid         ] [Get_RandomKey(RND_P1)]
[20240405 12:57:10 310] [000000] [PortOpen         ] [Start!]
[20240405 12:57:10 322] [000000] [PortOpen_Port    ] [12]
[20240405 12:57:11 231] [000000] [PortOpen         ] [Finish!]
[20240405 12:57:11 263] [000000] [PortOpen_rtn     ] [1]
[20240405 12:57:11 297] [000000] [ChkValid         ] [NicePosSign 1]
[20240405 12:57:11 341] [000000] [NicePosSign      ] [160]
[20240405 12:57:11 372] [000000] [ChkValid         ] [ClosePort 1]
[20240405 12:57:11 384] [000000] [ChkValid         ] [Get_RandomKey(RND_P2)]
[20240405 12:57:11 395] [000000] [ChkValid         ] [NicePosSign 2]
[20240405 12:57:11 407] [000000] [NicePosSign      ] [160]
[20240405 12:57:11 436] [000000] [ChkValid         ] [ClosePort 2]
[20240405 12:57:11 447] [000000] [ChkValid         ] [NicePosSign 3]
[20240405 12:57:11 469] [000000] [NicePosSign      ] [160]
[20240405 12:57:11 499] [000000] [ChkValid         ] [ClosePort 3]
[20240405 12:57:11 510] [000000] [CLOSE_POPUP      ] [Start]
[20240405 12:57:11 523] [000000] [CLOSE_POPUP      ] [Finish]
[20240405 12:57:11 538] [000000] [OPEN_POPUP       ] [Start!]
[20240405 12:57:11 607] [000000] [OPEN_POPUP       ] [Finish]
[20240405 12:57:11 618] [000000] [ChkValid         ] [NicePosSign 4]
[20240405 12:57:11 630] [000000] [NicePosSign      ] [161]
[20240405 12:57:11 660] [000000] [ChkValid         ] [ClosePort 4]
[20240405 12:57:11 671] [000000] [PortClose        ] [Start!]
[20240405 12:57:11 682] [000000] [PortClose        ] [PortClose]
[20240405 12:57:11 693] [000000] [SC_ClosePort     ] [Start!]
[20240405 12:57:11 705] [000000] [ThreadWatchComm  ] [Fisish!]
[20240405 12:57:11 746] [000000] [SC_ClosePort     ] [Finish!]
[20240405 12:57:11 758] [000000] [PortClose        ] [Finish!]
[20240405 12:57:11 769] [000000] [ChkValid_ERRCD   ] [0]
[20240405 12:57:11 781] [000000] [CLOSE_POPUP      ] [Start]
[20240405 12:57:11 795] [000000] [CLOSE_POPUP      ] [Finish]
[20240405 12:57:11 867] [000000] [Get_ReaderInfo   ] [Start!]
[20240405 12:57:11 879] [000000] [PortOpen         ] [Start!]
[20240405 12:57:11 892] [000000] [PortOpen_Port    ] [12]
[20240405 12:57:12 317] [000000] [PortOpen         ] [Finish!]
[20240405 12:57:12 341] [000000] [PortOpen_rtn     ] [1]
[20240405 12:57:12 354] [000000] [Get_ReaderInfo   ] [NicePosSign!]
[20240405 12:57:12 366] [000000] [NicePosSign      ] [49]
[20240405 12:57:12 405] [000000] [PortClose        ] [Start!]
[20240405 12:57:12 417] [000000] [PortClose        ] [PortClose]
[20240405 12:57:12 429] [000000] [SC_ClosePort     ] [Start!]
[20240405 12:57:12 442] [000000] [ThreadWatchComm  ] [Fisish!]
[20240405 12:57:12 483] [000000] [SC_ClosePort     ] [Finish!]
[20240405 12:57:12 497] [000000] [PortClose        ] [Finish!]
[20240405 12:57:12 511] [000000] [Get_ReaderInfo   ] [#####NR-5500K002]
[20240405 12:57:12 745] [000000] [GetEnv           ] [Start!]
[20240405 12:57:12 756] [000000] [Ver.             ] [#######NVCAT5002]
[20240405 12:57:12 768] [000000] [Date.            ] [24.1.22.1]
[20240405 12:57:12 782] [000000] [GetEnv_CatID     ] [3195189001]
[20240405 12:57:12 793] [000000] [GetEnv_BizNo     ] [4089673734]
[20240405 12:57:12 804] [000000] [GetEnv           ] [Finish!]
