[20240311 00:06:12 467] [000000] [Pos_Send         ] [**********************************************************************************************]
[20240311 00:06:12 470] [000000] [Pos_Send         ] [Start!]
[20240311 00:06:12 482] [000000] [Ver.             ] [#######NVCAT5002]
[20240311 00:06:12 498] [000000] [Date.            ] [24.1.22.1]
[20240311 00:06:12 517] [000000] [VpnUse           ] [N]
[20240311 00:06:12 530] [000000] [MultiVan         ] [N]
[20240311 00:06:12 544] [000000] [MultiReaderInfo  ] [Start]
[20240311 00:06:12 559] [000000] [MultiReaderInfo  ] [READERTYPE : [01], MultiReaderUse : [N], READERCNT : [0], PORTNUM : [0], PORTBAUDRATE : [0]]
[20240311 00:06:12 574] [000000] [MultiReaderInfo  ] [Finish]
[20240311 00:06:12 590] [000000] [GetCnlDisableYN  ] [Start]
[20240311 00:06:12 605] [000000] [GetStrEnv        ] [Start!]
[20240311 00:06:12 615] [000000] [DOWNTP           ] [1]
[20240311 00:06:12 635] [000000] [CnlDisable       ] [N]
[20240311 00:06:12 645] [000000] [NICEDOWN2        ] [Start]
[20240311 00:06:12 657] [000000] [ReaderSN         ] [Z624020161]
[20240311 00:06:12 685] [000000] [ReaderVer        ] [#####NR-5500K002]
[20240311 00:06:12 705] [000000] [NICEDOWN2        ] [CATID]
[20240311 00:06:12 721] [000000] [NICEDOWN2        ] [3195189001]
[20240311 00:06:14 237] [000000] [NICEDOWN2        ] [BIZNO]
[20240311 00:06:14 951] [000000] [NICEDOWN2        ] [4089673734]
[20240311 00:06:15 049] [000000] [NICEDOWN2        ] [NICEDOWN2 Date Check Start]
[20240311 00:06:15 272] [000000] [RT               ] [R]
[20240311 00:06:15 623] [000000] [REGDOWNTP        ] [1]
[20240311 00:06:15 958] [000000] [CnlDisable       ] []
[20240311 00:06:16 105] [000000] [NICEDOWN2        ] [(1) 다운로드 했던 기록이 있음]
[20240311 00:06:17 045] [000000] [NICEDOWN2        ] [(3) 이전 다운로드했던 CATID와 다운로드할 CATID가 같음]
[20240311 00:06:17 102] [000000] [NICEDOWN2        ] [(4) 이전 다운로드 유형과 다운로드할 유형이 같음]
[20240311 00:06:17 198] [000000] [NICEDOWN2        ] [NICEDOWN2 Date Check Finish]
[20240311 00:06:17 563] [000000] [SetCnlDisableYN  ] [Start]
[20240311 00:06:17 743] [000000] [DownType         ] [1]
[20240311 00:06:17 754] [000000] [Disable          ] []
[20240311 00:06:17 764] [000000] [SetCnlDisableYN  ] [Finish]
[20240311 00:06:18 187] [000000] [Connect_Tcp      ] [211.33.136.9:9002]
[20240311 00:06:20 737] [001284] [Open_TcpPort     ] [Connect OK!]
[20240311 00:06:21 100] [000000] [GetMac           ] [Start]
[20240311 00:06:21 346] [000000] [GetMac           ] [Try]
[20240311 00:06:21 962] [000000] [GetMac           ] [Success]
[20240311 00:06:22 222] [000000] [GetMac           ] [Finish]
[20240311 00:06:22 247] [000000] [SIGNSERIALNO     ] []
[20240311 00:06:22 271] [000000] [sendBuf          ] [0273770G44089673734319518900111002091702027700000000                                       10NVCAT               Z624020161#####NR-5500K002NVKN50  20240311000615               D8C497336879                                                                                     ]
[20240311 00:06:22 377] [000000] [recvBuf          ] [0492770G4408967373431951890010000R다운로드 정상                           211.33.136.2   8101 211.33.136.2   8101 211.33.136.9   9003 에이스독서실                      임원일              01071038573         인천 부평구 충선로 174상록빌딩 5층 전체                                                                                                                                                                 00211.33.136.1   9000 022402240287192N                                              ]
[20240311 00:06:22 378] [001284] [Close_TcpPort    ] [Close OK!]
[20240311 00:06:22 443] [000000] [RPORT            ] [8101]
[20240311 00:06:22 481] [000000] [NICEDOWNREQ      ] [N]
[20240311 00:06:22 513] [000000] [RPORT Set 4      ] [8101]
[20240311 00:06:22 610] [000000] [POSUNINUM        ] [022402240287192]
[20240311 00:06:22 614] [000000] [NICEDOWN2        ] [return 1]
[20240311 00:06:22 655] [000000] [NICEDOWN2        ] [Finish]
[20240311 00:06:22 832] [000000] [Pos_Send         ] [NICEDOWN2 Success]
[20240311 00:06:22 934] [000000] [Pos_Send amt1    ] [000000000001]
[20240311 00:06:22 995] [000000] [Pos_Send amt2    ] [1]
[20240311 00:06:23 024] [000000] [ReqCard          ] [ReqCard]
[20240311 00:06:23 048] [000000] [Pos_Send amt3    ] [1]
[20240311 00:06:23 065] [000000] [POPUP_TIMER      ] [Start!]
[20240311 00:06:23 082] [000000] [Count            ] [30]
[20240311 00:06:23 197] [000000] [POPUP_TIMER      ] [Finish]
[20240311 00:06:23 200] [000000] [ReqCard          ] [Start!]
[20240311 00:06:23 221] [000000] [MultiReaderInfo  ] [Start]
[20240311 00:06:23 241] [000000] [MultiReaderInfo  ] [READERTYPE : [01], MultiReaderUse : [N], READERCNT : [0], PORTNUM : [0], PORTBAUDRATE : [0]]
[20240311 00:06:23 264] [000000] [MultiReaderInfo  ] [Finish]
[20240311 00:06:23 283] [000000] [ReqCard          ] [Multi Reader Use X]
[20240311 00:06:23 304] [000000] [PortOpen         ] [Start!]
[20240311 00:06:23 322] [000000] [PortOpen_Port    ] [12]
[20240311 00:06:23 544] [000000] [PortOpen         ] [Finish!]
[20240311 00:06:23 545] [000000] [PortOpen_rtn     ] [1]
[20240311 00:06:23 557] [000000] [ReqCard Time     ] [20240311000623]
[20240311 00:06:23 576] [000000] [ReqCard Amt      ] [000000000001]
[20240311 00:06:23 597] [000000] [ReqCard Catid    ] [3195189001]
[20240311 00:06:23 609] [000000] [ReqCard tp       ] [0]
[20240311 00:06:23 621] [000000] [ReqCard          ] [Request Nicepos sign!(0,1)]
[20240311 00:06:23 659] [000000] [NicePosSign      ] [156]
[20240311 00:06:34 744] [000000] [ReqCard ErrCode  ] [0]
[20240311 00:06:34 745] [000000] [PortClose        ] [Start!]
[20240311 00:06:34 760] [000000] [PortClose        ] [PortClose]
[20240311 00:06:34 825] [000000] [SC_ClosePort     ] [Start!]
[20240311 00:06:34 838] [000000] [ThreadWatchComm  ] [Fisish!]
[20240311 00:06:34 879] [000000] [SC_ClosePort     ] [Finish!]
[20240311 00:06:35 049] [000000] [PortClose        ] [Finish!]
[20240311 00:06:35 138] [000000] [CLOSE_POPUP      ] [Start]
[20240311 00:06:35 221] [000000] [CLOSE_POPUP      ] [Finish]
[20240311 00:06:35 344] [000000] [ReqCard          ] [ReqCard End]
[20240311 00:06:35 400] [000000] [SIGNROMVER       ] []
[20240311 00:06:35 424] [000000] [SIGNSERIALNO     ] []
[20240311 00:06:35 454] [000000] [VpnUse           ] [공중망]
[20240311 00:06:35 474] [000000] [POSUNINUM        ] [REQ TEXT ADD]
[20240311 00:06:35 498] [000000] [POSUNINUM        ] [PID(3) GB TEXT ADD OK]
[20240311 00:06:35 585] [000000] [POSUNINUM        ] [PID(15) TEXT ADD OK]
[20240311 00:06:35 606] [000000] [POSUNINUM        ] [MAC(3) GB TEXT ADD OK]
[20240311 00:06:35 702] [000000] [GetMac           ] [Start]
[20240311 00:06:35 721] [000000] [GetMac           ] [Try]
[20240311 00:06:35 759] [000000] [GetMac           ] [Success]
[20240311 00:06:35 971] [000000] [GetMac           ] [Finish]
[20240311 00:06:36 078] [000000] [POSUNINUM        ] [MAC+Space(32) TEXT ADD OK]
[20240311 00:06:36 106] [000000] [POSUNINUM        ] [Total Length Change]
[20240311 00:06:36 134] [000000] [POSUNINUM        ] [0747]
[20240311 00:06:36 163] [000000] [sendIP           ] [211.33.136.2]
[20240311 00:06:36 194] [000000] [sendPORT         ] [8101]
[20240311 00:06:36 315] [000000] [CommType         ] [1]
[20240311 00:06:36 388] [000000] [POSUNINUM        ] [Req Etc Port]
[20240311 00:06:36 407] [000000] [NiceCommWork     ] [211.33.136.2:8101]
[20240311 00:06:36 517] [000000] [Connect_Tcp      ] [211.33.136.2:8101]
[20240311 00:06:36 597] [001324] [Open_TcpPort     ] [Connect OK!]
[20240311 00:06:36 772] [000000] [GetCnlDisableYN  ] [Start]
[20240311 00:06:36 783] [000000] [GetStrEnv        ] [Start!]
[20240311 00:06:36 798] [000000] [CnlDisable       ] [N]
[20240311 00:06:36 812] [000000] [OPEN_POPUP       ] [Start!]
[20240311 00:06:36 937] [000000] [OPEN_POPUP       ] [Finish]
[20240311 00:06:37 051] [000000] [NiceCommWork     ] [SendRecvEnc]
[20240311 00:06:37 202] [001324] [SendMsg          ] [0747HPS31951890010311000612020010H1       IC 3195189001I*******************************************************************************************************************************00000000000000000000000000000000000001                          4089673734             ****************              ]
[20240311 00:06:37 754] [001324] [RecvMsg          ] [0580HPS31951890010311000612021010H1       IC 31951890010000****************************************000000000000000000000000000000000000014089673734             ****************07신한카드            07신한카드            0105275218     24031100063732941129    0710013569463 IC카드 정상승인 32941129                                                                                                                                                      1           NS240]
[20240311 00:06:37 754] [000000] [SendRecv         ] [End!]
[20240311 00:06:37 807] [001324] [Close_TcpPort    ] [Close OK!]
[20240311 00:06:38 008] [000000] [CLOSE_POPUP      ] [Start]
[20240311 00:06:38 047] [000000] [CLOSE_POPUP      ] [Finish]
[20240311 00:06:38 367] [000000] [EMV_COMPLITE     ] [Start]
[20240311 00:06:38 452] [000000] [EMV_CMP_ERRCD    ] []
[20240311 00:06:38 471] [000000] [Pos_Send         ] [return 1]
[20240311 00:06:38 576] [000000] [Pos_Send         ] [Finish!]
[20240311 00:06:38 877] [000000] [Pos_Send         ] [**********************************************************************************************]
[20240311 00:06:50 053] [000000] [Pos_Send         ] [**********************************************************************************************]
[20240311 00:06:50 054] [000000] [Pos_Send         ] [Start!]
[20240311 00:06:50 078] [000000] [Ver.             ] [#######NVCAT5002]
[20240311 00:06:50 097] [000000] [Date.            ] [24.1.22.1]
[20240311 00:06:50 118] [000000] [VpnUse           ] [N]
[20240311 00:06:50 139] [000000] [MultiVan         ] [N]
[20240311 00:06:50 157] [000000] [MultiReaderInfo  ] [Start]
[20240311 00:06:50 186] [000000] [MultiReaderInfo  ] [READERTYPE : [01], MultiReaderUse : [N], READERCNT : [0], PORTNUM : [0], PORTBAUDRATE : [0]]
[20240311 00:06:50 205] [000000] [MultiReaderInfo  ] [Finish]
[20240311 00:06:50 222] [000000] [GetCnlDisableYN  ] [Start]
[20240311 00:06:50 242] [000000] [GetStrEnv        ] [Start!]
[20240311 00:06:50 259] [000000] [DOWNTP           ] [1]
[20240311 00:06:50 279] [000000] [CnlDisable       ] [N]
[20240311 00:06:50 307] [000000] [NICEDOWN2        ] [Start]
[20240311 00:06:50 325] [000000] [ReaderSN         ] [Z624020161]
[20240311 00:06:50 344] [000000] [ReaderVer        ] [#####NR-5500K002]
[20240311 00:06:50 366] [000000] [NICEDOWN2        ] [CATID]
[20240311 00:06:50 385] [000000] [NICEDOWN2        ] [3195189001]
[20240311 00:06:50 404] [000000] [NICEDOWN2        ] [BIZNO]
[20240311 00:06:50 424] [000000] [NICEDOWN2        ] [4089673734]
[20240311 00:06:50 444] [000000] [NICEDOWN2        ] [NICEDOWN2 Date Check Start]
[20240311 00:06:50 462] [000000] [RT               ] [R]
[20240311 00:06:50 479] [000000] [REGDOWNTP        ] [1]
[20240311 00:06:50 502] [000000] [CnlDisable       ] []
[20240311 00:06:50 520] [000000] [NICEDOWN2        ] [(1) 다운로드 했던 기록이 있음]
[20240311 00:06:50 538] [000000] [NICEDOWN2        ] [(2) 이전 다운로드했던 날짜와 오늘 날짜가 같음]
[20240311 00:06:50 554] [000000] [NICEDOWN2        ] [(3) 이전 다운로드했던 CATID와 다운로드할 CATID가 같음]
[20240311 00:06:50 574] [000000] [NICEDOWN2        ] [(4) 이전 다운로드 유형과 다운로드할 유형이 같음]
[20240311 00:06:50 592] [000000] [NICEDOWN2        ] [Already NICEDOWN2  (-2)]
[20240311 00:06:50 614] [000000] [Pos_Send         ] [NICEDOWN2 Fail (-2)]
[20240311 00:06:50 636] [000000] [Pos_Send amt1    ] [000000000001]
[20240311 00:06:50 663] [000000] [Pos_Send amt2    ] [1]
[20240311 00:06:50 684] [000000] [ReqCard          ] [ReqCard]
[20240311 00:06:50 704] [000000] [Pos_Send amt3    ] [1]
[20240311 00:06:50 724] [000000] [POPUP_TIMER      ] [Start!]
[20240311 00:06:50 746] [000000] [Count            ] [30]
[20240311 00:06:50 788] [000000] [POPUP_TIMER      ] [Finish]
[20240311 00:06:50 934] [000000] [ReqCard          ] [Start!]
[20240311 00:06:51 016] [000000] [MultiReaderInfo  ] [Start]
[20240311 00:06:51 039] [000000] [MultiReaderInfo  ] [READERTYPE : [01], MultiReaderUse : [N], READERCNT : [0], PORTNUM : [0], PORTBAUDRATE : [0]]
[20240311 00:06:51 059] [000000] [MultiReaderInfo  ] [Finish]
[20240311 00:06:51 182] [000000] [ReqCard          ] [Multi Reader Use X]
[20240311 00:06:51 290] [000000] [PortOpen         ] [Start!]
[20240311 00:06:51 303] [000000] [PortOpen_Port    ] [12]
[20240311 00:06:51 554] [000000] [PortOpen         ] [Finish!]
[20240311 00:06:51 554] [000000] [PortOpen_rtn     ] [1]
[20240311 00:06:51 574] [000000] [ReqCard Time     ] [20240311000651]
[20240311 00:06:51 594] [000000] [ReqCard Amt      ] [000000000001]
[20240311 00:06:51 614] [000000] [ReqCard Catid    ] [3195189001]
[20240311 00:06:51 634] [000000] [ReqCard tp       ] [0]
[20240311 00:06:51 653] [000000] [ReqCard          ] [Request Nicepos sign!(0,1)]
[20240311 00:06:51 682] [000000] [NicePosSign      ] [156]
[20240311 00:06:55 149] [000000] [ReqCard ErrCode  ] [0]
[20240311 00:06:55 149] [000000] [PortClose        ] [Start!]
[20240311 00:06:55 169] [000000] [PortClose        ] [PortClose]
[20240311 00:06:55 188] [000000] [SC_ClosePort     ] [Start!]
[20240311 00:06:55 208] [000000] [ThreadWatchComm  ] [Fisish!]
[20240311 00:06:55 249] [000000] [SC_ClosePort     ] [Finish!]
[20240311 00:06:55 265] [000000] [PortClose        ] [Finish!]
[20240311 00:06:55 285] [000000] [CLOSE_POPUP      ] [Start]
[20240311 00:06:55 332] [000000] [CLOSE_POPUP      ] [Finish]
[20240311 00:06:55 411] [000000] [ReqCard          ] [ReqCard End]
[20240311 00:06:55 429] [000000] [SIGNROMVER       ] []
[20240311 00:06:55 450] [000000] [SIGNSERIALNO     ] []
[20240311 00:06:55 481] [000000] [VpnUse           ] [공중망]
[20240311 00:06:55 503] [000000] [POSUNINUM        ] [REQ TEXT ADD]
[20240311 00:06:55 522] [000000] [POSUNINUM        ] [PID(3) GB TEXT ADD OK]
[20240311 00:06:55 543] [000000] [POSUNINUM        ] [PID(15) TEXT ADD OK]
[20240311 00:06:55 577] [000000] [POSUNINUM        ] [MAC(3) GB TEXT ADD OK]
[20240311 00:06:55 594] [000000] [GetMac           ] [Start]
[20240311 00:06:55 615] [000000] [GetMac           ] [Try]
[20240311 00:06:55 636] [000000] [GetMac           ] [Success]
[20240311 00:06:55 656] [000000] [GetMac           ] [Finish]
[20240311 00:06:55 675] [000000] [POSUNINUM        ] [MAC+Space(32) TEXT ADD OK]
[20240311 00:06:55 695] [000000] [POSUNINUM        ] [Total Length Change]
[20240311 00:06:55 731] [000000] [POSUNINUM        ] [0747]
[20240311 00:06:55 751] [000000] [sendIP           ] [211.33.136.2]
[20240311 00:06:55 782] [000000] [sendPORT         ] [8101]
[20240311 00:06:55 984] [000000] [CommType         ] [1]
[20240311 00:06:55 997] [000000] [POSUNINUM        ] [Req Etc Port]
[20240311 00:06:56 013] [000000] [NiceCommWork     ] [211.33.136.2:8101]
[20240311 00:06:56 026] [000000] [Connect_Tcp      ] [211.33.136.2:8101]
[20240311 00:06:56 052] [001300] [Open_TcpPort     ] [Connect OK!]
[20240311 00:06:56 230] [000000] [GetCnlDisableYN  ] [Start]
[20240311 00:06:56 242] [000000] [GetStrEnv        ] [Start!]
[20240311 00:06:56 254] [000000] [CnlDisable       ] [N]
[20240311 00:06:56 267] [000000] [OPEN_POPUP       ] [Start!]
[20240311 00:06:56 302] [000000] [OPEN_POPUP       ] [Finish]
[20240311 00:06:56 320] [000000] [NiceCommWork     ] [SendRecvEnc]
[20240311 00:06:56 415] [001300] [SendMsg          ] [0747HPS31951890010311000650020010H1       IC 3195189001I*******************************************************************************************************************************00000000000000000000000000000000000001                          4089673734             ****************              ]
[20240311 00:06:56 985] [001300] [RecvMsg          ] [0580HPS31951890010311000650021010H1       IC 31951890010000****************************************000000000000000000000000000000000000014089673734             ****************07신한카드            07신한카드            0105275218     24031100065632941939    0710013572143 IC카드 정상승인 32941939                                                                                                                                                      1           NS240]
[20240311 00:06:57 280] [000000] [SendRecv         ] [End!]
[20240311 00:06:57 386] [001300] [Close_TcpPort    ] [Close OK!]
[20240311 00:07:00 742] [000000] [CLOSE_POPUP      ] [Start]
[20240311 00:07:00 867] [000000] [CLOSE_POPUP      ] [Finish]
[20240311 00:07:00 972] [000000] [EMV_COMPLITE     ] [Start]
[20240311 00:07:00 991] [000000] [EMV_CMP_ERRCD    ] []
[20240311 00:07:01 006] [000000] [Pos_Send         ] [return 1]
[20240311 00:07:01 039] [000000] [Pos_Send         ] [Finish!]
[20240311 00:07:01 054] [000000] [Pos_Send         ] [**********************************************************************************************]
[20240311 16:05:15 211] [000000] [SetEnv           ] [Start!]
[20240311 16:05:15 236] [000000] [SetEnv_ccatid    ] [3195189001]
[20240311 16:05:15 266] [000000] [SetEnv_CatID     ] [3195189001]
[20240311 16:05:15 293] [000000] [SetEnv_cbizno    ] [4089673734]
[20240311 16:05:15 343] [000000] [SetEnv_BizNo     ] [4089673734]
[20240311 16:05:15 386] [000000] [SetEnv           ] [Finish!]
[20240311 16:05:15 432] [000000] [Set_SvrInfo      ] [Start!]
[20240311 16:05:15 475] [000000] [GetCnlDisableYN  ] [Start]
[20240311 16:05:15 493] [000000] [GetStrEnv        ] [Start!]
[20240311 16:05:15 539] [000000] [CnlDisable       ] [N]
[20240311 16:05:15 560] [000000] [RT               ] [1]
[20240311 16:05:15 576] [000000] [SetCnlDisableYN  ] [Start]
[20240311 16:05:15 609] [000000] [DownType         ] [1]
[20240311 16:05:15 641] [000000] [Disable          ] [N]
[20240311 16:05:15 678] [000000] [SetCnlDisableYN  ] [Finish]
[20240311 16:05:16 243] [000000] [Get_SvrInfo      ] [Start!]
[20240311 16:05:16 255] [000000] [GetEnv           ] [Start!]
[20240311 16:05:16 267] [000000] [Ver.             ] [#######NVCAT5002]
[20240311 16:05:16 280] [000000] [Date.            ] [24.1.22.1]
[20240311 16:05:16 294] [000000] [GetEnv_CatID     ] [3195189001]
[20240311 16:05:16 305] [000000] [GetEnv_BizNo     ] [4089673734]
[20240311 16:05:16 318] [000000] [GetEnv           ] [Finish!]
[20240311 16:05:16 329] [000000] [Get_ReaderInfo   ] [Start!]
[20240311 16:05:16 340] [000000] [PortOpen         ] [Start!]
[20240311 16:05:16 351] [000000] [PortOpen_Port    ] [12]
[20240311 16:05:16 572] [000000] [PortOpen         ] [Finish!]
[20240311 16:05:16 583] [000000] [PortOpen_rtn     ] [1]
[20240311 16:05:16 594] [000000] [Get_ReaderInfo   ] [NicePosSign!]
[20240311 16:05:16 607] [000000] [NicePosSign      ] [49]
[20240311 16:05:16 633] [000000] [PortClose        ] [Start!]
[20240311 16:05:16 643] [000000] [PortClose        ] [PortClose]
[20240311 16:05:16 654] [000000] [SC_ClosePort     ] [Start!]
[20240311 16:05:16 663] [000000] [ThreadWatchComm  ] [Fisish!]
[20240311 16:05:16 704] [000000] [SC_ClosePort     ] [Finish!]
[20240311 16:05:16 715] [000000] [PortClose        ] [Finish!]
[20240311 16:05:16 726] [000000] [Get_ReaderInfo   ] [#####NR-5500K002]
[20240311 16:05:16 737] [000000] [Get_SignInfo2    ] [ROMVER Start!]
[20240311 16:05:16 803] [000000] [Get_SignInfo2    ] [SignPort Not Setting]
[20240311 16:05:16 815] [000000] [Get_SignInfo2    ] [ROMVER(16)]
[20240311 16:05:16 826] [000000] [Get_SignInfo2    ] []
[20240311 16:05:16 836] [000000] [MultiReaderInfo  ] [Start]
[20240311 16:05:16 846] [000000] [MultiReaderInfo  ] [READERTYPE : [01], MultiReaderUse : [N], READERCNT : [0], PORTNUM : [0], PORTBAUDRATE : [0]]
[20240311 16:05:16 857] [000000] [MultiReaderInfo  ] [Finish]
[20240311 16:05:16 867] [000000] [ChkValid         ] [Start!]
[20240311 16:05:16 888] [000000] [OPEN_POPUP       ] [Start!]
[20240311 16:05:17 029] [000000] [OPEN_POPUP       ] [Finish]
[20240311 16:05:17 041] [000000] [ChkValid         ] [Get_serial_data!]
[20240311 16:05:17 209] [000000] [PortOpen         ] [Start!]
[20240311 16:05:17 220] [000000] [PortOpen_Port    ] [12]
[20240311 16:05:17 424] [000000] [PortOpen         ] [Finish!]
[20240311 16:05:17 435] [000000] [PortOpen_rtn     ] [1]
[20240311 16:05:17 446] [000000] [Get_serial_data  ] [NicePosSign]
[20240311 16:05:17 456] [000000] [NicePosSign      ] [49]
[20240311 16:05:17 482] [000000] [PortClose        ] [Start!]
[20240311 16:05:17 493] [000000] [PortClose        ] [PortClose]
[20240311 16:05:17 504] [000000] [SC_ClosePort     ] [Start!]
[20240311 16:05:17 515] [000000] [ThreadWatchComm  ] [Fisish!]
[20240311 16:05:17 555] [000000] [SC_ClosePort     ] [Finish!]
[20240311 16:05:17 566] [000000] [PortClose        ] [Finish!]
[20240311 16:05:17 577] [000000] [ChkValid         ] [Get_RandomKey(RND_P1)]
[20240311 16:05:17 587] [000000] [PortOpen         ] [Start!]
[20240311 16:05:17 599] [000000] [PortOpen_Port    ] [12]
[20240311 16:05:17 803] [000000] [PortOpen         ] [Finish!]
[20240311 16:05:17 815] [000000] [PortOpen_rtn     ] [1]
[20240311 16:05:17 826] [000000] [ChkValid         ] [NicePosSign 1]
[20240311 16:05:17 836] [000000] [NicePosSign      ] [160]
[20240311 16:05:17 860] [000000] [ChkValid         ] [ClosePort 1]
[20240311 16:05:17 870] [000000] [ChkValid         ] [Get_RandomKey(RND_P2)]
[20240311 16:05:17 881] [000000] [ChkValid         ] [NicePosSign 2]
[20240311 16:05:17 890] [000000] [NicePosSign      ] [160]
[20240311 16:05:17 922] [000000] [ChkValid         ] [ClosePort 2]
[20240311 16:05:17 934] [000000] [ChkValid         ] [NicePosSign 3]
[20240311 16:05:17 944] [000000] [NicePosSign      ] [160]
[20240311 16:05:17 969] [000000] [ChkValid         ] [ClosePort 3]
[20240311 16:05:17 979] [000000] [CLOSE_POPUP      ] [Start]
[20240311 16:05:17 997] [000000] [CLOSE_POPUP      ] [Finish]
[20240311 16:05:18 010] [000000] [OPEN_POPUP       ] [Start!]
[20240311 16:05:18 060] [000000] [OPEN_POPUP       ] [Finish]
[20240311 16:05:18 071] [000000] [ChkValid         ] [NicePosSign 4]
[20240311 16:05:18 081] [000000] [NicePosSign      ] [161]
[20240311 16:05:18 110] [000000] [ChkValid         ] [ClosePort 4]
[20240311 16:05:18 120] [000000] [PortClose        ] [Start!]
[20240311 16:05:18 131] [000000] [PortClose        ] [PortClose]
[20240311 16:05:18 141] [000000] [SC_ClosePort     ] [Start!]
[20240311 16:05:18 152] [000000] [ThreadWatchComm  ] [Fisish!]
[20240311 16:05:18 205] [000000] [SC_ClosePort     ] [Finish!]
[20240311 16:05:18 216] [000000] [PortClose        ] [Finish!]
[20240311 16:05:18 227] [000000] [ChkValid_ERRCD   ] [0]
[20240311 16:05:18 238] [000000] [CLOSE_POPUP      ] [Start]
[20240311 16:05:18 269] [000000] [CLOSE_POPUP      ] [Finish]
[20240311 16:05:18 348] [000000] [Get_ReaderInfo   ] [Start!]
[20240311 16:05:18 359] [000000] [PortOpen         ] [Start!]
[20240311 16:05:18 369] [000000] [PortOpen_Port    ] [12]
[20240311 16:05:18 577] [000000] [PortOpen         ] [Finish!]
[20240311 16:05:18 609] [000000] [PortOpen_rtn     ] [1]
[20240311 16:05:18 630] [000000] [Get_ReaderInfo   ] [NicePosSign!]
[20240311 16:05:18 641] [000000] [NicePosSign      ] [49]
[20240311 16:05:18 678] [000000] [PortClose        ] [Start!]
[20240311 16:05:18 689] [000000] [PortClose        ] [PortClose]
[20240311 16:05:18 700] [000000] [SC_ClosePort     ] [Start!]
[20240311 16:05:18 711] [000000] [ThreadWatchComm  ] [Fisish!]
[20240311 16:05:18 751] [000000] [SC_ClosePort     ] [Finish!]
[20240311 16:05:18 763] [000000] [PortClose        ] [Finish!]
[20240311 16:05:18 772] [000000] [Get_ReaderInfo   ] [#####NR-5500K002]
[20240311 16:05:19 207] [000000] [GetEnv           ] [Start!]
[20240311 16:05:19 218] [000000] [Ver.             ] [#######NVCAT5002]
[20240311 16:05:19 230] [000000] [Date.            ] [24.1.22.1]
[20240311 16:05:19 242] [000000] [GetEnv_CatID     ] [3195189001]
[20240311 16:05:19 259] [000000] [GetEnv_BizNo     ] [4089673734]
[20240311 16:05:19 269] [000000] [GetEnv           ] [Finish!]
[20240311 22:49:13 352] [000000] [Pos_Send         ] [**********************************************************************************************]
[20240311 22:49:13 368] [000000] [Pos_Send         ] [Start!]
[20240311 22:49:13 381] [000000] [Ver.             ] [#######NVCAT5002]
[20240311 22:49:13 392] [000000] [Date.            ] [24.1.22.1]
[20240311 22:49:13 406] [000000] [VpnUse           ] [N]
[20240311 22:49:13 476] [000000] [MultiVan         ] [N]
[20240311 22:49:13 712] [000000] [MultiReaderInfo  ] [Start]
[20240311 22:49:13 737] [000000] [MultiReaderInfo  ] [READERTYPE : [01], MultiReaderUse : [N], READERCNT : [0], PORTNUM : [0], PORTBAUDRATE : [0]]
[20240311 22:49:13 760] [000000] [MultiReaderInfo  ] [Finish]
[20240311 22:49:13 773] [000000] [GetCnlDisableYN  ] [Start]
[20240311 22:49:13 784] [000000] [GetStrEnv        ] [Start!]
[20240311 22:49:13 796] [000000] [DOWNTP           ] [1]
[20240311 22:49:13 809] [000000] [CnlDisable       ] [N]
[20240311 22:49:13 821] [000000] [NICEDOWN2        ] [Start]
[20240311 22:49:13 876] [000000] [ReaderSN         ] [Z624020161]
[20240311 22:49:13 900] [000000] [ReaderVer        ] [#####NR-5500K002]
[20240311 22:49:13 922] [000000] [NICEDOWN2        ] [CATID]
[20240311 22:49:13 934] [000000] [NICEDOWN2        ] [3195189001]
[20240311 22:49:13 945] [000000] [NICEDOWN2        ] [BIZNO]
[20240311 22:49:13 955] [000000] [NICEDOWN2        ] [4089673734]
[20240311 22:49:13 975] [000000] [NICEDOWN2        ] [NICEDOWN2 Date Check Start]
[20240311 22:49:13 989] [000000] [RT               ] [R]
[20240311 22:49:14 006] [000000] [REGDOWNTP        ] [1]
[20240311 22:49:14 020] [000000] [CnlDisable       ] []
[20240311 22:49:14 038] [000000] [NICEDOWN2        ] [(1) 다운로드 했던 기록이 있음]
[20240311 22:49:14 051] [000000] [NICEDOWN2        ] [(2) 이전 다운로드했던 날짜와 오늘 날짜가 같음]
[20240311 22:49:14 063] [000000] [NICEDOWN2        ] [(3) 이전 다운로드했던 CATID와 다운로드할 CATID가 같음]
[20240311 22:49:14 075] [000000] [NICEDOWN2        ] [(4) 이전 다운로드 유형과 다운로드할 유형이 같음]
[20240311 22:49:14 087] [000000] [NICEDOWN2        ] [Already NICEDOWN2  (-2)]
[20240311 22:49:14 129] [000000] [Pos_Send         ] [NICEDOWN2 Fail (-2)]
[20240311 22:49:14 129] [000000] [Pos_Send amt1    ] [000000000001]
[20240311 22:49:14 141] [000000] [Pos_Send amt2    ] [1]
[20240311 22:49:14 156] [000000] [ReqCard          ] [ReqCard]
[20240311 22:49:14 171] [000000] [Pos_Send amt3    ] [1]
[20240311 22:49:14 186] [000000] [POPUP_TIMER      ] [Start!]
[20240311 22:49:14 202] [000000] [Count            ] [30]
[20240311 22:49:14 305] [000000] [POPUP_TIMER      ] [Finish]
[20240311 22:49:14 307] [000000] [ReqCard          ] [Start!]
[20240311 22:49:14 321] [000000] [MultiReaderInfo  ] [Start]
[20240311 22:49:14 336] [000000] [MultiReaderInfo  ] [READERTYPE : [01], MultiReaderUse : [N], READERCNT : [0], PORTNUM : [0], PORTBAUDRATE : [0]]
[20240311 22:49:14 357] [000000] [MultiReaderInfo  ] [Finish]
[20240311 22:49:14 369] [000000] [ReqCard          ] [Multi Reader Use X]
[20240311 22:49:14 386] [000000] [PortOpen         ] [Start!]
[20240311 22:49:14 402] [000000] [PortOpen_Port    ] [12]
[20240311 22:49:14 612] [000000] [PortOpen         ] [Finish!]
[20240311 22:49:14 612] [000000] [PortOpen_rtn     ] [1]
[20240311 22:49:14 624] [000000] [ReqCard Time     ] [20240311224914]
[20240311 22:49:14 641] [000000] [ReqCard Amt      ] [000000000001]
[20240311 22:49:14 660] [000000] [ReqCard Catid    ] [3195189001]
[20240311 22:49:14 678] [000000] [ReqCard tp       ] [0]
[20240311 22:49:14 713] [000000] [ReqCard          ] [Request Nicepos sign!(0,1)]
[20240311 22:49:14 734] [000000] [NicePosSign      ] [156]
[20240311 22:49:19 458] [000000] [ReqCard ErrCode  ] [0]
[20240311 22:49:19 458] [000000] [PortClose        ] [Start!]
[20240311 22:49:19 471] [000000] [PortClose        ] [PortClose]
[20240311 22:49:19 484] [000000] [SC_ClosePort     ] [Start!]
[20240311 22:49:19 502] [000000] [ThreadWatchComm  ] [Fisish!]
[20240311 22:49:19 544] [000000] [SC_ClosePort     ] [Finish!]
[20240311 22:49:19 544] [000000] [PortClose        ] [Finish!]
[20240311 22:49:19 559] [000000] [CLOSE_POPUP      ] [Start]
[20240311 22:49:19 606] [000000] [CLOSE_POPUP      ] [Finish]
[20240311 22:49:19 660] [000000] [ReqCard          ] [ReqCard End]
[20240311 22:49:19 671] [000000] [SIGNROMVER       ] []
[20240311 22:49:19 684] [000000] [SIGNSERIALNO     ] []
[20240311 22:49:19 708] [000000] [VpnUse           ] [공중망]
[20240311 22:49:19 710] [000000] [POSUNINUM        ] [REQ TEXT ADD]
[20240311 22:49:19 720] [000000] [POSUNINUM        ] [PID(3) GB TEXT ADD OK]
[20240311 22:49:19 923] [000000] [POSUNINUM        ] [PID(15) TEXT ADD OK]
[20240311 22:49:19 935] [000000] [POSUNINUM        ] [MAC(3) GB TEXT ADD OK]
[20240311 22:49:19 947] [000000] [GetMac           ] [Start]
[20240311 22:49:19 957] [000000] [GetMac           ] [Try]
[20240311 22:49:20 024] [000000] [GetMac           ] [Success]
[20240311 22:49:20 024] [000000] [GetMac           ] [Finish]
[20240311 22:49:20 035] [000000] [POSUNINUM        ] [MAC+Space(32) TEXT ADD OK]
[20240311 22:49:20 045] [000000] [POSUNINUM        ] [Total Length Change]
[20240311 22:49:20 056] [000000] [POSUNINUM        ] [0747]
[20240311 22:49:20 068] [000000] [sendIP           ] [211.33.136.2]
[20240311 22:49:20 078] [000000] [sendPORT         ] [8101]
[20240311 22:49:20 089] [000000] [CommType         ] [1]
[20240311 22:49:20 100] [000000] [POSUNINUM        ] [Req Etc Port]
[20240311 22:49:20 111] [000000] [NiceCommWork     ] [211.33.136.2:8101]
[20240311 22:49:20 122] [000000] [Connect_Tcp      ] [211.33.136.2:8101]
[20240311 22:49:20 244] [001320] [Open_TcpPort     ] [Connect OK!]
[20240311 22:49:20 245] [000000] [GetCnlDisableYN  ] [Start]
[20240311 22:49:20 261] [000000] [GetStrEnv        ] [Start!]
[20240311 22:49:20 272] [000000] [CnlDisable       ] [N]
[20240311 22:49:20 283] [000000] [OPEN_POPUP       ] [Start!]
[20240311 22:49:20 352] [000000] [OPEN_POPUP       ] [Finish]
[20240311 22:49:20 353] [000000] [NiceCommWork     ] [SendRecvEnc]
[20240311 22:49:20 469] [001320] [SendMsg          ] [0747HPS31951890010311224913020010H1       IC 3195189001I*******************************************************************************************************************************00000000000000000000000000000000000001                          4089673734             ****************              ]
[20240311 22:49:20 946] [001320] [RecvMsg          ] [0580HPS31951890010311224913021010H1       IC 31951890010000****************************************000000000000000000000000000000000000014089673734             ****************07신한카드            07신한카드            0105275218     24031122492001149610    0712209148003 IC카드 정상승인 01149610                                                                                                                                                      0           NS240]
[20240311 22:49:20 947] [000000] [SendRecv         ] [End!]
[20240311 22:49:20 960] [001320] [Close_TcpPort    ] [Close OK!]
[20240311 22:49:20 970] [000000] [CLOSE_POPUP      ] [Start]
[20240311 22:49:21 007] [000000] [CLOSE_POPUP      ] [Finish]
[20240311 22:49:21 039] [000000] [EMV_COMPLITE     ] [Start]
[20240311 22:49:21 053] [000000] [EMV_CMP_ERRCD    ] []
[20240311 22:49:21 065] [000000] [Pos_Send         ] [return 1]
[20240311 22:49:21 075] [000000] [Pos_Send         ] [Finish!]
[20240311 22:49:21 086] [000000] [Pos_Send         ] [**********************************************************************************************]
[20240311 22:50:16 525] [000000] [Pos_Send         ] [**********************************************************************************************]
[20240311 22:50:16 526] [000000] [Pos_Send         ] [Start!]
[20240311 22:50:16 541] [000000] [Ver.             ] [#######NVCAT5002]
[20240311 22:50:16 554] [000000] [Date.            ] [24.1.22.1]
[20240311 22:50:16 566] [000000] [VpnUse           ] [N]
[20240311 22:50:16 578] [000000] [MultiVan         ] [N]
[20240311 22:50:16 590] [000000] [MultiReaderInfo  ] [Start]
[20240311 22:50:16 605] [000000] [MultiReaderInfo  ] [READERTYPE : [01], MultiReaderUse : [N], READERCNT : [0], PORTNUM : [0], PORTBAUDRATE : [0]]
[20240311 22:50:16 616] [000000] [MultiReaderInfo  ] [Finish]
[20240311 22:50:16 631] [000000] [GetCnlDisableYN  ] [Start]
[20240311 22:50:16 648] [000000] [GetStrEnv        ] [Start!]
[20240311 22:50:16 660] [000000] [DOWNTP           ] [1]
[20240311 22:50:16 673] [000000] [CnlDisable       ] [N]
[20240311 22:50:16 684] [000000] [NICEDOWN2        ] [Start]
[20240311 22:50:16 697] [000000] [ReaderSN         ] [Z624020161]
[20240311 22:50:16 707] [000000] [ReaderVer        ] [#####NR-5500K002]
[20240311 22:50:16 718] [000000] [NICEDOWN2        ] [CATID]
[20240311 22:50:16 730] [000000] [NICEDOWN2        ] [3195189001]
[20240311 22:50:16 742] [000000] [NICEDOWN2        ] [BIZNO]
[20240311 22:50:16 754] [000000] [NICEDOWN2        ] [4089673734]
[20240311 22:50:16 766] [000000] [NICEDOWN2        ] [NICEDOWN2 Date Check Start]
[20240311 22:50:16 779] [000000] [RT               ] [R]
[20240311 22:50:16 790] [000000] [REGDOWNTP        ] [1]
[20240311 22:50:16 800] [000000] [CnlDisable       ] []
[20240311 22:50:16 813] [000000] [NICEDOWN2        ] [(1) 다운로드 했던 기록이 있음]
[20240311 22:50:16 824] [000000] [NICEDOWN2        ] [(2) 이전 다운로드했던 날짜와 오늘 날짜가 같음]
[20240311 22:50:16 834] [000000] [NICEDOWN2        ] [(3) 이전 다운로드했던 CATID와 다운로드할 CATID가 같음]
[20240311 22:50:16 843] [000000] [NICEDOWN2        ] [(4) 이전 다운로드 유형과 다운로드할 유형이 같음]
[20240311 22:50:16 857] [000000] [NICEDOWN2        ] [Already NICEDOWN2  (-2)]
[20240311 22:50:16 870] [000000] [Pos_Send         ] [NICEDOWN2 Fail (-2)]
[20240311 22:50:16 883] [000000] [Pos_Send amt1    ] [000000000001]
[20240311 22:50:16 898] [000000] [Pos_Send amt2    ] [1]
[20240311 22:50:16 911] [000000] [ReqCard          ] [ReqCard]
[20240311 22:50:16 924] [000000] [Pos_Send amt3    ] [1]
[20240311 22:50:16 939] [000000] [POPUP_TIMER      ] [Start!]
[20240311 22:50:16 951] [000000] [Count            ] [30]
[20240311 22:50:16 988] [000000] [POPUP_TIMER      ] [Finish]
[20240311 22:50:17 031] [000000] [ReqCard          ] [Start!]
[20240311 22:50:17 043] [000000] [MultiReaderInfo  ] [Start]
[20240311 22:50:17 058] [000000] [MultiReaderInfo  ] [READERTYPE : [01], MultiReaderUse : [N], READERCNT : [0], PORTNUM : [0], PORTBAUDRATE : [0]]
[20240311 22:50:17 070] [000000] [MultiReaderInfo  ] [Finish]
[20240311 22:50:17 081] [000000] [ReqCard          ] [Multi Reader Use X]
[20240311 22:50:17 093] [000000] [PortOpen         ] [Start!]
[20240311 22:50:17 106] [000000] [PortOpen_Port    ] [12]
[20240311 22:50:17 306] [000000] [PortOpen         ] [Finish!]
[20240311 22:50:17 307] [000000] [PortOpen_rtn     ] [1]
[20240311 22:50:17 323] [000000] [ReqCard Time     ] [20240311225017]
[20240311 22:50:17 333] [000000] [ReqCard Amt      ] [000000000001]
[20240311 22:50:17 345] [000000] [ReqCard Catid    ] [3195189001]
[20240311 22:50:17 357] [000000] [ReqCard tp       ] [0]
[20240311 22:50:17 369] [000000] [ReqCard          ] [Request Nicepos sign!(0,1)]
[20240311 22:50:17 380] [000000] [NicePosSign      ] [156]
[20240311 22:50:21 237] [000000] [Stop             ] [1]
[20240311 22:50:21 238] [000000] [ReqStop          ] [Start!]
[20240311 22:50:21 249] [000000] [ReqStop          ] [1]
[20240311 22:50:21 260] [000000] [ReqStop          ] [9]
[20240311 22:50:21 272] [000000] [MultiReaderInfo  ] [Start]
[20240311 22:50:21 283] [000000] [MultiReaderInfo  ] [READERTYPE : [01], MultiReaderUse : [N], READERCNT : [0], PORTNUM : [0], PORTBAUDRATE : [0]]
[20240311 22:50:21 293] [000000] [MultiReaderInfo  ] [Finish]
[20240311 22:50:21 304] [000000] [ReqStop          ] [2]
[20240311 22:50:21 316] [000000] [ReqStop          ] [3]
[20240311 22:50:21 327] [000000] [ReqStop          ] [4]
[20240311 22:50:21 838] [000000] [ReqStop          ] [5]
[20240311 22:50:21 838] [000000] [ReqStop          ] [6]
[20240311 22:50:21 851] [000000] [ReqStop          ] [7]
[20240311 22:50:21 861] [000000] [ReqStop          ] [8]
[20240311 22:50:21 873] [000000] [ReqCard ErrCode  ] [cd]
[20240311 22:50:21 885] [000000] [PortClose        ] [Start!]
[20240311 22:50:21 896] [000000] [PortClose        ] [PortClose]
[20240311 22:50:21 906] [000000] [SC_ClosePort     ] [Start!]
[20240311 22:50:21 917] [000000] [ThreadWatchComm  ] [Fisish!]
[20240311 22:50:21 959] [000000] [SC_ClosePort     ] [Finish!]
[20240311 22:50:21 959] [000000] [PortClose        ] [Finish!]
[20240311 22:50:21 970] [000000] [CLOSE_POPUP      ] [Start]
[20240311 22:50:22 000] [000000] [CLOSE_POPUP      ] [Finish]
[20240311 22:50:22 043] [000000] [ReqCard          ] [ReqCard End]
[20240311 22:50:22 054] [000000] [Pos_Send[4]      ] [return -80]
[20240311 22:50:22 066] [000000] [Pos_Send[4]      ] [**********************************************************************************************]
[20240311 22:50:25 474] [000000] [Pos_Send         ] [**********************************************************************************************]
[20240311 22:50:25 475] [000000] [Pos_Send         ] [Start!]
[20240311 22:50:25 489] [000000] [Ver.             ] [#######NVCAT5002]
[20240311 22:50:25 502] [000000] [Date.            ] [24.1.22.1]
[20240311 22:50:25 518] [000000] [VpnUse           ] [N]
[20240311 22:50:25 532] [000000] [MultiVan         ] [N]
[20240311 22:50:25 552] [000000] [MultiReaderInfo  ] [Start]
[20240311 22:50:25 567] [000000] [MultiReaderInfo  ] [READERTYPE : [01], MultiReaderUse : [N], READERCNT : [0], PORTNUM : [0], PORTBAUDRATE : [0]]
[20240311 22:50:25 581] [000000] [MultiReaderInfo  ] [Finish]
[20240311 22:50:25 596] [000000] [GetCnlDisableYN  ] [Start]
[20240311 22:50:25 608] [000000] [GetStrEnv        ] [Start!]
[20240311 22:50:25 620] [000000] [DOWNTP           ] [1]
[20240311 22:50:25 632] [000000] [CnlDisable       ] [N]
[20240311 22:50:25 645] [000000] [NICEDOWN2        ] [Start]
[20240311 22:50:25 659] [000000] [ReaderSN         ] [Z624020161]
[20240311 22:50:25 670] [000000] [ReaderVer        ] [#####NR-5500K002]
[20240311 22:50:25 680] [000000] [NICEDOWN2        ] [CATID]
[20240311 22:50:25 693] [000000] [NICEDOWN2        ] [3195189001]
[20240311 22:50:25 704] [000000] [NICEDOWN2        ] [BIZNO]
[20240311 22:50:25 717] [000000] [NICEDOWN2        ] [4089673734]
[20240311 22:50:25 728] [000000] [NICEDOWN2        ] [NICEDOWN2 Date Check Start]
[20240311 22:50:25 739] [000000] [RT               ] [R]
[20240311 22:50:25 751] [000000] [REGDOWNTP        ] [1]
[20240311 22:50:25 761] [000000] [CnlDisable       ] []
[20240311 22:50:25 773] [000000] [NICEDOWN2        ] [(1) 다운로드 했던 기록이 있음]
[20240311 22:50:25 785] [000000] [NICEDOWN2        ] [(2) 이전 다운로드했던 날짜와 오늘 날짜가 같음]
[20240311 22:50:25 796] [000000] [NICEDOWN2        ] [(3) 이전 다운로드했던 CATID와 다운로드할 CATID가 같음]
[20240311 22:50:25 807] [000000] [NICEDOWN2        ] [(4) 이전 다운로드 유형과 다운로드할 유형이 같음]
[20240311 22:50:25 817] [000000] [NICEDOWN2        ] [Already NICEDOWN2  (-2)]
[20240311 22:50:25 828] [000000] [Pos_Send         ] [NICEDOWN2 Fail (-2)]
[20240311 22:50:25 839] [000000] [Pos_Send amt1    ] [000000000001]
[20240311 22:50:25 849] [000000] [Pos_Send amt2    ] [1]
[20240311 22:50:25 861] [000000] [ReqCard          ] [ReqCard]
[20240311 22:50:25 872] [000000] [Pos_Send amt3    ] [1]
[20240311 22:50:25 883] [000000] [POPUP_TIMER      ] [Start!]
[20240311 22:50:25 894] [000000] [Count            ] [30]
[20240311 22:50:25 927] [000000] [POPUP_TIMER      ] [Finish]
[20240311 22:50:25 953] [000000] [ReqCard          ] [Start!]
[20240311 22:50:25 966] [000000] [MultiReaderInfo  ] [Start]
[20240311 22:50:25 981] [000000] [MultiReaderInfo  ] [READERTYPE : [01], MultiReaderUse : [N], READERCNT : [0], PORTNUM : [0], PORTBAUDRATE : [0]]
[20240311 22:50:25 992] [000000] [MultiReaderInfo  ] [Finish]
[20240311 22:50:26 004] [000000] [ReqCard          ] [Multi Reader Use X]
[20240311 22:50:26 013] [000000] [PortOpen         ] [Start!]
[20240311 22:50:26 024] [000000] [PortOpen_Port    ] [12]
[20240311 22:50:26 225] [000000] [PortOpen         ] [Finish!]
[20240311 22:50:26 225] [000000] [PortOpen_rtn     ] [1]
[20240311 22:50:26 236] [000000] [ReqCard Time     ] [20240311225026]
[20240311 22:50:26 247] [000000] [ReqCard Amt      ] [000000000001]
[20240311 22:50:26 258] [000000] [ReqCard Catid    ] [3195189001]
[20240311 22:50:26 270] [000000] [ReqCard tp       ] [0]
[20240311 22:50:26 282] [000000] [ReqCard          ] [Request Nicepos sign!(0,1)]
[20240311 22:50:26 293] [000000] [NicePosSign      ] [156]
[20240311 22:50:28 169] [000000] [Stop             ] [1]
[20240311 22:50:28 169] [000000] [ReqStop          ] [Start!]
[20240311 22:50:28 181] [000000] [ReqStop          ] [1]
[20240311 22:50:28 193] [000000] [ReqStop          ] [9]
[20240311 22:50:28 204] [000000] [MultiReaderInfo  ] [Start]
[20240311 22:50:28 215] [000000] [MultiReaderInfo  ] [READERTYPE : [01], MultiReaderUse : [N], READERCNT : [0], PORTNUM : [0], PORTBAUDRATE : [0]]
[20240311 22:50:28 226] [000000] [MultiReaderInfo  ] [Finish]
[20240311 22:50:28 239] [000000] [ReqStop          ] [2]
[20240311 22:50:28 251] [000000] [ReqStop          ] [3]
[20240311 22:50:28 263] [000000] [ReqStop          ] [4]
[20240311 22:50:28 774] [000000] [ReqStop          ] [5]
[20240311 22:50:28 774] [000000] [ReqStop          ] [6]
[20240311 22:50:28 785] [000000] [ReqStop          ] [7]
[20240311 22:50:28 795] [000000] [ReqStop          ] [8]
[20240311 22:50:28 807] [000000] [ReqCard ErrCode  ] [cd]
[20240311 22:50:28 819] [000000] [PortClose        ] [Start!]
[20240311 22:50:28 829] [000000] [PortClose        ] [PortClose]
[20240311 22:50:28 842] [000000] [SC_ClosePort     ] [Start!]
[20240311 22:50:28 857] [000000] [ThreadWatchComm  ] [Fisish!]
[20240311 22:50:28 898] [000000] [SC_ClosePort     ] [Finish!]
[20240311 22:50:28 908] [000000] [PortClose        ] [Finish!]
[20240311 22:50:28 920] [000000] [CLOSE_POPUP      ] [Start]
[20240311 22:50:28 953] [000000] [CLOSE_POPUP      ] [Finish]
[20240311 22:50:28 988] [000000] [ReqCard          ] [ReqCard End]
[20240311 22:50:28 999] [000000] [Pos_Send[4]      ] [return -80]
[20240311 22:50:29 011] [000000] [Pos_Send[4]      ] [**********************************************************************************************]
[20240311 22:51:19 753] [000000] [Pos_Send         ] [**********************************************************************************************]
[20240311 22:51:19 754] [000000] [Pos_Send         ] [Start!]
[20240311 22:51:19 768] [000000] [Ver.             ] [#######NVCAT5002]
[20240311 22:51:19 781] [000000] [Date.            ] [24.1.22.1]
[20240311 22:51:19 794] [000000] [VpnUse           ] [N]
[20240311 22:51:19 807] [000000] [MultiVan         ] [N]
[20240311 22:51:19 822] [000000] [MultiReaderInfo  ] [Start]
[20240311 22:51:19 835] [000000] [MultiReaderInfo  ] [READERTYPE : [01], MultiReaderUse : [N], READERCNT : [0], PORTNUM : [0], PORTBAUDRATE : [0]]
[20240311 22:51:19 847] [000000] [MultiReaderInfo  ] [Finish]
[20240311 22:51:19 862] [000000] [GetCnlDisableYN  ] [Start]
[20240311 22:51:19 875] [000000] [GetStrEnv        ] [Start!]
[20240311 22:51:19 887] [000000] [DOWNTP           ] [1]
[20240311 22:51:19 899] [000000] [CnlDisable       ] [N]
[20240311 22:51:19 911] [000000] [NICEDOWN2        ] [Start]
[20240311 22:51:19 922] [000000] [ReaderSN         ] [Z624020161]
[20240311 22:51:19 933] [000000] [ReaderVer        ] [#####NR-5500K002]
[20240311 22:51:19 948] [000000] [NICEDOWN2        ] [CATID]
[20240311 22:51:19 963] [000000] [NICEDOWN2        ] [3195189001]
[20240311 22:51:19 988] [000000] [NICEDOWN2        ] [BIZNO]
[20240311 22:51:20 003] [000000] [NICEDOWN2        ] [4089673734]
[20240311 22:51:20 025] [000000] [NICEDOWN2        ] [NICEDOWN2 Date Check Start]
[20240311 22:51:20 054] [000000] [RT               ] [R]
[20240311 22:51:20 076] [000000] [REGDOWNTP        ] [1]
[20240311 22:51:20 091] [000000] [CnlDisable       ] []
[20240311 22:51:20 122] [000000] [NICEDOWN2        ] [(1) 다운로드 했던 기록이 있음]
[20240311 22:51:20 134] [000000] [NICEDOWN2        ] [(2) 이전 다운로드했던 날짜와 오늘 날짜가 같음]
[20240311 22:51:20 159] [000000] [NICEDOWN2        ] [(3) 이전 다운로드했던 CATID와 다운로드할 CATID가 같음]
[20240311 22:51:20 175] [000000] [NICEDOWN2        ] [(4) 이전 다운로드 유형과 다운로드할 유형이 같음]
[20240311 22:51:20 192] [000000] [NICEDOWN2        ] [Already NICEDOWN2  (-2)]
[20240311 22:51:20 210] [000000] [Pos_Send         ] [NICEDOWN2 Fail (-2)]
[20240311 22:51:20 227] [000000] [Pos_Send amt1    ] [000000110000]
[20240311 22:51:20 245] [000000] [Pos_Send amt2    ] [110000]
[20240311 22:51:20 274] [000000] [ReqCard          ] [ReqCard]
[20240311 22:51:20 288] [000000] [Pos_Send amt3    ] [110,000]
[20240311 22:51:20 325] [000000] [POPUP_TIMER      ] [Start!]
[20240311 22:51:20 340] [000000] [Count            ] [30]
[20240311 22:51:20 392] [000000] [POPUP_TIMER      ] [Finish]
[20240311 22:51:20 429] [000000] [ReqCard          ] [Start!]
[20240311 22:51:20 442] [000000] [MultiReaderInfo  ] [Start]
[20240311 22:51:20 456] [000000] [MultiReaderInfo  ] [READERTYPE : [01], MultiReaderUse : [N], READERCNT : [0], PORTNUM : [0], PORTBAUDRATE : [0]]
[20240311 22:51:20 467] [000000] [MultiReaderInfo  ] [Finish]
[20240311 22:51:20 491] [000000] [ReqCard          ] [Multi Reader Use X]
[20240311 22:51:20 502] [000000] [PortOpen         ] [Start!]
[20240311 22:51:20 515] [000000] [PortOpen_Port    ] [12]
[20240311 22:51:20 734] [000000] [PortOpen         ] [Finish!]
[20240311 22:51:20 735] [000000] [PortOpen_rtn     ] [1]
[20240311 22:51:20 747] [000000] [ReqCard Time     ] [20240311225120]
[20240311 22:51:20 761] [000000] [ReqCard Amt      ] [000000110000]
[20240311 22:51:20 773] [000000] [ReqCard Catid    ] [3195189001]
[20240311 22:51:20 791] [000000] [ReqCard tp       ] [0]
[20240311 22:51:20 818] [000000] [ReqCard          ] [Request Nicepos sign!(0,1)]
[20240311 22:51:20 841] [000000] [NicePosSign      ] [156]
[20240311 22:51:26 897] [000000] [ReqCard ErrCode  ] [0]
[20240311 22:51:26 897] [000000] [PortClose        ] [Start!]
[20240311 22:51:26 908] [000000] [PortClose        ] [PortClose]
[20240311 22:51:26 921] [000000] [SC_ClosePort     ] [Start!]
[20240311 22:51:26 935] [000000] [ThreadWatchComm  ] [Fisish!]
[20240311 22:51:26 976] [000000] [SC_ClosePort     ] [Finish!]
[20240311 22:51:26 977] [000000] [PortClose        ] [Finish!]
[20240311 22:51:26 989] [000000] [CLOSE_POPUP      ] [Start]
[20240311 22:51:27 015] [000000] [CLOSE_POPUP      ] [Finish]
[20240311 22:51:27 057] [000000] [ReqCard          ] [ReqCard End]
[20240311 22:51:27 071] [000000] [SIGNROMVER       ] []
[20240311 22:51:27 083] [000000] [SIGNSERIALNO     ] []
[20240311 22:51:27 095] [000000] [VpnUse           ] [공중망]
[20240311 22:51:27 106] [000000] [POSUNINUM        ] [REQ TEXT ADD]
[20240311 22:51:27 118] [000000] [POSUNINUM        ] [PID(3) GB TEXT ADD OK]
[20240311 22:51:27 130] [000000] [POSUNINUM        ] [PID(15) TEXT ADD OK]
[20240311 22:51:27 141] [000000] [POSUNINUM        ] [MAC(3) GB TEXT ADD OK]
[20240311 22:51:27 154] [000000] [GetMac           ] [Start]
[20240311 22:51:27 165] [000000] [GetMac           ] [Try]
[20240311 22:51:27 186] [000000] [GetMac           ] [Success]
[20240311 22:51:27 195] [000000] [GetMac           ] [Finish]
[20240311 22:51:27 208] [000000] [POSUNINUM        ] [MAC+Space(32) TEXT ADD OK]
[20240311 22:51:27 220] [000000] [POSUNINUM        ] [Total Length Change]
[20240311 22:51:27 232] [000000] [POSUNINUM        ] [0747]
[20240311 22:51:27 244] [000000] [sendIP           ] [211.33.136.2]
[20240311 22:51:27 259] [000000] [sendPORT         ] [8101]
[20240311 22:51:27 270] [000000] [CommType         ] [1]
[20240311 22:51:27 283] [000000] [POSUNINUM        ] [Req Etc Port]
[20240311 22:51:27 294] [000000] [NiceCommWork     ] [211.33.136.2:8101]
[20240311 22:51:27 305] [000000] [Connect_Tcp      ] [211.33.136.2:8101]
[20240311 22:51:27 336] [001376] [Open_TcpPort     ] [Connect OK!]
[20240311 22:51:27 338] [000000] [GetCnlDisableYN  ] [Start]
[20240311 22:51:27 350] [000000] [GetStrEnv        ] [Start!]
[20240311 22:51:27 365] [000000] [CnlDisable       ] [N]
[20240311 22:51:27 382] [000000] [OPEN_POPUP       ] [Start!]
[20240311 22:51:27 421] [000000] [OPEN_POPUP       ] [Finish]
[20240311 22:51:27 442] [000000] [NiceCommWork     ] [SendRecvEnc]
[20240311 22:51:27 532] [001376] [SendMsg          ] [0747HPS31951890010311225119020010H1       IC 3195189001I*******************************************************************************************************************************00000000000000000000000000000000110000                          4089673734             ****************              ]
[20240311 22:51:27 896] [001376] [RecvMsg          ] [0580HPS31951890010311225119021010H1       IC 31951890010000****************************************000000000000000000000000000000001100004089673734             ****************07신한카드            07신한카드            0105275218     24031122512701170895    0712209172921 IC카드 정상승인 01170895                                                                                                                                                      0           NS240]
[20240311 22:51:27 897] [000000] [SendRecv         ] [End!]
[20240311 22:51:27 910] [001376] [Close_TcpPort    ] [Close OK!]
[20240311 22:51:27 923] [000000] [CLOSE_POPUP      ] [Start]
[20240311 22:51:27 957] [000000] [CLOSE_POPUP      ] [Finish]
[20240311 22:51:27 994] [000000] [EMV_COMPLITE     ] [Start]
[20240311 22:51:28 008] [000000] [EMV_CMP_ERRCD    ] []
[20240311 22:51:28 021] [000000] [Pos_Send         ] [return 1]
[20240311 22:51:28 034] [000000] [Pos_Send         ] [Finish!]
[20240311 22:51:28 045] [000000] [Pos_Send         ] [**********************************************************************************************]
[20240311 22:52:21 082] [000000] [Pos_Send         ] [**********************************************************************************************]
[20240311 22:52:21 083] [000000] [Pos_Send         ] [Start!]
[20240311 22:52:21 095] [000000] [Ver.             ] [#######NVCAT5002]
[20240311 22:52:21 107] [000000] [Date.            ] [24.1.22.1]
[20240311 22:52:21 119] [000000] [VpnUse           ] [N]
[20240311 22:52:21 131] [000000] [MultiVan         ] [N]
[20240311 22:52:21 141] [000000] [MultiReaderInfo  ] [Start]
[20240311 22:52:21 153] [000000] [MultiReaderInfo  ] [READERTYPE : [01], MultiReaderUse : [N], READERCNT : [0], PORTNUM : [0], PORTBAUDRATE : [0]]
[20240311 22:52:21 164] [000000] [MultiReaderInfo  ] [Finish]
[20240311 22:52:21 174] [000000] [GetCnlDisableYN  ] [Start]
[20240311 22:52:21 187] [000000] [GetStrEnv        ] [Start!]
[20240311 22:52:21 198] [000000] [DOWNTP           ] [1]
[20240311 22:52:21 209] [000000] [CnlDisable       ] [N]
[20240311 22:52:21 219] [000000] [NICEDOWN2        ] [Start]
[20240311 22:52:21 231] [000000] [ReaderSN         ] [Z624020161]
[20240311 22:52:21 242] [000000] [ReaderVer        ] [#####NR-5500K002]
[20240311 22:52:21 252] [000000] [NICEDOWN2        ] [CATID]
[20240311 22:52:21 264] [000000] [NICEDOWN2        ] [3195189001]
[20240311 22:52:21 278] [000000] [NICEDOWN2        ] [BIZNO]
[20240311 22:52:21 295] [000000] [NICEDOWN2        ] [4089673734]
[20240311 22:52:21 307] [000000] [NICEDOWN2        ] [NICEDOWN2 Date Check Start]
[20240311 22:52:21 319] [000000] [RT               ] [R]
[20240311 22:52:21 332] [000000] [REGDOWNTP        ] [1]
[20240311 22:52:21 345] [000000] [CnlDisable       ] []
[20240311 22:52:21 360] [000000] [NICEDOWN2        ] [(1) 다운로드 했던 기록이 있음]
[20240311 22:52:21 380] [000000] [NICEDOWN2        ] [(2) 이전 다운로드했던 날짜와 오늘 날짜가 같음]
[20240311 22:52:21 398] [000000] [NICEDOWN2        ] [(3) 이전 다운로드했던 CATID와 다운로드할 CATID가 같음]
[20240311 22:52:21 413] [000000] [NICEDOWN2        ] [(4) 이전 다운로드 유형과 다운로드할 유형이 같음]
[20240311 22:52:21 424] [000000] [NICEDOWN2        ] [Already NICEDOWN2  (-2)]
[20240311 22:52:21 440] [000000] [Pos_Send         ] [NICEDOWN2 Fail (-2)]
[20240311 22:52:21 453] [000000] [Pos_Send amt1    ] [000000010000]
[20240311 22:52:21 470] [000000] [Pos_Send amt2    ] [10000]
[20240311 22:52:21 490] [000000] [ReqCard          ] [ReqCard]
[20240311 22:52:21 506] [000000] [Pos_Send amt3    ] [10,000]
[20240311 22:52:21 783] [000000] [POPUP_TIMER      ] [Start!]
[20240311 22:52:21 799] [000000] [Count            ] [30]
[20240311 22:52:21 833] [000000] [POPUP_TIMER      ] [Finish]
[20240311 22:52:21 858] [000000] [ReqCard          ] [Start!]
[20240311 22:52:21 880] [000000] [MultiReaderInfo  ] [Start]
[20240311 22:52:21 898] [000000] [MultiReaderInfo  ] [READERTYPE : [01], MultiReaderUse : [N], READERCNT : [0], PORTNUM : [0], PORTBAUDRATE : [0]]
[20240311 22:52:21 914] [000000] [MultiReaderInfo  ] [Finish]
[20240311 22:52:21 930] [000000] [ReqCard          ] [Multi Reader Use X]
[20240311 22:52:21 951] [000000] [PortOpen         ] [Start!]
[20240311 22:52:21 965] [000000] [PortOpen_Port    ] [12]
[20240311 22:52:22 175] [000000] [PortOpen         ] [Finish!]
[20240311 22:52:22 176] [000000] [PortOpen_rtn     ] [1]
[20240311 22:52:22 189] [000000] [ReqCard Time     ] [20240311225222]
[20240311 22:52:22 201] [000000] [ReqCard Amt      ] [000000010000]
[20240311 22:52:22 213] [000000] [ReqCard Catid    ] [3195189001]
[20240311 22:52:22 226] [000000] [ReqCard tp       ] [0]
[20240311 22:52:22 238] [000000] [ReqCard          ] [Request Nicepos sign!(0,1)]
[20240311 22:52:22 250] [000000] [NicePosSign      ] [156]
[20240311 22:52:24 229] [000000] [Stop             ] [1]
[20240311 22:52:24 229] [000000] [ReqStop          ] [Start!]
[20240311 22:52:24 242] [000000] [ReqStop          ] [1]
[20240311 22:52:24 257] [000000] [ReqStop          ] [9]
[20240311 22:52:24 270] [000000] [MultiReaderInfo  ] [Start]
[20240311 22:52:24 283] [000000] [MultiReaderInfo  ] [READERTYPE : [01], MultiReaderUse : [N], READERCNT : [0], PORTNUM : [0], PORTBAUDRATE : [0]]
[20240311 22:52:24 295] [000000] [MultiReaderInfo  ] [Finish]
[20240311 22:52:24 309] [000000] [ReqStop          ] [2]
[20240311 22:52:24 320] [000000] [ReqStop          ] [3]
[20240311 22:52:24 331] [000000] [ReqStop          ] [4]
[20240311 22:52:24 843] [000000] [ReqStop          ] [5]
[20240311 22:52:24 844] [000000] [ReqStop          ] [6]
[20240311 22:52:24 854] [000000] [ReqStop          ] [7]
[20240311 22:52:24 866] [000000] [ReqStop          ] [8]
[20240311 22:52:24 878] [000000] [ReqCard ErrCode  ] [cd]
[20240311 22:52:24 888] [000000] [PortClose        ] [Start!]
[20240311 22:52:24 900] [000000] [PortClose        ] [PortClose]
[20240311 22:52:24 911] [000000] [SC_ClosePort     ] [Start!]
[20240311 22:52:24 922] [000000] [ThreadWatchComm  ] [Fisish!]
[20240311 22:52:24 963] [000000] [SC_ClosePort     ] [Finish!]
[20240311 22:52:24 964] [000000] [PortClose        ] [Finish!]
[20240311 22:52:24 974] [000000] [CLOSE_POPUP      ] [Start]
[20240311 22:52:25 012] [000000] [CLOSE_POPUP      ] [Finish]
[20240311 22:52:25 049] [000000] [ReqCard          ] [ReqCard End]
[20240311 22:52:25 058] [000000] [Pos_Send[4]      ] [return -80]
[20240311 22:52:25 070] [000000] [Pos_Send[4]      ] [**********************************************************************************************]
