[20240309 16:06:25 870] [000000] [SetEnv           ] [Start!]
[20240309 16:06:25 872] [000000] [SetEnv_ccatid    ] [3195189001]
[20240309 16:06:25 872] [000000] [SetEnv_CatID     ] [3195189001]
[20240309 16:06:25 873] [000000] [SetEnv_cbizno    ] [4089673734]
[20240309 16:06:25 874] [000000] [SetEnv_BizNo     ] [4089673734]
[20240309 16:06:25 879] [000000] [SetEnv           ] [Finish!]
[20240309 16:06:25 880] [000000] [Set_SvrInfo      ] [Start!]
[20240309 16:06:25 885] [000000] [GetCnlDisableYN  ] [Start]
[20240309 16:06:25 886] [000000] [GetStrEnv        ] [Start!]
[20240309 16:06:25 887] [000000] [CnlDisable       ] [N]
[20240309 16:06:25 888] [000000] [RT               ] [1]
[20240309 16:06:25 888] [000000] [SetCnlDisableYN  ] [Start]
[20240309 16:06:25 889] [000000] [DownType         ] [1]
[20240309 16:06:25 890] [000000] [Disable          ] [N]
[20240309 16:06:25 890] [000000] [SetCnlDisableYN  ] [Finish]
[20240309 16:06:29 047] [000000] [Get_SvrInfo      ] [Start!]
[20240309 16:06:29 049] [000000] [GetEnv           ] [Start!]
[20240309 16:06:29 050] [000000] [Ver.             ] [#######NVCAT5002]
[20240309 16:06:29 050] [000000] [Date.            ] [24.1.22.1]
[20240309 16:06:29 052] [000000] [GetEnv_CatID     ] [3195189001]
[20240309 16:06:29 054] [000000] [GetEnv_BizNo     ] [4089673734]
[20240309 16:06:29 054] [000000] [GetEnv           ] [Finish!]
[20240309 16:06:29 055] [000000] [Get_ReaderInfo   ] [Start!]
[20240309 16:06:29 064] [000000] [PortOpen         ] [Start!]
[20240309 16:06:29 065] [000000] [PortOpen_Port    ] [12]
[20240309 16:06:29 978] [000000] [PortOpen         ] [Finish!]
[20240309 16:06:29 978] [000000] [PortOpen_rtn     ] [1]
[20240309 16:06:29 979] [000000] [Get_ReaderInfo   ] [NicePosSign!]
[20240309 16:06:29 981] [000000] [NicePosSign      ] [49]
[20240309 16:06:30 012] [000000] [PortClose        ] [Start!]
[20240309 16:06:30 013] [000000] [PortClose        ] [PortClose]
[20240309 16:06:30 013] [000000] [SC_ClosePort     ] [Start!]
[20240309 16:06:30 015] [000000] [ThreadWatchComm  ] [Fisish!]
[20240309 16:06:30 056] [000000] [SC_ClosePort     ] [Finish!]
[20240309 16:06:30 057] [000000] [PortClose        ] [Finish!]
[20240309 16:06:30 058] [000000] [Get_ReaderInfo   ] [#####NR-5500K002]
[20240309 16:06:30 060] [000000] [Get_SignInfo2    ] [ROMVER Start!]
[20240309 16:06:30 196] [000000] [Get_SignInfo2    ] [SignPort Not Setting]
[20240309 16:06:30 197] [000000] [Get_SignInfo2    ] [ROMVER(16)]
[20240309 16:06:30 197] [000000] [Get_SignInfo2    ] []
[20240309 16:06:30 198] [000000] [MultiReaderInfo  ] [Start]
[20240309 16:06:30 200] [000000] [MultiReaderInfo  ] [READERTYPE : [01], MultiReaderUse : [N], READERCNT : [0], PORTNUM : [0], PORTBAUDRATE : [0]]
[20240309 16:06:30 200] [000000] [MultiReaderInfo  ] [Finish]
[20240309 16:06:30 201] [000000] [ChkValid         ] [Start!]
[20240309 16:06:30 204] [000000] [OPEN_POPUP       ] [Start!]
[20240309 16:06:30 416] [000000] [OPEN_POPUP       ] [Finish]
[20240309 16:06:30 417] [000000] [ChkValid         ] [Get_serial_data!]
[20240309 16:06:30 575] [000000] [PortOpen         ] [Start!]
[20240309 16:06:30 575] [000000] [PortOpen_Port    ] [12]
[20240309 16:06:30 779] [000000] [PortOpen         ] [Finish!]
[20240309 16:06:30 780] [000000] [PortOpen_rtn     ] [1]
[20240309 16:06:30 780] [000000] [Get_serial_data  ] [NicePosSign]
[20240309 16:06:30 781] [000000] [NicePosSign      ] [49]
[20240309 16:06:30 800] [000000] [PortClose        ] [Start!]
[20240309 16:06:30 801] [000000] [PortClose        ] [PortClose]
[20240309 16:06:30 801] [000000] [SC_ClosePort     ] [Start!]
[20240309 16:06:30 802] [000000] [ThreadWatchComm  ] [Fisish!]
[20240309 16:06:30 844] [000000] [SC_ClosePort     ] [Finish!]
[20240309 16:06:30 844] [000000] [PortClose        ] [Finish!]
[20240309 16:06:30 847] [000000] [ChkValid         ] [Get_RandomKey(RND_P1)]
[20240309 16:06:30 847] [000000] [PortOpen         ] [Start!]
[20240309 16:06:30 848] [000000] [PortOpen_Port    ] [12]
[20240309 16:06:31 044] [000000] [PortOpen         ] [Finish!]
[20240309 16:06:31 045] [000000] [PortOpen_rtn     ] [1]
[20240309 16:06:31 045] [000000] [ChkValid         ] [NicePosSign 1]
[20240309 16:06:31 046] [000000] [NicePosSign      ] [160]
[20240309 16:06:31 067] [000000] [ChkValid         ] [ClosePort 1]
[20240309 16:06:31 067] [000000] [ChkValid         ] [Get_RandomKey(RND_P2)]
[20240309 16:06:31 068] [000000] [ChkValid         ] [NicePosSign 2]
[20240309 16:06:31 069] [000000] [NicePosSign      ] [160]
[20240309 16:06:31 084] [000000] [ChkValid         ] [ClosePort 2]
[20240309 16:06:31 085] [000000] [ChkValid         ] [NicePosSign 3]
[20240309 16:06:31 085] [000000] [NicePosSign      ] [160]
[20240309 16:06:31 099] [000000] [ChkValid         ] [ClosePort 3]
[20240309 16:06:31 100] [000000] [CLOSE_POPUP      ] [Start]
[20240309 16:06:31 117] [000000] [CLOSE_POPUP      ] [Finish]
[20240309 16:06:31 118] [000000] [OPEN_POPUP       ] [Start!]
[20240309 16:06:31 832] [000000] [OPEN_POPUP       ] [Finish]
[20240309 16:06:31 833] [000000] [ChkValid         ] [NicePosSign 4]
[20240309 16:06:31 834] [000000] [NicePosSign      ] [161]
[20240309 16:06:31 858] [000000] [ChkValid         ] [ClosePort 4]
[20240309 16:06:31 859] [000000] [PortClose        ] [Start!]
[20240309 16:06:31 859] [000000] [PortClose        ] [PortClose]
[20240309 16:06:31 860] [000000] [SC_ClosePort     ] [Start!]
[20240309 16:06:31 860] [000000] [ThreadWatchComm  ] [Fisish!]
[20240309 16:06:31 902] [000000] [SC_ClosePort     ] [Finish!]
[20240309 16:06:31 903] [000000] [PortClose        ] [Finish!]
[20240309 16:06:31 903] [000000] [ChkValid_ERRCD   ] [0]
[20240309 16:06:31 904] [000000] [CLOSE_POPUP      ] [Start]
[20240309 16:06:31 919] [000000] [CLOSE_POPUP      ] [Finish]
[20240309 16:06:32 084] [000000] [Get_ReaderInfo   ] [Start!]
[20240309 16:06:32 087] [000000] [PortOpen         ] [Start!]
[20240309 16:06:32 088] [000000] [PortOpen_Port    ] [12]
[20240309 16:06:32 835] [000000] [PortOpen         ] [Finish!]
[20240309 16:06:32 836] [000000] [PortOpen_rtn     ] [1]
[20240309 16:06:32 836] [000000] [Get_ReaderInfo   ] [NicePosSign!]
[20240309 16:06:32 837] [000000] [NicePosSign      ] [49]
[20240309 16:06:32 863] [000000] [PortClose        ] [Start!]
[20240309 16:06:32 864] [000000] [PortClose        ] [PortClose]
[20240309 16:06:32 864] [000000] [SC_ClosePort     ] [Start!]
[20240309 16:06:32 865] [000000] [ThreadWatchComm  ] [Fisish!]
[20240309 16:06:32 910] [000000] [SC_ClosePort     ] [Finish!]
[20240309 16:06:32 910] [000000] [PortClose        ] [Finish!]
[20240309 16:06:32 911] [000000] [Get_ReaderInfo   ] [#####NR-5500K002]
[20240309 16:06:33 548] [000000] [GetEnv           ] [Start!]
[20240309 16:06:33 549] [000000] [Ver.             ] [#######NVCAT5002]
[20240309 16:06:33 549] [000000] [Date.            ] [24.1.22.1]
[20240309 16:06:33 552] [000000] [GetEnv_CatID     ] [3195189001]
[20240309 16:06:33 552] [000000] [GetEnv_BizNo     ] [4089673734]
[20240309 16:06:33 553] [000000] [GetEnv           ] [Finish!]
