[20240228 21:16:53 930] [000000] [SetEnv           ] [Start!]
[20240228 21:16:53 932] [000000] [SetEnv_ccatid    ] [3195189001]
[20240228 21:16:53 932] [000000] [SetEnv_CatID     ] [3195189001]
[20240228 21:16:53 932] [000000] [SetEnv_cbizno    ] [4089673714]
[20240228 21:16:53 933] [000000] [SetEnv_BizNo     ] [4089673714]
[20240228 21:16:53 940] [000000] [SetEnv           ] [Finish!]
[20240228 21:16:53 942] [000000] [Set_SvrInfo      ] [Start!]
[20240228 21:16:53 982] [000000] [GetCnlDisableYN  ] [Start]
[20240228 21:16:53 983] [000000] [GetStrEnv        ] [Start!]
[20240228 21:16:53 985] [000000] [CnlDisable       ] [N]
[20240228 21:16:53 985] [000000] [RT               ] [1]
[20240228 21:16:53 986] [000000] [SetCnlDisableYN  ] [Start]
[20240228 21:16:53 987] [000000] [DownType         ] [1]
[20240228 21:16:53 989] [000000] [Disable          ] [N]
[20240228 21:16:53 990] [000000] [SetCnlDisableYN  ] [Finish]
[20240228 21:16:55 763] [000000] [Get_SvrInfo      ] [Start!]
[20240228 21:16:55 764] [000000] [GetEnv           ] [Start!]
[20240228 21:16:55 765] [000000] [Ver.             ] [#######NVCAT5002]
[20240228 21:16:55 766] [000000] [Date.            ] [23.10.30.1]
[20240228 21:16:55 768] [000000] [GetEnv_CatID     ] [3195189001]
[20240228 21:16:55 770] [000000] [GetEnv_BizNo     ] [4089673714]
[20240228 21:16:55 773] [000000] [GetEnv           ] [Finish!]
[20240228 21:16:55 773] [000000] [Get_ReaderInfo   ] [Start!]
[20240228 21:16:55 824] [000000] [PortOpen         ] [Start!]
[20240228 21:16:55 825] [000000] [PortOpen_Port    ] [12]
[20240228 21:16:56 095] [000000] [PortOpen         ] [Finish!]
[20240228 21:16:56 096] [000000] [PortOpen_rtn     ] [0]
[20240228 21:16:56 097] [000000] [Get_ReaderInfo   ] [Reader PortOpen Error!]
[20240228 21:16:56 098] [000000] [Get_SignInfo2    ] [ROMVER Start!]
[20240228 21:16:56 241] [000000] [Get_SignInfo2    ] [SignPort Not Setting]
[20240228 21:16:56 242] [000000] [Get_SignInfo2    ] [ROMVER(16)]
[20240228 21:16:56 244] [000000] [Get_SignInfo2    ] []
[20240228 21:16:56 245] [000000] [MultiReaderInfo  ] [Start]
[20240228 21:16:56 246] [000000] [MultiReaderInfo  ] [READERTYPE : [01], MultiReaderUse : [N], READERCNT : [0], PORTNUM : [0], PORTBAUDRATE : [0]]
[20240228 21:16:56 246] [000000] [MultiReaderInfo  ] [Finish]
[20240228 21:16:56 248] [000000] [ChkValid         ] [Start!]
[20240228 21:16:56 255] [000000] [OPEN_POPUP       ] [Start!]
[20240228 21:16:57 465] [000000] [OPEN_POPUP       ] [Finish]
[20240228 21:16:57 466] [000000] [ChkValid         ] [Get_serial_data!]
[20240228 21:16:57 678] [000000] [PortOpen         ] [Start!]
[20240228 21:16:57 679] [000000] [PortOpen_Port    ] [12]
[20240228 21:16:57 855] [000000] [PortOpen         ] [Finish!]
[20240228 21:16:57 856] [000000] [PortOpen_rtn     ] [0]
[20240228 21:16:57 856] [000000] [Get_serial_data  ] [Reader PortOpen Error!]
[20240228 21:16:57 857] [000000] [CLOSE_POPUP      ] [Start]
[20240228 21:16:57 876] [000000] [CLOSE_POPUP      ] [Finish]
[20240228 21:17:03 540] [000000] [GetEnv           ] [Start!]
[20240228 21:17:03 541] [000000] [Ver.             ] [#######NVCAT5002]
[20240228 21:17:03 541] [000000] [Date.            ] [23.10.30.1]
[20240228 21:17:03 543] [000000] [GetEnv_CatID     ] [3195189001]
[20240228 21:17:03 544] [000000] [GetEnv_BizNo     ] [4089673714]
[20240228 21:17:03 544] [000000] [GetEnv           ] [Finish!]
