[20240331 21:49:07 812] [000000] [SetEnv           ] [Start!]
[20240331 21:49:07 815] [000000] [SetEnv_ccatid    ] [3195189001]
[20240331 21:49:07 829] [000000] [SetEnv_CatID     ] [3195189001]
[20240331 21:49:07 842] [000000] [SetEnv_cbizno    ] [4089673734]
[20240331 21:49:07 854] [000000] [SetEnv_BizNo     ] [4089673734]
[20240331 21:49:07 873] [000000] [SetEnv           ] [Finish!]
[20240331 21:49:08 137] [000000] [Set_SvrInfo      ] [Start!]
[20240331 21:49:08 344] [000000] [GetCnlDisableYN  ] [Start]
[20240331 21:49:08 359] [000000] [GetStrEnv        ] [Start!]
[20240331 21:49:08 373] [000000] [CnlDisable       ] [N]
[20240331 21:49:08 387] [000000] [RT               ] [1]
[20240331 21:49:08 403] [000000] [SetCnlDisableYN  ] [Start]
[20240331 21:49:08 421] [000000] [DownType         ] [1]
[20240331 21:49:08 637] [000000] [Disable          ] [N]
[20240331 21:49:08 949] [000000] [SetCnlDisableYN  ] [Finish]
[20240331 21:49:13 340] [000000] [Get_SvrInfo      ] [Start!]
[20240331 21:49:13 354] [000000] [GetEnv           ] [Start!]
[20240331 21:49:13 366] [000000] [Ver.             ] [#######NVCAT5002]
[20240331 21:49:13 405] [000000] [Date.            ] [24.1.22.1]
[20240331 21:49:13 480] [000000] [GetEnv_CatID     ] [3195189001]
[20240331 21:49:13 520] [000000] [GetEnv_BizNo     ] [4089673734]
[20240331 21:49:13 601] [000000] [GetEnv           ] [Finish!]
[20240331 21:49:13 665] [000000] [Get_ReaderInfo   ] [Start!]
[20240331 21:49:13 733] [000000] [PortOpen         ] [Start!]
[20240331 21:49:13 746] [000000] [PortOpen_Port    ] [12]
[20240331 21:49:15 069] [000000] [PortOpen         ] [Finish!]
[20240331 21:49:15 084] [000000] [PortOpen_rtn     ] [1]
[20240331 21:49:15 098] [000000] [Get_ReaderInfo   ] [NicePosSign!]
[20240331 21:49:15 115] [000000] [NicePosSign      ] [49]
[20240331 21:49:15 156] [000000] [PortClose        ] [Start!]
[20240331 21:49:15 169] [000000] [PortClose        ] [PortClose]
[20240331 21:49:15 184] [000000] [SC_ClosePort     ] [Start!]
[20240331 21:49:15 200] [000000] [ThreadWatchComm  ] [Fisish!]
[20240331 21:49:15 504] [000000] [SC_ClosePort     ] [Finish!]
[20240331 21:49:15 557] [000000] [PortClose        ] [Finish!]
[20240331 21:49:15 643] [000000] [Get_ReaderInfo   ] [#####NR-5500K002]
[20240331 21:49:15 710] [000000] [Get_SignInfo2    ] [ROMVER Start!]
[20240331 21:49:15 858] [000000] [Get_SignInfo2    ] [SignPort Not Setting]
[20240331 21:49:15 872] [000000] [Get_SignInfo2    ] [ROMVER(16)]
[20240331 21:49:15 973] [000000] [Get_SignInfo2    ] []
[20240331 21:49:16 048] [000000] [MultiReaderInfo  ] [Start]
[20240331 21:49:16 070] [000000] [MultiReaderInfo  ] [READERTYPE : [01], MultiReaderUse : [N], READERCNT : [0], PORTNUM : [0], PORTBAUDRATE : [0]]
[20240331 21:49:16 089] [000000] [MultiReaderInfo  ] [Finish]
[20240331 21:49:16 237] [000000] [ChkValid         ] [Start!]
[20240331 21:49:16 493] [000000] [OPEN_POPUP       ] [Start!]
[20240331 21:49:18 944] [000000] [OPEN_POPUP       ] [Finish]
[20240331 21:49:19 060] [000000] [ChkValid         ] [Get_serial_data!]
[20240331 21:49:19 350] [000000] [PortOpen         ] [Start!]
[20240331 21:49:19 398] [000000] [PortOpen_Port    ] [12]
[20240331 21:49:21 657] [000000] [PortOpen         ] [Finish!]
[20240331 21:49:21 714] [000000] [PortOpen_rtn     ] [1]
[20240331 21:49:21 763] [000000] [Get_serial_data  ] [NicePosSign]
[20240331 21:49:21 810] [000000] [NicePosSign      ] [49]
[20240331 21:49:24 596] [000000] [PortClose        ] [Start!]
[20240331 21:49:24 766] [000000] [PortClose        ] [PortClose]
[20240331 21:49:24 811] [000000] [SC_ClosePort     ] [Start!]
[20240331 21:49:24 962] [000000] [ThreadWatchComm  ] [Fisish!]
[20240331 21:49:25 510] [000000] [SC_ClosePort     ] [Finish!]
[20240331 21:49:25 528] [000000] [PortClose        ] [Finish!]
[20240331 21:49:25 756] [000000] [CLOSE_POPUP      ] [Start]
[20240331 21:49:26 029] [000000] [CLOSE_POPUP      ] [Finish]
[20240331 21:49:32 405] [000000] [GetEnv           ] [Start!]
[20240331 21:49:32 423] [000000] [Ver.             ] [#######NVCAT5002]
[20240331 21:49:32 442] [000000] [Date.            ] [24.1.22.1]
[20240331 21:49:32 461] [000000] [GetEnv_CatID     ] [3195189001]
[20240331 21:49:32 477] [000000] [GetEnv_BizNo     ] [4089673734]
[20240331 21:49:32 498] [000000] [GetEnv           ] [Finish!]
[20240331 22:09:58 594] [000000] [Get_SignInfo2    ] [ROMVER Start!]
[20240331 22:09:58 661] [000000] [Get_SignInfo2    ] [SignPort Not Setting]
[20240331 22:09:58 661] [000000] [Get_SignInfo2    ] [ROMVER(16)]
[20240331 22:09:58 671] [000000] [Get_SignInfo2    ] []
[20240331 22:09:58 681] [000000] [MultiReaderInfo  ] [Start]
[20240331 22:09:58 697] [000000] [MultiReaderInfo  ] [READERTYPE : [01], MultiReaderUse : [N], READERCNT : [0], PORTNUM : [0], PORTBAUDRATE : [0]]
[20240331 22:09:58 713] [000000] [MultiReaderInfo  ] [Finish]
[20240331 22:09:58 723] [000000] [ChkValid         ] [Start!]
[20240331 22:09:58 738] [000000] [OPEN_POPUP       ] [Start!]
[20240331 22:09:58 807] [000000] [OPEN_POPUP       ] [Finish]
[20240331 22:09:58 808] [000000] [ChkValid         ] [Get_serial_data!]
[20240331 22:09:58 978] [000000] [PortOpen         ] [Start!]
[20240331 22:09:58 979] [000000] [PortOpen_Port    ] [12]
[20240331 22:09:59 199] [000000] [PortOpen         ] [Finish!]
[20240331 22:09:59 200] [000000] [PortOpen_rtn     ] [1]
[20240331 22:09:59 210] [000000] [Get_serial_data  ] [NicePosSign]
[20240331 22:09:59 220] [000000] [NicePosSign      ] [49]
[20240331 22:09:59 298] [000000] [PortClose        ] [Start!]
[20240331 22:09:59 380] [000000] [PortClose        ] [PortClose]
[20240331 22:09:59 410] [000000] [SC_ClosePort     ] [Start!]
[20240331 22:09:59 425] [000000] [ThreadWatchComm  ] [Fisish!]
[20240331 22:09:59 469] [000000] [SC_ClosePort     ] [Finish!]
[20240331 22:09:59 480] [000000] [PortClose        ] [Finish!]
[20240331 22:09:59 492] [000000] [ChkValid         ] [Get_RandomKey(RND_P1)]
[20240331 22:09:59 499] [000000] [PortOpen         ] [Start!]
[20240331 22:09:59 511] [000000] [PortOpen_Port    ] [12]
[20240331 22:09:59 722] [000000] [PortOpen         ] [Finish!]
[20240331 22:09:59 723] [000000] [PortOpen_rtn     ] [1]
[20240331 22:09:59 734] [000000] [ChkValid         ] [NicePosSign 1]
[20240331 22:09:59 745] [000000] [NicePosSign      ] [160]
[20240331 22:09:59 782] [000000] [ChkValid         ] [ClosePort 1]
[20240331 22:09:59 788] [000000] [ChkValid         ] [Get_RandomKey(RND_P2)]
[20240331 22:09:59 798] [000000] [ChkValid         ] [NicePosSign 2]
[20240331 22:09:59 808] [000000] [NicePosSign      ] [160]
[20240331 22:09:59 841] [000000] [ChkValid         ] [ClosePort 2]
[20240331 22:09:59 859] [000000] [ChkValid         ] [NicePosSign 3]
[20240331 22:09:59 879] [000000] [NicePosSign      ] [160]
[20240331 22:09:59 906] [000000] [ChkValid         ] [ClosePort 3]
[20240331 22:09:59 906] [000000] [CLOSE_POPUP      ] [Start]
[20240331 22:09:59 926] [000000] [CLOSE_POPUP      ] [Finish]
[20240331 22:09:59 948] [000000] [OPEN_POPUP       ] [Start!]
[20240331 22:10:00 073] [000000] [OPEN_POPUP       ] [Finish]
[20240331 22:10:00 531] [000000] [ChkValid         ] [NicePosSign 4]
[20240331 22:10:00 541] [000000] [NicePosSign      ] [161]
[20240331 22:10:00 568] [000000] [ChkValid         ] [ClosePort 4]
[20240331 22:10:00 757] [000000] [PortClose        ] [Start!]
[20240331 22:10:00 768] [000000] [PortClose        ] [PortClose]
[20240331 22:10:00 888] [000000] [SC_ClosePort     ] [Start!]
[20240331 22:10:00 898] [000000] [ThreadWatchComm  ] [Fisish!]
[20240331 22:10:00 940] [000000] [SC_ClosePort     ] [Finish!]
[20240331 22:10:00 952] [000000] [PortClose        ] [Finish!]
[20240331 22:10:00 969] [000000] [ChkValid_ERRCD   ] [0]
[20240331 22:10:00 980] [000000] [CLOSE_POPUP      ] [Start]
[20240331 22:10:01 007] [000000] [CLOSE_POPUP      ] [Finish]
[20240331 22:10:01 028] [000000] [Get_ReaderInfo   ] [Start!]
[20240331 22:10:01 041] [000000] [PortOpen         ] [Start!]
[20240331 22:10:01 051] [000000] [PortOpen_Port    ] [12]
[20240331 22:10:01 269] [000000] [PortOpen         ] [Finish!]
[20240331 22:10:01 270] [000000] [PortOpen_rtn     ] [1]
[20240331 22:10:01 282] [000000] [Get_ReaderInfo   ] [NicePosSign!]
[20240331 22:10:01 298] [000000] [NicePosSign      ] [49]
[20240331 22:10:01 323] [000000] [PortClose        ] [Start!]
[20240331 22:10:01 329] [000000] [PortClose        ] [PortClose]
[20240331 22:10:01 340] [000000] [SC_ClosePort     ] [Start!]
[20240331 22:10:01 358] [000000] [ThreadWatchComm  ] [Fisish!]
[20240331 22:10:01 400] [000000] [SC_ClosePort     ] [Finish!]
[20240331 22:10:01 400] [000000] [PortClose        ] [Finish!]
[20240331 22:10:01 414] [000000] [Get_ReaderInfo   ] [#####NR-5500K002]
[20240331 22:10:01 482] [000000] [Pos_Send         ] [**********************************************************************************************]
[20240331 22:10:01 483] [000000] [Pos_Send         ] [Start!]
[20240331 22:10:01 495] [000000] [Ver.             ] [#######NVCAT5002]
[20240331 22:10:01 509] [000000] [Date.            ] [24.1.22.1]
[20240331 22:10:01 522] [000000] [VpnUse           ] [N]
[20240331 22:10:01 534] [000000] [MultiVan         ] [N]
[20240331 22:10:01 545] [000000] [MultiReaderInfo  ] [Start]
[20240331 22:10:01 555] [000000] [MultiReaderInfo  ] [READERTYPE : [01], MultiReaderUse : [N], READERCNT : [0], PORTNUM : [0], PORTBAUDRATE : [0]]
[20240331 22:10:01 565] [000000] [MultiReaderInfo  ] [Finish]
[20240331 22:10:01 576] [000000] [GetCnlDisableYN  ] [Start]
[20240331 22:10:01 588] [000000] [GetStrEnv        ] [Start!]
[20240331 22:10:01 598] [000000] [DOWNTP           ] [1]
[20240331 22:10:01 607] [000000] [CnlDisable       ] [N]
[20240331 22:10:01 619] [000000] [NICEDOWN2        ] [Start]
[20240331 22:10:01 632] [000000] [ReaderSN         ] [Z624020161]
[20240331 22:10:01 644] [000000] [ReaderVer        ] [#####NR-5500K002]
[20240331 22:10:01 653] [000000] [NICEDOWN2        ] [CATID]
[20240331 22:10:01 663] [000000] [NICEDOWN2        ] [3195189001]
[20240331 22:10:01 673] [000000] [NICEDOWN2        ] [BIZNO]
[20240331 22:10:01 685] [000000] [NICEDOWN2        ] [4089673734]
[20240331 22:10:01 698] [000000] [NICEDOWN2        ] [NICEDOWN2 Date Check Start]
[20240331 22:10:01 709] [000000] [RT               ] [R]
[20240331 22:10:01 719] [000000] [REGDOWNTP        ] [1]
[20240331 22:10:01 730] [000000] [CnlDisable       ] []
[20240331 22:10:01 742] [000000] [NICEDOWN2        ] [(1) 다운로드 했던 기록이 있음]
[20240331 22:10:01 755] [000000] [NICEDOWN2        ] [(3) 이전 다운로드했던 CATID와 다운로드할 CATID가 같음]
[20240331 22:10:01 765] [000000] [NICEDOWN2        ] [(4) 이전 다운로드 유형과 다운로드할 유형이 같음]
[20240331 22:10:01 776] [000000] [NICEDOWN2        ] [NICEDOWN2 Date Check Finish]
[20240331 22:10:01 826] [000000] [SetCnlDisableYN  ] [Start]
[20240331 22:10:01 881] [000000] [DownType         ] [1]
[20240331 22:10:01 892] [000000] [Disable          ] []
[20240331 22:10:01 903] [000000] [SetCnlDisableYN  ] [Finish]
[20240331 22:10:01 913] [000000] [Connect_Tcp      ] [211.33.136.9:9002]
[20240331 22:10:01 952] [001324] [Open_TcpPort     ] [Connect OK!]
[20240331 22:10:01 959] [000000] [GetMac           ] [Start]
[20240331 22:10:01 971] [000000] [GetMac           ] [Try]
[20240331 22:10:01 991] [000000] [GetMac           ] [Success]
[20240331 22:10:02 108] [000000] [GetMac           ] [Finish]
[20240331 22:10:02 131] [000000] [SIGNSERIALNO     ] []
[20240331 22:10:02 144] [000000] [sendBuf          ] [0273770G44089673734319518900111002091702027700000000                                       10NVCAT               Z624020161#####NR-5500K002NVKN50  20240331221001               D8C497336879                                                                                     ]
[20240331 22:10:02 271] [000000] [recvBuf          ] [0492770G4408967373431951890010000R다운로드 정상                           211.33.136.2   8101 211.33.136.2   8101 211.33.136.9   9003 에이스독서실                      임원일              01071038573         인천 부평구 충선로 174상록빌딩 5층 전체                                                                                                                                                                 00211.33.136.1   9000 022402240287192N                                              ]
[20240331 22:10:02 272] [001324] [Close_TcpPort    ] [Close OK!]
[20240331 22:10:02 286] [000000] [RPORT            ] [8101]
[20240331 22:10:02 299] [000000] [NICEDOWNREQ      ] [N]
[20240331 22:10:02 312] [000000] [RPORT Set 4      ] [8101]
[20240331 22:10:02 345] [000000] [POSUNINUM        ] [022402240287192]
[20240331 22:10:02 348] [000000] [NICEDOWN2        ] [return 1]
[20240331 22:10:02 362] [000000] [NICEDOWN2        ] [Finish]
[20240331 22:10:02 375] [000000] [Pos_Send         ] [NICEDOWN2 Success]
[20240331 22:10:02 387] [000000] [Pos_Send amt1    ] [000000000005]
[20240331 22:10:02 399] [000000] [Pos_Send amt2    ] [5]
[20240331 22:10:02 411] [000000] [ReqCard          ] [ReqCard]
[20240331 22:10:02 422] [000000] [Pos_Send amt3    ] [5]
[20240331 22:10:02 437] [000000] [POPUP_TIMER      ] [Start!]
[20240331 22:10:02 448] [000000] [Count            ] [30]
[20240331 22:10:02 532] [000000] [POPUP_TIMER      ] [Finish]
[20240331 22:10:02 533] [000000] [ReqCard          ] [Start!]
[20240331 22:10:02 555] [000000] [MultiReaderInfo  ] [Start]
[20240331 22:10:02 568] [000000] [MultiReaderInfo  ] [READERTYPE : [01], MultiReaderUse : [N], READERCNT : [0], PORTNUM : [0], PORTBAUDRATE : [0]]
[20240331 22:10:02 581] [000000] [MultiReaderInfo  ] [Finish]
[20240331 22:10:02 593] [000000] [ReqCard          ] [Multi Reader Use X]
[20240331 22:10:02 608] [000000] [PortOpen         ] [Start!]
[20240331 22:10:02 622] [000000] [PortOpen_Port    ] [12]
[20240331 22:10:02 837] [000000] [PortOpen         ] [Finish!]
[20240331 22:10:02 837] [000000] [PortOpen_rtn     ] [1]
[20240331 22:10:02 848] [000000] [ReqCard Time     ] [20240331221002]
[20240331 22:10:02 863] [000000] [ReqCard Amt      ] [000000000005]
[20240331 22:10:02 887] [000000] [ReqCard Catid    ] [3195189001]
[20240331 22:10:02 898] [000000] [ReqCard tp       ] [0]
[20240331 22:10:02 915] [000000] [ReqCard          ] [Request Nicepos sign!(0,1)]
[20240331 22:10:02 931] [000000] [NicePosSign      ] [156]
[20240331 22:10:04 385] [000000] [Stop             ] [1]
[20240331 22:10:04 386] [000000] [ReqStop          ] [Start!]
[20240331 22:10:04 425] [000000] [ReqStop          ] [1]
[20240331 22:10:04 437] [000000] [ReqStop          ] [9]
[20240331 22:10:04 448] [000000] [MultiReaderInfo  ] [Start]
[20240331 22:10:04 460] [000000] [MultiReaderInfo  ] [READERTYPE : [01], MultiReaderUse : [N], READERCNT : [0], PORTNUM : [0], PORTBAUDRATE : [0]]
[20240331 22:10:07 615] [000000] [MultiReaderInfo  ] [Finish]
[20240331 22:10:07 781] [000000] [ReqStop          ] [2]
[20240331 22:10:07 791] [000000] [ReqStop          ] [3]
[20240331 22:10:07 803] [000000] [ReqStop          ] [4]
[20240331 22:10:08 435] [000000] [ReqStop          ] [5]
[20240331 22:10:08 435] [000000] [ReqStop          ] [6]
[20240331 22:10:08 444] [000000] [ReqStop          ] [7]
[20240331 22:10:08 453] [000000] [ReqStop          ] [8]
[20240331 22:10:08 465] [000000] [ReqCard ErrCode  ] [cd]
[20240331 22:10:08 473] [000000] [PortClose        ] [Start!]
[20240331 22:10:08 482] [000000] [PortClose        ] [PortClose]
[20240331 22:10:08 490] [000000] [SC_ClosePort     ] [Start!]
[20240331 22:10:08 502] [000000] [ThreadWatchComm  ] [Fisish!]
[20240331 22:10:08 543] [000000] [SC_ClosePort     ] [Finish!]
[20240331 22:10:08 543] [000000] [PortClose        ] [Finish!]
[20240331 22:10:08 553] [000000] [CLOSE_POPUP      ] [Start]
[20240331 22:10:08 572] [000000] [CLOSE_POPUP      ] [Finish]
[20240331 22:10:08 631] [000000] [ReqCard          ] [ReqCard End]
[20240331 22:10:08 643] [000000] [Pos_Send[4]      ] [return -80]
[20240331 22:10:08 655] [000000] [Pos_Send[4]      ] [**********************************************************************************************]
