[20240414 13:13:18 618] [000000] [SetEnv           ] [Start!]
[20240414 13:13:18 620] [000000] [SetEnv_ccatid    ] [3195189001]
[20240414 13:13:18 631] [000000] [SetEnv_CatID     ] [3195189001]
[20240414 13:13:18 641] [000000] [SetEnv_cbizno    ] [4089673734]
[20240414 13:13:18 654] [000000] [SetEnv_BizNo     ] [4089673734]
[20240414 13:13:18 748] [000000] [SetEnv           ] [Finish!]
[20240414 13:13:18 787] [000000] [Set_SvrInfo      ] [Start!]
[20240414 13:13:18 843] [000000] [GetCnlDisableYN  ] [Start]
[20240414 13:13:18 861] [000000] [GetStrEnv        ] [Start!]
[20240414 13:13:18 879] [000000] [CnlDisable       ] [N]
[20240414 13:13:18 896] [000000] [RT               ] [1]
[20240414 13:13:18 920] [000000] [SetCnlDisableYN  ] [Start]
[20240414 13:13:18 942] [000000] [DownType         ] [1]
[20240414 13:13:18 956] [000000] [Disable          ] [N]
[20240414 13:13:18 973] [000000] [SetCnlDisableYN  ] [Finish]
[20240414 13:13:20 472] [000000] [Get_SvrInfo      ] [Start!]
[20240414 13:13:20 502] [000000] [GetEnv           ] [Start!]
[20240414 13:13:20 526] [000000] [Ver.             ] [#######NVCAT5002]
[20240414 13:13:20 553] [000000] [Date.            ] [24.1.22.1]
[20240414 13:13:20 590] [000000] [GetEnv_CatID     ] [3195189001]
[20240414 13:13:20 602] [000000] [GetEnv_BizNo     ] [4089673734]
[20240414 13:13:20 615] [000000] [GetEnv           ] [Finish!]
[20240414 13:13:20 628] [000000] [Get_ReaderInfo   ] [Start!]
[20240414 13:13:20 656] [000000] [PortOpen         ] [Start!]
[20240414 13:13:20 672] [000000] [PortOpen_Port    ] [12]
[20240414 13:13:22 650] [000000] [PortOpen         ] [Finish!]
[20240414 13:13:22 674] [000000] [PortOpen_rtn     ] [1]
[20240414 13:13:22 716] [000000] [Get_ReaderInfo   ] [NicePosSign!]
[20240414 13:13:22 748] [000000] [NicePosSign      ] [49]
[20240414 13:13:22 801] [000000] [PortClose        ] [Start!]
[20240414 13:13:22 828] [000000] [PortClose        ] [PortClose]
[20240414 13:13:22 885] [000000] [SC_ClosePort     ] [Start!]
[20240414 13:13:22 905] [000000] [ThreadWatchComm  ] [Fisish!]
[20240414 13:13:23 202] [000000] [SC_ClosePort     ] [Finish!]
[20240414 13:13:23 436] [000000] [PortClose        ] [Finish!]
[20240414 13:13:23 516] [000000] [Get_ReaderInfo   ] [#####NR-5500K002]
[20240414 13:13:23 610] [000000] [Get_SignInfo2    ] [ROMVER Start!]
[20240414 13:13:23 709] [000000] [Get_SignInfo2    ] [SignPort Not Setting]
[20240414 13:13:23 938] [000000] [Get_SignInfo2    ] [ROMVER(16)]
[20240414 13:13:24 165] [000000] [Get_SignInfo2    ] []
[20240414 13:13:24 232] [000000] [MultiReaderInfo  ] [Start]
[20240414 13:13:24 308] [000000] [MultiReaderInfo  ] [READERTYPE : [01], MultiReaderUse : [N], READERCNT : [0], PORTNUM : [0], PORTBAUDRATE : [0]]
[20240414 13:13:24 321] [000000] [MultiReaderInfo  ] [Finish]
[20240414 13:13:24 403] [000000] [ChkValid         ] [Start!]
[20240414 13:13:24 441] [000000] [OPEN_POPUP       ] [Start!]
[20240414 13:13:24 924] [000000] [OPEN_POPUP       ] [Finish]
[20240414 13:13:24 939] [000000] [ChkValid         ] [Get_serial_data!]
[20240414 13:13:25 120] [000000] [PortOpen         ] [Start!]
[20240414 13:13:25 163] [000000] [PortOpen_Port    ] [12]
[20240414 13:13:25 410] [000000] [PortOpen         ] [Finish!]
[20240414 13:13:25 425] [000000] [PortOpen_rtn     ] [1]
[20240414 13:13:25 440] [000000] [Get_serial_data  ] [NicePosSign]
[20240414 13:13:25 455] [000000] [NicePosSign      ] [49]
[20240414 13:13:26 173] [000000] [PortClose        ] [Start!]
[20240414 13:13:26 397] [000000] [PortClose        ] [PortClose]
[20240414 13:13:26 473] [000000] [SC_ClosePort     ] [Start!]
[20240414 13:13:26 496] [000000] [ThreadWatchComm  ] [Fisish!]
[20240414 13:13:26 864] [000000] [SC_ClosePort     ] [Finish!]
[20240414 13:13:26 938] [000000] [PortClose        ] [Finish!]
[20240414 13:13:26 974] [000000] [ChkValid         ] [Get_RandomKey(RND_P1)]
[20240414 13:13:27 014] [000000] [PortOpen         ] [Start!]
[20240414 13:13:27 053] [000000] [PortOpen_Port    ] [12]
[20240414 13:13:27 779] [000000] [PortOpen         ] [Finish!]
[20240414 13:13:27 810] [000000] [PortOpen_rtn     ] [1]
[20240414 13:13:27 836] [000000] [ChkValid         ] [NicePosSign 1]
[20240414 13:13:27 858] [000000] [NicePosSign      ] [160]
[20240414 13:13:27 931] [000000] [ChkValid         ] [ClosePort 1]
[20240414 13:13:27 944] [000000] [ChkValid         ] [Get_RandomKey(RND_P2)]
[20240414 13:13:27 957] [000000] [ChkValid         ] [NicePosSign 2]
[20240414 13:13:28 012] [000000] [NicePosSign      ] [160]
[20240414 13:13:28 148] [000000] [ChkValid         ] [ClosePort 2]
[20240414 13:13:28 161] [000000] [ChkValid         ] [NicePosSign 3]
[20240414 13:13:28 204] [000000] [NicePosSign      ] [160]
[20240414 13:13:28 274] [000000] [ChkValid         ] [ClosePort 3]
[20240414 13:13:28 288] [000000] [CLOSE_POPUP      ] [Start]
[20240414 13:13:28 314] [000000] [CLOSE_POPUP      ] [Finish]
[20240414 13:13:28 345] [000000] [OPEN_POPUP       ] [Start!]
[20240414 13:13:28 483] [000000] [OPEN_POPUP       ] [Finish]
[20240414 13:13:28 497] [000000] [ChkValid         ] [NicePosSign 4]
[20240414 13:13:28 513] [000000] [NicePosSign      ] [161]
[20240414 13:13:28 584] [000000] [ChkValid         ] [ClosePort 4]
[20240414 13:13:28 598] [000000] [PortClose        ] [Start!]
[20240414 13:13:28 612] [000000] [PortClose        ] [PortClose]
[20240414 13:13:28 626] [000000] [SC_ClosePort     ] [Start!]
[20240414 13:13:28 658] [000000] [ThreadWatchComm  ] [Fisish!]
[20240414 13:13:28 890] [000000] [SC_ClosePort     ] [Finish!]
[20240414 13:13:28 924] [000000] [PortClose        ] [Finish!]
[20240414 13:13:28 936] [000000] [ChkValid_ERRCD   ] [0]
[20240414 13:13:28 956] [000000] [CLOSE_POPUP      ] [Start]
[20240414 13:13:28 980] [000000] [CLOSE_POPUP      ] [Finish]
[20240414 13:13:29 058] [000000] [Get_ReaderInfo   ] [Start!]
[20240414 13:13:29 070] [000000] [PortOpen         ] [Start!]
[20240414 13:13:29 083] [000000] [PortOpen_Port    ] [12]
[20240414 13:13:30 741] [000000] [PortOpen         ] [Finish!]
[20240414 13:13:30 881] [000000] [PortOpen_rtn     ] [1]
[20240414 13:13:30 968] [000000] [Get_ReaderInfo   ] [NicePosSign!]
[20240414 13:13:31 084] [000000] [NicePosSign      ] [49]
[20240414 13:13:31 134] [000000] [PortClose        ] [Start!]
[20240414 13:13:31 146] [000000] [PortClose        ] [PortClose]
[20240414 13:13:31 159] [000000] [SC_ClosePort     ] [Start!]
[20240414 13:13:31 228] [000000] [ThreadWatchComm  ] [Fisish!]
[20240414 13:13:31 526] [000000] [SC_ClosePort     ] [Finish!]
[20240414 13:13:31 552] [000000] [PortClose        ] [Finish!]
[20240414 13:13:31 584] [000000] [Get_ReaderInfo   ] [#####NR-5500K002]
[20240414 13:13:31 995] [000000] [GetEnv           ] [Start!]
[20240414 13:13:32 010] [000000] [Ver.             ] [#######NVCAT5002]
[20240414 13:13:32 025] [000000] [Date.            ] [24.1.22.1]
[20240414 13:13:32 040] [000000] [GetEnv_CatID     ] [3195189001]
[20240414 13:13:32 054] [000000] [GetEnv_BizNo     ] [4089673734]
[20240414 13:13:32 136] [000000] [GetEnv           ] [Finish!]
