[20240413 13:29:59 776] [000000] [SetEnv           ] [Start!]
[20240413 13:29:59 778] [000000] [SetEnv_ccatid    ] [3195189001]
[20240413 13:29:59 832] [000000] [SetEnv_CatID     ] [3195189001]
[20240413 13:29:59 872] [000000] [SetEnv_cbizno    ] [4089673734]
[20240413 13:29:59 892] [000000] [SetEnv_BizNo     ] [4089673734]
[20240413 13:29:59 904] [000000] [SetEnv           ] [Finish!]
[20240413 13:29:59 925] [000000] [Set_SvrInfo      ] [Start!]
[20240413 13:29:59 957] [000000] [GetCnlDisableYN  ] [Start]
[20240413 13:29:59 967] [000000] [GetStrEnv        ] [Start!]
[20240413 13:29:59 976] [000000] [CnlDisable       ] [N]
[20240413 13:29:59 991] [000000] [RT               ] [1]
[20240413 13:30:00 002] [000000] [SetCnlDisableYN  ] [Start]
[20240413 13:30:00 011] [000000] [DownType         ] [1]
[20240413 13:30:00 030] [000000] [Disable          ] [N]
[20240413 13:30:00 040] [000000] [SetCnlDisableYN  ] [Finish]
[20240413 13:30:01 076] [000000] [Get_SvrInfo      ] [Start!]
[20240413 13:30:01 089] [000000] [GetEnv           ] [Start!]
[20240413 13:30:01 099] [000000] [Ver.             ] [#######NVCAT5002]
[20240413 13:30:01 111] [000000] [Date.            ] [24.1.22.1]
[20240413 13:30:01 144] [000000] [GetEnv_CatID     ] [3195189001]
[20240413 13:30:01 181] [000000] [GetEnv_BizNo     ] [4089673734]
[20240413 13:30:01 207] [000000] [GetEnv           ] [Finish!]
[20240413 13:30:01 242] [000000] [Get_ReaderInfo   ] [Start!]
[20240413 13:30:01 287] [000000] [PortOpen         ] [Start!]
[20240413 13:30:01 301] [000000] [PortOpen_Port    ] [12]
[20240413 13:30:01 800] [000000] [PortOpen         ] [Finish!]
[20240413 13:30:01 812] [000000] [PortOpen_rtn     ] [1]
[20240413 13:30:01 828] [000000] [Get_ReaderInfo   ] [NicePosSign!]
[20240413 13:30:01 881] [000000] [NicePosSign      ] [49]
[20240413 13:30:01 918] [000000] [PortClose        ] [Start!]
[20240413 13:30:01 930] [000000] [PortClose        ] [PortClose]
[20240413 13:30:01 943] [000000] [SC_ClosePort     ] [Start!]
[20240413 13:30:01 955] [000000] [ThreadWatchComm  ] [Fisish!]
[20240413 13:30:01 997] [000000] [SC_ClosePort     ] [Finish!]
[20240413 13:30:02 009] [000000] [PortClose        ] [Finish!]
[20240413 13:30:02 021] [000000] [Get_ReaderInfo   ] [#####NR-5500K002]
[20240413 13:30:02 035] [000000] [Get_SignInfo2    ] [ROMVER Start!]
[20240413 13:30:02 107] [000000] [Get_SignInfo2    ] [SignPort Not Setting]
[20240413 13:30:02 119] [000000] [Get_SignInfo2    ] [ROMVER(16)]
[20240413 13:30:02 138] [000000] [Get_SignInfo2    ] []
[20240413 13:30:02 156] [000000] [MultiReaderInfo  ] [Start]
[20240413 13:30:02 173] [000000] [MultiReaderInfo  ] [READERTYPE : [01], MultiReaderUse : [N], READERCNT : [0], PORTNUM : [0], PORTBAUDRATE : [0]]
[20240413 13:30:02 185] [000000] [MultiReaderInfo  ] [Finish]
[20240413 13:30:02 197] [000000] [ChkValid         ] [Start!]
[20240413 13:30:02 222] [000000] [OPEN_POPUP       ] [Start!]
[20240413 13:30:02 402] [000000] [OPEN_POPUP       ] [Finish]
[20240413 13:30:02 415] [000000] [ChkValid         ] [Get_serial_data!]
[20240413 13:30:02 621] [000000] [PortOpen         ] [Start!]
[20240413 13:30:02 662] [000000] [PortOpen_Port    ] [12]
[20240413 13:30:03 220] [000000] [PortOpen         ] [Finish!]
[20240413 13:30:03 244] [000000] [PortOpen_rtn     ] [1]
[20240413 13:30:03 266] [000000] [Get_serial_data  ] [NicePosSign]
[20240413 13:30:03 290] [000000] [NicePosSign      ] [49]
[20240413 13:30:03 326] [000000] [PortClose        ] [Start!]
[20240413 13:30:03 338] [000000] [PortClose        ] [PortClose]
[20240413 13:30:03 351] [000000] [SC_ClosePort     ] [Start!]
[20240413 13:30:03 364] [000000] [ThreadWatchComm  ] [Fisish!]
[20240413 13:30:03 405] [000000] [SC_ClosePort     ] [Finish!]
[20240413 13:30:03 418] [000000] [PortClose        ] [Finish!]
[20240413 13:30:03 432] [000000] [ChkValid         ] [Get_RandomKey(RND_P1)]
[20240413 13:30:03 444] [000000] [PortOpen         ] [Start!]
[20240413 13:30:03 456] [000000] [PortOpen_Port    ] [12]
[20240413 13:30:03 748] [000000] [PortOpen         ] [Finish!]
[20240413 13:30:03 766] [000000] [PortOpen_rtn     ] [1]
[20240413 13:30:03 798] [000000] [ChkValid         ] [NicePosSign 1]
[20240413 13:30:03 819] [000000] [NicePosSign      ] [160]
[20240413 13:30:03 868] [000000] [ChkValid         ] [ClosePort 1]
[20240413 13:30:03 881] [000000] [ChkValid         ] [Get_RandomKey(RND_P2)]
[20240413 13:30:03 895] [000000] [ChkValid         ] [NicePosSign 2]
[20240413 13:30:03 908] [000000] [NicePosSign      ] [160]
[20240413 13:30:03 948] [000000] [ChkValid         ] [ClosePort 2]
[20240413 13:30:03 961] [000000] [ChkValid         ] [NicePosSign 3]
[20240413 13:30:03 974] [000000] [NicePosSign      ] [160]
[20240413 13:30:04 011] [000000] [ChkValid         ] [ClosePort 3]
[20240413 13:30:04 024] [000000] [CLOSE_POPUP      ] [Start]
[20240413 13:30:04 039] [000000] [CLOSE_POPUP      ] [Finish]
[20240413 13:30:04 055] [000000] [OPEN_POPUP       ] [Start!]
[20240413 13:30:04 094] [000000] [OPEN_POPUP       ] [Finish]
[20240413 13:30:04 107] [000000] [ChkValid         ] [NicePosSign 4]
[20240413 13:30:04 120] [000000] [NicePosSign      ] [161]
[20240413 13:30:04 151] [000000] [ChkValid         ] [ClosePort 4]
[20240413 13:30:04 165] [000000] [PortClose        ] [Start!]
[20240413 13:30:04 178] [000000] [PortClose        ] [PortClose]
[20240413 13:30:04 190] [000000] [SC_ClosePort     ] [Start!]
[20240413 13:30:04 203] [000000] [ThreadWatchComm  ] [Fisish!]
[20240413 13:30:04 244] [000000] [SC_ClosePort     ] [Finish!]
[20240413 13:30:04 258] [000000] [PortClose        ] [Finish!]
[20240413 13:30:04 270] [000000] [ChkValid_ERRCD   ] [0]
[20240413 13:30:04 284] [000000] [CLOSE_POPUP      ] [Start]
[20240413 13:30:04 299] [000000] [CLOSE_POPUP      ] [Finish]
[20240413 13:30:04 370] [000000] [Get_ReaderInfo   ] [Start!]
[20240413 13:30:04 384] [000000] [PortOpen         ] [Start!]
[20240413 13:30:04 399] [000000] [PortOpen_Port    ] [12]
[20240413 13:30:04 831] [000000] [PortOpen         ] [Finish!]
[20240413 13:30:04 847] [000000] [PortOpen_rtn     ] [1]
[20240413 13:30:04 868] [000000] [Get_ReaderInfo   ] [NicePosSign!]
[20240413 13:30:04 887] [000000] [NicePosSign      ] [49]
[20240413 13:30:04 919] [000000] [PortClose        ] [Start!]
[20240413 13:30:04 933] [000000] [PortClose        ] [PortClose]
[20240413 13:30:04 948] [000000] [SC_ClosePort     ] [Start!]
[20240413 13:30:04 962] [000000] [ThreadWatchComm  ] [Fisish!]
[20240413 13:30:05 004] [000000] [SC_ClosePort     ] [Finish!]
[20240413 13:30:05 018] [000000] [PortClose        ] [Finish!]
[20240413 13:30:05 032] [000000] [Get_ReaderInfo   ] [#####NR-5500K002]
[20240413 13:30:05 305] [000000] [GetEnv           ] [Start!]
[20240413 13:30:05 319] [000000] [Ver.             ] [#######NVCAT5002]
[20240413 13:30:05 334] [000000] [Date.            ] [24.1.22.1]
[20240413 13:30:05 350] [000000] [GetEnv_CatID     ] [3195189001]
[20240413 13:30:05 364] [000000] [GetEnv_BizNo     ] [4089673734]
[20240413 13:30:05 377] [000000] [GetEnv           ] [Finish!]
[20240413 22:34:42 927] [000000] [GetEnv           ] [Start!]
[20240413 22:34:42 947] [000000] [Ver.             ] [#######NVCAT5002]
[20240413 22:34:42 958] [000000] [Date.            ] [24.1.22.1]
[20240413 22:34:42 973] [000000] [GetEnv_CatID     ] [3195189001]
[20240413 22:34:43 005] [000000] [GetEnv_BizNo     ] [4089673734]
[20240413 22:34:43 016] [000000] [GetEnv           ] [Finish!]
[20240413 22:34:43 038] [000000] [Get_SvrInfo      ] [Start!]
[20240413 22:34:43 051] [000000] [GetEnv           ] [Start!]
[20240413 22:34:43 070] [000000] [Ver.             ] [#######NVCAT5002]
[20240413 22:34:43 082] [000000] [Date.            ] [24.1.22.1]
[20240413 22:34:43 098] [000000] [GetEnv_CatID     ] [3195189001]
[20240413 22:34:43 111] [000000] [GetEnv_BizNo     ] [4089673734]
[20240413 22:34:43 127] [000000] [GetEnv           ] [Finish!]
[20240413 22:34:43 141] [000000] [Get_ReaderInfo   ] [Start!]
[20240413 22:34:43 156] [000000] [PortOpen         ] [Start!]
[20240413 22:34:43 171] [000000] [PortOpen_Port    ] [12]
[20240413 22:34:43 384] [000000] [PortOpen         ] [Finish!]
[20240413 22:34:43 385] [000000] [PortOpen_rtn     ] [1]
[20240413 22:34:43 402] [000000] [Get_ReaderInfo   ] [NicePosSign!]
[20240413 22:34:43 415] [000000] [NicePosSign      ] [49]
[20240413 22:34:43 453] [000000] [PortClose        ] [Start!]
[20240413 22:34:43 454] [000000] [PortClose        ] [PortClose]
[20240413 22:34:43 468] [000000] [SC_ClosePort     ] [Start!]
[20240413 22:34:43 481] [000000] [ThreadWatchComm  ] [Fisish!]
[20240413 22:34:43 523] [000000] [SC_ClosePort     ] [Finish!]
[20240413 22:34:43 524] [000000] [PortClose        ] [Finish!]
[20240413 22:34:43 536] [000000] [Get_ReaderInfo   ] [#####NR-5500K002]
[20240413 22:34:43 560] [000000] [SetEnv           ] [Start!]
[20240413 22:34:43 564] [000000] [SetEnv_ccatid    ] [3195189001]
[20240413 22:34:43 577] [000000] [SetEnv_CatID     ] [3195189001]
[20240413 22:34:43 590] [000000] [SetEnv_cbizno    ] [4089673734]
[20240413 22:34:43 603] [000000] [SetEnv_BizNo     ] [4089673734]
[20240413 22:34:43 618] [000000] [SetEnv           ] [Finish!]
[20240413 22:34:45 119] [000000] [Get_SvrInfo      ] [Start!]
[20240413 22:34:45 120] [000000] [GetEnv           ] [Start!]
[20240413 22:34:45 137] [000000] [Ver.             ] [#######NVCAT5002]
[20240413 22:34:45 147] [000000] [Date.            ] [24.1.22.1]
[20240413 22:34:45 163] [000000] [GetEnv_CatID     ] [3195189001]
[20240413 22:34:45 177] [000000] [GetEnv_BizNo     ] [4089673734]
[20240413 22:34:45 195] [000000] [GetEnv           ] [Finish!]
[20240413 22:34:45 210] [000000] [Get_ReaderInfo   ] [Start!]
[20240413 22:34:45 222] [000000] [PortOpen         ] [Start!]
[20240413 22:34:45 243] [000000] [PortOpen_Port    ] [12]
[20240413 22:34:45 457] [000000] [PortOpen         ] [Finish!]
[20240413 22:34:45 458] [000000] [PortOpen_rtn     ] [1]
[20240413 22:34:45 468] [000000] [Get_ReaderInfo   ] [NicePosSign!]
[20240413 22:34:45 480] [000000] [NicePosSign      ] [49]
[20240413 22:34:45 517] [000000] [PortClose        ] [Start!]
[20240413 22:34:45 517] [000000] [PortClose        ] [PortClose]
[20240413 22:34:45 530] [000000] [SC_ClosePort     ] [Start!]
[20240413 22:34:45 538] [000000] [ThreadWatchComm  ] [Fisish!]
[20240413 22:34:45 580] [000000] [SC_ClosePort     ] [Finish!]
[20240413 22:34:45 580] [000000] [PortClose        ] [Finish!]
[20240413 22:34:45 592] [000000] [Get_ReaderInfo   ] [#####NR-5500K002]
[20240413 23:31:41 058] [000000] [Get_SignInfo2    ] [ROMVER Start!]
[20240413 23:31:41 123] [000000] [Get_SignInfo2    ] [SignPort Not Setting]
[20240413 23:31:41 124] [000000] [Get_SignInfo2    ] [ROMVER(16)]
[20240413 23:31:41 136] [000000] [Get_SignInfo2    ] []
[20240413 23:31:41 150] [000000] [MultiReaderInfo  ] [Start]
[20240413 23:31:41 163] [000000] [MultiReaderInfo  ] [READERTYPE : [01], MultiReaderUse : [N], READERCNT : [0], PORTNUM : [0], PORTBAUDRATE : [0]]
[20240413 23:31:41 175] [000000] [MultiReaderInfo  ] [Finish]
[20240413 23:31:41 187] [000000] [ChkValid         ] [Start!]
[20240413 23:31:41 252] [000000] [OPEN_POPUP       ] [Start!]
[20240413 23:31:41 295] [000000] [OPEN_POPUP       ] [Finish]
[20240413 23:31:41 296] [000000] [ChkValid         ] [Get_serial_data!]
[20240413 23:31:41 466] [000000] [PortOpen         ] [Start!]
[20240413 23:31:41 468] [000000] [PortOpen_Port    ] [12]
[20240413 23:31:41 682] [000000] [PortOpen         ] [Finish!]
[20240413 23:31:41 683] [000000] [PortOpen_rtn     ] [1]
[20240413 23:31:41 696] [000000] [Get_serial_data  ] [NicePosSign]
[20240413 23:31:41 710] [000000] [NicePosSign      ] [49]
[20240413 23:31:41 752] [000000] [PortClose        ] [Start!]
[20240413 23:31:41 753] [000000] [PortClose        ] [PortClose]
[20240413 23:31:41 765] [000000] [SC_ClosePort     ] [Start!]
[20240413 23:31:41 777] [000000] [ThreadWatchComm  ] [Fisish!]
[20240413 23:31:41 895] [000000] [SC_ClosePort     ] [Finish!]
[20240413 23:31:41 921] [000000] [PortClose        ] [Finish!]
[20240413 23:31:41 934] [000000] [ChkValid         ] [Get_RandomKey(RND_P1)]
[20240413 23:31:41 944] [000000] [PortOpen         ] [Start!]
[20240413 23:31:41 954] [000000] [PortOpen_Port    ] [12]
[20240413 23:31:42 178] [000000] [PortOpen         ] [Finish!]
[20240413 23:31:42 180] [000000] [PortOpen_rtn     ] [1]
[20240413 23:31:42 196] [000000] [ChkValid         ] [NicePosSign 1]
[20240413 23:31:42 209] [000000] [NicePosSign      ] [160]
[20240413 23:31:42 241] [000000] [ChkValid         ] [ClosePort 1]
[20240413 23:31:42 241] [000000] [ChkValid         ] [Get_RandomKey(RND_P2)]
[20240413 23:31:42 250] [000000] [ChkValid         ] [NicePosSign 2]
[20240413 23:31:42 261] [000000] [NicePosSign      ] [160]
[20240413 23:31:42 288] [000000] [ChkValid         ] [ClosePort 2]
[20240413 23:31:42 289] [000000] [ChkValid         ] [NicePosSign 3]
[20240413 23:31:42 300] [000000] [NicePosSign      ] [160]
[20240413 23:31:42 334] [000000] [ChkValid         ] [ClosePort 3]
[20240413 23:31:42 335] [000000] [CLOSE_POPUP      ] [Start]
[20240413 23:31:42 351] [000000] [CLOSE_POPUP      ] [Finish]
[20240413 23:31:42 360] [000000] [OPEN_POPUP       ] [Start!]
[20240413 23:31:42 383] [000000] [OPEN_POPUP       ] [Finish]
[20240413 23:31:42 386] [000000] [ChkValid         ] [NicePosSign 4]
[20240413 23:31:42 395] [000000] [NicePosSign      ] [161]
[20240413 23:31:42 429] [000000] [ChkValid         ] [ClosePort 4]
[20240413 23:31:42 429] [000000] [PortClose        ] [Start!]
[20240413 23:31:42 442] [000000] [PortClose        ] [PortClose]
[20240413 23:31:42 451] [000000] [SC_ClosePort     ] [Start!]
[20240413 23:31:42 463] [000000] [ThreadWatchComm  ] [Fisish!]
[20240413 23:31:42 506] [000000] [SC_ClosePort     ] [Finish!]
[20240413 23:31:42 506] [000000] [PortClose        ] [Finish!]
[20240413 23:31:42 559] [000000] [ChkValid_ERRCD   ] [0]
[20240413 23:31:42 575] [000000] [CLOSE_POPUP      ] [Start]
[20240413 23:31:42 599] [000000] [CLOSE_POPUP      ] [Finish]
[20240413 23:31:43 828] [000000] [Get_ReaderInfo   ] [Start!]
[20240413 23:31:43 829] [000000] [PortOpen         ] [Start!]
[20240413 23:31:43 854] [000000] [PortOpen_Port    ] [12]
[20240413 23:31:44 063] [000000] [PortOpen         ] [Finish!]
[20240413 23:31:44 063] [000000] [PortOpen_rtn     ] [1]
[20240413 23:31:44 076] [000000] [Get_ReaderInfo   ] [NicePosSign!]
[20240413 23:31:44 085] [000000] [NicePosSign      ] [49]
[20240413 23:31:44 119] [000000] [PortClose        ] [Start!]
[20240413 23:31:44 119] [000000] [PortClose        ] [PortClose]
[20240413 23:31:44 129] [000000] [SC_ClosePort     ] [Start!]
[20240413 23:31:44 139] [000000] [ThreadWatchComm  ] [Fisish!]
[20240413 23:31:44 181] [000000] [SC_ClosePort     ] [Finish!]
[20240413 23:31:44 182] [000000] [PortClose        ] [Finish!]
[20240413 23:31:44 192] [000000] [Get_ReaderInfo   ] [#####NR-5500K002]
[20240413 23:35:09 586] [000000] [Pos_Send         ] [**********************************************************************************************]
[20240413 23:35:09 587] [000000] [Pos_Send         ] [Start!]
[20240413 23:35:09 600] [000000] [Ver.             ] [#######NVCAT5002]
[20240413 23:35:09 610] [000000] [Date.            ] [24.1.22.1]
[20240413 23:35:09 621] [000000] [VpnUse           ] [N]
[20240413 23:35:09 631] [000000] [MultiVan         ] [N]
[20240413 23:35:09 642] [000000] [MultiReaderInfo  ] [Start]
[20240413 23:35:09 655] [000000] [MultiReaderInfo  ] [READERTYPE : [01], MultiReaderUse : [N], READERCNT : [0], PORTNUM : [0], PORTBAUDRATE : [0]]
[20240413 23:35:09 671] [000000] [MultiReaderInfo  ] [Finish]
[20240413 23:35:09 682] [000000] [GetCnlDisableYN  ] [Start]
[20240413 23:35:09 691] [000000] [GetStrEnv        ] [Start!]
[20240413 23:35:09 701] [000000] [DOWNTP           ] [1]
[20240413 23:35:09 712] [000000] [CnlDisable       ] [N]
[20240413 23:35:09 722] [000000] [NICEDOWN2        ] [Start]
[20240413 23:35:09 733] [000000] [ReaderSN         ] [Z624020161]
[20240413 23:35:09 745] [000000] [ReaderVer        ] [#####NR-5500K002]
[20240413 23:35:09 758] [000000] [NICEDOWN2        ] [CATID]
[20240413 23:35:09 767] [000000] [NICEDOWN2        ] [3195189001]
[20240413 23:35:09 777] [000000] [NICEDOWN2        ] [BIZNO]
[20240413 23:35:09 792] [000000] [NICEDOWN2        ] [4089673734]
[20240413 23:35:09 801] [000000] [NICEDOWN2        ] [NICEDOWN2 Date Check Start]
[20240413 23:35:09 812] [000000] [RT               ] [R]
[20240413 23:35:09 824] [000000] [REGDOWNTP        ] [1]
[20240413 23:35:09 837] [000000] [CnlDisable       ] []
[20240413 23:35:09 848] [000000] [NICEDOWN2        ] [(1) 다운로드 했던 기록이 있음]
[20240413 23:35:09 857] [000000] [NICEDOWN2        ] [(3) 이전 다운로드했던 CATID와 다운로드할 CATID가 같음]
[20240413 23:35:09 869] [000000] [NICEDOWN2        ] [(4) 이전 다운로드 유형과 다운로드할 유형이 같음]
[20240413 23:35:09 880] [000000] [NICEDOWN2        ] [NICEDOWN2 Date Check Finish]
[20240413 23:35:09 894] [000000] [SetCnlDisableYN  ] [Start]
[20240413 23:35:09 907] [000000] [DownType         ] [1]
[20240413 23:35:09 920] [000000] [Disable          ] []
[20240413 23:35:09 936] [000000] [SetCnlDisableYN  ] [Finish]
[20240413 23:35:09 950] [000000] [Connect_Tcp      ] [211.33.136.9:9002]
[20240413 23:35:09 985] [001320] [Open_TcpPort     ] [Connect OK!]
[20240413 23:35:09 987] [000000] [GetMac           ] [Start]
[20240413 23:35:09 999] [000000] [GetMac           ] [Try]
[20240413 23:35:10 017] [000000] [GetMac           ] [Success]
[20240413 23:35:10 029] [000000] [GetMac           ] [Finish]
[20240413 23:35:10 041] [000000] [SIGNSERIALNO     ] []
[20240413 23:35:10 054] [000000] [sendBuf          ] [0273770G44089673734319518900111002091702027700000000                                       10NVCAT               Z624020161#####NR-5500K002NVKN50  20240413233509               D8C497336879                                                                                     ]
[20240413 23:35:10 148] [000000] [recvBuf          ] [0492770G4408967373431951890010000R다운로드 정상                           211.33.136.2   8101 211.33.136.2   8101 211.33.136.9   9003 에이스독서실                      임원일              01071038573         인천 부평구 충선로 174상록빌딩 5층 전체                                                                                                                                                                 00211.33.136.1   9000 022402240287192N                                              ]
[20240413 23:35:10 149] [001320] [Close_TcpPort    ] [Close OK!]
[20240413 23:35:10 164] [000000] [RPORT            ] [8101]
[20240413 23:35:10 177] [000000] [NICEDOWNREQ      ] [N]
[20240413 23:35:10 191] [000000] [RPORT Set 4      ] [8101]
[20240413 23:35:10 222] [000000] [POSUNINUM        ] [022402240287192]
[20240413 23:35:10 225] [000000] [NICEDOWN2        ] [return 1]
[20240413 23:35:10 240] [000000] [NICEDOWN2        ] [Finish]
[20240413 23:35:10 252] [000000] [Pos_Send         ] [NICEDOWN2 Success]
[20240413 23:35:10 261] [000000] [Pos_Send amt1    ] [000000000001]
[20240413 23:35:10 271] [000000] [Pos_Send amt2    ] [1]
[20240413 23:35:10 282] [000000] [ReqCard          ] [ReqCard]
[20240413 23:35:10 291] [000000] [Pos_Send amt3    ] [1]
[20240413 23:35:10 301] [000000] [POPUP_TIMER      ] [Start!]
[20240413 23:35:10 314] [000000] [Count            ] [30]
[20240413 23:35:10 393] [000000] [POPUP_TIMER      ] [Finish]
[20240413 23:35:10 402] [000000] [ReqCard          ] [Start!]
[20240413 23:35:10 420] [000000] [MultiReaderInfo  ] [Start]
[20240413 23:35:10 435] [000000] [MultiReaderInfo  ] [READERTYPE : [01], MultiReaderUse : [N], READERCNT : [0], PORTNUM : [0], PORTBAUDRATE : [0]]
[20240413 23:35:10 446] [000000] [MultiReaderInfo  ] [Finish]
[20240413 23:35:10 459] [000000] [ReqCard          ] [Multi Reader Use X]
[20240413 23:35:10 471] [000000] [PortOpen         ] [Start!]
[20240413 23:35:10 486] [000000] [PortOpen_Port    ] [12]
[20240413 23:35:10 697] [000000] [PortOpen         ] [Finish!]
[20240413 23:35:10 698] [000000] [PortOpen_rtn     ] [1]
[20240413 23:35:10 708] [000000] [ReqCard Time     ] [20240413233510]
[20240413 23:35:10 717] [000000] [ReqCard Amt      ] [000000000001]
[20240413 23:35:10 727] [000000] [ReqCard Catid    ] [3195189001]
[20240413 23:35:10 741] [000000] [ReqCard tp       ] [0]
[20240413 23:35:10 752] [000000] [ReqCard          ] [Request Nicepos sign!(0,1)]
[20240413 23:35:10 762] [000000] [NicePosSign      ] [156]
[20240413 23:35:12 303] [000000] [Stop             ] [1]
[20240413 23:35:12 304] [000000] [ReqStop          ] [Start!]
[20240413 23:35:12 314] [000000] [ReqStop          ] [1]
[20240413 23:35:12 326] [000000] [ReqStop          ] [9]
[20240413 23:35:12 338] [000000] [MultiReaderInfo  ] [Start]
[20240413 23:35:12 353] [000000] [MultiReaderInfo  ] [READERTYPE : [01], MultiReaderUse : [N], READERCNT : [0], PORTNUM : [0], PORTBAUDRATE : [0]]
[20240413 23:35:12 362] [000000] [MultiReaderInfo  ] [Finish]
[20240413 23:35:12 375] [000000] [ReqStop          ] [2]
[20240413 23:35:12 386] [000000] [ReqStop          ] [3]
[20240413 23:35:12 402] [000000] [ReqStop          ] [4]
[20240413 23:35:12 923] [000000] [ReqStop          ] [5]
[20240413 23:35:12 924] [000000] [ReqStop          ] [6]
[20240413 23:35:12 936] [000000] [ReqStop          ] [7]
[20240413 23:35:12 950] [000000] [ReqStop          ] [8]
[20240413 23:35:12 965] [000000] [ReqCard ErrCode  ] [cd]
[20240413 23:35:12 977] [000000] [PortClose        ] [Start!]
[20240413 23:35:12 992] [000000] [PortClose        ] [PortClose]
[20240413 23:35:13 001] [000000] [SC_ClosePort     ] [Start!]
[20240413 23:35:13 012] [000000] [ThreadWatchComm  ] [Fisish!]
[20240413 23:35:13 053] [000000] [SC_ClosePort     ] [Finish!]
[20240413 23:35:13 054] [000000] [PortClose        ] [Finish!]
[20240413 23:35:13 067] [000000] [CLOSE_POPUP      ] [Start]
[20240413 23:35:13 100] [000000] [CLOSE_POPUP      ] [Finish]
[20240413 23:35:13 168] [000000] [ReqCard          ] [ReqCard End]
[20240413 23:35:13 182] [000000] [Pos_Send[4]      ] [return -80]
[20240413 23:35:13 195] [000000] [Pos_Send[4]      ] [**********************************************************************************************]
[20240413 23:36:11 605] [000000] [Pos_Send         ] [**********************************************************************************************]
[20240413 23:36:11 606] [000000] [Pos_Send         ] [Start!]
[20240413 23:36:11 634] [000000] [Ver.             ] [#######NVCAT5002]
[20240413 23:36:11 651] [000000] [Date.            ] [24.1.22.1]
[20240413 23:36:11 662] [000000] [VpnUse           ] [N]
[20240413 23:36:11 673] [000000] [MultiVan         ] [N]
[20240413 23:36:11 685] [000000] [MultiReaderInfo  ] [Start]
[20240413 23:36:11 702] [000000] [MultiReaderInfo  ] [READERTYPE : [01], MultiReaderUse : [N], READERCNT : [0], PORTNUM : [0], PORTBAUDRATE : [0]]
[20240413 23:36:11 714] [000000] [MultiReaderInfo  ] [Finish]
[20240413 23:36:11 729] [000000] [GetCnlDisableYN  ] [Start]
[20240413 23:36:11 743] [000000] [GetStrEnv        ] [Start!]
[20240413 23:36:11 755] [000000] [DOWNTP           ] [1]
[20240413 23:36:11 765] [000000] [CnlDisable       ] [N]
[20240413 23:36:11 777] [000000] [NICEDOWN2        ] [Start]
[20240413 23:36:11 792] [000000] [ReaderSN         ] [Z624020161]
[20240413 23:36:11 805] [000000] [ReaderVer        ] [#####NR-5500K002]
[20240413 23:36:11 817] [000000] [NICEDOWN2        ] [CATID]
[20240413 23:36:11 826] [000000] [NICEDOWN2        ] [3195189001]
[20240413 23:36:11 840] [000000] [NICEDOWN2        ] [BIZNO]
[20240413 23:36:11 855] [000000] [NICEDOWN2        ] [4089673734]
[20240413 23:36:11 869] [000000] [NICEDOWN2        ] [NICEDOWN2 Date Check Start]
[20240413 23:36:11 880] [000000] [RT               ] [R]
[20240413 23:36:11 897] [000000] [REGDOWNTP        ] [1]
[20240413 23:36:11 913] [000000] [CnlDisable       ] []
[20240413 23:36:11 928] [000000] [NICEDOWN2        ] [(1) 다운로드 했던 기록이 있음]
[20240413 23:36:11 944] [000000] [NICEDOWN2        ] [(2) 이전 다운로드했던 날짜와 오늘 날짜가 같음]
[20240413 23:36:11 976] [000000] [NICEDOWN2        ] [(3) 이전 다운로드했던 CATID와 다운로드할 CATID가 같음]
[20240413 23:36:11 997] [000000] [NICEDOWN2        ] [(4) 이전 다운로드 유형과 다운로드할 유형이 같음]
[20240413 23:36:12 013] [000000] [NICEDOWN2        ] [Already NICEDOWN2  (-2)]
[20240413 23:36:12 032] [000000] [Pos_Send         ] [NICEDOWN2 Fail (-2)]
[20240413 23:36:12 050] [000000] [Pos_Send amt1    ] [000000000005]
[20240413 23:36:12 071] [000000] [Pos_Send amt2    ] [5]
[20240413 23:36:12 181] [000000] [ReqCard          ] [ReqCard]
[20240413 23:36:12 198] [000000] [Pos_Send amt3    ] [5]
[20240413 23:36:12 216] [000000] [POPUP_TIMER      ] [Start!]
[20240413 23:36:12 236] [000000] [Count            ] [30]
[20240413 23:36:12 270] [000000] [POPUP_TIMER      ] [Finish]
[20240413 23:36:12 330] [000000] [ReqCard          ] [Start!]
[20240413 23:36:12 349] [000000] [MultiReaderInfo  ] [Start]
[20240413 23:36:12 394] [000000] [MultiReaderInfo  ] [READERTYPE : [01], MultiReaderUse : [N], READERCNT : [0], PORTNUM : [0], PORTBAUDRATE : [0]]
[20240413 23:36:12 419] [000000] [MultiReaderInfo  ] [Finish]
[20240413 23:36:12 429] [000000] [ReqCard          ] [Multi Reader Use X]
[20240413 23:36:12 441] [000000] [PortOpen         ] [Start!]
[20240413 23:36:12 499] [000000] [PortOpen_Port    ] [12]
[20240413 23:36:12 721] [000000] [PortOpen         ] [Finish!]
[20240413 23:36:12 721] [000000] [PortOpen_rtn     ] [1]
[20240413 23:36:12 735] [000000] [ReqCard Time     ] [20240413233612]
[20240413 23:36:12 748] [000000] [ReqCard Amt      ] [000000000005]
[20240413 23:36:12 764] [000000] [ReqCard Catid    ] [3195189001]
[20240413 23:36:12 782] [000000] [ReqCard tp       ] [0]
[20240413 23:36:12 797] [000000] [ReqCard          ] [Request Nicepos sign!(0,1)]
[20240413 23:36:12 809] [000000] [NicePosSign      ] [156]
[20240413 23:36:14 201] [000000] [Stop             ] [1]
[20240413 23:36:14 202] [000000] [ReqStop          ] [Start!]
[20240413 23:36:14 215] [000000] [ReqStop          ] [1]
[20240413 23:36:14 230] [000000] [ReqStop          ] [9]
[20240413 23:36:14 243] [000000] [MultiReaderInfo  ] [Start]
[20240413 23:36:14 319] [000000] [MultiReaderInfo  ] [READERTYPE : [01], MultiReaderUse : [N], READERCNT : [0], PORTNUM : [0], PORTBAUDRATE : [0]]
[20240413 23:36:14 330] [000000] [MultiReaderInfo  ] [Finish]
[20240413 23:36:14 344] [000000] [ReqStop          ] [2]
[20240413 23:36:14 357] [000000] [ReqStop          ] [3]
[20240413 23:36:14 370] [000000] [ReqStop          ] [4]
[20240413 23:36:14 897] [000000] [ReqStop          ] [5]
[20240413 23:36:14 897] [000000] [ReqStop          ] [6]
[20240413 23:36:14 910] [000000] [ReqStop          ] [7]
[20240413 23:36:14 925] [000000] [ReqStop          ] [8]
[20240413 23:36:14 940] [000000] [ReqCard ErrCode  ] [cd]
[20240413 23:36:14 952] [000000] [PortClose        ] [Start!]
[20240413 23:36:14 973] [000000] [PortClose        ] [PortClose]
[20240413 23:36:14 986] [000000] [SC_ClosePort     ] [Start!]
[20240413 23:36:15 001] [000000] [ThreadWatchComm  ] [Fisish!]
[20240413 23:36:15 047] [000000] [SC_ClosePort     ] [Finish!]
[20240413 23:36:15 061] [000000] [PortClose        ] [Finish!]
[20240413 23:36:15 074] [000000] [CLOSE_POPUP      ] [Start]
[20240413 23:36:15 102] [000000] [CLOSE_POPUP      ] [Finish]
[20240413 23:36:15 441] [000000] [ReqCard          ] [ReqCard End]
[20240413 23:36:15 454] [000000] [Pos_Send[4]      ] [return -80]
[20240413 23:36:15 473] [000000] [Pos_Send[4]      ] [**********************************************************************************************]
[20240413 23:37:04 915] [000000] [Pos_Send         ] [**********************************************************************************************]
[20240413 23:37:04 916] [000000] [Pos_Send         ] [Start!]
[20240413 23:37:04 942] [000000] [Ver.             ] [#######NVCAT5002]
[20240413 23:37:04 954] [000000] [Date.            ] [24.1.22.1]
[20240413 23:37:05 001] [000000] [VpnUse           ] [N]
[20240413 23:37:05 014] [000000] [MultiVan         ] [N]
[20240413 23:37:05 037] [000000] [MultiReaderInfo  ] [Start]
[20240413 23:37:05 058] [000000] [MultiReaderInfo  ] [READERTYPE : [01], MultiReaderUse : [N], READERCNT : [0], PORTNUM : [0], PORTBAUDRATE : [0]]
[20240413 23:37:05 079] [000000] [MultiReaderInfo  ] [Finish]
[20240413 23:37:05 093] [000000] [GetCnlDisableYN  ] [Start]
[20240413 23:37:05 113] [000000] [GetStrEnv        ] [Start!]
[20240413 23:37:05 129] [000000] [DOWNTP           ] [1]
[20240413 23:37:05 148] [000000] [CnlDisable       ] [N]
[20240413 23:37:05 165] [000000] [NICEDOWN2        ] [Start]
[20240413 23:37:05 180] [000000] [ReaderSN         ] [Z624020161]
[20240413 23:37:05 196] [000000] [ReaderVer        ] [#####NR-5500K002]
[20240413 23:37:05 211] [000000] [NICEDOWN2        ] [CATID]
[20240413 23:37:05 226] [000000] [NICEDOWN2        ] [3195189001]
[20240413 23:37:05 239] [000000] [NICEDOWN2        ] [BIZNO]
[20240413 23:37:05 253] [000000] [NICEDOWN2        ] [4089673734]
[20240413 23:37:05 274] [000000] [NICEDOWN2        ] [NICEDOWN2 Date Check Start]
[20240413 23:37:05 291] [000000] [RT               ] [R]
[20240413 23:37:05 308] [000000] [REGDOWNTP        ] [1]
[20240413 23:37:05 347] [000000] [CnlDisable       ] []
[20240413 23:37:05 374] [000000] [NICEDOWN2        ] [(1) 다운로드 했던 기록이 있음]
[20240413 23:37:05 388] [000000] [NICEDOWN2        ] [(2) 이전 다운로드했던 날짜와 오늘 날짜가 같음]
[20240413 23:37:05 403] [000000] [NICEDOWN2        ] [(3) 이전 다운로드했던 CATID와 다운로드할 CATID가 같음]
[20240413 23:37:05 418] [000000] [NICEDOWN2        ] [(4) 이전 다운로드 유형과 다운로드할 유형이 같음]
[20240413 23:37:05 436] [000000] [NICEDOWN2        ] [Already NICEDOWN2  (-2)]
[20240413 23:37:05 450] [000000] [Pos_Send         ] [NICEDOWN2 Fail (-2)]
[20240413 23:37:05 465] [000000] [Pos_Send amt1    ] [000000000005]
[20240413 23:37:05 476] [000000] [Pos_Send amt2    ] [5]
[20240413 23:37:05 489] [000000] [ReqCard          ] [ReqCard]
[20240413 23:37:05 504] [000000] [Pos_Send amt3    ] [5]
[20240413 23:37:05 520] [000000] [POPUP_TIMER      ] [Start!]
[20240413 23:37:05 535] [000000] [Count            ] [30]
[20240413 23:37:05 564] [000000] [POPUP_TIMER      ] [Finish]
[20240413 23:37:05 609] [000000] [ReqCard          ] [Start!]
[20240413 23:37:05 625] [000000] [MultiReaderInfo  ] [Start]
[20240413 23:37:05 642] [000000] [MultiReaderInfo  ] [READERTYPE : [01], MultiReaderUse : [N], READERCNT : [0], PORTNUM : [0], PORTBAUDRATE : [0]]
[20240413 23:37:05 668] [000000] [MultiReaderInfo  ] [Finish]
[20240413 23:37:05 689] [000000] [ReqCard          ] [Multi Reader Use X]
[20240413 23:37:05 714] [000000] [PortOpen         ] [Start!]
[20240413 23:37:05 729] [000000] [PortOpen_Port    ] [12]
[20240413 23:37:05 945] [000000] [PortOpen         ] [Finish!]
[20240413 23:37:05 945] [000000] [PortOpen_rtn     ] [1]
[20240413 23:37:05 962] [000000] [ReqCard Time     ] [20240413233705]
[20240413 23:37:05 974] [000000] [ReqCard Amt      ] [000000000005]
[20240413 23:37:05 988] [000000] [ReqCard Catid    ] [3195189001]
[20240413 23:37:06 001] [000000] [ReqCard tp       ] [0]
[20240413 23:37:06 015] [000000] [ReqCard          ] [Request Nicepos sign!(0,1)]
[20240413 23:37:06 029] [000000] [NicePosSign      ] [156]
[20240413 23:37:06 712] [000000] [Stop             ] [1]
[20240413 23:37:06 713] [000000] [ReqStop          ] [Start!]
[20240413 23:37:06 747] [000000] [ReqStop          ] [1]
[20240413 23:37:06 776] [000000] [ReqStop          ] [9]
[20240413 23:37:06 797] [000000] [MultiReaderInfo  ] [Start]
[20240413 23:37:06 817] [000000] [MultiReaderInfo  ] [READERTYPE : [01], MultiReaderUse : [N], READERCNT : [0], PORTNUM : [0], PORTBAUDRATE : [0]]
[20240413 23:37:06 834] [000000] [MultiReaderInfo  ] [Finish]
[20240413 23:37:06 865] [000000] [ReqStop          ] [2]
[20240413 23:37:06 894] [000000] [ReqStop          ] [3]
[20240413 23:37:06 924] [000000] [ReqStop          ] [4]
[20240413 23:37:07 451] [000000] [ReqStop          ] [5]
[20240413 23:37:07 452] [000000] [ReqStop          ] [6]
[20240413 23:37:07 465] [000000] [ReqStop          ] [7]
[20240413 23:37:07 478] [000000] [ReqStop          ] [8]
[20240413 23:37:07 492] [000000] [ReqCard ErrCode  ] [cd]
[20240413 23:37:07 532] [000000] [PortClose        ] [Start!]
[20240413 23:37:07 545] [000000] [PortClose        ] [PortClose]
[20240413 23:37:07 558] [000000] [SC_ClosePort     ] [Start!]
[20240413 23:37:07 585] [000000] [ThreadWatchComm  ] [Fisish!]
[20240413 23:37:07 626] [000000] [SC_ClosePort     ] [Finish!]
[20240413 23:37:07 650] [000000] [PortClose        ] [Finish!]
[20240413 23:37:07 667] [000000] [CLOSE_POPUP      ] [Start]
[20240413 23:37:07 696] [000000] [CLOSE_POPUP      ] [Finish]
[20240413 23:37:07 750] [000000] [ReqCard          ] [ReqCard End]
[20240413 23:37:07 807] [000000] [Pos_Send[4]      ] [return -80]
[20240413 23:37:07 841] [000000] [Pos_Send[4]      ] [**********************************************************************************************]
[20240413 23:37:39 494] [000000] [Pos_Send         ] [**********************************************************************************************]
[20240413 23:37:39 495] [000000] [Pos_Send         ] [Start!]
[20240413 23:37:39 507] [000000] [Ver.             ] [#######NVCAT5002]
[20240413 23:37:39 519] [000000] [Date.            ] [24.1.22.1]
[20240413 23:37:39 529] [000000] [VpnUse           ] [N]
[20240413 23:37:39 562] [000000] [MultiVan         ] [N]
[20240413 23:37:39 577] [000000] [MultiReaderInfo  ] [Start]
[20240413 23:37:39 591] [000000] [MultiReaderInfo  ] [READERTYPE : [01], MultiReaderUse : [N], READERCNT : [0], PORTNUM : [0], PORTBAUDRATE : [0]]
[20240413 23:37:39 604] [000000] [MultiReaderInfo  ] [Finish]
[20240413 23:37:39 618] [000000] [GetCnlDisableYN  ] [Start]
[20240413 23:37:39 632] [000000] [GetStrEnv        ] [Start!]
[20240413 23:37:39 646] [000000] [DOWNTP           ] [1]
[20240413 23:37:39 660] [000000] [CnlDisable       ] [N]
[20240413 23:37:39 674] [000000] [NICEDOWN2        ] [Start]
[20240413 23:37:39 689] [000000] [ReaderSN         ] [Z624020161]
[20240413 23:37:39 702] [000000] [ReaderVer        ] [#####NR-5500K002]
[20240413 23:37:39 712] [000000] [NICEDOWN2        ] [CATID]
[20240413 23:37:39 726] [000000] [NICEDOWN2        ] [3195189001]
[20240413 23:37:39 740] [000000] [NICEDOWN2        ] [BIZNO]
[20240413 23:37:39 753] [000000] [NICEDOWN2        ] [4089673734]
[20240413 23:37:39 764] [000000] [NICEDOWN2        ] [NICEDOWN2 Date Check Start]
[20240413 23:37:39 779] [000000] [RT               ] [R]
[20240413 23:37:39 793] [000000] [REGDOWNTP        ] [1]
[20240413 23:37:39 805] [000000] [CnlDisable       ] []
[20240413 23:37:39 817] [000000] [NICEDOWN2        ] [(1) 다운로드 했던 기록이 있음]
[20240413 23:37:39 832] [000000] [NICEDOWN2        ] [(2) 이전 다운로드했던 날짜와 오늘 날짜가 같음]
[20240413 23:37:39 845] [000000] [NICEDOWN2        ] [(3) 이전 다운로드했던 CATID와 다운로드할 CATID가 같음]
[20240413 23:37:39 859] [000000] [NICEDOWN2        ] [(4) 이전 다운로드 유형과 다운로드할 유형이 같음]
[20240413 23:37:39 872] [000000] [NICEDOWN2        ] [Already NICEDOWN2  (-2)]
[20240413 23:37:39 884] [000000] [Pos_Send         ] [NICEDOWN2 Fail (-2)]
[20240413 23:37:39 894] [000000] [Pos_Send amt1    ] [000000000005]
[20240413 23:37:39 904] [000000] [Pos_Send amt2    ] [5]
[20240413 23:37:39 917] [000000] [ReqCard          ] [ReqCard]
[20240413 23:37:39 931] [000000] [Pos_Send amt3    ] [5]
[20240413 23:37:39 945] [000000] [POPUP_TIMER      ] [Start!]
[20240413 23:37:39 958] [000000] [Count            ] [30]
[20240413 23:37:39 986] [000000] [POPUP_TIMER      ] [Finish]
[20240413 23:37:40 015] [000000] [ReqCard          ] [Start!]
[20240413 23:37:40 030] [000000] [MultiReaderInfo  ] [Start]
[20240413 23:37:40 043] [000000] [MultiReaderInfo  ] [READERTYPE : [01], MultiReaderUse : [N], READERCNT : [0], PORTNUM : [0], PORTBAUDRATE : [0]]
[20240413 23:37:40 054] [000000] [MultiReaderInfo  ] [Finish]
[20240413 23:37:40 067] [000000] [ReqCard          ] [Multi Reader Use X]
[20240413 23:37:40 077] [000000] [PortOpen         ] [Start!]
[20240413 23:37:40 090] [000000] [PortOpen_Port    ] [12]
[20240413 23:37:40 298] [000000] [PortOpen         ] [Finish!]
[20240413 23:37:40 299] [000000] [PortOpen_rtn     ] [1]
[20240413 23:37:40 314] [000000] [ReqCard Time     ] [20240413233740]
[20240413 23:37:40 324] [000000] [ReqCard Amt      ] [000000000005]
[20240413 23:37:40 333] [000000] [ReqCard Catid    ] [3195189001]
[20240413 23:37:40 350] [000000] [ReqCard tp       ] [0]
[20240413 23:37:40 361] [000000] [ReqCard          ] [Request Nicepos sign!(0,1)]
[20240413 23:37:40 372] [000000] [NicePosSign      ] [156]
[20240413 23:38:05 577] [000000] [Stop             ] [1]
[20240413 23:38:05 578] [000000] [ReqStop          ] [Start!]
[20240413 23:38:05 593] [000000] [ReqStop          ] [1]
[20240413 23:38:05 611] [000000] [ReqStop          ] [9]
[20240413 23:38:05 624] [000000] [MultiReaderInfo  ] [Start]
[20240413 23:38:05 639] [000000] [MultiReaderInfo  ] [READERTYPE : [01], MultiReaderUse : [N], READERCNT : [0], PORTNUM : [0], PORTBAUDRATE : [0]]
[20240413 23:38:05 650] [000000] [MultiReaderInfo  ] [Finish]
[20240413 23:38:05 670] [000000] [ReqStop          ] [2]
[20240413 23:38:05 682] [000000] [ReqStop          ] [3]
[20240413 23:38:05 700] [000000] [ReqStop          ] [4]
[20240413 23:38:06 224] [000000] [ReqStop          ] [5]
[20240413 23:38:06 225] [000000] [ReqStop          ] [6]
[20240413 23:38:06 235] [000000] [ReqStop          ] [7]
[20240413 23:38:06 250] [000000] [ReqStop          ] [8]
[20240413 23:38:06 261] [000000] [ReqCard ErrCode  ] [cd]
[20240413 23:38:06 270] [000000] [PortClose        ] [Start!]
[20240413 23:38:06 280] [000000] [PortClose        ] [PortClose]
[20240413 23:38:06 290] [000000] [SC_ClosePort     ] [Start!]
[20240413 23:38:06 305] [000000] [ThreadWatchComm  ] [Fisish!]
[20240413 23:38:06 346] [000000] [SC_ClosePort     ] [Finish!]
[20240413 23:38:06 347] [000000] [PortClose        ] [Finish!]
[20240413 23:38:06 360] [000000] [CLOSE_POPUP      ] [Start]
[20240413 23:38:06 378] [000000] [CLOSE_POPUP      ] [Finish]
[20240413 23:38:06 445] [000000] [ReqCard          ] [ReqCard End]
[20240413 23:38:06 472] [000000] [Pos_Send[4]      ] [return -80]
[20240413 23:38:06 488] [000000] [Pos_Send[4]      ] [**********************************************************************************************]
[20240413 23:40:51 196] [000000] [SetEnv           ] [Start!]
[20240413 23:40:51 201] [000000] [SetEnv_ccatid    ] [3195189001]
[20240413 23:40:51 232] [000000] [SetEnv_CatID     ] [3195189001]
[20240413 23:40:51 241] [000000] [SetEnv_cbizno    ] [4089673734]
[20240413 23:40:51 251] [000000] [SetEnv_BizNo     ] [4089673734]
[20240413 23:40:51 263] [000000] [SetEnv           ] [Finish!]
[20240413 23:40:53 172] [000000] [Get_SvrInfo      ] [Start!]
[20240413 23:40:53 173] [000000] [GetEnv           ] [Start!]
[20240413 23:40:53 188] [000000] [Ver.             ] [#######NVCAT5002]
[20240413 23:40:53 199] [000000] [Date.            ] [24.1.22.1]
[20240413 23:40:53 212] [000000] [GetEnv_CatID     ] [3195189001]
[20240413 23:40:53 227] [000000] [GetEnv_BizNo     ] [4089673734]
[20240413 23:40:53 244] [000000] [GetEnv           ] [Finish!]
[20240413 23:40:53 258] [000000] [Get_ReaderInfo   ] [Start!]
[20240413 23:40:53 271] [000000] [PortOpen         ] [Start!]
[20240413 23:40:53 286] [000000] [PortOpen_Port    ] [12]
[20240413 23:40:53 500] [000000] [PortOpen         ] [Finish!]
[20240413 23:40:53 501] [000000] [PortOpen_rtn     ] [1]
[20240413 23:40:53 515] [000000] [Get_ReaderInfo   ] [NicePosSign!]
[20240413 23:40:53 527] [000000] [NicePosSign      ] [49]
[20240413 23:40:53 557] [000000] [PortClose        ] [Start!]
[20240413 23:40:53 558] [000000] [PortClose        ] [PortClose]
[20240413 23:40:53 570] [000000] [SC_ClosePort     ] [Start!]
[20240413 23:40:53 580] [000000] [ThreadWatchComm  ] [Fisish!]
[20240413 23:40:53 624] [000000] [SC_ClosePort     ] [Finish!]
[20240413 23:40:53 624] [000000] [PortClose        ] [Finish!]
[20240413 23:40:53 636] [000000] [Get_ReaderInfo   ] [#####NR-5500K002]
