[20240406 12:52:26 805] [000000] [SetEnv           ] [Start!]
[20240406 12:52:26 807] [000000] [SetEnv_ccatid    ] [3195189001]
[20240406 12:52:26 820] [000000] [SetEnv_CatID     ] [3195189001]
[20240406 12:52:26 906] [000000] [SetEnv_cbizno    ] [4089673734]
[20240406 12:52:26 954] [000000] [SetEnv_BizNo     ] [4089673734]
[20240406 12:52:27 024] [000000] [SetEnv           ] [Finish!]
[20240406 12:52:27 241] [000000] [Set_SvrInfo      ] [Start!]
[20240406 12:52:27 282] [000000] [GetCnlDisableYN  ] [Start]
[20240406 12:52:27 300] [000000] [GetStrEnv        ] [Start!]
[20240406 12:52:27 337] [000000] [CnlDisable       ] [N]
[20240406 12:52:27 385] [000000] [RT               ] [1]
[20240406 12:52:27 432] [000000] [SetCnlDisableYN  ] [Start]
[20240406 12:52:27 453] [000000] [DownType         ] [1]
[20240406 12:52:27 476] [000000] [Disable          ] [N]
[20240406 12:52:27 488] [000000] [SetCnlDisableYN  ] [Finish]
[20240406 12:52:29 689] [000000] [Get_SvrInfo      ] [Start!]
[20240406 12:52:29 776] [000000] [GetEnv           ] [Start!]
[20240406 12:52:29 786] [000000] [Ver.             ] [#######NVCAT5002]
[20240406 12:52:29 797] [000000] [Date.            ] [24.1.22.1]
[20240406 12:52:29 808] [000000] [GetEnv_CatID     ] [3195189001]
[20240406 12:52:29 819] [000000] [GetEnv_BizNo     ] [4089673734]
[20240406 12:52:29 830] [000000] [GetEnv           ] [Finish!]
[20240406 12:52:29 840] [000000] [Get_ReaderInfo   ] [Start!]
[20240406 12:52:29 853] [000000] [PortOpen         ] [Start!]
[20240406 12:52:29 864] [000000] [PortOpen_Port    ] [12]
[20240406 12:52:32 556] [000000] [PortOpen         ] [Finish!]
[20240406 12:52:32 572] [000000] [PortOpen_rtn     ] [1]
[20240406 12:52:32 716] [000000] [Get_ReaderInfo   ] [NicePosSign!]
[20240406 12:52:32 914] [000000] [NicePosSign      ] [49]
[20240406 12:52:32 949] [000000] [PortClose        ] [Start!]
[20240406 12:52:33 255] [000000] [PortClose        ] [PortClose]
[20240406 12:52:33 347] [000000] [SC_ClosePort     ] [Start!]
[20240406 12:52:33 417] [000000] [ThreadWatchComm  ] [Fisish!]
[20240406 12:52:34 874] [000000] [SC_ClosePort     ] [Finish!]
[20240406 12:52:34 996] [000000] [PortClose        ] [Finish!]
[20240406 12:52:35 097] [000000] [Get_ReaderInfo   ] [#####NR-5500K002]
[20240406 12:52:35 155] [000000] [Get_SignInfo2    ] [ROMVER Start!]
[20240406 12:52:35 302] [000000] [Get_SignInfo2    ] [SignPort Not Setting]
[20240406 12:52:35 382] [000000] [Get_SignInfo2    ] [ROMVER(16)]
[20240406 12:52:35 458] [000000] [Get_SignInfo2    ] []
[20240406 12:52:35 516] [000000] [MultiReaderInfo  ] [Start]
[20240406 12:52:35 609] [000000] [MultiReaderInfo  ] [READERTYPE : [01], MultiReaderUse : [N], READERCNT : [0], PORTNUM : [0], PORTBAUDRATE : [0]]
[20240406 12:52:35 623] [000000] [MultiReaderInfo  ] [Finish]
[20240406 12:52:35 638] [000000] [ChkValid         ] [Start!]
[20240406 12:52:35 779] [000000] [OPEN_POPUP       ] [Start!]
[20240406 12:52:37 030] [000000] [OPEN_POPUP       ] [Finish]
[20240406 12:52:37 045] [000000] [ChkValid         ] [Get_serial_data!]
[20240406 12:52:37 217] [000000] [PortOpen         ] [Start!]
[20240406 12:52:37 300] [000000] [PortOpen_Port    ] [12]
[20240406 12:52:37 570] [000000] [PortOpen         ] [Finish!]
[20240406 12:52:37 583] [000000] [PortOpen_rtn     ] [1]
[20240406 12:52:37 620] [000000] [Get_serial_data  ] [NicePosSign]
[20240406 12:52:37 632] [000000] [NicePosSign      ] [49]
[20240406 12:52:37 719] [000000] [PortClose        ] [Start!]
[20240406 12:52:37 731] [000000] [PortClose        ] [PortClose]
[20240406 12:52:37 741] [000000] [SC_ClosePort     ] [Start!]
[20240406 12:52:37 753] [000000] [ThreadWatchComm  ] [Fisish!]
[20240406 12:52:37 795] [000000] [SC_ClosePort     ] [Finish!]
[20240406 12:52:37 807] [000000] [PortClose        ] [Finish!]
[20240406 12:52:37 835] [000000] [ChkValid         ] [Get_RandomKey(RND_P1)]
[20240406 12:52:37 854] [000000] [PortOpen         ] [Start!]
[20240406 12:52:37 875] [000000] [PortOpen_Port    ] [12]
[20240406 12:52:38 105] [000000] [PortOpen         ] [Finish!]
[20240406 12:52:38 121] [000000] [PortOpen_rtn     ] [1]
[20240406 12:52:38 138] [000000] [ChkValid         ] [NicePosSign 1]
[20240406 12:52:38 153] [000000] [NicePosSign      ] [160]
[20240406 12:52:38 195] [000000] [ChkValid         ] [ClosePort 1]
[20240406 12:52:38 225] [000000] [ChkValid         ] [Get_RandomKey(RND_P2)]
[20240406 12:52:38 239] [000000] [ChkValid         ] [NicePosSign 2]
[20240406 12:52:38 254] [000000] [NicePosSign      ] [160]
[20240406 12:52:38 288] [000000] [ChkValid         ] [ClosePort 2]
[20240406 12:52:38 309] [000000] [ChkValid         ] [NicePosSign 3]
[20240406 12:52:38 351] [000000] [NicePosSign      ] [160]
[20240406 12:52:38 461] [000000] [ChkValid         ] [ClosePort 3]
[20240406 12:52:38 476] [000000] [CLOSE_POPUP      ] [Start]
[20240406 12:52:38 498] [000000] [CLOSE_POPUP      ] [Finish]
[20240406 12:52:38 606] [000000] [OPEN_POPUP       ] [Start!]
[20240406 12:52:38 868] [000000] [OPEN_POPUP       ] [Finish]
[20240406 12:52:38 886] [000000] [ChkValid         ] [NicePosSign 4]
[20240406 12:52:38 928] [000000] [NicePosSign      ] [161]
[20240406 12:52:38 963] [000000] [ChkValid         ] [ClosePort 4]
[20240406 12:52:38 976] [000000] [PortClose        ] [Start!]
[20240406 12:52:39 010] [000000] [PortClose        ] [PortClose]
[20240406 12:52:39 114] [000000] [SC_ClosePort     ] [Start!]
[20240406 12:52:39 160] [000000] [ThreadWatchComm  ] [Fisish!]
[20240406 12:52:39 202] [000000] [SC_ClosePort     ] [Finish!]
[20240406 12:52:39 217] [000000] [PortClose        ] [Finish!]
[20240406 12:52:39 272] [000000] [ChkValid_ERRCD   ] [0]
[20240406 12:52:39 358] [000000] [CLOSE_POPUP      ] [Start]
[20240406 12:52:39 381] [000000] [CLOSE_POPUP      ] [Finish]
[20240406 12:52:39 564] [000000] [Get_ReaderInfo   ] [Start!]
[20240406 12:52:39 651] [000000] [PortOpen         ] [Start!]
[20240406 12:52:39 687] [000000] [PortOpen_Port    ] [12]
[20240406 12:52:41 756] [000000] [PortOpen         ] [Finish!]
[20240406 12:52:41 905] [000000] [PortOpen_rtn     ] [1]
[20240406 12:52:42 013] [000000] [Get_ReaderInfo   ] [NicePosSign!]
[20240406 12:52:42 105] [000000] [NicePosSign      ] [49]
[20240406 12:52:42 244] [000000] [PortClose        ] [Start!]
[20240406 12:52:42 442] [000000] [PortClose        ] [PortClose]
[20240406 12:52:42 630] [000000] [SC_ClosePort     ] [Start!]
[20240406 12:52:42 726] [000000] [ThreadWatchComm  ] [Fisish!]
[20240406 12:52:43 294] [000000] [SC_ClosePort     ] [Finish!]
[20240406 12:52:43 514] [000000] [PortClose        ] [Finish!]
[20240406 12:52:43 620] [000000] [Get_ReaderInfo   ] [#####NR-5500K002]
[20240406 12:52:44 688] [000000] [GetEnv           ] [Start!]
[20240406 12:52:44 770] [000000] [Ver.             ] [#######NVCAT5002]
[20240406 12:52:44 872] [000000] [Date.            ] [24.1.22.1]
[20240406 12:52:45 038] [000000] [GetEnv_CatID     ] [3195189001]
[20240406 12:52:45 110] [000000] [GetEnv_BizNo     ] [4089673734]
[20240406 12:52:45 172] [000000] [GetEnv           ] [Finish!]
