[20240315 02:08:08 383] [000000] [SetEnv           ] [Start!]
[20240315 02:08:08 385] [000000] [SetEnv_ccatid    ] [3195189001]
[20240315 02:08:08 395] [000000] [SetEnv_CatID     ] [3195189001]
[20240315 02:08:08 405] [000000] [SetEnv_cbizno    ] [4089673734]
[20240315 02:08:08 442] [000000] [SetEnv_BizNo     ] [4089673734]
[20240315 02:08:08 465] [000000] [SetEnv           ] [Finish!]
[20240315 02:08:08 531] [000000] [Set_SvrInfo      ] [Start!]
[20240315 02:08:08 545] [000000] [GetCnlDisableYN  ] [Start]
[20240315 02:08:08 564] [000000] [GetStrEnv        ] [Start!]
[20240315 02:08:08 622] [000000] [CnlDisable       ] [N]
[20240315 02:08:08 633] [000000] [RT               ] [1]
[20240315 02:08:08 644] [000000] [SetCnlDisableYN  ] [Start]
[20240315 02:08:08 725] [000000] [DownType         ] [1]
[20240315 02:08:08 843] [000000] [Disable          ] [N]
[20240315 02:08:08 888] [000000] [SetCnlDisableYN  ] [Finish]
[20240315 02:08:11 446] [000000] [Get_SvrInfo      ] [Start!]
[20240315 02:08:11 856] [000000] [GetEnv           ] [Start!]
[20240315 02:08:11 956] [000000] [Ver.             ] [#######NVCAT5002]
[20240315 02:08:12 220] [000000] [Date.            ] [24.1.22.1]
[20240315 02:08:12 469] [000000] [GetEnv_CatID     ] [3195189001]
[20240315 02:08:12 549] [000000] [GetEnv_BizNo     ] [4089673734]
[20240315 02:08:12 562] [000000] [GetEnv           ] [Finish!]
[20240315 02:08:12 628] [000000] [Get_ReaderInfo   ] [Start!]
[20240315 02:08:12 790] [000000] [PortOpen         ] [Start!]
[20240315 02:08:12 825] [000000] [PortOpen_Port    ] [12]
[20240315 02:08:14 094] [000000] [PortOpen         ] [Finish!]
[20240315 02:08:14 198] [000000] [PortOpen_rtn     ] [1]
[20240315 02:08:14 250] [000000] [Get_ReaderInfo   ] [NicePosSign!]
[20240315 02:08:14 294] [000000] [NicePosSign      ] [49]
[20240315 02:08:14 383] [000000] [PortClose        ] [Start!]
[20240315 02:08:14 394] [000000] [PortClose        ] [PortClose]
[20240315 02:08:14 404] [000000] [SC_ClosePort     ] [Start!]
[20240315 02:08:14 417] [000000] [ThreadWatchComm  ] [Fisish!]
[20240315 02:08:14 458] [000000] [SC_ClosePort     ] [Finish!]
[20240315 02:08:14 469] [000000] [PortClose        ] [Finish!]
[20240315 02:08:14 479] [000000] [Get_ReaderInfo   ] [#####NR-5500K002]
[20240315 02:08:14 490] [000000] [Get_SignInfo2    ] [ROMVER Start!]
[20240315 02:08:14 558] [000000] [Get_SignInfo2    ] [SignPort Not Setting]
[20240315 02:08:14 618] [000000] [Get_SignInfo2    ] [ROMVER(16)]
[20240315 02:08:14 633] [000000] [Get_SignInfo2    ] []
[20240315 02:08:14 646] [000000] [MultiReaderInfo  ] [Start]
[20240315 02:08:14 671] [000000] [MultiReaderInfo  ] [READERTYPE : [01], MultiReaderUse : [N], READERCNT : [0], PORTNUM : [0], PORTBAUDRATE : [0]]
[20240315 02:08:14 688] [000000] [MultiReaderInfo  ] [Finish]
[20240315 02:08:14 704] [000000] [ChkValid         ] [Start!]
[20240315 02:08:14 736] [000000] [OPEN_POPUP       ] [Start!]
[20240315 02:08:14 850] [000000] [OPEN_POPUP       ] [Finish]
[20240315 02:08:14 860] [000000] [ChkValid         ] [Get_serial_data!]
[20240315 02:08:15 031] [000000] [PortOpen         ] [Start!]
[20240315 02:08:15 046] [000000] [PortOpen_Port    ] [12]
[20240315 02:08:15 651] [000000] [PortOpen         ] [Finish!]
[20240315 02:08:15 733] [000000] [PortOpen_rtn     ] [1]
[20240315 02:08:15 768] [000000] [Get_serial_data  ] [NicePosSign]
[20240315 02:08:15 782] [000000] [NicePosSign      ] [49]
[20240315 02:08:15 841] [000000] [PortClose        ] [Start!]
[20240315 02:08:15 852] [000000] [PortClose        ] [PortClose]
[20240315 02:08:15 862] [000000] [SC_ClosePort     ] [Start!]
[20240315 02:08:15 880] [000000] [ThreadWatchComm  ] [Fisish!]
[20240315 02:08:16 217] [000000] [SC_ClosePort     ] [Finish!]
[20240315 02:08:16 311] [000000] [PortClose        ] [Finish!]
[20240315 02:08:16 365] [000000] [ChkValid         ] [Get_RandomKey(RND_P1)]
[20240315 02:08:16 421] [000000] [PortOpen         ] [Start!]
[20240315 02:08:16 449] [000000] [PortOpen_Port    ] [12]
[20240315 02:08:17 832] [000000] [PortOpen         ] [Finish!]
[20240315 02:08:17 846] [000000] [PortOpen_rtn     ] [1]
[20240315 02:08:17 857] [000000] [ChkValid         ] [NicePosSign 1]
[20240315 02:08:17 868] [000000] [NicePosSign      ] [160]
[20240315 02:08:17 895] [000000] [ChkValid         ] [ClosePort 1]
[20240315 02:08:17 907] [000000] [ChkValid         ] [Get_RandomKey(RND_P2)]
[20240315 02:08:17 917] [000000] [ChkValid         ] [NicePosSign 2]
[20240315 02:08:17 928] [000000] [NicePosSign      ] [160]
[20240315 02:08:17 959] [000000] [ChkValid         ] [ClosePort 2]
[20240315 02:08:17 970] [000000] [ChkValid         ] [NicePosSign 3]
[20240315 02:08:17 980] [000000] [NicePosSign      ] [160]
[20240315 02:08:18 034] [000000] [ChkValid         ] [ClosePort 3]
[20240315 02:08:18 052] [000000] [CLOSE_POPUP      ] [Start]
[20240315 02:08:18 177] [000000] [CLOSE_POPUP      ] [Finish]
[20240315 02:08:18 190] [000000] [OPEN_POPUP       ] [Start!]
[20240315 02:08:18 430] [000000] [OPEN_POPUP       ] [Finish]
[20240315 02:08:18 441] [000000] [ChkValid         ] [NicePosSign 4]
[20240315 02:08:18 455] [000000] [NicePosSign      ] [161]
[20240315 02:08:18 595] [000000] [ChkValid         ] [ClosePort 4]
[20240315 02:08:18 609] [000000] [PortClose        ] [Start!]
[20240315 02:08:18 621] [000000] [PortClose        ] [PortClose]
[20240315 02:08:18 632] [000000] [SC_ClosePort     ] [Start!]
[20240315 02:08:18 661] [000000] [ThreadWatchComm  ] [Fisish!]
[20240315 02:08:18 702] [000000] [SC_ClosePort     ] [Finish!]
[20240315 02:08:18 713] [000000] [PortClose        ] [Finish!]
[20240315 02:08:18 723] [000000] [ChkValid_ERRCD   ] [0]
[20240315 02:08:18 734] [000000] [CLOSE_POPUP      ] [Start]
[20240315 02:08:18 747] [000000] [CLOSE_POPUP      ] [Finish]
[20240315 02:08:18 823] [000000] [Get_ReaderInfo   ] [Start!]
[20240315 02:08:18 835] [000000] [PortOpen         ] [Start!]
[20240315 02:08:18 847] [000000] [PortOpen_Port    ] [12]
[20240315 02:08:19 239] [000000] [PortOpen         ] [Finish!]
[20240315 02:08:19 282] [000000] [PortOpen_rtn     ] [1]
[20240315 02:08:19 304] [000000] [Get_ReaderInfo   ] [NicePosSign!]
[20240315 02:08:19 327] [000000] [NicePosSign      ] [49]
[20240315 02:08:19 375] [000000] [PortClose        ] [Start!]
[20240315 02:08:19 396] [000000] [PortClose        ] [PortClose]
[20240315 02:08:19 406] [000000] [SC_ClosePort     ] [Start!]
[20240315 02:08:19 418] [000000] [ThreadWatchComm  ] [Fisish!]
[20240315 02:08:19 459] [000000] [SC_ClosePort     ] [Finish!]
[20240315 02:08:19 470] [000000] [PortClose        ] [Finish!]
[20240315 02:08:19 480] [000000] [Get_ReaderInfo   ] [#####NR-5500K002]
[20240315 02:08:19 795] [000000] [GetEnv           ] [Start!]
[20240315 02:08:19 807] [000000] [Ver.             ] [#######NVCAT5002]
[20240315 02:08:19 820] [000000] [Date.            ] [24.1.22.1]
[20240315 02:08:19 834] [000000] [GetEnv_CatID     ] [3195189001]
[20240315 02:08:19 845] [000000] [GetEnv_BizNo     ] [4089673734]
[20240315 02:08:19 856] [000000] [GetEnv           ] [Finish!]
[20240315 19:54:00 220] [000000] [Pos_Send         ] [**********************************************************************************************]
[20240315 19:54:00 233] [000000] [Pos_Send         ] [Start!]
[20240315 19:54:00 242] [000000] [Ver.             ] [#######NVCAT5002]
[20240315 19:54:00 251] [000000] [Date.            ] [24.1.22.1]
[20240315 19:54:00 264] [000000] [VpnUse           ] [N]
[20240315 19:54:00 276] [000000] [MultiVan         ] [N]
[20240315 19:54:00 289] [000000] [MultiReaderInfo  ] [Start]
[20240315 19:54:00 303] [000000] [MultiReaderInfo  ] [READERTYPE : [01], MultiReaderUse : [N], READERCNT : [0], PORTNUM : [0], PORTBAUDRATE : [0]]
[20240315 19:54:00 311] [000000] [MultiReaderInfo  ] [Finish]
[20240315 19:54:00 321] [000000] [GetCnlDisableYN  ] [Start]
[20240315 19:54:00 332] [000000] [GetStrEnv        ] [Start!]
[20240315 19:54:00 342] [000000] [DOWNTP           ] [1]
[20240315 19:54:00 355] [000000] [CnlDisable       ] [N]
[20240315 19:54:00 364] [000000] [NICEDOWN2        ] [Start]
[20240315 19:54:00 374] [000000] [ReaderSN         ] [Z624020161]
[20240315 19:54:00 385] [000000] [ReaderVer        ] [#####NR-5500K002]
[20240315 19:54:00 395] [000000] [NICEDOWN2        ] [CATID]
[20240315 19:54:00 406] [000000] [NICEDOWN2        ] [3195189001]
[20240315 19:54:00 416] [000000] [NICEDOWN2        ] [BIZNO]
[20240315 19:54:00 425] [000000] [NICEDOWN2        ] [4089673734]
[20240315 19:54:00 435] [000000] [NICEDOWN2        ] [NICEDOWN2 Date Check Start]
[20240315 19:54:00 443] [000000] [RT               ] [R]
[20240315 19:54:00 452] [000000] [REGDOWNTP        ] [1]
[20240315 19:54:00 462] [000000] [CnlDisable       ] []
[20240315 19:54:00 473] [000000] [NICEDOWN2        ] [(1) 다운로드 했던 기록이 있음]
[20240315 19:54:00 484] [000000] [NICEDOWN2        ] [(3) 이전 다운로드했던 CATID와 다운로드할 CATID가 같음]
[20240315 19:54:00 493] [000000] [NICEDOWN2        ] [(4) 이전 다운로드 유형과 다운로드할 유형이 같음]
[20240315 19:54:00 505] [000000] [NICEDOWN2        ] [NICEDOWN2 Date Check Finish]
[20240315 19:54:00 515] [000000] [SetCnlDisableYN  ] [Start]
[20240315 19:54:00 524] [000000] [DownType         ] [1]
[20240315 19:54:00 533] [000000] [Disable          ] []
[20240315 19:54:00 542] [000000] [SetCnlDisableYN  ] [Finish]
[20240315 19:54:00 551] [000000] [Connect_Tcp      ] [211.33.136.9:9002]
[20240315 19:54:00 588] [001124] [Open_TcpPort     ] [Connect OK!]
[20240315 19:54:00 589] [000000] [GetMac           ] [Start]
[20240315 19:54:00 597] [000000] [GetMac           ] [Try]
[20240315 19:54:00 614] [000000] [GetMac           ] [Success]
[20240315 19:54:00 619] [000000] [GetMac           ] [Finish]
[20240315 19:54:00 631] [000000] [SIGNSERIALNO     ] []
[20240315 19:54:00 644] [000000] [sendBuf          ] [0273770G44089673734319518900111002091702027700000000                                       10NVCAT               Z624020161#####NR-5500K002NVKN50  20240315195400               D8C497336879                                                                                     ]
[20240315 19:54:00 781] [000000] [recvBuf          ] [0492770G4408967373431951890010000R다운로드 정상                           211.33.136.2   8101 211.33.136.2   8101 211.33.136.9   9003 에이스독서실                      임원일              01071038573         인천 부평구 충선로 174상록빌딩 5층 전체                                                                                                                                                                 00211.33.136.1   9000 022402240287192N                                              ]
[20240315 19:54:00 782] [001124] [Close_TcpPort    ] [Close OK!]
[20240315 19:54:00 794] [000000] [RPORT            ] [8101]
[20240315 19:54:00 806] [000000] [NICEDOWNREQ      ] [N]
[20240315 19:54:00 820] [000000] [RPORT Set 4      ] [8101]
[20240315 19:54:00 848] [000000] [POSUNINUM        ] [022402240287192]
[20240315 19:54:00 850] [000000] [NICEDOWN2        ] [return 1]
[20240315 19:54:00 862] [000000] [NICEDOWN2        ] [Finish]
[20240315 19:54:00 874] [000000] [Pos_Send         ] [NICEDOWN2 Success]
[20240315 19:54:00 886] [000000] [Pos_Send amt1    ] [000000000001]
[20240315 19:54:00 896] [000000] [Pos_Send amt2    ] [1]
[20240315 19:54:00 906] [000000] [ReqCard          ] [ReqCard]
[20240315 19:54:00 919] [000000] [Pos_Send amt3    ] [1]
[20240315 19:54:00 931] [000000] [POPUP_TIMER      ] [Start!]
[20240315 19:54:00 940] [000000] [Count            ] [30]
[20240315 19:54:01 026] [000000] [POPUP_TIMER      ] [Finish]
[20240315 19:54:01 027] [000000] [ReqCard          ] [Start!]
[20240315 19:54:01 039] [000000] [MultiReaderInfo  ] [Start]
[20240315 19:54:01 048] [000000] [MultiReaderInfo  ] [READERTYPE : [01], MultiReaderUse : [N], READERCNT : [0], PORTNUM : [0], PORTBAUDRATE : [0]]
[20240315 19:54:01 060] [000000] [MultiReaderInfo  ] [Finish]
[20240315 19:54:01 071] [000000] [ReqCard          ] [Multi Reader Use X]
[20240315 19:54:01 081] [000000] [PortOpen         ] [Start!]
[20240315 19:54:01 090] [000000] [PortOpen_Port    ] [12]
[20240315 19:54:01 294] [000000] [PortOpen         ] [Finish!]
[20240315 19:54:01 294] [000000] [PortOpen_rtn     ] [1]
[20240315 19:54:01 305] [000000] [ReqCard Time     ] [20240315195401]
[20240315 19:54:01 316] [000000] [ReqCard Amt      ] [000000000001]
[20240315 19:54:01 325] [000000] [ReqCard Catid    ] [3195189001]
[20240315 19:54:01 336] [000000] [ReqCard tp       ] [0]
[20240315 19:54:01 346] [000000] [ReqCard          ] [Request Nicepos sign!(0,1)]
[20240315 19:54:01 356] [000000] [NicePosSign      ] [156]
[20240315 19:54:01 407] [000000] [ReqCard ErrCode  ] [fb]
[20240315 19:54:01 407] [000000] [PortClose        ] [Start!]
[20240315 19:54:01 423] [000000] [PortClose        ] [PortClose]
[20240315 19:54:01 437] [000000] [SC_ClosePort     ] [Start!]
[20240315 19:54:01 449] [000000] [ThreadWatchComm  ] [Fisish!]
[20240315 19:54:01 492] [000000] [SC_ClosePort     ] [Finish!]
[20240315 19:54:01 492] [000000] [PortClose        ] [Finish!]
[20240315 19:54:01 502] [000000] [CLOSE_POPUP      ] [Start]
[20240315 19:54:01 528] [000000] [CLOSE_POPUP      ] [Finish]
[20240315 19:54:01 561] [000000] [MultiReaderInfo  ] [Start]
[20240315 19:54:01 576] [000000] [MultiReaderInfo  ] [READERTYPE : [01], MultiReaderUse : [N], READERCNT : [0], PORTNUM : [0], PORTBAUDRATE : [0]]
[20240315 19:54:01 586] [000000] [MultiReaderInfo  ] [Finish]
[20240315 19:54:01 599] [000000] [ChkValid         ] [Start!]
[20240315 19:54:01 613] [000000] [OPEN_POPUP       ] [Start!]
[20240315 19:54:01 709] [000000] [OPEN_POPUP       ] [Finish]
[20240315 19:54:01 710] [000000] [ChkValid         ] [Get_serial_data!]
[20240315 19:54:01 887] [000000] [PortOpen         ] [Start!]
[20240315 19:54:01 887] [000000] [PortOpen_Port    ] [12]
[20240315 19:54:02 102] [000000] [PortOpen         ] [Finish!]
[20240315 19:54:02 103] [000000] [PortOpen_rtn     ] [1]
[20240315 19:54:02 113] [000000] [Get_serial_data  ] [NicePosSign]
[20240315 19:54:02 123] [000000] [NicePosSign      ] [49]
[20240315 19:54:02 398] [000000] [PortClose        ] [Start!]
[20240315 19:54:02 399] [000000] [PortClose        ] [PortClose]
[20240315 19:54:02 408] [000000] [SC_ClosePort     ] [Start!]
[20240315 19:54:02 419] [000000] [ThreadWatchComm  ] [Fisish!]
[20240315 19:54:02 461] [000000] [SC_ClosePort     ] [Finish!]
[20240315 19:54:02 461] [000000] [PortClose        ] [Finish!]
[20240315 19:54:02 473] [000000] [ChkValid         ] [Get_RandomKey(RND_P1)]
[20240315 19:54:02 483] [000000] [PortOpen         ] [Start!]
[20240315 19:54:02 497] [000000] [PortOpen_Port    ] [12]
[20240315 19:54:02 709] [000000] [PortOpen         ] [Finish!]
[20240315 19:54:02 709] [000000] [PortOpen_rtn     ] [1]
[20240315 19:54:02 721] [000000] [ChkValid         ] [NicePosSign 1]
[20240315 19:54:02 732] [000000] [NicePosSign      ] [160]
[20240315 19:54:02 765] [000000] [ChkValid         ] [ClosePort 1]
[20240315 19:54:02 766] [000000] [ChkValid         ] [Get_RandomKey(RND_P2)]
[20240315 19:54:02 776] [000000] [ChkValid         ] [NicePosSign 2]
[20240315 19:54:02 790] [000000] [NicePosSign      ] [160]
[20240315 19:54:02 828] [000000] [ChkValid         ] [ClosePort 2]
[20240315 19:54:02 829] [000000] [ChkValid         ] [NicePosSign 3]
[20240315 19:54:02 841] [000000] [NicePosSign      ] [160]
[20240315 19:54:02 875] [000000] [ChkValid         ] [ClosePort 3]
[20240315 19:54:02 876] [000000] [CLOSE_POPUP      ] [Start]
[20240315 19:54:02 901] [000000] [CLOSE_POPUP      ] [Finish]
[20240315 19:54:02 938] [000000] [OPEN_POPUP       ] [Start!]
[20240315 19:54:02 971] [000000] [OPEN_POPUP       ] [Finish]
[20240315 19:54:02 981] [000000] [ChkValid         ] [NicePosSign 4]
[20240315 19:54:02 993] [000000] [NicePosSign      ] [161]
[20240315 19:54:03 021] [000000] [ChkValid         ] [ClosePort 4]
[20240315 19:54:03 022] [000000] [PortClose        ] [Start!]
[20240315 19:54:03 034] [000000] [PortClose        ] [PortClose]
[20240315 19:54:03 045] [000000] [SC_ClosePort     ] [Start!]
[20240315 19:54:03 056] [000000] [ThreadWatchComm  ] [Fisish!]
[20240315 19:54:03 097] [000000] [SC_ClosePort     ] [Finish!]
[20240315 19:54:03 097] [000000] [PortClose        ] [Finish!]
[20240315 19:54:03 107] [000000] [ChkValid_ERRCD   ] [0]
[20240315 19:54:03 120] [000000] [CLOSE_POPUP      ] [Start]
[20240315 19:54:03 153] [000000] [CLOSE_POPUP      ] [Finish]
[20240315 19:54:03 177] [000000] [ReqCard          ] [ReqCard End]
[20240315 19:54:03 191] [000000] [POPUP_TIMER      ] [Start!]
[20240315 19:54:03 202] [000000] [Count            ] [30]
[20240315 19:54:03 253] [000000] [POPUP_TIMER      ] [Finish]
[20240315 19:54:03 255] [000000] [ReqCard          ] [Start!]
[20240315 19:54:03 269] [000000] [MultiReaderInfo  ] [Start]
[20240315 19:54:03 280] [000000] [MultiReaderInfo  ] [READERTYPE : [01], MultiReaderUse : [N], READERCNT : [0], PORTNUM : [0], PORTBAUDRATE : [0]]
[20240315 19:54:03 291] [000000] [MultiReaderInfo  ] [Finish]
[20240315 19:54:03 301] [000000] [ReqCard          ] [Multi Reader Use X]
[20240315 19:54:03 312] [000000] [PortOpen         ] [Start!]
[20240315 19:54:03 321] [000000] [PortOpen_Port    ] [12]
[20240315 19:54:03 523] [000000] [PortOpen         ] [Finish!]
[20240315 19:54:03 524] [000000] [PortOpen_rtn     ] [1]
[20240315 19:54:03 534] [000000] [ReqCard Time     ] [20240315195403]
[20240315 19:54:03 544] [000000] [ReqCard Amt      ] [000000000001]
[20240315 19:54:03 557] [000000] [ReqCard Catid    ] [3195189001]
[20240315 19:54:03 568] [000000] [ReqCard tp       ] [0]
[20240315 19:54:03 581] [000000] [ReqCard          ] [Request Nicepos sign!(0,1)]
[20240315 19:54:03 590] [000000] [NicePosSign      ] [156]
[20240315 19:54:05 190] [000000] [Stop             ] [1]
[20240315 19:54:05 190] [000000] [ReqStop          ] [Start!]
[20240315 19:54:05 200] [000000] [ReqStop          ] [1]
[20240315 19:54:05 212] [000000] [ReqStop          ] [9]
[20240315 19:54:05 221] [000000] [MultiReaderInfo  ] [Start]
[20240315 19:54:05 234] [000000] [MultiReaderInfo  ] [READERTYPE : [01], MultiReaderUse : [N], READERCNT : [0], PORTNUM : [0], PORTBAUDRATE : [0]]
[20240315 19:54:05 244] [000000] [MultiReaderInfo  ] [Finish]
[20240315 19:54:05 254] [000000] [ReqStop          ] [2]
[20240315 19:54:05 266] [000000] [ReqStop          ] [3]
[20240315 19:54:05 280] [000000] [ReqStop          ] [4]
[20240315 19:54:05 796] [000000] [ReqStop          ] [5]
[20240315 19:54:05 797] [000000] [ReqStop          ] [6]
[20240315 19:54:05 806] [000000] [ReqStop          ] [7]
[20240315 19:54:05 817] [000000] [ReqStop          ] [8]
[20240315 19:54:05 830] [000000] [ReqCard ErrCode  ] [cd]
[20240315 19:54:05 843] [000000] [PortClose        ] [Start!]
[20240315 19:54:05 853] [000000] [PortClose        ] [PortClose]
[20240315 19:54:05 864] [000000] [SC_ClosePort     ] [Start!]
[20240315 19:54:05 878] [000000] [ThreadWatchComm  ] [Fisish!]
[20240315 19:54:05 919] [000000] [SC_ClosePort     ] [Finish!]
[20240315 19:54:05 920] [000000] [PortClose        ] [Finish!]
[20240315 19:54:05 932] [000000] [CLOSE_POPUP      ] [Start]
[20240315 19:54:05 958] [000000] [CLOSE_POPUP      ] [Finish]
[20240315 19:54:05 992] [000000] [Pos_Send[7]      ] [return -80]
[20240315 19:54:06 007] [000000] [Pos_Send[7]      ] [**********************************************************************************************]
