[20240404 13:11:20 831] [000000] [SetEnv           ] [Start!]
[20240404 13:11:20 832] [000000] [SetEnv_ccatid    ] [3195189001]
[20240404 13:11:20 931] [000000] [SetEnv_CatID     ] [3195189001]
[20240404 13:11:20 947] [000000] [SetEnv_cbizno    ] [4089673734]
[20240404 13:11:20 970] [000000] [SetEnv_BizNo     ] [4089673734]
[20240404 13:11:20 990] [000000] [SetEnv           ] [Finish!]
[20240404 13:11:21 025] [000000] [Set_SvrInfo      ] [Start!]
[20240404 13:11:21 060] [000000] [GetCnlDisableYN  ] [Start]
[20240404 13:11:21 085] [000000] [GetStrEnv        ] [Start!]
[20240404 13:11:21 097] [000000] [CnlDisable       ] [N]
[20240404 13:11:21 107] [000000] [RT               ] [1]
[20240404 13:11:21 118] [000000] [SetCnlDisableYN  ] [Start]
[20240404 13:11:21 133] [000000] [DownType         ] [1]
[20240404 13:11:21 142] [000000] [Disable          ] [N]
[20240404 13:11:21 157] [000000] [SetCnlDisableYN  ] [Finish]
[20240404 13:11:21 932] [000000] [Get_SvrInfo      ] [Start!]
[20240404 13:11:21 958] [000000] [GetEnv           ] [Start!]
[20240404 13:11:21 971] [000000] [Ver.             ] [#######NVCAT5002]
[20240404 13:11:21 980] [000000] [Date.            ] [24.1.22.1]
[20240404 13:11:21 993] [000000] [GetEnv_CatID     ] [3195189001]
[20240404 13:11:22 014] [000000] [GetEnv_BizNo     ] [4089673734]
[20240404 13:11:22 025] [000000] [GetEnv           ] [Finish!]
[20240404 13:11:22 034] [000000] [Get_ReaderInfo   ] [Start!]
[20240404 13:11:22 048] [000000] [PortOpen         ] [Start!]
[20240404 13:11:22 058] [000000] [PortOpen_Port    ] [12]
[20240404 13:11:22 290] [000000] [PortOpen         ] [Finish!]
[20240404 13:11:22 303] [000000] [PortOpen_rtn     ] [1]
[20240404 13:11:22 315] [000000] [Get_ReaderInfo   ] [NicePosSign!]
[20240404 13:11:22 326] [000000] [NicePosSign      ] [49]
[20240404 13:11:22 356] [000000] [PortClose        ] [Start!]
[20240404 13:11:22 366] [000000] [PortClose        ] [PortClose]
[20240404 13:11:22 376] [000000] [SC_ClosePort     ] [Start!]
[20240404 13:11:22 385] [000000] [ThreadWatchComm  ] [Fisish!]
[20240404 13:11:22 427] [000000] [SC_ClosePort     ] [Finish!]
[20240404 13:11:22 437] [000000] [PortClose        ] [Finish!]
[20240404 13:11:22 447] [000000] [Get_ReaderInfo   ] [#####NR-5500K002]
[20240404 13:11:22 457] [000000] [Get_SignInfo2    ] [ROMVER Start!]
[20240404 13:11:22 553] [000000] [Get_SignInfo2    ] [SignPort Not Setting]
[20240404 13:11:22 586] [000000] [Get_SignInfo2    ] [ROMVER(16)]
[20240404 13:11:22 612] [000000] [Get_SignInfo2    ] []
[20240404 13:11:22 632] [000000] [MultiReaderInfo  ] [Start]
[20240404 13:11:22 641] [000000] [MultiReaderInfo  ] [READERTYPE : [01], MultiReaderUse : [N], READERCNT : [0], PORTNUM : [0], PORTBAUDRATE : [0]]
[20240404 13:11:22 655] [000000] [MultiReaderInfo  ] [Finish]
[20240404 13:11:22 676] [000000] [ChkValid         ] [Start!]
[20240404 13:11:22 690] [000000] [OPEN_POPUP       ] [Start!]
[20240404 13:11:22 791] [000000] [OPEN_POPUP       ] [Finish]
[20240404 13:11:22 802] [000000] [ChkValid         ] [Get_serial_data!]
[20240404 13:11:22 980] [000000] [PortOpen         ] [Start!]
[20240404 13:11:22 990] [000000] [PortOpen_Port    ] [12]
[20240404 13:11:23 706] [000000] [PortOpen         ] [Finish!]
[20240404 13:11:23 736] [000000] [PortOpen_rtn     ] [1]
[20240404 13:11:23 765] [000000] [Get_serial_data  ] [NicePosSign]
[20240404 13:11:23 785] [000000] [NicePosSign      ] [49]
[20240404 13:11:23 823] [000000] [PortClose        ] [Start!]
[20240404 13:11:23 834] [000000] [PortClose        ] [PortClose]
[20240404 13:11:23 844] [000000] [SC_ClosePort     ] [Start!]
[20240404 13:11:23 853] [000000] [ThreadWatchComm  ] [Fisish!]
[20240404 13:11:23 895] [000000] [SC_ClosePort     ] [Finish!]
[20240404 13:11:23 905] [000000] [PortClose        ] [Finish!]
[20240404 13:11:23 917] [000000] [ChkValid         ] [Get_RandomKey(RND_P1)]
[20240404 13:11:23 928] [000000] [PortOpen         ] [Start!]
[20240404 13:11:23 938] [000000] [PortOpen_Port    ] [12]
[20240404 13:11:24 298] [000000] [PortOpen         ] [Finish!]
[20240404 13:11:24 312] [000000] [PortOpen_rtn     ] [1]
[20240404 13:11:24 362] [000000] [ChkValid         ] [NicePosSign 1]
[20240404 13:11:24 380] [000000] [NicePosSign      ] [160]
[20240404 13:11:24 425] [000000] [ChkValid         ] [ClosePort 1]
[20240404 13:11:24 436] [000000] [ChkValid         ] [Get_RandomKey(RND_P2)]
[20240404 13:11:24 447] [000000] [ChkValid         ] [NicePosSign 2]
[20240404 13:11:24 457] [000000] [NicePosSign      ] [160]
[20240404 13:11:24 488] [000000] [ChkValid         ] [ClosePort 2]
[20240404 13:11:24 497] [000000] [ChkValid         ] [NicePosSign 3]
[20240404 13:11:24 507] [000000] [NicePosSign      ] [160]
[20240404 13:11:24 534] [000000] [ChkValid         ] [ClosePort 3]
[20240404 13:11:24 544] [000000] [CLOSE_POPUP      ] [Start]
[20240404 13:11:24 556] [000000] [CLOSE_POPUP      ] [Finish]
[20240404 13:11:24 575] [000000] [OPEN_POPUP       ] [Start!]
[20240404 13:11:24 611] [000000] [OPEN_POPUP       ] [Finish]
[20240404 13:11:24 621] [000000] [ChkValid         ] [NicePosSign 4]
[20240404 13:11:24 632] [000000] [NicePosSign      ] [161]
[20240404 13:11:24 660] [000000] [ChkValid         ] [ClosePort 4]
[20240404 13:11:24 670] [000000] [PortClose        ] [Start!]
[20240404 13:11:24 681] [000000] [PortClose        ] [PortClose]
[20240404 13:11:24 691] [000000] [SC_ClosePort     ] [Start!]
[20240404 13:11:24 702] [000000] [ThreadWatchComm  ] [Fisish!]
[20240404 13:11:24 744] [000000] [SC_ClosePort     ] [Finish!]
[20240404 13:11:24 754] [000000] [PortClose        ] [Finish!]
[20240404 13:11:24 764] [000000] [ChkValid_ERRCD   ] [0]
[20240404 13:11:24 774] [000000] [CLOSE_POPUP      ] [Start]
[20240404 13:11:24 788] [000000] [CLOSE_POPUP      ] [Finish]
[20240404 13:11:24 862] [000000] [Get_ReaderInfo   ] [Start!]
[20240404 13:11:24 872] [000000] [PortOpen         ] [Start!]
[20240404 13:11:24 883] [000000] [PortOpen_Port    ] [12]
[20240404 13:11:25 209] [000000] [PortOpen         ] [Finish!]
[20240404 13:11:25 227] [000000] [PortOpen_rtn     ] [1]
[20240404 13:11:25 255] [000000] [Get_ReaderInfo   ] [NicePosSign!]
[20240404 13:11:25 284] [000000] [NicePosSign      ] [49]
[20240404 13:11:25 323] [000000] [PortClose        ] [Start!]
[20240404 13:11:25 333] [000000] [PortClose        ] [PortClose]
[20240404 13:11:25 344] [000000] [SC_ClosePort     ] [Start!]
[20240404 13:11:25 355] [000000] [ThreadWatchComm  ] [Fisish!]
[20240404 13:11:25 519] [000000] [SC_ClosePort     ] [Finish!]
[20240404 13:11:25 580] [000000] [PortClose        ] [Finish!]
[20240404 13:11:25 616] [000000] [Get_ReaderInfo   ] [#####NR-5500K002]
[20240404 13:11:26 057] [000000] [GetEnv           ] [Start!]
[20240404 13:11:26 067] [000000] [Ver.             ] [#######NVCAT5002]
[20240404 13:11:26 088] [000000] [Date.            ] [24.1.22.1]
[20240404 13:11:26 100] [000000] [GetEnv_CatID     ] [3195189001]
[20240404 13:11:26 111] [000000] [GetEnv_BizNo     ] [4089673734]
[20240404 13:11:26 122] [000000] [GetEnv           ] [Finish!]
