[20240401 12:22:01 566] [000000] [SetEnv           ] [Start!]
[20240401 12:22:01 568] [000000] [SetEnv_ccatid    ] [3195189001]
[20240401 12:22:01 581] [000000] [SetEnv_CatID     ] [3195189001]
[20240401 12:22:01 594] [000000] [SetEnv_cbizno    ] [4089673734]
[20240401 12:22:01 607] [000000] [SetEnv_BizNo     ] [4089673734]
[20240401 12:22:01 626] [000000] [SetEnv           ] [Finish!]
[20240401 12:22:01 723] [000000] [Set_SvrInfo      ] [Start!]
[20240401 12:22:01 755] [000000] [GetCnlDisableYN  ] [Start]
[20240401 12:22:01 767] [000000] [GetStrEnv        ] [Start!]
[20240401 12:22:01 782] [000000] [CnlDisable       ] [N]
[20240401 12:22:01 795] [000000] [RT               ] [1]
[20240401 12:22:01 807] [000000] [SetCnlDisableYN  ] [Start]
[20240401 12:22:01 822] [000000] [DownType         ] [1]
[20240401 12:22:01 836] [000000] [Disable          ] [N]
[20240401 12:22:01 850] [000000] [SetCnlDisableYN  ] [Finish]
[20240401 12:22:02 523] [000000] [Get_SvrInfo      ] [Start!]
[20240401 12:22:02 538] [000000] [GetEnv           ] [Start!]
[20240401 12:22:02 552] [000000] [Ver.             ] [#######NVCAT5002]
[20240401 12:22:02 569] [000000] [Date.            ] [24.1.22.1]
[20240401 12:22:02 585] [000000] [GetEnv_CatID     ] [3195189001]
[20240401 12:22:02 600] [000000] [GetEnv_BizNo     ] [4089673734]
[20240401 12:22:02 613] [000000] [GetEnv           ] [Finish!]
[20240401 12:22:02 628] [000000] [Get_ReaderInfo   ] [Start!]
[20240401 12:22:02 643] [000000] [PortOpen         ] [Start!]
[20240401 12:22:02 659] [000000] [PortOpen_Port    ] [12]
[20240401 12:22:02 882] [000000] [PortOpen         ] [Finish!]
[20240401 12:22:02 922] [000000] [PortOpen_rtn     ] [1]
[20240401 12:22:02 938] [000000] [Get_ReaderInfo   ] [NicePosSign!]
[20240401 12:22:02 956] [000000] [NicePosSign      ] [49]
[20240401 12:22:02 995] [000000] [PortClose        ] [Start!]
[20240401 12:22:03 011] [000000] [PortClose        ] [PortClose]
[20240401 12:22:03 025] [000000] [SC_ClosePort     ] [Start!]
[20240401 12:22:03 041] [000000] [ThreadWatchComm  ] [Fisish!]
[20240401 12:22:03 102] [000000] [SC_ClosePort     ] [Finish!]
[20240401 12:22:03 117] [000000] [PortClose        ] [Finish!]
[20240401 12:22:03 133] [000000] [Get_ReaderInfo   ] [#####NR-5500K002]
[20240401 12:22:03 147] [000000] [Get_SignInfo2    ] [ROMVER Start!]
[20240401 12:22:03 219] [000000] [Get_SignInfo2    ] [SignPort Not Setting]
[20240401 12:22:03 240] [000000] [Get_SignInfo2    ] [ROMVER(16)]
[20240401 12:22:03 254] [000000] [Get_SignInfo2    ] []
[20240401 12:22:03 268] [000000] [MultiReaderInfo  ] [Start]
[20240401 12:22:03 284] [000000] [MultiReaderInfo  ] [READERTYPE : [01], MultiReaderUse : [N], READERCNT : [0], PORTNUM : [0], PORTBAUDRATE : [0]]
[20240401 12:22:03 299] [000000] [MultiReaderInfo  ] [Finish]
[20240401 12:22:03 314] [000000] [ChkValid         ] [Start!]
[20240401 12:22:03 331] [000000] [OPEN_POPUP       ] [Start!]
[20240401 12:22:04 825] [000000] [OPEN_POPUP       ] [Finish]
[20240401 12:22:04 842] [000000] [ChkValid         ] [Get_serial_data!]
[20240401 12:22:05 079] [000000] [PortOpen         ] [Start!]
[20240401 12:22:05 092] [000000] [PortOpen_Port    ] [12]
[20240401 12:22:05 543] [000000] [PortOpen         ] [Finish!]
[20240401 12:22:05 559] [000000] [PortOpen_rtn     ] [1]
[20240401 12:22:05 573] [000000] [Get_serial_data  ] [NicePosSign]
[20240401 12:22:05 589] [000000] [NicePosSign      ] [49]
[20240401 12:22:05 618] [000000] [PortClose        ] [Start!]
[20240401 12:22:05 857] [000000] [PortClose        ] [PortClose]
[20240401 12:22:05 873] [000000] [SC_ClosePort     ] [Start!]
[20240401 12:22:05 887] [000000] [ThreadWatchComm  ] [Fisish!]
[20240401 12:22:05 928] [000000] [SC_ClosePort     ] [Finish!]
[20240401 12:22:05 958] [000000] [PortClose        ] [Finish!]
[20240401 12:22:05 974] [000000] [ChkValid         ] [Get_RandomKey(RND_P1)]
[20240401 12:22:05 997] [000000] [PortOpen         ] [Start!]
[20240401 12:22:06 014] [000000] [PortOpen_Port    ] [12]
[20240401 12:22:06 235] [000000] [PortOpen         ] [Finish!]
[20240401 12:22:06 572] [000000] [PortOpen_rtn     ] [1]
[20240401 12:22:06 596] [000000] [ChkValid         ] [NicePosSign 1]
[20240401 12:22:06 651] [000000] [NicePosSign      ] [160]
[20240401 12:22:06 711] [000000] [ChkValid         ] [ClosePort 1]
[20240401 12:22:06 722] [000000] [ChkValid         ] [Get_RandomKey(RND_P2)]
[20240401 12:22:06 738] [000000] [ChkValid         ] [NicePosSign 2]
[20240401 12:22:06 753] [000000] [NicePosSign      ] [160]
[20240401 12:22:06 792] [000000] [ChkValid         ] [ClosePort 2]
[20240401 12:22:06 864] [000000] [ChkValid         ] [NicePosSign 3]
[20240401 12:22:06 880] [000000] [NicePosSign      ] [160]
[20240401 12:22:06 919] [000000] [ChkValid         ] [ClosePort 3]
[20240401 12:22:07 075] [000000] [CLOSE_POPUP      ] [Start]
[20240401 12:22:07 116] [000000] [CLOSE_POPUP      ] [Finish]
[20240401 12:22:07 243] [000000] [OPEN_POPUP       ] [Start!]
[20240401 12:22:07 320] [000000] [OPEN_POPUP       ] [Finish]
[20240401 12:22:07 339] [000000] [ChkValid         ] [NicePosSign 4]
[20240401 12:22:07 384] [000000] [NicePosSign      ] [161]
[20240401 12:22:07 430] [000000] [ChkValid         ] [ClosePort 4]
[20240401 12:22:07 445] [000000] [PortClose        ] [Start!]
[20240401 12:22:07 460] [000000] [PortClose        ] [PortClose]
[20240401 12:22:07 476] [000000] [SC_ClosePort     ] [Start!]
[20240401 12:22:07 493] [000000] [ThreadWatchComm  ] [Fisish!]
[20240401 12:22:07 542] [000000] [SC_ClosePort     ] [Finish!]
[20240401 12:22:07 557] [000000] [PortClose        ] [Finish!]
[20240401 12:22:07 573] [000000] [ChkValid_ERRCD   ] [0]
[20240401 12:22:07 589] [000000] [CLOSE_POPUP      ] [Start]
[20240401 12:22:07 606] [000000] [CLOSE_POPUP      ] [Finish]
[20240401 12:22:07 698] [000000] [Get_ReaderInfo   ] [Start!]
[20240401 12:22:07 699] [000000] [PortOpen         ] [Start!]
[20240401 12:22:07 715] [000000] [PortOpen_Port    ] [12]
[20240401 12:22:07 947] [000000] [PortOpen         ] [Finish!]
[20240401 12:22:07 948] [000000] [PortOpen_rtn     ] [1]
[20240401 12:22:07 965] [000000] [Get_ReaderInfo   ] [NicePosSign!]
[20240401 12:22:07 989] [000000] [NicePosSign      ] [49]
[20240401 12:22:08 032] [000000] [PortClose        ] [Start!]
[20240401 12:22:08 033] [000000] [PortClose        ] [PortClose]
[20240401 12:22:08 054] [000000] [SC_ClosePort     ] [Start!]
[20240401 12:22:08 073] [000000] [ThreadWatchComm  ] [Fisish!]
[20240401 12:22:08 115] [000000] [SC_ClosePort     ] [Finish!]
[20240401 12:22:08 119] [000000] [PortClose        ] [Finish!]
[20240401 12:22:08 138] [000000] [Get_ReaderInfo   ] [#####NR-5500K002]
[20240401 12:22:08 552] [000000] [GetEnv           ] [Start!]
[20240401 12:22:08 553] [000000] [Ver.             ] [#######NVCAT5002]
[20240401 12:22:08 571] [000000] [Date.            ] [24.1.22.1]
[20240401 12:22:08 716] [000000] [GetEnv_CatID     ] [3195189001]
[20240401 12:22:08 734] [000000] [GetEnv_BizNo     ] [4089673734]
[20240401 12:22:08 763] [000000] [GetEnv           ] [Finish!]
