[20240411 13:11:15 479] [000000] [SetEnv           ] [Start!]
[20240411 13:11:15 481] [000000] [SetEnv_ccatid    ] [3195189001]
[20240411 13:11:15 489] [000000] [SetEnv_CatID     ] [3195189001]
[20240411 13:11:15 499] [000000] [SetEnv_cbizno    ] [4089673734]
[20240411 13:11:15 510] [000000] [SetEnv_BizNo     ] [4089673734]
[20240411 13:11:15 523] [000000] [SetEnv           ] [Finish!]
[20240411 13:11:15 543] [000000] [Set_SvrInfo      ] [Start!]
[20240411 13:11:15 565] [000000] [GetCnlDisableYN  ] [Start]
[20240411 13:11:15 575] [000000] [GetStrEnv        ] [Start!]
[20240411 13:11:15 584] [000000] [CnlDisable       ] [N]
[20240411 13:11:15 593] [000000] [RT               ] [1]
[20240411 13:11:15 604] [000000] [SetCnlDisableYN  ] [Start]
[20240411 13:11:15 615] [000000] [DownType         ] [1]
[20240411 13:11:15 626] [000000] [Disable          ] [N]
[20240411 13:11:15 637] [000000] [SetCnlDisableYN  ] [Finish]
[20240411 13:11:16 303] [000000] [Get_SvrInfo      ] [Start!]
[20240411 13:11:16 316] [000000] [GetEnv           ] [Start!]
[20240411 13:11:16 326] [000000] [Ver.             ] [#######NVCAT5002]
[20240411 13:11:16 338] [000000] [Date.            ] [24.1.22.1]
[20240411 13:11:16 351] [000000] [GetEnv_CatID     ] [3195189001]
[20240411 13:11:16 363] [000000] [GetEnv_BizNo     ] [4089673734]
[20240411 13:11:16 374] [000000] [GetEnv           ] [Finish!]
[20240411 13:11:16 385] [000000] [Get_ReaderInfo   ] [Start!]
[20240411 13:11:16 397] [000000] [PortOpen         ] [Start!]
[20240411 13:11:16 409] [000000] [PortOpen_Port    ] [12]
[20240411 13:11:16 586] [000000] [PortOpen         ] [Finish!]
[20240411 13:11:16 598] [000000] [PortOpen_rtn     ] [0]
[20240411 13:11:16 611] [000000] [Get_ReaderInfo   ] [Reader PortOpen Error!]
[20240411 13:11:16 625] [000000] [Get_SignInfo2    ] [ROMVER Start!]
[20240411 13:11:16 697] [000000] [Get_SignInfo2    ] [SignPort Not Setting]
[20240411 13:11:16 712] [000000] [Get_SignInfo2    ] [ROMVER(16)]
[20240411 13:11:16 724] [000000] [Get_SignInfo2    ] []
[20240411 13:11:16 738] [000000] [MultiReaderInfo  ] [Start]
[20240411 13:11:16 751] [000000] [MultiReaderInfo  ] [READERTYPE : [01], MultiReaderUse : [N], READERCNT : [0], PORTNUM : [0], PORTBAUDRATE : [0]]
[20240411 13:11:16 764] [000000] [MultiReaderInfo  ] [Finish]
[20240411 13:11:16 774] [000000] [ChkValid         ] [Start!]
[20240411 13:11:16 788] [000000] [OPEN_POPUP       ] [Start!]
[20240411 13:11:16 914] [000000] [OPEN_POPUP       ] [Finish]
[20240411 13:11:16 926] [000000] [ChkValid         ] [Get_serial_data!]
[20240411 13:11:17 116] [000000] [PortOpen         ] [Start!]
[20240411 13:11:17 155] [000000] [PortOpen_Port    ] [12]
[20240411 13:11:17 329] [000000] [PortOpen         ] [Finish!]
[20240411 13:11:17 340] [000000] [PortOpen_rtn     ] [0]
[20240411 13:11:17 351] [000000] [Get_serial_data  ] [Reader PortOpen Error!]
[20240411 13:11:17 363] [000000] [CLOSE_POPUP      ] [Start]
[20240411 13:11:17 382] [000000] [CLOSE_POPUP      ] [Finish]
[20240411 13:11:23 323] [000000] [GetEnv           ] [Start!]
[20240411 13:11:23 336] [000000] [Ver.             ] [#######NVCAT5002]
[20240411 13:11:23 348] [000000] [Date.            ] [24.1.22.1]
[20240411 13:11:23 362] [000000] [GetEnv_CatID     ] [3195189001]
[20240411 13:11:23 375] [000000] [GetEnv_BizNo     ] [4089673734]
[20240411 13:11:23 388] [000000] [GetEnv           ] [Finish!]
[20240411 13:54:37 585] [000000] [SetEnv           ] [Start!]
[20240411 13:54:37 612] [000000] [SetEnv_ccatid    ] [3195189001]
[20240411 13:54:37 624] [000000] [SetEnv_CatID     ] [3195189001]
[20240411 13:54:37 637] [000000] [SetEnv_cbizno    ] [4089673734]
[20240411 13:54:37 648] [000000] [SetEnv_BizNo     ] [4089673734]
[20240411 13:54:37 662] [000000] [SetEnv           ] [Finish!]
[20240411 13:54:37 693] [000000] [Set_SvrInfo      ] [Start!]
[20240411 13:54:37 710] [000000] [GetCnlDisableYN  ] [Start]
[20240411 13:54:37 723] [000000] [GetStrEnv        ] [Start!]
[20240411 13:54:37 738] [000000] [CnlDisable       ] [N]
[20240411 13:54:37 751] [000000] [RT               ] [1]
[20240411 13:54:37 763] [000000] [SetCnlDisableYN  ] [Start]
[20240411 13:54:37 777] [000000] [DownType         ] [1]
[20240411 13:54:37 792] [000000] [Disable          ] [N]
[20240411 13:54:37 804] [000000] [SetCnlDisableYN  ] [Finish]
[20240411 13:54:38 628] [000000] [Get_SvrInfo      ] [Start!]
[20240411 13:54:38 641] [000000] [GetEnv           ] [Start!]
[20240411 13:54:38 653] [000000] [Ver.             ] [#######NVCAT5002]
[20240411 13:54:38 667] [000000] [Date.            ] [24.1.22.1]
[20240411 13:54:38 682] [000000] [GetEnv_CatID     ] [3195189001]
[20240411 13:54:38 693] [000000] [GetEnv_BizNo     ] [4089673734]
[20240411 13:54:38 707] [000000] [GetEnv           ] [Finish!]
[20240411 13:54:38 722] [000000] [Get_ReaderInfo   ] [Start!]
[20240411 13:54:38 738] [000000] [PortOpen         ] [Start!]
[20240411 13:54:38 749] [000000] [PortOpen_Port    ] [12]
[20240411 13:54:38 953] [000000] [PortOpen         ] [Finish!]
[20240411 13:54:38 964] [000000] [PortOpen_rtn     ] [1]
[20240411 13:54:38 977] [000000] [Get_ReaderInfo   ] [NicePosSign!]
[20240411 13:54:38 991] [000000] [NicePosSign      ] [49]
[20240411 13:54:39 023] [000000] [PortClose        ] [Start!]
[20240411 13:54:39 035] [000000] [PortClose        ] [PortClose]
[20240411 13:54:39 048] [000000] [SC_ClosePort     ] [Start!]
[20240411 13:54:39 060] [000000] [ThreadWatchComm  ] [Fisish!]
[20240411 13:54:39 125] [000000] [SC_ClosePort     ] [Finish!]
[20240411 13:54:39 141] [000000] [PortClose        ] [Finish!]
[20240411 13:54:39 153] [000000] [Get_ReaderInfo   ] [#####NR-5500K002]
[20240411 13:54:39 166] [000000] [Get_SignInfo2    ] [ROMVER Start!]
[20240411 13:54:39 244] [000000] [Get_SignInfo2    ] [SignPort Not Setting]
[20240411 13:54:39 257] [000000] [Get_SignInfo2    ] [ROMVER(16)]
[20240411 13:54:39 276] [000000] [Get_SignInfo2    ] []
[20240411 13:54:39 294] [000000] [MultiReaderInfo  ] [Start]
[20240411 13:54:39 308] [000000] [MultiReaderInfo  ] [READERTYPE : [01], MultiReaderUse : [N], READERCNT : [0], PORTNUM : [0], PORTBAUDRATE : [0]]
[20240411 13:54:39 320] [000000] [MultiReaderInfo  ] [Finish]
[20240411 13:54:39 332] [000000] [ChkValid         ] [Start!]
[20240411 13:54:39 356] [000000] [OPEN_POPUP       ] [Start!]
[20240411 13:54:39 458] [000000] [OPEN_POPUP       ] [Finish]
[20240411 13:54:39 472] [000000] [ChkValid         ] [Get_serial_data!]
[20240411 13:54:39 644] [000000] [PortOpen         ] [Start!]
[20240411 13:54:39 657] [000000] [PortOpen_Port    ] [12]
[20240411 13:54:39 877] [000000] [PortOpen         ] [Finish!]
[20240411 13:54:40 230] [000000] [PortOpen_rtn     ] [1]
[20240411 13:54:40 819] [000000] [Get_serial_data  ] [NicePosSign]
[20240411 13:54:41 620] [000000] [NicePosSign      ] [49]
[20240411 13:54:41 798] [000000] [PortClose        ] [Start!]
[20240411 13:54:42 916] [000000] [PortClose        ] [PortClose]
[20240411 13:54:43 111] [000000] [SC_ClosePort     ] [Start!]
[20240411 13:54:43 669] [000000] [ThreadWatchComm  ] [Fisish!]
[20240411 13:54:44 277] [000000] [SC_ClosePort     ] [Finish!]
[20240411 13:54:44 621] [000000] [PortClose        ] [Finish!]
[20240411 13:54:44 635] [000000] [ChkValid         ] [Get_RandomKey(RND_P1)]
[20240411 13:54:44 647] [000000] [PortOpen         ] [Start!]
[20240411 13:54:44 660] [000000] [PortOpen_Port    ] [12]
[20240411 13:54:44 866] [000000] [PortOpen         ] [Finish!]
[20240411 13:54:44 867] [000000] [PortOpen_rtn     ] [1]
[20240411 13:54:44 892] [000000] [ChkValid         ] [NicePosSign 1]
[20240411 13:54:44 973] [000000] [NicePosSign      ] [160]
[20240411 13:54:45 065] [000000] [ChkValid         ] [ClosePort 1]
[20240411 13:54:45 481] [000000] [ChkValid         ] [Get_RandomKey(RND_P2)]
[20240411 13:54:45 907] [000000] [ChkValid         ] [NicePosSign 2]
[20240411 13:54:46 242] [000000] [NicePosSign      ] [160]
[20240411 13:54:46 281] [000000] [ChkValid         ] [ClosePort 2]
[20240411 13:54:46 317] [000000] [ChkValid         ] [NicePosSign 3]
[20240411 13:54:46 340] [000000] [NicePosSign      ] [160]
[20240411 13:54:46 372] [000000] [ChkValid         ] [ClosePort 3]
[20240411 13:54:46 392] [000000] [CLOSE_POPUP      ] [Start]
[20240411 13:54:46 419] [000000] [CLOSE_POPUP      ] [Finish]
[20240411 13:54:46 440] [000000] [OPEN_POPUP       ] [Start!]
[20240411 13:54:46 492] [000000] [OPEN_POPUP       ] [Finish]
[20240411 13:54:46 493] [000000] [ChkValid         ] [NicePosSign 4]
[20240411 13:54:46 524] [000000] [NicePosSign      ] [161]
[20240411 13:54:46 627] [000000] [ChkValid         ] [ClosePort 4]
[20240411 13:54:46 639] [000000] [PortClose        ] [Start!]
[20240411 13:54:46 653] [000000] [PortClose        ] [PortClose]
[20240411 13:54:46 668] [000000] [SC_ClosePort     ] [Start!]
[20240411 13:54:46 682] [000000] [ThreadWatchComm  ] [Fisish!]
[20240411 13:54:46 723] [000000] [SC_ClosePort     ] [Finish!]
[20240411 13:54:46 723] [000000] [PortClose        ] [Finish!]
[20240411 13:54:46 737] [000000] [ChkValid_ERRCD   ] [0]
[20240411 13:54:46 749] [000000] [CLOSE_POPUP      ] [Start]
[20240411 13:54:46 761] [000000] [CLOSE_POPUP      ] [Finish]
[20240411 13:54:46 846] [000000] [Get_ReaderInfo   ] [Start!]
[20240411 13:54:46 847] [000000] [PortOpen         ] [Start!]
[20240411 13:54:46 869] [000000] [PortOpen_Port    ] [12]
[20240411 13:54:47 092] [000000] [PortOpen         ] [Finish!]
[20240411 13:54:47 093] [000000] [PortOpen_rtn     ] [1]
[20240411 13:54:47 135] [000000] [Get_ReaderInfo   ] [NicePosSign!]
[20240411 13:54:47 145] [000000] [NicePosSign      ] [49]
[20240411 13:54:47 178] [000000] [PortClose        ] [Start!]
[20240411 13:54:47 180] [000000] [PortClose        ] [PortClose]
[20240411 13:54:47 197] [000000] [SC_ClosePort     ] [Start!]
[20240411 13:54:47 207] [000000] [ThreadWatchComm  ] [Fisish!]
[20240411 13:54:47 249] [000000] [SC_ClosePort     ] [Finish!]
[20240411 13:54:47 249] [000000] [PortClose        ] [Finish!]
[20240411 13:54:47 258] [000000] [Get_ReaderInfo   ] [#####NR-5500K002]
[20240411 13:54:47 801] [000000] [GetEnv           ] [Start!]
[20240411 13:54:47 801] [000000] [Ver.             ] [#######NVCAT5002]
[20240411 13:54:48 168] [000000] [Date.            ] [24.1.22.1]
[20240411 13:54:48 211] [000000] [GetEnv_CatID     ] [3195189001]
[20240411 13:54:48 579] [000000] [GetEnv_BizNo     ] [4089673734]
[20240411 13:54:48 674] [000000] [GetEnv           ] [Finish!]
[20240411 15:08:29 905] [000000] [Pos_Send         ] [**********************************************************************************************]
[20240411 15:08:29 915] [000000] [Pos_Send         ] [Start!]
[20240411 15:08:29 924] [000000] [Ver.             ] [#######NVCAT5002]
[20240411 15:08:29 937] [000000] [Date.            ] [24.1.22.1]
[20240411 15:08:29 948] [000000] [VpnUse           ] [N]
[20240411 15:08:29 980] [000000] [MultiVan         ] [N]
[20240411 15:08:29 989] [000000] [MultiReaderInfo  ] [Start]
[20240411 15:08:29 999] [000000] [MultiReaderInfo  ] [READERTYPE : [01], MultiReaderUse : [N], READERCNT : [0], PORTNUM : [0], PORTBAUDRATE : [0]]
[20240411 15:08:30 008] [000000] [MultiReaderInfo  ] [Finish]
[20240411 15:08:30 021] [000000] [GetCnlDisableYN  ] [Start]
[20240411 15:08:30 033] [000000] [GetStrEnv        ] [Start!]
[20240411 15:08:30 045] [000000] [DOWNTP           ] [1]
[20240411 15:08:30 058] [000000] [CnlDisable       ] [N]
[20240411 15:08:30 068] [000000] [NICEDOWN2        ] [Start]
[20240411 15:08:30 080] [000000] [ReaderSN         ] [Z624020161]
[20240411 15:08:30 094] [000000] [ReaderVer        ] [#####NR-5500K002]
[20240411 15:08:30 103] [000000] [NICEDOWN2        ] [CATID]
[20240411 15:08:30 113] [000000] [NICEDOWN2        ] [3195189001]
[20240411 15:08:30 125] [000000] [NICEDOWN2        ] [BIZNO]
[20240411 15:08:30 138] [000000] [NICEDOWN2        ] [4089673734]
[20240411 15:08:30 149] [000000] [NICEDOWN2        ] [NICEDOWN2 Date Check Start]
[20240411 15:08:30 160] [000000] [RT               ] [R]
[20240411 15:08:30 169] [000000] [REGDOWNTP        ] [1]
[20240411 15:08:30 181] [000000] [CnlDisable       ] []
[20240411 15:08:30 196] [000000] [NICEDOWN2        ] [(1) 다운로드 했던 기록이 있음]
[20240411 15:08:30 205] [000000] [NICEDOWN2        ] [(3) 이전 다운로드했던 CATID와 다운로드할 CATID가 같음]
[20240411 15:08:30 214] [000000] [NICEDOWN2        ] [(4) 이전 다운로드 유형과 다운로드할 유형이 같음]
[20240411 15:08:30 228] [000000] [NICEDOWN2        ] [NICEDOWN2 Date Check Finish]
[20240411 15:08:30 238] [000000] [SetCnlDisableYN  ] [Start]
[20240411 15:08:30 247] [000000] [DownType         ] [1]
[20240411 15:08:30 258] [000000] [Disable          ] []
[20240411 15:08:30 268] [000000] [SetCnlDisableYN  ] [Finish]
[20240411 15:08:30 278] [000000] [Connect_Tcp      ] [211.33.136.9:9002]
[20240411 15:08:30 312] [000852] [Open_TcpPort     ] [Connect OK!]
[20240411 15:08:30 313] [000000] [GetMac           ] [Start]
[20240411 15:08:30 324] [000000] [GetMac           ] [Try]
[20240411 15:08:30 345] [000000] [GetMac           ] [Success]
[20240411 15:08:30 356] [000000] [GetMac           ] [Finish]
[20240411 15:08:30 367] [000000] [SIGNSERIALNO     ] []
[20240411 15:08:30 380] [000000] [sendBuf          ] [0273770G44089673734319518900111002091702027700000000                                       10NVCAT               Z624020161#####NR-5500K002NVKN50  20240411150830               D8C497336879                                                                                     ]
[20240411 15:08:30 470] [000000] [recvBuf          ] [0492770G4408967373431951890010000R다운로드 정상                           211.33.136.2   8101 211.33.136.2   8101 211.33.136.9   9003 에이스독서실                      임원일              01071038573         인천 부평구 충선로 174상록빌딩 5층 전체                                                                                                                                                                 00211.33.136.1   9000 022402240287192N                                              ]
[20240411 15:08:30 471] [000852] [Close_TcpPort    ] [Close OK!]
[20240411 15:08:30 484] [000000] [RPORT            ] [8101]
[20240411 15:08:30 495] [000000] [NICEDOWNREQ      ] [N]
[20240411 15:08:30 505] [000000] [RPORT Set 4      ] [8101]
[20240411 15:08:30 529] [000000] [POSUNINUM        ] [022402240287192]
[20240411 15:08:30 531] [000000] [NICEDOWN2        ] [return 1]
[20240411 15:08:30 542] [000000] [NICEDOWN2        ] [Finish]
[20240411 15:08:30 553] [000000] [Pos_Send         ] [NICEDOWN2 Success]
[20240411 15:08:30 563] [000000] [Pos_Send amt1    ] [000000000010]
[20240411 15:08:30 573] [000000] [Pos_Send amt2    ] [10]
[20240411 15:08:30 588] [000000] [ReqCard          ] [ReqCard]
[20240411 15:08:30 598] [000000] [Pos_Send amt3    ] [10]
[20240411 15:08:30 608] [000000] [POPUP_TIMER      ] [Start!]
[20240411 15:08:30 620] [000000] [Count            ] [30]
[20240411 15:08:30 684] [000000] [POPUP_TIMER      ] [Finish]
[20240411 15:08:30 686] [000000] [ReqCard          ] [Start!]
[20240411 15:08:30 698] [000000] [MultiReaderInfo  ] [Start]
[20240411 15:08:30 712] [000000] [MultiReaderInfo  ] [READERTYPE : [01], MultiReaderUse : [N], READERCNT : [0], PORTNUM : [0], PORTBAUDRATE : [0]]
[20240411 15:08:30 721] [000000] [MultiReaderInfo  ] [Finish]
[20240411 15:08:30 732] [000000] [ReqCard          ] [Multi Reader Use X]
[20240411 15:08:30 743] [000000] [PortOpen         ] [Start!]
[20240411 15:08:30 756] [000000] [PortOpen_Port    ] [12]
[20240411 15:08:30 972] [000000] [PortOpen         ] [Finish!]
[20240411 15:08:30 972] [000000] [PortOpen_rtn     ] [1]
[20240411 15:08:30 982] [000000] [ReqCard Time     ] [20240411150830]
[20240411 15:08:30 994] [000000] [ReqCard Amt      ] [000000000010]
[20240411 15:08:31 009] [000000] [ReqCard Catid    ] [3195189001]
[20240411 15:08:31 021] [000000] [ReqCard tp       ] [0]
[20240411 15:08:31 032] [000000] [ReqCard          ] [Request Nicepos sign!(0,1)]
[20240411 15:08:31 042] [000000] [NicePosSign      ] [156]
[20240411 15:08:46 717] [000000] [ReqCard ErrCode  ] [0]
[20240411 15:08:46 718] [000000] [PortClose        ] [Start!]
[20240411 15:08:46 730] [000000] [PortClose        ] [PortClose]
[20240411 15:08:46 743] [000000] [SC_ClosePort     ] [Start!]
[20240411 15:08:46 754] [000000] [ThreadWatchComm  ] [Fisish!]
[20240411 15:08:46 796] [000000] [SC_ClosePort     ] [Finish!]
[20240411 15:08:46 796] [000000] [PortClose        ] [Finish!]
[20240411 15:08:46 809] [000000] [CLOSE_POPUP      ] [Start]
[20240411 15:08:46 847] [000000] [CLOSE_POPUP      ] [Finish]
[20240411 15:08:46 899] [000000] [ReqCard          ] [ReqCard End]
[20240411 15:08:46 920] [000000] [SIGNROMVER       ] []
[20240411 15:08:46 937] [000000] [SIGNSERIALNO     ] []
[20240411 15:08:46 954] [000000] [VpnUse           ] [공중망]
[20240411 15:08:46 973] [000000] [POSUNINUM        ] [REQ TEXT ADD]
[20240411 15:08:46 987] [000000] [POSUNINUM        ] [PID(3) GB TEXT ADD OK]
[20240411 15:08:47 003] [000000] [POSUNINUM        ] [PID(15) TEXT ADD OK]
[20240411 15:08:47 021] [000000] [POSUNINUM        ] [MAC(3) GB TEXT ADD OK]
[20240411 15:08:47 036] [000000] [GetMac           ] [Start]
[20240411 15:08:47 053] [000000] [GetMac           ] [Try]
[20240411 15:08:47 071] [000000] [GetMac           ] [Success]
[20240411 15:08:47 085] [000000] [GetMac           ] [Finish]
[20240411 15:08:47 101] [000000] [POSUNINUM        ] [MAC+Space(32) TEXT ADD OK]
[20240411 15:08:47 119] [000000] [POSUNINUM        ] [Total Length Change]
[20240411 15:08:47 133] [000000] [POSUNINUM        ] [0747]
[20240411 15:08:47 147] [000000] [sendIP           ] [211.33.136.2]
[20240411 15:08:47 156] [000000] [sendPORT         ] [8101]
[20240411 15:08:47 170] [000000] [CommType         ] [1]
[20240411 15:08:47 184] [000000] [POSUNINUM        ] [Req Etc Port]
[20240411 15:08:47 198] [000000] [NiceCommWork     ] [211.33.136.2:8101]
[20240411 15:08:47 210] [000000] [Connect_Tcp      ] [211.33.136.2:8101]
[20240411 15:08:47 241] [001080] [Open_TcpPort     ] [Connect OK!]
[20240411 15:08:47 242] [000000] [GetCnlDisableYN  ] [Start]
[20240411 15:08:47 253] [000000] [GetStrEnv        ] [Start!]
[20240411 15:08:47 269] [000000] [CnlDisable       ] [N]
[20240411 15:08:47 282] [000000] [OPEN_POPUP       ] [Start!]
[20240411 15:08:47 345] [000000] [OPEN_POPUP       ] [Finish]
[20240411 15:08:47 346] [000000] [NiceCommWork     ] [SendRecvEnc]
[20240411 15:08:47 442] [001080] [SendMsg          ] [0747HPS31951890010411150829020010H1       IC 3195189001I*******************************************************************************************************************************00000000000000000000000000000000000010                          4089673734             ****************              ]
[20240411 15:08:48 130] [001080] [RecvMsg          ] [0580HPS31951890010411150829021010H1       IC 31951890010000****************************************000000000000000000000000000000000000104089673734             ****************07신한카드            07신한카드            0105275218     24041115084602151705    1021512586183 IC카드 정상승인 02151705                                                                                                                                                      1           NS240]
[20240411 15:08:48 130] [000000] [SendRecv         ] [End!]
[20240411 15:08:48 142] [001080] [Close_TcpPort    ] [Close OK!]
[20240411 15:08:48 154] [000000] [CLOSE_POPUP      ] [Start]
[20240411 15:08:48 183] [000000] [CLOSE_POPUP      ] [Finish]
[20240411 15:08:48 222] [000000] [EMV_COMPLITE     ] [Start]
[20240411 15:08:48 237] [000000] [EMV_CMP_ERRCD    ] []
[20240411 15:08:48 252] [000000] [Pos_Send         ] [return 1]
[20240411 15:08:48 268] [000000] [Pos_Send         ] [Finish!]
[20240411 15:08:48 283] [000000] [Pos_Send         ] [**********************************************************************************************]
[20240411 17:28:21 574] [000000] [Pos_Send         ] [**********************************************************************************************]
[20240411 17:28:21 575] [000000] [Pos_Send         ] [Start!]
[20240411 17:28:21 589] [000000] [Ver.             ] [#######NVCAT5002]
[20240411 17:28:21 604] [000000] [Date.            ] [24.1.22.1]
[20240411 17:28:21 615] [000000] [VpnUse           ] [N]
[20240411 17:28:21 627] [000000] [MultiVan         ] [N]
[20240411 17:28:21 640] [000000] [MultiReaderInfo  ] [Start]
[20240411 17:28:21 653] [000000] [MultiReaderInfo  ] [READERTYPE : [01], MultiReaderUse : [N], READERCNT : [0], PORTNUM : [0], PORTBAUDRATE : [0]]
[20240411 17:28:21 663] [000000] [MultiReaderInfo  ] [Finish]
[20240411 17:28:21 676] [000000] [GetCnlDisableYN  ] [Start]
[20240411 17:28:21 688] [000000] [GetStrEnv        ] [Start!]
[20240411 17:28:21 702] [000000] [DOWNTP           ] [1]
[20240411 17:28:21 714] [000000] [CnlDisable       ] [N]
[20240411 17:28:21 739] [000000] [NICEDOWN2        ] [Start]
[20240411 17:28:21 751] [000000] [ReaderSN         ] [Z624020161]
[20240411 17:28:21 761] [000000] [ReaderVer        ] [#####NR-5500K002]
[20240411 17:28:21 772] [000000] [NICEDOWN2        ] [CATID]
[20240411 17:28:21 787] [000000] [NICEDOWN2        ] [3195189001]
[20240411 17:28:21 800] [000000] [NICEDOWN2        ] [BIZNO]
[20240411 17:28:21 812] [000000] [NICEDOWN2        ] [4089673734]
[20240411 17:28:21 823] [000000] [NICEDOWN2        ] [NICEDOWN2 Date Check Start]
[20240411 17:28:21 836] [000000] [RT               ] [R]
[20240411 17:28:21 849] [000000] [REGDOWNTP        ] [1]
[20240411 17:28:21 861] [000000] [CnlDisable       ] []
[20240411 17:28:21 871] [000000] [NICEDOWN2        ] [(1) 다운로드 했던 기록이 있음]
[20240411 17:28:21 883] [000000] [NICEDOWN2        ] [(2) 이전 다운로드했던 날짜와 오늘 날짜가 같음]
[20240411 17:28:21 895] [000000] [NICEDOWN2        ] [(3) 이전 다운로드했던 CATID와 다운로드할 CATID가 같음]
[20240411 17:28:21 907] [000000] [NICEDOWN2        ] [(4) 이전 다운로드 유형과 다운로드할 유형이 같음]
[20240411 17:28:21 918] [000000] [NICEDOWN2        ] [Already NICEDOWN2  (-2)]
[20240411 17:28:21 929] [000000] [Pos_Send         ] [NICEDOWN2 Fail (-2)]
[20240411 17:28:21 940] [000000] [Pos_Send amt1    ] [000000000010]
[20240411 17:28:21 953] [000000] [Pos_Send amt2    ] [10]
[20240411 17:28:21 966] [000000] [ReqCard          ] [ReqCard]
[20240411 17:28:21 977] [000000] [Pos_Send amt3    ] [10]
[20240411 17:28:21 989] [000000] [POPUP_TIMER      ] [Start!]
[20240411 17:28:22 001] [000000] [Count            ] [30]
[20240411 17:28:22 041] [000000] [POPUP_TIMER      ] [Finish]
[20240411 17:28:22 072] [000000] [ReqCard          ] [Start!]
[20240411 17:28:22 088] [000000] [MultiReaderInfo  ] [Start]
[20240411 17:28:22 102] [000000] [MultiReaderInfo  ] [READERTYPE : [01], MultiReaderUse : [N], READERCNT : [0], PORTNUM : [0], PORTBAUDRATE : [0]]
[20240411 17:28:22 114] [000000] [MultiReaderInfo  ] [Finish]
[20240411 17:28:22 128] [000000] [ReqCard          ] [Multi Reader Use X]
[20240411 17:28:22 141] [000000] [PortOpen         ] [Start!]
[20240411 17:28:22 151] [000000] [PortOpen_Port    ] [12]
[20240411 17:28:22 371] [000000] [PortOpen         ] [Finish!]
[20240411 17:28:22 371] [000000] [PortOpen_rtn     ] [1]
[20240411 17:28:22 382] [000000] [ReqCard Time     ] [20240411172822]
[20240411 17:28:22 392] [000000] [ReqCard Amt      ] [000000000010]
[20240411 17:28:22 402] [000000] [ReqCard Catid    ] [3195189001]
[20240411 17:28:22 415] [000000] [ReqCard tp       ] [0]
[20240411 17:28:22 428] [000000] [ReqCard          ] [Request Nicepos sign!(0,1)]
[20240411 17:28:22 438] [000000] [NicePosSign      ] [156]
[20240411 17:28:29 271] [000000] [ReqCard ErrCode  ] [0]
[20240411 17:28:29 272] [000000] [PortClose        ] [Start!]
[20240411 17:28:29 282] [000000] [PortClose        ] [PortClose]
[20240411 17:28:29 295] [000000] [SC_ClosePort     ] [Start!]
[20240411 17:28:29 306] [000000] [ThreadWatchComm  ] [Fisish!]
[20240411 17:28:29 347] [000000] [SC_ClosePort     ] [Finish!]
[20240411 17:28:29 348] [000000] [PortClose        ] [Finish!]
[20240411 17:28:29 359] [000000] [CLOSE_POPUP      ] [Start]
[20240411 17:28:29 381] [000000] [CLOSE_POPUP      ] [Finish]
[20240411 17:28:29 432] [000000] [ReqCard          ] [ReqCard End]
[20240411 17:28:29 447] [000000] [SIGNROMVER       ] []
[20240411 17:28:29 459] [000000] [SIGNSERIALNO     ] []
[20240411 17:28:29 475] [000000] [VpnUse           ] [공중망]
[20240411 17:28:29 493] [000000] [POSUNINUM        ] [REQ TEXT ADD]
[20240411 17:28:29 507] [000000] [POSUNINUM        ] [PID(3) GB TEXT ADD OK]
[20240411 17:28:29 525] [000000] [POSUNINUM        ] [PID(15) TEXT ADD OK]
[20240411 17:28:29 538] [000000] [POSUNINUM        ] [MAC(3) GB TEXT ADD OK]
[20240411 17:28:29 552] [000000] [GetMac           ] [Start]
[20240411 17:28:29 566] [000000] [GetMac           ] [Try]
[20240411 17:28:29 583] [000000] [GetMac           ] [Success]
[20240411 17:28:29 596] [000000] [GetMac           ] [Finish]
[20240411 17:28:29 614] [000000] [POSUNINUM        ] [MAC+Space(32) TEXT ADD OK]
[20240411 17:28:29 630] [000000] [POSUNINUM        ] [Total Length Change]
[20240411 17:28:29 643] [000000] [POSUNINUM        ] [0747]
[20240411 17:28:29 664] [000000] [sendIP           ] [211.33.136.2]
[20240411 17:28:29 675] [000000] [sendPORT         ] [8101]
[20240411 17:28:29 686] [000000] [CommType         ] [1]
[20240411 17:28:29 695] [000000] [POSUNINUM        ] [Req Etc Port]
[20240411 17:28:29 705] [000000] [NiceCommWork     ] [211.33.136.2:8101]
[20240411 17:28:29 720] [000000] [Connect_Tcp      ] [211.33.136.2:8101]
[20240411 17:28:29 748] [001256] [Open_TcpPort     ] [Connect OK!]
[20240411 17:28:29 748] [000000] [GetCnlDisableYN  ] [Start]
[20240411 17:28:29 760] [000000] [GetStrEnv        ] [Start!]
[20240411 17:28:29 772] [000000] [CnlDisable       ] [N]
[20240411 17:28:29 786] [000000] [OPEN_POPUP       ] [Start!]
[20240411 17:28:29 815] [000000] [OPEN_POPUP       ] [Finish]
[20240411 17:28:29 846] [000000] [NiceCommWork     ] [SendRecvEnc]
[20240411 17:28:29 935] [001256] [SendMsg          ] [0747HPS31951890010411172821020010H1       IC 3195189001I*******************************************************************************************************************************00000000000000000000000000000000000010                          4089673734             ****************              ]
[20240411 17:28:30 601] [001256] [RecvMsg          ] [0580HPS31951890010411172821021010H1       IC 31951890010000****************************************000000000000000000000000000000000000104089673734             ****************07신한카드            07신한카드            0105275218     24041117282904085545    1021715892523 IC카드 정상승인 04085545                                                                                                                                                      1           NS240]
[20240411 17:28:30 602] [000000] [SendRecv         ] [End!]
[20240411 17:28:30 612] [001256] [Close_TcpPort    ] [Close OK!]
[20240411 17:28:30 624] [000000] [CLOSE_POPUP      ] [Start]
[20240411 17:28:30 648] [000000] [CLOSE_POPUP      ] [Finish]
[20240411 17:28:30 691] [000000] [EMV_COMPLITE     ] [Start]
[20240411 17:28:30 708] [000000] [EMV_CMP_ERRCD    ] []
[20240411 17:28:30 724] [000000] [Pos_Send         ] [return 1]
[20240411 17:28:30 741] [000000] [Pos_Send         ] [Finish!]
[20240411 17:28:30 755] [000000] [Pos_Send         ] [**********************************************************************************************]
[20240411 22:42:08 847] [000000] [Pos_Send         ] [**********************************************************************************************]
[20240411 22:42:08 849] [000000] [Pos_Send         ] [Start!]
[20240411 22:42:08 870] [000000] [Ver.             ] [#######NVCAT5002]
[20240411 22:42:08 883] [000000] [Date.            ] [24.1.22.1]
[20240411 22:42:08 898] [000000] [VpnUse           ] [N]
[20240411 22:42:08 912] [000000] [MultiVan         ] [N]
[20240411 22:42:08 924] [000000] [MultiReaderInfo  ] [Start]
[20240411 22:42:08 936] [000000] [MultiReaderInfo  ] [READERTYPE : [01], MultiReaderUse : [N], READERCNT : [0], PORTNUM : [0], PORTBAUDRATE : [0]]
[20240411 22:42:08 946] [000000] [MultiReaderInfo  ] [Finish]
[20240411 22:42:08 960] [000000] [GetCnlDisableYN  ] [Start]
[20240411 22:42:08 971] [000000] [GetStrEnv        ] [Start!]
[20240411 22:42:08 981] [000000] [DOWNTP           ] [1]
[20240411 22:42:08 991] [000000] [CnlDisable       ] [N]
[20240411 22:42:09 005] [000000] [NICEDOWN2        ] [Start]
[20240411 22:42:09 014] [000000] [ReaderSN         ] [Z624020161]
[20240411 22:42:09 024] [000000] [ReaderVer        ] [#####NR-5500K002]
[20240411 22:42:09 037] [000000] [NICEDOWN2        ] [CATID]
[20240411 22:42:09 101] [000000] [NICEDOWN2        ] [3195189001]
[20240411 22:42:09 112] [000000] [NICEDOWN2        ] [BIZNO]
[20240411 22:42:09 121] [000000] [NICEDOWN2        ] [4089673734]
[20240411 22:42:09 133] [000000] [NICEDOWN2        ] [NICEDOWN2 Date Check Start]
[20240411 22:42:09 142] [000000] [RT               ] [R]
[20240411 22:42:09 155] [000000] [REGDOWNTP        ] [1]
[20240411 22:42:09 166] [000000] [CnlDisable       ] []
[20240411 22:42:09 176] [000000] [NICEDOWN2        ] [(1) 다운로드 했던 기록이 있음]
[20240411 22:42:09 185] [000000] [NICEDOWN2        ] [(2) 이전 다운로드했던 날짜와 오늘 날짜가 같음]
[20240411 22:42:09 196] [000000] [NICEDOWN2        ] [(3) 이전 다운로드했던 CATID와 다운로드할 CATID가 같음]
[20240411 22:42:09 206] [000000] [NICEDOWN2        ] [(4) 이전 다운로드 유형과 다운로드할 유형이 같음]
[20240411 22:42:09 217] [000000] [NICEDOWN2        ] [Already NICEDOWN2  (-2)]
[20240411 22:42:09 228] [000000] [Pos_Send         ] [NICEDOWN2 Fail (-2)]
[20240411 22:42:09 238] [000000] [Pos_Send amt1    ] [000000000005]
[20240411 22:42:09 252] [000000] [Pos_Send amt2    ] [5]
[20240411 22:42:09 266] [000000] [ReqCard          ] [ReqCard]
[20240411 22:42:09 278] [000000] [Pos_Send amt3    ] [5]
[20240411 22:42:09 289] [000000] [POPUP_TIMER      ] [Start!]
[20240411 22:42:09 299] [000000] [Count            ] [30]
[20240411 22:42:09 329] [000000] [POPUP_TIMER      ] [Finish]
[20240411 22:42:09 366] [000000] [ReqCard          ] [Start!]
[20240411 22:42:09 377] [000000] [MultiReaderInfo  ] [Start]
[20240411 22:42:09 396] [000000] [MultiReaderInfo  ] [READERTYPE : [01], MultiReaderUse : [N], READERCNT : [0], PORTNUM : [0], PORTBAUDRATE : [0]]
[20240411 22:42:09 410] [000000] [MultiReaderInfo  ] [Finish]
[20240411 22:42:09 424] [000000] [ReqCard          ] [Multi Reader Use X]
[20240411 22:42:09 439] [000000] [PortOpen         ] [Start!]
[20240411 22:42:09 453] [000000] [PortOpen_Port    ] [12]
[20240411 22:42:09 660] [000000] [PortOpen         ] [Finish!]
[20240411 22:42:09 660] [000000] [PortOpen_rtn     ] [1]
[20240411 22:42:09 674] [000000] [ReqCard Time     ] [20240411224209]
[20240411 22:42:09 687] [000000] [ReqCard Amt      ] [000000000005]
[20240411 22:42:09 700] [000000] [ReqCard Catid    ] [3195189001]
[20240411 22:42:09 714] [000000] [ReqCard tp       ] [0]
[20240411 22:42:09 725] [000000] [ReqCard          ] [Request Nicepos sign!(0,1)]
[20240411 22:42:09 737] [000000] [NicePosSign      ] [156]
[20240411 22:42:10 862] [000000] [Stop             ] [1]
[20240411 22:42:10 863] [000000] [ReqStop          ] [Start!]
[20240411 22:42:10 874] [000000] [ReqStop          ] [1]
[20240411 22:42:10 889] [000000] [ReqStop          ] [9]
[20240411 22:42:10 903] [000000] [MultiReaderInfo  ] [Start]
[20240411 22:42:10 915] [000000] [MultiReaderInfo  ] [READERTYPE : [01], MultiReaderUse : [N], READERCNT : [0], PORTNUM : [0], PORTBAUDRATE : [0]]
[20240411 22:42:10 927] [000000] [MultiReaderInfo  ] [Finish]
[20240411 22:42:10 940] [000000] [ReqStop          ] [2]
[20240411 22:42:10 951] [000000] [ReqStop          ] [3]
[20240411 22:42:10 962] [000000] [ReqStop          ] [4]
[20240411 22:42:11 485] [000000] [ReqStop          ] [5]
[20240411 22:42:11 486] [000000] [ReqStop          ] [6]
[20240411 22:42:11 499] [000000] [ReqStop          ] [7]
[20240411 22:42:11 510] [000000] [ReqStop          ] [8]
[20240411 22:42:11 522] [000000] [ReqCard ErrCode  ] [cd]
[20240411 22:42:11 535] [000000] [PortClose        ] [Start!]
[20240411 22:42:11 544] [000000] [PortClose        ] [PortClose]
[20240411 22:42:11 554] [000000] [SC_ClosePort     ] [Start!]
[20240411 22:42:11 568] [000000] [ThreadWatchComm  ] [Fisish!]
[20240411 22:42:11 610] [000000] [SC_ClosePort     ] [Finish!]
[20240411 22:42:11 610] [000000] [PortClose        ] [Finish!]
[20240411 22:42:11 622] [000000] [CLOSE_POPUP      ] [Start]
[20240411 22:42:11 649] [000000] [CLOSE_POPUP      ] [Finish]
[20240411 22:42:11 708] [000000] [ReqCard          ] [ReqCard End]
[20240411 22:42:11 726] [000000] [Pos_Send[4]      ] [return -80]
[20240411 22:42:11 743] [000000] [Pos_Send[4]      ] [**********************************************************************************************]
[20240411 23:36:59 880] [000000] [Pos_Send         ] [**********************************************************************************************]
[20240411 23:36:59 881] [000000] [Pos_Send         ] [Start!]
[20240411 23:36:59 899] [000000] [Ver.             ] [#######NVCAT5002]
[20240411 23:36:59 916] [000000] [Date.            ] [24.1.22.1]
[20240411 23:36:59 937] [000000] [VpnUse           ] [N]
[20240411 23:36:59 955] [000000] [MultiVan         ] [N]
[20240411 23:36:59 972] [000000] [MultiReaderInfo  ] [Start]
[20240411 23:36:59 991] [000000] [MultiReaderInfo  ] [READERTYPE : [01], MultiReaderUse : [N], READERCNT : [0], PORTNUM : [0], PORTBAUDRATE : [0]]
[20240411 23:37:00 012] [000000] [MultiReaderInfo  ] [Finish]
[20240411 23:37:00 026] [000000] [GetCnlDisableYN  ] [Start]
[20240411 23:37:00 039] [000000] [GetStrEnv        ] [Start!]
[20240411 23:37:00 053] [000000] [DOWNTP           ] [1]
[20240411 23:37:00 069] [000000] [CnlDisable       ] [N]
[20240411 23:37:00 094] [000000] [NICEDOWN2        ] [Start]
[20240411 23:37:00 109] [000000] [ReaderSN         ] [Z624020161]
[20240411 23:37:00 163] [000000] [ReaderVer        ] [#####NR-5500K002]
[20240411 23:37:00 204] [000000] [NICEDOWN2        ] [CATID]
[20240411 23:37:00 219] [000000] [NICEDOWN2        ] [3195189001]
[20240411 23:37:00 233] [000000] [NICEDOWN2        ] [BIZNO]
[20240411 23:37:00 249] [000000] [NICEDOWN2        ] [4089673734]
[20240411 23:37:00 265] [000000] [NICEDOWN2        ] [NICEDOWN2 Date Check Start]
[20240411 23:37:00 278] [000000] [RT               ] [R]
[20240411 23:37:00 299] [000000] [REGDOWNTP        ] [1]
[20240411 23:37:00 315] [000000] [CnlDisable       ] []
[20240411 23:37:00 329] [000000] [NICEDOWN2        ] [(1) 다운로드 했던 기록이 있음]
[20240411 23:37:00 346] [000000] [NICEDOWN2        ] [(2) 이전 다운로드했던 날짜와 오늘 날짜가 같음]
[20240411 23:37:00 364] [000000] [NICEDOWN2        ] [(3) 이전 다운로드했던 CATID와 다운로드할 CATID가 같음]
[20240411 23:37:00 378] [000000] [NICEDOWN2        ] [(4) 이전 다운로드 유형과 다운로드할 유형이 같음]
[20240411 23:37:00 398] [000000] [NICEDOWN2        ] [Already NICEDOWN2  (-2)]
[20240411 23:37:00 415] [000000] [Pos_Send         ] [NICEDOWN2 Fail (-2)]
[20240411 23:37:00 431] [000000] [Pos_Send amt1    ] [000000000005]
[20240411 23:37:00 446] [000000] [Pos_Send amt2    ] [5]
[20240411 23:37:00 465] [000000] [ReqCard          ] [ReqCard]
[20240411 23:37:00 490] [000000] [Pos_Send amt3    ] [5]
[20240411 23:37:00 519] [000000] [POPUP_TIMER      ] [Start!]
[20240411 23:37:00 533] [000000] [Count            ] [30]
[20240411 23:37:00 567] [000000] [POPUP_TIMER      ] [Finish]
[20240411 23:37:00 612] [000000] [ReqCard          ] [Start!]
[20240411 23:37:00 628] [000000] [MultiReaderInfo  ] [Start]
[20240411 23:37:00 639] [000000] [MultiReaderInfo  ] [READERTYPE : [01], MultiReaderUse : [N], READERCNT : [0], PORTNUM : [0], PORTBAUDRATE : [0]]
[20240411 23:37:00 647] [000000] [MultiReaderInfo  ] [Finish]
[20240411 23:37:00 661] [000000] [ReqCard          ] [Multi Reader Use X]
[20240411 23:37:00 674] [000000] [PortOpen         ] [Start!]
[20240411 23:37:00 685] [000000] [PortOpen_Port    ] [12]
[20240411 23:37:00 895] [000000] [PortOpen         ] [Finish!]
[20240411 23:37:00 895] [000000] [PortOpen_rtn     ] [1]
[20240411 23:37:00 932] [000000] [ReqCard Time     ] [20240411233700]
[20240411 23:37:00 946] [000000] [ReqCard Amt      ] [000000000005]
[20240411 23:37:00 959] [000000] [ReqCard Catid    ] [3195189001]
[20240411 23:37:00 972] [000000] [ReqCard tp       ] [0]
[20240411 23:37:00 987] [000000] [ReqCard          ] [Request Nicepos sign!(0,1)]
[20240411 23:37:01 002] [000000] [NicePosSign      ] [156]
[20240411 23:37:01 726] [000000] [Stop             ] [1]
[20240411 23:37:01 727] [000000] [ReqStop          ] [Start!]
[20240411 23:37:01 739] [000000] [ReqStop          ] [1]
[20240411 23:37:01 755] [000000] [ReqStop          ] [9]
[20240411 23:37:01 767] [000000] [MultiReaderInfo  ] [Start]
[20240411 23:37:01 780] [000000] [MultiReaderInfo  ] [READERTYPE : [01], MultiReaderUse : [N], READERCNT : [0], PORTNUM : [0], PORTBAUDRATE : [0]]
[20240411 23:37:01 794] [000000] [MultiReaderInfo  ] [Finish]
[20240411 23:37:01 807] [000000] [ReqStop          ] [2]
[20240411 23:37:01 819] [000000] [ReqStop          ] [3]
[20240411 23:37:01 831] [000000] [ReqStop          ] [4]
[20240411 23:37:02 359] [000000] [ReqStop          ] [5]
[20240411 23:37:02 359] [000000] [ReqStop          ] [6]
[20240411 23:37:02 370] [000000] [ReqStop          ] [7]
[20240411 23:37:02 387] [000000] [ReqStop          ] [8]
[20240411 23:37:02 397] [000000] [ReqCard ErrCode  ] [cd]
[20240411 23:37:02 411] [000000] [PortClose        ] [Start!]
[20240411 23:37:02 425] [000000] [PortClose        ] [PortClose]
[20240411 23:37:02 439] [000000] [SC_ClosePort     ] [Start!]
[20240411 23:37:02 448] [000000] [ThreadWatchComm  ] [Fisish!]
[20240411 23:37:02 489] [000000] [SC_ClosePort     ] [Finish!]
[20240411 23:37:02 490] [000000] [PortClose        ] [Finish!]
[20240411 23:37:02 503] [000000] [CLOSE_POPUP      ] [Start]
[20240411 23:37:02 528] [000000] [CLOSE_POPUP      ] [Finish]
[20240411 23:37:02 615] [000000] [ReqCard          ] [ReqCard End]
[20240411 23:37:02 632] [000000] [Pos_Send[4]      ] [return -80]
[20240411 23:37:02 648] [000000] [Pos_Send[4]      ] [**********************************************************************************************]
[20240411 23:54:28 506] [000000] [Pos_Send         ] [**********************************************************************************************]
[20240411 23:54:28 506] [000000] [Pos_Send         ] [Start!]
[20240411 23:54:28 521] [000000] [Ver.             ] [#######NVCAT5002]
[20240411 23:54:28 530] [000000] [Date.            ] [24.1.22.1]
[20240411 23:54:28 546] [000000] [VpnUse           ] [N]
[20240411 23:54:28 560] [000000] [MultiVan         ] [N]
[20240411 23:54:28 573] [000000] [MultiReaderInfo  ] [Start]
[20240411 23:54:28 589] [000000] [MultiReaderInfo  ] [READERTYPE : [01], MultiReaderUse : [N], READERCNT : [0], PORTNUM : [0], PORTBAUDRATE : [0]]
[20240411 23:54:28 602] [000000] [MultiReaderInfo  ] [Finish]
[20240411 23:54:28 612] [000000] [GetCnlDisableYN  ] [Start]
[20240411 23:54:28 627] [000000] [GetStrEnv        ] [Start!]
[20240411 23:54:28 643] [000000] [DOWNTP           ] [1]
[20240411 23:54:28 658] [000000] [CnlDisable       ] [N]
[20240411 23:54:28 669] [000000] [NICEDOWN2        ] [Start]
[20240411 23:54:28 683] [000000] [ReaderSN         ] [Z624020161]
[20240411 23:54:28 696] [000000] [ReaderVer        ] [#####NR-5500K002]
[20240411 23:54:28 705] [000000] [NICEDOWN2        ] [CATID]
[20240411 23:54:28 716] [000000] [NICEDOWN2        ] [3195189001]
[20240411 23:54:28 727] [000000] [NICEDOWN2        ] [BIZNO]
[20240411 23:54:28 740] [000000] [NICEDOWN2        ] [4089673734]
[20240411 23:54:28 756] [000000] [NICEDOWN2        ] [NICEDOWN2 Date Check Start]
[20240411 23:54:28 772] [000000] [RT               ] [R]
[20240411 23:54:28 782] [000000] [REGDOWNTP        ] [1]
[20240411 23:54:28 796] [000000] [CnlDisable       ] []
[20240411 23:54:28 810] [000000] [NICEDOWN2        ] [(1) 다운로드 했던 기록이 있음]
[20240411 23:54:28 826] [000000] [NICEDOWN2        ] [(2) 이전 다운로드했던 날짜와 오늘 날짜가 같음]
[20240411 23:54:28 842] [000000] [NICEDOWN2        ] [(3) 이전 다운로드했던 CATID와 다운로드할 CATID가 같음]
[20240411 23:54:28 859] [000000] [NICEDOWN2        ] [(4) 이전 다운로드 유형과 다운로드할 유형이 같음]
[20240411 23:54:28 877] [000000] [NICEDOWN2        ] [Already NICEDOWN2  (-2)]
[20240411 23:54:28 889] [000000] [Pos_Send         ] [NICEDOWN2 Fail (-2)]
[20240411 23:54:28 904] [000000] [Pos_Send amt1    ] [000000000005]
[20240411 23:54:28 915] [000000] [Pos_Send amt2    ] [5]
[20240411 23:54:28 926] [000000] [ReqCard          ] [ReqCard]
[20240411 23:54:28 939] [000000] [Pos_Send amt3    ] [5]
[20240411 23:54:28 953] [000000] [POPUP_TIMER      ] [Start!]
[20240411 23:54:28 962] [000000] [Count            ] [30]
[20240411 23:54:28 994] [000000] [POPUP_TIMER      ] [Finish]
[20240411 23:54:29 051] [000000] [ReqCard          ] [Start!]
[20240411 23:54:29 064] [000000] [MultiReaderInfo  ] [Start]
[20240411 23:54:29 076] [000000] [MultiReaderInfo  ] [READERTYPE : [01], MultiReaderUse : [N], READERCNT : [0], PORTNUM : [0], PORTBAUDRATE : [0]]
[20240411 23:54:29 087] [000000] [MultiReaderInfo  ] [Finish]
[20240411 23:54:29 101] [000000] [ReqCard          ] [Multi Reader Use X]
[20240411 23:54:29 114] [000000] [PortOpen         ] [Start!]
[20240411 23:54:29 126] [000000] [PortOpen_Port    ] [12]
[20240411 23:54:29 336] [000000] [PortOpen         ] [Finish!]
[20240411 23:54:29 337] [000000] [PortOpen_rtn     ] [1]
[20240411 23:54:29 349] [000000] [ReqCard Time     ] [20240411235429]
[20240411 23:54:29 371] [000000] [ReqCard Amt      ] [000000000005]
[20240411 23:54:29 385] [000000] [ReqCard Catid    ] [3195189001]
[20240411 23:54:29 396] [000000] [ReqCard tp       ] [0]
[20240411 23:54:29 409] [000000] [ReqCard          ] [Request Nicepos sign!(0,1)]
[20240411 23:54:29 421] [000000] [NicePosSign      ] [156]
[20240411 23:54:30 169] [000000] [Stop             ] [1]
[20240411 23:54:30 170] [000000] [ReqStop          ] [Start!]
[20240411 23:54:30 181] [000000] [ReqStop          ] [1]
[20240411 23:54:30 193] [000000] [ReqStop          ] [9]
[20240411 23:54:30 204] [000000] [MultiReaderInfo  ] [Start]
[20240411 23:54:30 217] [000000] [MultiReaderInfo  ] [READERTYPE : [01], MultiReaderUse : [N], READERCNT : [0], PORTNUM : [0], PORTBAUDRATE : [0]]
[20240411 23:54:30 228] [000000] [MultiReaderInfo  ] [Finish]
[20240411 23:54:30 239] [000000] [ReqStop          ] [2]
[20240411 23:54:30 250] [000000] [ReqStop          ] [3]
[20240411 23:54:30 261] [000000] [ReqStop          ] [4]
[20240411 23:54:30 789] [000000] [ReqStop          ] [5]
[20240411 23:54:30 789] [000000] [ReqStop          ] [6]
[20240411 23:54:30 801] [000000] [ReqStop          ] [7]
[20240411 23:54:30 814] [000000] [ReqStop          ] [8]
[20240411 23:54:30 826] [000000] [ReqCard ErrCode  ] [cd]
[20240411 23:54:30 835] [000000] [PortClose        ] [Start!]
[20240411 23:54:30 848] [000000] [PortClose        ] [PortClose]
[20240411 23:54:30 871] [000000] [SC_ClosePort     ] [Start!]
[20240411 23:54:30 883] [000000] [ThreadWatchComm  ] [Fisish!]
[20240411 23:54:30 925] [000000] [SC_ClosePort     ] [Finish!]
[20240411 23:54:30 930] [000000] [PortClose        ] [Finish!]
[20240411 23:54:30 946] [000000] [CLOSE_POPUP      ] [Start]
[20240411 23:54:30 974] [000000] [CLOSE_POPUP      ] [Finish]
[20240411 23:54:31 265] [000000] [ReqCard          ] [ReqCard End]
[20240411 23:54:31 279] [000000] [Pos_Send[4]      ] [return -80]
[20240411 23:54:31 292] [000000] [Pos_Send[4]      ] [**********************************************************************************************]
