[20240226 16:09:09 961] [000000] [SetEnv           ] [Start!]
[20240226 16:09:09 962] [000000] [SetEnv_ccatid    ] [3195189001]
[20240226 16:09:09 962] [000000] [SetEnv_CatID     ] [3195189001]
[20240226 16:09:09 963] [000000] [SetEnv_cbizno    ] [4089673714]
[20240226 16:09:09 963] [000000] [SetEnv_BizNo     ] [4089673714]
[20240226 16:09:09 968] [000000] [SetEnv           ] [Finish!]
[20240226 16:09:09 971] [000000] [Set_SvrInfo      ] [Start!]
[20240226 16:09:09 980] [000000] [GetCnlDisableYN  ] [Start]
[20240226 16:09:09 980] [000000] [GetStrEnv        ] [Start!]
[20240226 16:09:09 981] [000000] [CnlDisable       ] [N]
[20240226 16:09:09 982] [000000] [RT               ] [1]
[20240226 16:09:09 984] [000000] [SetCnlDisableYN  ] [Start]
[20240226 16:09:09 985] [000000] [DownType         ] [1]
[20240226 16:09:09 986] [000000] [Disable          ] [N]
[20240226 16:09:09 987] [000000] [SetCnlDisableYN  ] [Finish]
[20240226 16:09:11 065] [000000] [Get_SvrInfo      ] [Start!]
[20240226 16:09:11 067] [000000] [GetEnv           ] [Start!]
[20240226 16:09:11 067] [000000] [Ver.             ] [#######NVCAT5002]
[20240226 16:09:11 068] [000000] [Date.            ] [23.10.30.1]
[20240226 16:09:11 070] [000000] [GetEnv_CatID     ] [3195189001]
[20240226 16:09:11 070] [000000] [GetEnv_BizNo     ] [4089673714]
[20240226 16:09:11 070] [000000] [GetEnv           ] [Finish!]
[20240226 16:09:11 071] [000000] [Get_ReaderInfo   ] [Start!]
[20240226 16:09:11 072] [000000] [PortOpen         ] [Start!]
[20240226 16:09:11 072] [000000] [PortOpen_Port    ] [12]
[20240226 16:09:11 246] [000000] [PortOpen         ] [Finish!]
[20240226 16:09:11 246] [000000] [PortOpen_rtn     ] [0]
[20240226 16:09:11 247] [000000] [Get_ReaderInfo   ] [Reader PortOpen Error!]
[20240226 16:09:11 249] [000000] [Get_SignInfo2    ] [ROMVER Start!]
[20240226 16:09:11 344] [000000] [Get_SignInfo2    ] [SignPort Not Setting]
[20240226 16:09:11 346] [000000] [Get_SignInfo2    ] [ROMVER(16)]
[20240226 16:09:11 346] [000000] [Get_SignInfo2    ] []
[20240226 16:09:11 348] [000000] [MultiReaderInfo  ] [Start]
[20240226 16:09:11 351] [000000] [MultiReaderInfo  ] [READERTYPE : [01], MultiReaderUse : [N], READERCNT : [0], PORTNUM : [0], PORTBAUDRATE : [0]]
[20240226 16:09:11 352] [000000] [MultiReaderInfo  ] [Finish]
[20240226 16:09:11 372] [000000] [ChkValid         ] [Start!]
[20240226 16:09:11 374] [000000] [OPEN_POPUP       ] [Start!]
[20240226 16:09:11 797] [000000] [OPEN_POPUP       ] [Finish]
[20240226 16:09:11 798] [000000] [ChkValid         ] [Get_serial_data!]
[20240226 16:09:11 960] [000000] [PortOpen         ] [Start!]
[20240226 16:09:11 960] [000000] [PortOpen_Port    ] [12]
[20240226 16:09:12 138] [000000] [PortOpen         ] [Finish!]
[20240226 16:09:12 139] [000000] [PortOpen_rtn     ] [0]
[20240226 16:09:12 140] [000000] [Get_serial_data  ] [Reader PortOpen Error!]
[20240226 16:09:12 140] [000000] [CLOSE_POPUP      ] [Start]
[20240226 16:09:12 162] [000000] [CLOSE_POPUP      ] [Finish]
[20240226 16:09:18 384] [000000] [GetEnv           ] [Start!]
[20240226 16:09:18 385] [000000] [Ver.             ] [#######NVCAT5002]
[20240226 16:09:18 385] [000000] [Date.            ] [23.10.30.1]
[20240226 16:09:18 387] [000000] [GetEnv_CatID     ] [3195189001]
[20240226 16:09:18 388] [000000] [GetEnv_BizNo     ] [4089673714]
[20240226 16:09:18 389] [000000] [GetEnv           ] [Finish!]
