[20240216 18:08:13 296] [000000] [Get_SvrInfo      ] [Start!]
[20240216 18:08:13 298] [000000] [GetEnv           ] [Start!]
[20240216 18:08:13 328] [000000] [Ver.             ] [#######NVCAT5002]
[20240216 18:08:13 344] [000000] [Date.            ] [23.10.30.1]
[20240216 18:08:19 415] [000000] [GetEnv           ] [Start!]
[20240216 18:08:19 416] [000000] [Ver.             ] [#######NVCAT5002]
[20240216 18:08:19 428] [000000] [Date.            ] [23.10.30.1]
[20240216 18:11:59 879] [000000] [GetEnv           ] [Start!]
[20240216 18:11:59 886] [000000] [Ver.             ] [#######NVCAT5002]
[20240216 18:11:59 893] [000000] [Date.            ] [23.10.30.1]
[20240216 18:12:03 269] [000000] [ClosePort        ] [Start!]
[20240216 18:12:03 270] [000000] [ClosePort        ] [Finish!]
[20240216 18:15:34 683] [000000] [Get_SvrInfo      ] [Start!]
[20240216 18:15:34 695] [000000] [GetEnv           ] [Start!]
[20240216 18:15:34 715] [000000] [Ver.             ] [#######NVCAT5002]
[20240216 18:15:34 723] [000000] [Date.            ] [23.10.30.1]
[20240216 18:15:34 742] [000000] [GetEnv_CatID     ] []
[20240216 18:15:34 825] [000000] [GetEnv_BizNo     ] []
[20240216 18:15:34 835] [000000] [GetEnv           ] [Finish!]
[20240216 18:15:34 845] [000000] [Get_ReaderInfo   ] [Start!]
[20240216 18:15:34 856] [000000] [PortOpen         ] [Start!]
[20240216 18:15:34 866] [000000] [PortOpen_Port    ] [0]
[20240216 18:15:35 044] [000000] [PortOpen         ] [Finish!]
[20240216 18:15:35 044] [000000] [PortOpen_rtn     ] [0]
[20240216 18:15:35 055] [000000] [Get_ReaderInfo   ] [Reader PortOpen Error!]
[20240216 18:15:35 291] [000000] [GetEnv           ] [Start!]
[20240216 18:15:35 308] [000000] [Ver.             ] [#######NVCAT5002]
[20240216 18:15:35 322] [000000] [Date.            ] [23.10.30.1]
[20240216 18:15:35 337] [000000] [GetEnv_CatID     ] []
[20240216 18:15:35 352] [000000] [GetEnv_BizNo     ] []
[20240216 18:15:35 368] [000000] [GetEnv           ] [Finish!]
[20240216 23:36:35 571] [000000] [Get_SvrInfo      ] [Start!]
[20240216 23:36:35 584] [000000] [GetEnv           ] [Start!]
[20240216 23:36:35 766] [000000] [Ver.             ] [#######NVCAT5002]
[20240216 23:36:35 960] [000000] [Date.            ] [23.10.30.1]
[20240216 23:36:36 337] [000000] [GetEnv_CatID     ] []
[20240216 23:36:36 463] [000000] [GetEnv_BizNo     ] []
[20240216 23:36:36 578] [000000] [GetEnv           ] [Finish!]
[20240216 23:36:36 670] [000000] [Get_ReaderInfo   ] [Start!]
[20240216 23:36:36 838] [000000] [PortOpen         ] [Start!]
[20240216 23:36:37 032] [000000] [PortOpen_Port    ] [0]
[20240216 23:36:37 432] [000000] [PortOpen         ] [Finish!]
[20240216 23:36:37 492] [000000] [PortOpen_rtn     ] [0]
[20240216 23:36:37 531] [000000] [Get_ReaderInfo   ] [Reader PortOpen Error!]
[20240216 23:36:37 789] [000000] [GetEnv           ] [Start!]
[20240216 23:36:37 803] [000000] [Ver.             ] [#######NVCAT5002]
[20240216 23:36:37 815] [000000] [Date.            ] [23.10.30.1]
[20240216 23:36:37 830] [000000] [GetEnv_CatID     ] []
[20240216 23:36:37 843] [000000] [GetEnv_BizNo     ] []
[20240216 23:36:37 959] [000000] [GetEnv           ] [Finish!]
