[20240408 13:59:55 522] [000000] [SetEnv           ] [Start!]
[20240408 13:59:55 524] [000000] [SetEnv_ccatid    ] [3195189001]
[20240408 13:59:55 534] [000000] [SetEnv_CatID     ] [3195189001]
[20240408 13:59:55 544] [000000] [SetEnv_cbizno    ] [4089673734]
[20240408 13:59:55 555] [000000] [SetEnv_BizNo     ] [4089673734]
[20240408 13:59:55 567] [000000] [SetEnv           ] [Finish!]
[20240408 13:59:55 792] [000000] [Set_SvrInfo      ] [Start!]
[20240408 13:59:55 828] [000000] [GetCnlDisableYN  ] [Start]
[20240408 13:59:55 838] [000000] [GetStrEnv        ] [Start!]
[20240408 13:59:55 848] [000000] [CnlDisable       ] [N]
[20240408 13:59:55 858] [000000] [RT               ] [1]
[20240408 13:59:55 869] [000000] [SetCnlDisableYN  ] [Start]
[20240408 13:59:55 880] [000000] [DownType         ] [1]
[20240408 13:59:56 065] [000000] [Disable          ] [N]
[20240408 13:59:56 131] [000000] [SetCnlDisableYN  ] [Finish]
[20240408 13:59:57 364] [000000] [Get_SvrInfo      ] [Start!]
[20240408 13:59:57 376] [000000] [GetEnv           ] [Start!]
[20240408 13:59:57 387] [000000] [Ver.             ] [#######NVCAT5002]
[20240408 13:59:57 400] [000000] [Date.            ] [24.1.22.1]
[20240408 13:59:57 416] [000000] [GetEnv_CatID     ] [3195189001]
[20240408 13:59:57 428] [000000] [GetEnv_BizNo     ] [4089673734]
[20240408 13:59:57 441] [000000] [GetEnv           ] [Finish!]
[20240408 13:59:57 453] [000000] [Get_ReaderInfo   ] [Start!]
[20240408 13:59:57 466] [000000] [PortOpen         ] [Start!]
[20240408 13:59:57 479] [000000] [PortOpen_Port    ] [12]
[20240408 13:59:58 195] [000000] [PortOpen         ] [Finish!]
[20240408 13:59:58 207] [000000] [PortOpen_rtn     ] [1]
[20240408 13:59:58 219] [000000] [Get_ReaderInfo   ] [NicePosSign!]
[20240408 13:59:58 252] [000000] [NicePosSign      ] [49]
[20240408 13:59:58 291] [000000] [PortClose        ] [Start!]
[20240408 13:59:58 312] [000000] [PortClose        ] [PortClose]
[20240408 13:59:58 327] [000000] [SC_ClosePort     ] [Start!]
[20240408 13:59:58 339] [000000] [ThreadWatchComm  ] [Fisish!]
[20240408 13:59:58 427] [000000] [SC_ClosePort     ] [Finish!]
[20240408 13:59:58 441] [000000] [PortClose        ] [Finish!]
[20240408 13:59:58 457] [000000] [Get_ReaderInfo   ] [#####NR-5500K002]
[20240408 13:59:58 471] [000000] [Get_SignInfo2    ] [ROMVER Start!]
[20240408 13:59:58 562] [000000] [Get_SignInfo2    ] [SignPort Not Setting]
[20240408 13:59:58 576] [000000] [Get_SignInfo2    ] [ROMVER(16)]
[20240408 13:59:58 589] [000000] [Get_SignInfo2    ] []
[20240408 13:59:58 615] [000000] [MultiReaderInfo  ] [Start]
[20240408 13:59:58 626] [000000] [MultiReaderInfo  ] [READERTYPE : [01], MultiReaderUse : [N], READERCNT : [0], PORTNUM : [0], PORTBAUDRATE : [0]]
[20240408 13:59:58 642] [000000] [MultiReaderInfo  ] [Finish]
[20240408 13:59:58 669] [000000] [ChkValid         ] [Start!]
[20240408 13:59:58 717] [000000] [OPEN_POPUP       ] [Start!]
[20240408 13:59:58 890] [000000] [OPEN_POPUP       ] [Finish]
[20240408 13:59:58 903] [000000] [ChkValid         ] [Get_serial_data!]
[20240408 13:59:59 093] [000000] [PortOpen         ] [Start!]
[20240408 13:59:59 132] [000000] [PortOpen_Port    ] [12]
[20240408 13:59:59 590] [000000] [PortOpen         ] [Finish!]
[20240408 13:59:59 606] [000000] [PortOpen_rtn     ] [1]
[20240408 13:59:59 619] [000000] [Get_serial_data  ] [NicePosSign]
[20240408 13:59:59 631] [000000] [NicePosSign      ] [49]
[20240408 13:59:59 676] [000000] [PortClose        ] [Start!]
[20240408 13:59:59 688] [000000] [PortClose        ] [PortClose]
[20240408 13:59:59 701] [000000] [SC_ClosePort     ] [Start!]
[20240408 13:59:59 715] [000000] [ThreadWatchComm  ] [Fisish!]
[20240408 13:59:59 757] [000000] [SC_ClosePort     ] [Finish!]
[20240408 13:59:59 770] [000000] [PortClose        ] [Finish!]
[20240408 13:59:59 785] [000000] [ChkValid         ] [Get_RandomKey(RND_P1)]
[20240408 13:59:59 797] [000000] [PortOpen         ] [Start!]
[20240408 13:59:59 809] [000000] [PortOpen_Port    ] [12]
[20240408 14:00:00 278] [000000] [PortOpen         ] [Finish!]
[20240408 14:00:00 303] [000000] [PortOpen_rtn     ] [1]
[20240408 14:00:00 318] [000000] [ChkValid         ] [NicePosSign 1]
[20240408 14:00:00 352] [000000] [NicePosSign      ] [160]
[20240408 14:00:00 397] [000000] [ChkValid         ] [ClosePort 1]
[20240408 14:00:00 433] [000000] [ChkValid         ] [Get_RandomKey(RND_P2)]
[20240408 14:00:00 446] [000000] [ChkValid         ] [NicePosSign 2]
[20240408 14:00:00 459] [000000] [NicePosSign      ] [160]
[20240408 14:00:00 488] [000000] [ChkValid         ] [ClosePort 2]
[20240408 14:00:00 504] [000000] [ChkValid         ] [NicePosSign 3]
[20240408 14:00:00 516] [000000] [NicePosSign      ] [160]
[20240408 14:00:00 550] [000000] [ChkValid         ] [ClosePort 3]
[20240408 14:00:00 563] [000000] [CLOSE_POPUP      ] [Start]
[20240408 14:00:00 579] [000000] [CLOSE_POPUP      ] [Finish]
[20240408 14:00:00 595] [000000] [OPEN_POPUP       ] [Start!]
[20240408 14:00:00 635] [000000] [OPEN_POPUP       ] [Finish]
[20240408 14:00:00 649] [000000] [ChkValid         ] [NicePosSign 4]
[20240408 14:00:00 663] [000000] [NicePosSign      ] [161]
[20240408 14:00:00 693] [000000] [ChkValid         ] [ClosePort 4]
[20240408 14:00:00 705] [000000] [PortClose        ] [Start!]
[20240408 14:00:00 719] [000000] [PortClose        ] [PortClose]
[20240408 14:00:00 732] [000000] [SC_ClosePort     ] [Start!]
[20240408 14:00:00 745] [000000] [ThreadWatchComm  ] [Fisish!]
[20240408 14:00:00 787] [000000] [SC_ClosePort     ] [Finish!]
[20240408 14:00:00 799] [000000] [PortClose        ] [Finish!]
[20240408 14:00:00 811] [000000] [ChkValid_ERRCD   ] [0]
[20240408 14:00:00 823] [000000] [CLOSE_POPUP      ] [Start]
[20240408 14:00:00 839] [000000] [CLOSE_POPUP      ] [Finish]
[20240408 14:00:00 914] [000000] [Get_ReaderInfo   ] [Start!]
[20240408 14:00:00 928] [000000] [PortOpen         ] [Start!]
[20240408 14:00:00 942] [000000] [PortOpen_Port    ] [12]
[20240408 14:00:01 158] [000000] [PortOpen         ] [Finish!]
[20240408 14:00:01 172] [000000] [PortOpen_rtn     ] [1]
[20240408 14:00:01 186] [000000] [Get_ReaderInfo   ] [NicePosSign!]
[20240408 14:00:01 200] [000000] [NicePosSign      ] [49]
[20240408 14:00:01 227] [000000] [PortClose        ] [Start!]
[20240408 14:00:01 240] [000000] [PortClose        ] [PortClose]
[20240408 14:00:01 254] [000000] [SC_ClosePort     ] [Start!]
[20240408 14:00:01 267] [000000] [ThreadWatchComm  ] [Fisish!]
[20240408 14:00:01 308] [000000] [SC_ClosePort     ] [Finish!]
[20240408 14:00:01 322] [000000] [PortClose        ] [Finish!]
[20240408 14:00:01 335] [000000] [Get_ReaderInfo   ] [#####NR-5500K002]
[20240408 14:00:01 691] [000000] [GetEnv           ] [Start!]
[20240408 14:00:01 706] [000000] [Ver.             ] [#######NVCAT5002]
[20240408 14:00:01 721] [000000] [Date.            ] [24.1.22.1]
[20240408 14:00:01 738] [000000] [GetEnv_CatID     ] [3195189001]
[20240408 14:00:01 771] [000000] [GetEnv_BizNo     ] [4089673734]
[20240408 14:00:01 784] [000000] [GetEnv           ] [Finish!]
[20240408 22:58:07 200] [000000] [Pos_Send         ] [**********************************************************************************************]
[20240408 22:58:07 211] [000000] [Pos_Send         ] [Start!]
[20240408 22:58:07 221] [000000] [Ver.             ] [#######NVCAT5002]
[20240408 22:58:07 230] [000000] [Date.            ] [24.1.22.1]
[20240408 22:58:07 242] [000000] [VpnUse           ] [N]
[20240408 22:58:07 251] [000000] [MultiVan         ] [N]
[20240408 22:58:07 260] [000000] [MultiReaderInfo  ] [Start]
[20240408 22:58:07 273] [000000] [MultiReaderInfo  ] [READERTYPE : [01], MultiReaderUse : [N], READERCNT : [0], PORTNUM : [0], PORTBAUDRATE : [0]]
[20240408 22:58:07 285] [000000] [MultiReaderInfo  ] [Finish]
[20240408 22:58:07 295] [000000] [GetCnlDisableYN  ] [Start]
[20240408 22:58:07 305] [000000] [GetStrEnv        ] [Start!]
[20240408 22:58:07 318] [000000] [DOWNTP           ] [1]
[20240408 22:58:07 327] [000000] [CnlDisable       ] [N]
[20240408 22:58:07 338] [000000] [NICEDOWN2        ] [Start]
[20240408 22:58:07 347] [000000] [ReaderSN         ] [Z624020161]
[20240408 22:58:07 356] [000000] [ReaderVer        ] [#####NR-5500K002]
[20240408 22:58:07 368] [000000] [NICEDOWN2        ] [CATID]
[20240408 22:58:07 378] [000000] [NICEDOWN2        ] [3195189001]
[20240408 22:58:07 387] [000000] [NICEDOWN2        ] [BIZNO]
[20240408 22:58:07 397] [000000] [NICEDOWN2        ] [4089673734]
[20240408 22:58:07 407] [000000] [NICEDOWN2        ] [NICEDOWN2 Date Check Start]
[20240408 22:58:07 418] [000000] [RT               ] [R]
[20240408 22:58:07 429] [000000] [REGDOWNTP        ] [1]
[20240408 22:58:07 437] [000000] [CnlDisable       ] []
[20240408 22:58:07 449] [000000] [NICEDOWN2        ] [(1) 다운로드 했던 기록이 있음]
[20240408 22:58:07 457] [000000] [NICEDOWN2        ] [(3) 이전 다운로드했던 CATID와 다운로드할 CATID가 같음]
[20240408 22:58:07 469] [000000] [NICEDOWN2        ] [(4) 이전 다운로드 유형과 다운로드할 유형이 같음]
[20240408 22:58:07 481] [000000] [NICEDOWN2        ] [NICEDOWN2 Date Check Finish]
[20240408 22:58:07 494] [000000] [SetCnlDisableYN  ] [Start]
[20240408 22:58:07 508] [000000] [DownType         ] [1]
[20240408 22:58:07 521] [000000] [Disable          ] []
[20240408 22:58:07 530] [000000] [SetCnlDisableYN  ] [Finish]
[20240408 22:58:07 541] [000000] [Connect_Tcp      ] [211.33.136.9:9002]
[20240408 22:58:07 570] [001100] [Open_TcpPort     ] [Connect OK!]
[20240408 22:58:07 571] [000000] [GetMac           ] [Start]
[20240408 22:58:07 582] [000000] [GetMac           ] [Try]
[20240408 22:58:07 601] [000000] [GetMac           ] [Success]
[20240408 22:58:07 610] [000000] [GetMac           ] [Finish]
[20240408 22:58:07 625] [000000] [SIGNSERIALNO     ] []
[20240408 22:58:07 636] [000000] [sendBuf          ] [0273770G44089673734319518900111002091702027700000000                                       10NVCAT               Z624020161#####NR-5500K002NVKN50  20240408225807               D8C497336879                                                                                     ]
[20240408 22:58:07 735] [000000] [recvBuf          ] [0492770G4408967373431951890010000R다운로드 정상                           211.33.136.2   8101 211.33.136.2   8101 211.33.136.9   9003 에이스독서실                      임원일              01071038573         인천 부평구 충선로 174상록빌딩 5층 전체                                                                                                                                                                 00211.33.136.1   9000 022402240287192N                                              ]
[20240408 22:58:07 736] [001100] [Close_TcpPort    ] [Close OK!]
[20240408 22:58:07 747] [000000] [RPORT            ] [8101]
[20240408 22:58:07 756] [000000] [NICEDOWNREQ      ] [N]
[20240408 22:58:07 769] [000000] [RPORT Set 4      ] [8101]
[20240408 22:58:07 795] [000000] [POSUNINUM        ] [022402240287192]
[20240408 22:58:07 799] [000000] [NICEDOWN2        ] [return 1]
[20240408 22:58:07 808] [000000] [NICEDOWN2        ] [Finish]
[20240408 22:58:07 821] [000000] [Pos_Send         ] [NICEDOWN2 Success]
[20240408 22:58:07 834] [000000] [Pos_Send amt1    ] [000000000005]
[20240408 22:58:07 845] [000000] [Pos_Send amt2    ] [5]
[20240408 22:58:07 855] [000000] [ReqCard          ] [ReqCard]
[20240408 22:58:07 868] [000000] [Pos_Send amt3    ] [5]
[20240408 22:58:07 881] [000000] [POPUP_TIMER      ] [Start!]
[20240408 22:58:07 894] [000000] [Count            ] [30]
[20240408 22:58:07 969] [000000] [POPUP_TIMER      ] [Finish]
[20240408 22:58:07 974] [000000] [ReqCard          ] [Start!]
[20240408 22:58:07 991] [000000] [MultiReaderInfo  ] [Start]
[20240408 22:58:08 007] [000000] [MultiReaderInfo  ] [READERTYPE : [01], MultiReaderUse : [N], READERCNT : [0], PORTNUM : [0], PORTBAUDRATE : [0]]
[20240408 22:58:08 019] [000000] [MultiReaderInfo  ] [Finish]
[20240408 22:58:08 032] [000000] [ReqCard          ] [Multi Reader Use X]
[20240408 22:58:08 042] [000000] [PortOpen         ] [Start!]
[20240408 22:58:08 055] [000000] [PortOpen_Port    ] [12]
[20240408 22:58:08 262] [000000] [PortOpen         ] [Finish!]
[20240408 22:58:08 263] [000000] [PortOpen_rtn     ] [1]
[20240408 22:58:08 273] [000000] [ReqCard Time     ] [20240408225808]
[20240408 22:58:08 283] [000000] [ReqCard Amt      ] [000000000005]
[20240408 22:58:08 293] [000000] [ReqCard Catid    ] [3195189001]
[20240408 22:58:08 303] [000000] [ReqCard tp       ] [0]
[20240408 22:58:08 313] [000000] [ReqCard          ] [Request Nicepos sign!(0,1)]
[20240408 22:58:08 323] [000000] [NicePosSign      ] [156]
[20240408 22:58:08 366] [000000] [ReqCard ErrCode  ] [fb]
[20240408 22:58:08 367] [000000] [PortClose        ] [Start!]
[20240408 22:58:08 391] [000000] [PortClose        ] [PortClose]
[20240408 22:58:08 411] [000000] [SC_ClosePort     ] [Start!]
[20240408 22:58:08 427] [000000] [ThreadWatchComm  ] [Fisish!]
[20240408 22:58:08 469] [000000] [SC_ClosePort     ] [Finish!]
[20240408 22:58:08 469] [000000] [PortClose        ] [Finish!]
[20240408 22:58:08 480] [000000] [CLOSE_POPUP      ] [Start]
[20240408 22:58:08 497] [000000] [CLOSE_POPUP      ] [Finish]
[20240408 22:58:08 538] [000000] [MultiReaderInfo  ] [Start]
[20240408 22:58:08 562] [000000] [MultiReaderInfo  ] [READERTYPE : [01], MultiReaderUse : [N], READERCNT : [0], PORTNUM : [0], PORTBAUDRATE : [0]]
[20240408 22:58:08 579] [000000] [MultiReaderInfo  ] [Finish]
[20240408 22:58:08 594] [000000] [ChkValid         ] [Start!]
[20240408 22:58:08 610] [000000] [OPEN_POPUP       ] [Start!]
[20240408 22:58:08 698] [000000] [OPEN_POPUP       ] [Finish]
[20240408 22:58:08 699] [000000] [ChkValid         ] [Get_serial_data!]
[20240408 22:58:08 870] [000000] [PortOpen         ] [Start!]
[20240408 22:58:08 870] [000000] [PortOpen_Port    ] [12]
[20240408 22:58:09 083] [000000] [PortOpen         ] [Finish!]
[20240408 22:58:09 084] [000000] [PortOpen_rtn     ] [1]
[20240408 22:58:09 097] [000000] [Get_serial_data  ] [NicePosSign]
[20240408 22:58:09 107] [000000] [NicePosSign      ] [49]
[20240408 22:58:09 360] [000000] [PortClose        ] [Start!]
[20240408 22:58:09 361] [000000] [PortClose        ] [PortClose]
[20240408 22:58:09 370] [000000] [SC_ClosePort     ] [Start!]
[20240408 22:58:09 382] [000000] [ThreadWatchComm  ] [Fisish!]
[20240408 22:58:09 424] [000000] [SC_ClosePort     ] [Finish!]
[20240408 22:58:09 424] [000000] [PortClose        ] [Finish!]
[20240408 22:58:09 436] [000000] [ChkValid         ] [Get_RandomKey(RND_P1)]
[20240408 22:58:09 448] [000000] [PortOpen         ] [Start!]
[20240408 22:58:09 461] [000000] [PortOpen_Port    ] [12]
[20240408 22:58:09 670] [000000] [PortOpen         ] [Finish!]
[20240408 22:58:09 670] [000000] [PortOpen_rtn     ] [1]
[20240408 22:58:09 680] [000000] [ChkValid         ] [NicePosSign 1]
[20240408 22:58:09 692] [000000] [NicePosSign      ] [160]
[20240408 22:58:09 726] [000000] [ChkValid         ] [ClosePort 1]
[20240408 22:58:09 726] [000000] [ChkValid         ] [Get_RandomKey(RND_P2)]
[20240408 22:58:09 738] [000000] [ChkValid         ] [NicePosSign 2]
[20240408 22:58:09 749] [000000] [NicePosSign      ] [160]
[20240408 22:58:09 774] [000000] [ChkValid         ] [ClosePort 2]
[20240408 22:58:09 774] [000000] [ChkValid         ] [NicePosSign 3]
[20240408 22:58:09 784] [000000] [NicePosSign      ] [160]
[20240408 22:58:09 806] [000000] [ChkValid         ] [ClosePort 3]
[20240408 22:58:09 806] [000000] [CLOSE_POPUP      ] [Start]
[20240408 22:58:09 831] [000000] [CLOSE_POPUP      ] [Finish]
[20240408 22:58:09 885] [000000] [OPEN_POPUP       ] [Start!]
[20240408 22:58:09 916] [000000] [OPEN_POPUP       ] [Finish]
[20240408 22:58:09 947] [000000] [ChkValid         ] [NicePosSign 4]
[20240408 22:58:10 071] [000000] [NicePosSign      ] [161]
[20240408 22:58:10 108] [000000] [ChkValid         ] [ClosePort 4]
[20240408 22:58:10 108] [000000] [PortClose        ] [Start!]
[20240408 22:58:10 134] [000000] [PortClose        ] [PortClose]
[20240408 22:58:10 144] [000000] [SC_ClosePort     ] [Start!]
[20240408 22:58:10 156] [000000] [ThreadWatchComm  ] [Fisish!]
[20240408 22:58:10 197] [000000] [SC_ClosePort     ] [Finish!]
[20240408 22:58:10 198] [000000] [PortClose        ] [Finish!]
[20240408 22:58:10 208] [000000] [ChkValid_ERRCD   ] [0]
[20240408 22:58:10 217] [000000] [CLOSE_POPUP      ] [Start]
[20240408 22:58:10 234] [000000] [CLOSE_POPUP      ] [Finish]
[20240408 22:58:10 275] [000000] [ReqCard          ] [ReqCard End]
[20240408 22:58:10 292] [000000] [POPUP_TIMER      ] [Start!]
[20240408 22:58:10 309] [000000] [Count            ] [30]
[20240408 22:58:10 362] [000000] [POPUP_TIMER      ] [Finish]
[20240408 22:58:10 370] [000000] [ReqCard          ] [Start!]
[20240408 22:58:10 386] [000000] [MultiReaderInfo  ] [Start]
[20240408 22:58:10 404] [000000] [MultiReaderInfo  ] [READERTYPE : [01], MultiReaderUse : [N], READERCNT : [0], PORTNUM : [0], PORTBAUDRATE : [0]]
[20240408 22:58:10 418] [000000] [MultiReaderInfo  ] [Finish]
[20240408 22:58:10 435] [000000] [ReqCard          ] [Multi Reader Use X]
[20240408 22:58:10 448] [000000] [PortOpen         ] [Start!]
[20240408 22:58:10 460] [000000] [PortOpen_Port    ] [12]
[20240408 22:58:10 669] [000000] [PortOpen         ] [Finish!]
[20240408 22:58:10 670] [000000] [PortOpen_rtn     ] [1]
[20240408 22:58:10 681] [000000] [ReqCard Time     ] [20240408225810]
[20240408 22:58:10 691] [000000] [ReqCard Amt      ] [000000000005]
[20240408 22:58:10 700] [000000] [ReqCard Catid    ] [3195189001]
[20240408 22:58:10 714] [000000] [ReqCard tp       ] [0]
[20240408 22:58:10 726] [000000] [ReqCard          ] [Request Nicepos sign!(0,1)]
[20240408 22:58:10 736] [000000] [NicePosSign      ] [156]
[20240408 22:58:16 138] [000000] [Stop             ] [1]
[20240408 22:58:16 140] [000000] [ReqStop          ] [Start!]
[20240408 22:58:16 148] [000000] [ReqStop          ] [1]
[20240408 22:58:16 159] [000000] [ReqStop          ] [9]
[20240408 22:58:16 174] [000000] [MultiReaderInfo  ] [Start]
[20240408 22:58:16 189] [000000] [MultiReaderInfo  ] [READERTYPE : [01], MultiReaderUse : [N], READERCNT : [0], PORTNUM : [0], PORTBAUDRATE : [0]]
[20240408 22:58:16 197] [000000] [MultiReaderInfo  ] [Finish]
[20240408 22:58:16 208] [000000] [ReqStop          ] [2]
[20240408 22:58:16 219] [000000] [ReqStop          ] [3]
[20240408 22:58:16 228] [000000] [ReqStop          ] [4]
[20240408 22:58:16 750] [000000] [ReqStop          ] [5]
[20240408 22:58:16 751] [000000] [ReqStop          ] [6]
[20240408 22:58:16 759] [000000] [ReqStop          ] [7]
[20240408 22:58:16 772] [000000] [ReqStop          ] [8]
[20240408 22:58:16 781] [000000] [ReqCard ErrCode  ] [cd]
[20240408 22:58:16 792] [000000] [PortClose        ] [Start!]
[20240408 22:58:16 803] [000000] [PortClose        ] [PortClose]
[20240408 22:58:16 818] [000000] [SC_ClosePort     ] [Start!]
[20240408 22:58:16 831] [000000] [ThreadWatchComm  ] [Fisish!]
[20240408 22:58:16 872] [000000] [SC_ClosePort     ] [Finish!]
[20240408 22:58:16 873] [000000] [PortClose        ] [Finish!]
[20240408 22:58:16 887] [000000] [CLOSE_POPUP      ] [Start]
[20240408 22:58:16 915] [000000] [CLOSE_POPUP      ] [Finish]
[20240408 22:58:17 062] [000000] [Pos_Send[7]      ] [return -80]
[20240408 22:58:17 074] [000000] [Pos_Send[7]      ] [**********************************************************************************************]
[20240408 23:27:35 992] [000000] [Pos_Send         ] [**********************************************************************************************]
[20240408 23:27:35 993] [000000] [Pos_Send         ] [Start!]
[20240408 23:27:36 008] [000000] [Ver.             ] [#######NVCAT5002]
[20240408 23:27:36 021] [000000] [Date.            ] [24.1.22.1]
[20240408 23:27:36 035] [000000] [VpnUse           ] [N]
[20240408 23:27:36 049] [000000] [MultiVan         ] [N]
[20240408 23:27:37 085] [000000] [MultiReaderInfo  ] [Start]
[20240408 23:27:37 163] [000000] [MultiReaderInfo  ] [READERTYPE : [01], MultiReaderUse : [N], READERCNT : [0], PORTNUM : [0], PORTBAUDRATE : [0]]
[20240408 23:27:37 173] [000000] [MultiReaderInfo  ] [Finish]
[20240408 23:27:37 192] [000000] [GetCnlDisableYN  ] [Start]
[20240408 23:27:37 204] [000000] [GetStrEnv        ] [Start!]
[20240408 23:27:37 230] [000000] [DOWNTP           ] [1]
[20240408 23:27:37 249] [000000] [CnlDisable       ] [N]
[20240408 23:27:37 320] [000000] [NICEDOWN2        ] [Start]
[20240408 23:27:37 347] [000000] [ReaderSN         ] [Z624020161]
[20240408 23:27:37 537] [000000] [ReaderVer        ] [#####NR-5500K002]
[20240408 23:27:38 087] [000000] [NICEDOWN2        ] [CATID]
[20240408 23:27:38 102] [000000] [NICEDOWN2        ] [3195189001]
[20240408 23:27:38 196] [000000] [NICEDOWN2        ] [BIZNO]
[20240408 23:27:38 267] [000000] [NICEDOWN2        ] [4089673734]
[20240408 23:27:38 279] [000000] [NICEDOWN2        ] [NICEDOWN2 Date Check Start]
[20240408 23:27:38 343] [000000] [RT               ] [R]
[20240408 23:27:38 357] [000000] [REGDOWNTP        ] [1]
[20240408 23:27:38 409] [000000] [CnlDisable       ] []
[20240408 23:27:38 423] [000000] [NICEDOWN2        ] [(1) 다운로드 했던 기록이 있음]
[20240408 23:27:38 493] [000000] [NICEDOWN2        ] [(2) 이전 다운로드했던 날짜와 오늘 날짜가 같음]
[20240408 23:27:38 507] [000000] [NICEDOWN2        ] [(3) 이전 다운로드했던 CATID와 다운로드할 CATID가 같음]
[20240408 23:27:38 529] [000000] [NICEDOWN2        ] [(4) 이전 다운로드 유형과 다운로드할 유형이 같음]
[20240408 23:27:38 567] [000000] [NICEDOWN2        ] [Already NICEDOWN2  (-2)]
[20240408 23:27:38 616] [000000] [Pos_Send         ] [NICEDOWN2 Fail (-2)]
[20240408 23:27:38 652] [000000] [Pos_Send amt1    ] [000000000005]
[20240408 23:27:38 689] [000000] [Pos_Send amt2    ] [5]
[20240408 23:27:39 039] [000000] [ReqCard          ] [ReqCard]
[20240408 23:27:39 051] [000000] [Pos_Send amt3    ] [5]
[20240408 23:27:39 109] [000000] [POPUP_TIMER      ] [Start!]
[20240408 23:27:39 205] [000000] [Count            ] [30]
[20240408 23:27:39 312] [000000] [POPUP_TIMER      ] [Finish]
[20240408 23:27:39 439] [000000] [ReqCard          ] [Start!]
[20240408 23:27:39 452] [000000] [MultiReaderInfo  ] [Start]
[20240408 23:27:39 463] [000000] [MultiReaderInfo  ] [READERTYPE : [01], MultiReaderUse : [N], READERCNT : [0], PORTNUM : [0], PORTBAUDRATE : [0]]
[20240408 23:27:39 475] [000000] [MultiReaderInfo  ] [Finish]
[20240408 23:27:39 484] [000000] [ReqCard          ] [Multi Reader Use X]
[20240408 23:27:39 497] [000000] [PortOpen         ] [Start!]
[20240408 23:27:39 509] [000000] [PortOpen_Port    ] [12]
[20240408 23:27:39 720] [000000] [PortOpen         ] [Finish!]
[20240408 23:27:39 720] [000000] [PortOpen_rtn     ] [1]
[20240408 23:27:39 736] [000000] [ReqCard Time     ] [20240408232739]
[20240408 23:27:39 749] [000000] [ReqCard Amt      ] [000000000005]
[20240408 23:27:39 762] [000000] [ReqCard Catid    ] [3195189001]
[20240408 23:27:39 771] [000000] [ReqCard tp       ] [0]
[20240408 23:27:39 783] [000000] [ReqCard          ] [Request Nicepos sign!(0,1)]
[20240408 23:27:39 793] [000000] [NicePosSign      ] [156]
[20240408 23:27:47 335] [000000] [ReqCard ErrCode  ] [0]
[20240408 23:27:47 336] [000000] [PortClose        ] [Start!]
[20240408 23:27:47 347] [000000] [PortClose        ] [PortClose]
[20240408 23:27:47 359] [000000] [SC_ClosePort     ] [Start!]
[20240408 23:27:47 371] [000000] [ThreadWatchComm  ] [Fisish!]
[20240408 23:27:47 413] [000000] [SC_ClosePort     ] [Finish!]
[20240408 23:27:47 413] [000000] [PortClose        ] [Finish!]
[20240408 23:27:47 425] [000000] [CLOSE_POPUP      ] [Start]
[20240408 23:27:47 444] [000000] [CLOSE_POPUP      ] [Finish]
[20240408 23:27:47 504] [000000] [ReqCard          ] [ReqCard End]
[20240408 23:27:47 519] [000000] [SIGNROMVER       ] []
[20240408 23:27:47 534] [000000] [SIGNSERIALNO     ] []
[20240408 23:27:47 548] [000000] [VpnUse           ] [공중망]
[20240408 23:27:47 566] [000000] [POSUNINUM        ] [REQ TEXT ADD]
[20240408 23:27:47 581] [000000] [POSUNINUM        ] [PID(3) GB TEXT ADD OK]
[20240408 23:27:47 593] [000000] [POSUNINUM        ] [PID(15) TEXT ADD OK]
[20240408 23:27:47 608] [000000] [POSUNINUM        ] [MAC(3) GB TEXT ADD OK]
[20240408 23:27:47 622] [000000] [GetMac           ] [Start]
[20240408 23:27:47 636] [000000] [GetMac           ] [Try]
[20240408 23:27:47 653] [000000] [GetMac           ] [Success]
[20240408 23:27:47 665] [000000] [GetMac           ] [Finish]
[20240408 23:27:47 681] [000000] [POSUNINUM        ] [MAC+Space(32) TEXT ADD OK]
[20240408 23:27:47 696] [000000] [POSUNINUM        ] [Total Length Change]
[20240408 23:27:47 723] [000000] [POSUNINUM        ] [0747]
[20240408 23:27:47 734] [000000] [sendIP           ] [211.33.136.2]
[20240408 23:27:47 746] [000000] [sendPORT         ] [8101]
[20240408 23:27:47 760] [000000] [CommType         ] [1]
[20240408 23:27:47 771] [000000] [POSUNINUM        ] [Req Etc Port]
[20240408 23:27:47 781] [000000] [NiceCommWork     ] [211.33.136.2:8101]
[20240408 23:27:47 791] [000000] [Connect_Tcp      ] [211.33.136.2:8101]
[20240408 23:27:47 821] [001336] [Open_TcpPort     ] [Connect OK!]
[20240408 23:27:47 821] [000000] [GetCnlDisableYN  ] [Start]
[20240408 23:27:47 837] [000000] [GetStrEnv        ] [Start!]
[20240408 23:27:47 849] [000000] [CnlDisable       ] [N]
[20240408 23:27:47 863] [000000] [OPEN_POPUP       ] [Start!]
[20240408 23:27:47 937] [000000] [OPEN_POPUP       ] [Finish]
[20240408 23:27:47 948] [000000] [NiceCommWork     ] [SendRecvEnc]
[20240408 23:27:48 112] [001336] [SendMsg          ] [0747HPS31951890010408232735020010H1       IC 3195189001I*******************************************************************************************************************************00000000000000000000000000000000000005                          4089673734             ****************              ]
[20240408 23:27:48 698] [001336] [RecvMsg          ] [0580HPS31951890010408232735021010H1       IC 31951890010000****************************************000000000000000000000000000000000000054089673734             ****************07신한카드            07신한카드            0105275218     24040823274613768563    0992306270293 IC카드 정상승인 13768563                                                                                                                                                      1           NS240]
[20240408 23:27:48 698] [000000] [SendRecv         ] [End!]
[20240408 23:27:48 714] [001336] [Close_TcpPort    ] [Close OK!]
[20240408 23:27:48 725] [000000] [CLOSE_POPUP      ] [Start]
[20240408 23:27:48 755] [000000] [CLOSE_POPUP      ] [Finish]
[20240408 23:27:48 841] [000000] [EMV_COMPLITE     ] [Start]
[20240408 23:27:48 856] [000000] [EMV_CMP_ERRCD    ] []
[20240408 23:27:48 870] [000000] [Pos_Send         ] [return 1]
[20240408 23:27:48 885] [000000] [Pos_Send         ] [Finish!]
[20240408 23:27:48 899] [000000] [Pos_Send         ] [**********************************************************************************************]
[20240408 23:35:18 743] [000000] [Pos_Send         ] [**********************************************************************************************]
[20240408 23:35:18 744] [000000] [Pos_Send         ] [Start!]
[20240408 23:35:18 766] [000000] [Ver.             ] [#######NVCAT5002]
[20240408 23:35:18 776] [000000] [Date.            ] [24.1.22.1]
[20240408 23:35:18 785] [000000] [VpnUse           ] [N]
[20240408 23:35:18 797] [000000] [MultiVan         ] [N]
[20240408 23:35:18 807] [000000] [MultiReaderInfo  ] [Start]
[20240408 23:35:18 821] [000000] [MultiReaderInfo  ] [READERTYPE : [01], MultiReaderUse : [N], READERCNT : [0], PORTNUM : [0], PORTBAUDRATE : [0]]
[20240408 23:35:18 830] [000000] [MultiReaderInfo  ] [Finish]
[20240408 23:35:18 844] [000000] [GetCnlDisableYN  ] [Start]
[20240408 23:35:18 857] [000000] [GetStrEnv        ] [Start!]
[20240408 23:35:18 871] [000000] [DOWNTP           ] [1]
[20240408 23:35:18 885] [000000] [CnlDisable       ] [N]
[20240408 23:35:18 896] [000000] [NICEDOWN2        ] [Start]
[20240408 23:35:18 905] [000000] [ReaderSN         ] [Z624020161]
[20240408 23:35:18 917] [000000] [ReaderVer        ] [#####NR-5500K002]
[20240408 23:35:18 928] [000000] [NICEDOWN2        ] [CATID]
[20240408 23:35:18 940] [000000] [NICEDOWN2        ] [3195189001]
[20240408 23:35:18 971] [000000] [NICEDOWN2        ] [BIZNO]
[20240408 23:35:18 985] [000000] [NICEDOWN2        ] [4089673734]
[20240408 23:35:19 001] [000000] [NICEDOWN2        ] [NICEDOWN2 Date Check Start]
[20240408 23:35:19 014] [000000] [RT               ] [R]
[20240408 23:35:19 025] [000000] [REGDOWNTP        ] [1]
[20240408 23:35:19 035] [000000] [CnlDisable       ] []
[20240408 23:35:19 050] [000000] [NICEDOWN2        ] [(1) 다운로드 했던 기록이 있음]
[20240408 23:35:19 074] [000000] [NICEDOWN2        ] [(2) 이전 다운로드했던 날짜와 오늘 날짜가 같음]
[20240408 23:35:19 087] [000000] [NICEDOWN2        ] [(3) 이전 다운로드했던 CATID와 다운로드할 CATID가 같음]
[20240408 23:35:19 100] [000000] [NICEDOWN2        ] [(4) 이전 다운로드 유형과 다운로드할 유형이 같음]
[20240408 23:35:19 111] [000000] [NICEDOWN2        ] [Already NICEDOWN2  (-2)]
[20240408 23:35:19 123] [000000] [Pos_Send         ] [NICEDOWN2 Fail (-2)]
[20240408 23:35:19 136] [000000] [Pos_Send amt1    ] [000000000010]
[20240408 23:35:19 147] [000000] [Pos_Send amt2    ] [10]
[20240408 23:35:19 160] [000000] [ReqCard          ] [ReqCard]
[20240408 23:35:19 173] [000000] [Pos_Send amt3    ] [10]
[20240408 23:35:19 187] [000000] [POPUP_TIMER      ] [Start!]
[20240408 23:35:19 202] [000000] [Count            ] [30]
[20240408 23:35:19 241] [000000] [POPUP_TIMER      ] [Finish]
[20240408 23:35:19 282] [000000] [ReqCard          ] [Start!]
[20240408 23:35:19 297] [000000] [MultiReaderInfo  ] [Start]
[20240408 23:35:19 310] [000000] [MultiReaderInfo  ] [READERTYPE : [01], MultiReaderUse : [N], READERCNT : [0], PORTNUM : [0], PORTBAUDRATE : [0]]
[20240408 23:35:19 324] [000000] [MultiReaderInfo  ] [Finish]
[20240408 23:35:19 340] [000000] [ReqCard          ] [Multi Reader Use X]
[20240408 23:35:19 355] [000000] [PortOpen         ] [Start!]
[20240408 23:35:19 366] [000000] [PortOpen_Port    ] [12]
[20240408 23:35:19 583] [000000] [PortOpen         ] [Finish!]
[20240408 23:35:19 583] [000000] [PortOpen_rtn     ] [1]
[20240408 23:35:19 596] [000000] [ReqCard Time     ] [20240408233519]
[20240408 23:35:19 605] [000000] [ReqCard Amt      ] [000000000010]
[20240408 23:35:19 615] [000000] [ReqCard Catid    ] [3195189001]
[20240408 23:35:19 628] [000000] [ReqCard tp       ] [0]
[20240408 23:35:19 641] [000000] [ReqCard          ] [Request Nicepos sign!(0,1)]
[20240408 23:35:19 655] [000000] [NicePosSign      ] [156]
[20240408 23:35:23 634] [000000] [ReqCard ErrCode  ] [0]
[20240408 23:35:23 635] [000000] [PortClose        ] [Start!]
[20240408 23:35:23 645] [000000] [PortClose        ] [PortClose]
[20240408 23:35:23 655] [000000] [SC_ClosePort     ] [Start!]
[20240408 23:35:23 665] [000000] [ThreadWatchComm  ] [Fisish!]
[20240408 23:35:23 707] [000000] [SC_ClosePort     ] [Finish!]
[20240408 23:35:23 707] [000000] [PortClose        ] [Finish!]
[20240408 23:35:23 719] [000000] [CLOSE_POPUP      ] [Start]
[20240408 23:35:23 736] [000000] [CLOSE_POPUP      ] [Finish]
[20240408 23:35:23 803] [000000] [ReqCard          ] [ReqCard End]
[20240408 23:35:23 816] [000000] [SIGNROMVER       ] []
[20240408 23:35:23 830] [000000] [SIGNSERIALNO     ] []
[20240408 23:35:23 847] [000000] [VpnUse           ] [공중망]
[20240408 23:35:23 864] [000000] [POSUNINUM        ] [REQ TEXT ADD]
[20240408 23:35:23 879] [000000] [POSUNINUM        ] [PID(3) GB TEXT ADD OK]
[20240408 23:35:23 893] [000000] [POSUNINUM        ] [PID(15) TEXT ADD OK]
[20240408 23:35:23 908] [000000] [POSUNINUM        ] [MAC(3) GB TEXT ADD OK]
[20240408 23:35:23 923] [000000] [GetMac           ] [Start]
[20240408 23:35:23 935] [000000] [GetMac           ] [Try]
[20240408 23:35:23 957] [000000] [GetMac           ] [Success]
[20240408 23:35:23 969] [000000] [GetMac           ] [Finish]
[20240408 23:35:23 982] [000000] [POSUNINUM        ] [MAC+Space(32) TEXT ADD OK]
[20240408 23:35:23 997] [000000] [POSUNINUM        ] [Total Length Change]
[20240408 23:35:24 029] [000000] [POSUNINUM        ] [0747]
[20240408 23:35:24 042] [000000] [sendIP           ] [211.33.136.2]
[20240408 23:35:24 054] [000000] [sendPORT         ] [8101]
[20240408 23:35:24 067] [000000] [CommType         ] [1]
[20240408 23:35:24 077] [000000] [POSUNINUM        ] [Req Etc Port]
[20240408 23:35:24 087] [000000] [NiceCommWork     ] [211.33.136.2:8101]
[20240408 23:35:24 132] [000000] [Connect_Tcp      ] [211.33.136.2:8101]
[20240408 23:35:24 170] [001524] [Open_TcpPort     ] [Connect OK!]
[20240408 23:35:24 171] [000000] [GetCnlDisableYN  ] [Start]
[20240408 23:35:24 183] [000000] [GetStrEnv        ] [Start!]
[20240408 23:35:24 193] [000000] [CnlDisable       ] [N]
[20240408 23:35:24 203] [000000] [OPEN_POPUP       ] [Start!]
[20240408 23:35:24 229] [000000] [OPEN_POPUP       ] [Finish]
[20240408 23:35:24 256] [000000] [NiceCommWork     ] [SendRecvEnc]
[20240408 23:35:24 411] [001524] [SendMsg          ] [0747HPS31951890010408233518020010H1       IC 3195189001I*******************************************************************************************************************************00000000000000000000000000000000000010                          4089673734             ****************              ]
[20240408 23:35:24 835] [001524] [RecvMsg          ] [0580HPS31951890010408233518021010H1       IC 31951890010000****************************************000000000000000000000000000000000000104089673734             ****************07신한카드            07신한카드            0105275218     24040823352213808389    0992306345083 IC카드 정상승인 13808389                                                                                                                                                      1           NS240]
[20240408 23:35:24 835] [000000] [SendRecv         ] [End!]
[20240408 23:35:24 846] [001524] [Close_TcpPort    ] [Close OK!]
[20240408 23:35:24 858] [000000] [CLOSE_POPUP      ] [Start]
[20240408 23:35:24 875] [000000] [CLOSE_POPUP      ] [Finish]
[20240408 23:35:24 915] [000000] [EMV_COMPLITE     ] [Start]
[20240408 23:35:24 930] [000000] [EMV_CMP_ERRCD    ] []
[20240408 23:35:24 945] [000000] [Pos_Send         ] [return 1]
[20240408 23:35:24 957] [000000] [Pos_Send         ] [Finish!]
[20240408 23:35:24 973] [000000] [Pos_Send         ] [**********************************************************************************************]
