[20240402 13:56:50 537] [000000] [SetEnv           ] [Start!]
[20240402 13:56:50 539] [000000] [SetEnv_ccatid    ] [3195189001]
[20240402 13:56:50 547] [000000] [SetEnv_CatID     ] [3195189001]
[20240402 13:56:50 557] [000000] [SetEnv_cbizno    ] [4089673734]
[20240402 13:56:50 564] [000000] [SetEnv_BizNo     ] [4089673734]
[20240402 13:56:50 574] [000000] [SetEnv           ] [Finish!]
[20240402 13:56:51 124] [000000] [Set_SvrInfo      ] [Start!]
[20240402 13:56:51 128] [000000] [GetCnlDisableYN  ] [Start]
[20240402 13:56:51 306] [000000] [GetStrEnv        ] [Start!]
[20240402 13:56:51 567] [000000] [CnlDisable       ] [N]
[20240402 13:56:51 576] [000000] [RT               ] [1]
[20240402 13:56:51 584] [000000] [SetCnlDisableYN  ] [Start]
[20240402 13:56:51 592] [000000] [DownType         ] [1]
[20240402 13:56:51 600] [000000] [Disable          ] [N]
[20240402 13:56:51 608] [000000] [SetCnlDisableYN  ] [Finish]
[20240402 13:56:52 464] [000000] [Get_SvrInfo      ] [Start!]
[20240402 13:56:52 464] [000000] [GetEnv           ] [Start!]
[20240402 13:56:52 474] [000000] [Ver.             ] [#######NVCAT5002]
[20240402 13:56:52 484] [000000] [Date.            ] [24.1.22.1]
[20240402 13:56:52 495] [000000] [GetEnv_CatID     ] [3195189001]
[20240402 13:56:52 505] [000000] [GetEnv_BizNo     ] [4089673734]
[20240402 13:56:52 514] [000000] [GetEnv           ] [Finish!]
[20240402 13:56:52 525] [000000] [Get_ReaderInfo   ] [Start!]
[20240402 13:56:52 535] [000000] [PortOpen         ] [Start!]
[20240402 13:56:52 545] [000000] [PortOpen_Port    ] [12]
[20240402 13:56:52 754] [000000] [PortOpen         ] [Finish!]
[20240402 13:56:52 764] [000000] [PortOpen_rtn     ] [1]
[20240402 13:56:52 774] [000000] [Get_ReaderInfo   ] [NicePosSign!]
[20240402 13:56:52 783] [000000] [NicePosSign      ] [49]
[20240402 13:56:52 808] [000000] [PortClose        ] [Start!]
[20240402 13:56:53 034] [000000] [PortClose        ] [PortClose]
[20240402 13:56:53 044] [000000] [SC_ClosePort     ] [Start!]
[20240402 13:56:53 053] [000000] [ThreadWatchComm  ] [Fisish!]
[20240402 13:56:53 095] [000000] [SC_ClosePort     ] [Finish!]
[20240402 13:56:53 171] [000000] [PortClose        ] [Finish!]
[20240402 13:56:53 180] [000000] [Get_ReaderInfo   ] [#####NR-5500K002]
[20240402 13:56:53 582] [000000] [Get_SignInfo2    ] [ROMVER Start!]
[20240402 13:56:53 646] [000000] [Get_SignInfo2    ] [SignPort Not Setting]
[20240402 13:56:53 669] [000000] [Get_SignInfo2    ] [ROMVER(16)]
[20240402 13:56:53 681] [000000] [Get_SignInfo2    ] []
[20240402 13:56:53 690] [000000] [MultiReaderInfo  ] [Start]
[20240402 13:56:53 701] [000000] [MultiReaderInfo  ] [READERTYPE : [01], MultiReaderUse : [N], READERCNT : [0], PORTNUM : [0], PORTBAUDRATE : [0]]
[20240402 13:56:53 714] [000000] [MultiReaderInfo  ] [Finish]
[20240402 13:56:53 724] [000000] [ChkValid         ] [Start!]
[20240402 13:56:53 744] [000000] [OPEN_POPUP       ] [Start!]
[20240402 13:56:53 984] [000000] [OPEN_POPUP       ] [Finish]
[20240402 13:56:53 996] [000000] [ChkValid         ] [Get_serial_data!]
[20240402 13:56:54 168] [000000] [PortOpen         ] [Start!]
[20240402 13:56:54 168] [000000] [PortOpen_Port    ] [12]
[20240402 13:56:54 401] [000000] [PortOpen         ] [Finish!]
[20240402 13:56:54 402] [000000] [PortOpen_rtn     ] [1]
[20240402 13:56:54 412] [000000] [Get_serial_data  ] [NicePosSign]
[20240402 13:56:54 423] [000000] [NicePosSign      ] [49]
[20240402 13:56:54 452] [000000] [PortClose        ] [Start!]
[20240402 13:56:54 539] [000000] [PortClose        ] [PortClose]
[20240402 13:56:54 548] [000000] [SC_ClosePort     ] [Start!]
[20240402 13:56:54 558] [000000] [ThreadWatchComm  ] [Fisish!]
[20240402 13:56:54 600] [000000] [SC_ClosePort     ] [Finish!]
[20240402 13:56:54 679] [000000] [PortClose        ] [Finish!]
[20240402 13:56:54 690] [000000] [ChkValid         ] [Get_RandomKey(RND_P1)]
[20240402 13:56:54 700] [000000] [PortOpen         ] [Start!]
[20240402 13:56:54 710] [000000] [PortOpen_Port    ] [12]
[20240402 13:56:54 927] [000000] [PortOpen         ] [Finish!]
[20240402 13:56:54 928] [000000] [PortOpen_rtn     ] [1]
[20240402 13:56:54 938] [000000] [ChkValid         ] [NicePosSign 1]
[20240402 13:56:54 962] [000000] [NicePosSign      ] [160]
[20240402 13:56:55 005] [000000] [ChkValid         ] [ClosePort 1]
[20240402 13:56:55 066] [000000] [ChkValid         ] [Get_RandomKey(RND_P2)]
[20240402 13:56:55 076] [000000] [ChkValid         ] [NicePosSign 2]
[20240402 13:56:55 086] [000000] [NicePosSign      ] [160]
[20240402 13:56:55 117] [000000] [ChkValid         ] [ClosePort 2]
[20240402 13:56:55 124] [000000] [ChkValid         ] [NicePosSign 3]
[20240402 13:56:55 137] [000000] [NicePosSign      ] [160]
[20240402 13:56:55 164] [000000] [ChkValid         ] [ClosePort 3]
[20240402 13:56:55 166] [000000] [CLOSE_POPUP      ] [Start]
[20240402 13:56:55 181] [000000] [CLOSE_POPUP      ] [Finish]
[20240402 13:56:55 196] [000000] [OPEN_POPUP       ] [Start!]
[20240402 13:56:55 242] [000000] [OPEN_POPUP       ] [Finish]
[20240402 13:56:55 251] [000000] [ChkValid         ] [NicePosSign 4]
[20240402 13:56:55 267] [000000] [NicePosSign      ] [161]
[20240402 13:56:55 305] [000000] [ChkValid         ] [ClosePort 4]
[20240402 13:56:55 306] [000000] [PortClose        ] [Start!]
[20240402 13:56:55 317] [000000] [PortClose        ] [PortClose]
[20240402 13:56:55 329] [000000] [SC_ClosePort     ] [Start!]
[20240402 13:56:55 343] [000000] [ThreadWatchComm  ] [Fisish!]
[20240402 13:56:55 389] [000000] [SC_ClosePort     ] [Finish!]
[20240402 13:56:55 401] [000000] [PortClose        ] [Finish!]
[20240402 13:56:55 416] [000000] [ChkValid_ERRCD   ] [0]
[20240402 13:56:55 433] [000000] [CLOSE_POPUP      ] [Start]
[20240402 13:56:55 447] [000000] [CLOSE_POPUP      ] [Finish]
[20240402 13:56:56 450] [000000] [Get_ReaderInfo   ] [Start!]
[20240402 13:56:56 451] [000000] [PortOpen         ] [Start!]
[20240402 13:56:56 462] [000000] [PortOpen_Port    ] [12]
[20240402 13:56:56 727] [000000] [PortOpen         ] [Finish!]
[20240402 13:56:56 727] [000000] [PortOpen_rtn     ] [1]
[20240402 13:56:56 758] [000000] [Get_ReaderInfo   ] [NicePosSign!]
[20240402 13:56:56 860] [000000] [NicePosSign      ] [49]
[20240402 13:56:56 909] [000000] [PortClose        ] [Start!]
[20240402 13:56:57 046] [000000] [PortClose        ] [PortClose]
[20240402 13:56:57 056] [000000] [SC_ClosePort     ] [Start!]
[20240402 13:56:57 072] [000000] [ThreadWatchComm  ] [Fisish!]
[20240402 13:56:57 122] [000000] [SC_ClosePort     ] [Finish!]
[20240402 13:56:57 314] [000000] [PortClose        ] [Finish!]
[20240402 13:56:57 325] [000000] [Get_ReaderInfo   ] [#####NR-5500K002]
[20240402 13:56:57 640] [000000] [GetEnv           ] [Start!]
[20240402 13:56:57 641] [000000] [Ver.             ] [#######NVCAT5002]
[20240402 13:56:57 653] [000000] [Date.            ] [24.1.22.1]
[20240402 13:56:57 668] [000000] [GetEnv_CatID     ] [3195189001]
[20240402 13:56:57 681] [000000] [GetEnv_BizNo     ] [4089673734]
[20240402 13:56:57 693] [000000] [GetEnv           ] [Finish!]
