[20240302 18:56:42 119] [000000] [SetEnv           ] [Start!]
[20240302 18:56:42 120] [000000] [SetEnv_ccatid    ] [3195189001]
[20240302 18:56:42 121] [000000] [SetEnv_CatID     ] [3195189001]
[20240302 18:56:42 121] [000000] [SetEnv_cbizno    ] [4089673714]
[20240302 18:56:42 122] [000000] [SetEnv_BizNo     ] [4089673714]
[20240302 18:56:42 130] [000000] [SetEnv           ] [Finish!]
[20240302 18:56:42 132] [000000] [Set_SvrInfo      ] [Start!]
[20240302 18:56:42 135] [000000] [GetCnlDisableYN  ] [Start]
[20240302 18:56:42 135] [000000] [GetStrEnv        ] [Start!]
[20240302 18:56:42 136] [000000] [CnlDisable       ] [N]
[20240302 18:56:42 137] [000000] [RT               ] [1]
[20240302 18:56:42 137] [000000] [SetCnlDisableYN  ] [Start]
[20240302 18:56:42 183] [000000] [DownType         ] [1]
[20240302 18:56:42 184] [000000] [Disable          ] [N]
[20240302 18:56:42 185] [000000] [SetCnlDisableYN  ] [Finish]
[20240302 18:56:50 977] [000000] [Get_SvrInfo      ] [Start!]
[20240302 18:56:50 979] [000000] [GetEnv           ] [Start!]
[20240302 18:56:50 980] [000000] [Ver.             ] [#######NVCAT5002]
[20240302 18:56:50 980] [000000] [Date.            ] [23.10.30.1]
[20240302 18:56:50 999] [000000] [GetEnv_CatID     ] [3195189001]
[20240302 18:56:51 000] [000000] [GetEnv_BizNo     ] [4089673714]
[20240302 18:56:51 001] [000000] [GetEnv           ] [Finish!]
[20240302 18:56:51 003] [000000] [Get_ReaderInfo   ] [Start!]
[20240302 18:56:51 005] [000000] [PortOpen         ] [Start!]
[20240302 18:56:51 005] [000000] [PortOpen_Port    ] [12]
[20240302 18:56:51 172] [000000] [PortOpen         ] [Finish!]
[20240302 18:56:51 172] [000000] [PortOpen_rtn     ] [0]
[20240302 18:56:51 182] [000000] [Get_ReaderInfo   ] [Reader PortOpen Error!]
[20240302 18:56:51 186] [000000] [Get_SignInfo2    ] [ROMVER Start!]
[20240302 18:56:51 250] [000000] [Get_SignInfo2    ] [SignPort Not Setting]
[20240302 18:56:51 251] [000000] [Get_SignInfo2    ] [ROMVER(16)]
[20240302 18:56:51 252] [000000] [Get_SignInfo2    ] []
[20240302 18:56:51 252] [000000] [MultiReaderInfo  ] [Start]
[20240302 18:56:51 254] [000000] [MultiReaderInfo  ] [READERTYPE : [01], MultiReaderUse : [N], READERCNT : [0], PORTNUM : [0], PORTBAUDRATE : [0]]
[20240302 18:56:51 254] [000000] [MultiReaderInfo  ] [Finish]
[20240302 18:56:51 255] [000000] [ChkValid         ] [Start!]
[20240302 18:56:51 260] [000000] [OPEN_POPUP       ] [Start!]
[20240302 18:56:52 935] [000000] [OPEN_POPUP       ] [Finish]
[20240302 18:56:52 936] [000000] [ChkValid         ] [Get_serial_data!]
[20240302 18:56:53 096] [000000] [PortOpen         ] [Start!]
[20240302 18:56:53 096] [000000] [PortOpen_Port    ] [12]
[20240302 18:56:53 256] [000000] [PortOpen         ] [Finish!]
[20240302 18:56:53 256] [000000] [PortOpen_rtn     ] [0]
[20240302 18:56:53 257] [000000] [Get_serial_data  ] [Reader PortOpen Error!]
[20240302 18:56:53 258] [000000] [CLOSE_POPUP      ] [Start]
[20240302 18:56:53 288] [000000] [CLOSE_POPUP      ] [Finish]
[20240302 18:57:01 632] [000000] [GetEnv           ] [Start!]
[20240302 18:57:01 632] [000000] [Ver.             ] [#######NVCAT5002]
[20240302 18:57:01 633] [000000] [Date.            ] [23.10.30.1]
[20240302 18:57:01 635] [000000] [GetEnv_CatID     ] [3195189001]
[20240302 18:57:01 636] [000000] [GetEnv_BizNo     ] [4089673714]
[20240302 18:57:01 637] [000000] [GetEnv           ] [Finish!]
