[20240325 11:28:56 045] [000000] [SetEnv           ] [Start!]
[20240325 11:28:56 046] [000000] [SetEnv_ccatid    ] [3195189001]
[20240325 11:28:56 145] [000000] [SetEnv_CatID     ] [3195189001]
[20240325 11:28:56 177] [000000] [SetEnv_cbizno    ] [4089673734]
[20240325 11:28:56 231] [000000] [SetEnv_BizNo     ] [4089673734]
[20240325 11:28:56 267] [000000] [SetEnv           ] [Finish!]
[20240325 11:28:56 406] [000000] [Set_SvrInfo      ] [Start!]
[20240325 11:28:56 540] [000000] [GetCnlDisableYN  ] [Start]
[20240325 11:28:56 607] [000000] [GetStrEnv        ] [Start!]
[20240325 11:28:56 617] [000000] [CnlDisable       ] [N]
[20240325 11:28:56 627] [000000] [RT               ] [1]
[20240325 11:28:56 636] [000000] [SetCnlDisableYN  ] [Start]
[20240325 11:28:56 645] [000000] [DownType         ] [1]
[20240325 11:28:56 655] [000000] [Disable          ] [N]
[20240325 11:28:56 664] [000000] [SetCnlDisableYN  ] [Finish]
[20240325 11:28:57 726] [000000] [Get_SvrInfo      ] [Start!]
[20240325 11:28:57 776] [000000] [GetEnv           ] [Start!]
[20240325 11:28:57 790] [000000] [Ver.             ] [#######NVCAT5002]
[20240325 11:28:57 805] [000000] [Date.            ] [24.1.22.1]
[20240325 11:28:57 821] [000000] [GetEnv_CatID     ] [3195189001]
[20240325 11:28:57 836] [000000] [GetEnv_BizNo     ] [4089673734]
[20240325 11:28:57 863] [000000] [GetEnv           ] [Finish!]
[20240325 11:28:57 877] [000000] [Get_ReaderInfo   ] [Start!]
[20240325 11:28:57 908] [000000] [PortOpen         ] [Start!]
[20240325 11:28:57 953] [000000] [PortOpen_Port    ] [12]
[20240325 11:28:58 770] [000000] [PortOpen         ] [Finish!]
[20240325 11:28:58 793] [000000] [PortOpen_rtn     ] [1]
[20240325 11:28:58 817] [000000] [Get_ReaderInfo   ] [NicePosSign!]
[20240325 11:28:58 850] [000000] [NicePosSign      ] [49]
[20240325 11:28:58 890] [000000] [PortClose        ] [Start!]
[20240325 11:28:58 901] [000000] [PortClose        ] [PortClose]
[20240325 11:28:58 911] [000000] [SC_ClosePort     ] [Start!]
[20240325 11:28:58 921] [000000] [ThreadWatchComm  ] [Fisish!]
[20240325 11:28:58 965] [000000] [SC_ClosePort     ] [Finish!]
[20240325 11:28:58 976] [000000] [PortClose        ] [Finish!]
[20240325 11:28:58 986] [000000] [Get_ReaderInfo   ] [#####NR-5500K002]
[20240325 11:28:58 997] [000000] [Get_SignInfo2    ] [ROMVER Start!]
[20240325 11:28:59 091] [000000] [Get_SignInfo2    ] [SignPort Not Setting]
[20240325 11:28:59 191] [000000] [Get_SignInfo2    ] [ROMVER(16)]
[20240325 11:28:59 223] [000000] [Get_SignInfo2    ] []
[20240325 11:28:59 271] [000000] [MultiReaderInfo  ] [Start]
[20240325 11:28:59 304] [000000] [MultiReaderInfo  ] [READERTYPE : [01], MultiReaderUse : [N], READERCNT : [0], PORTNUM : [0], PORTBAUDRATE : [0]]
[20240325 11:28:59 337] [000000] [MultiReaderInfo  ] [Finish]
[20240325 11:28:59 388] [000000] [ChkValid         ] [Start!]
[20240325 11:28:59 419] [000000] [OPEN_POPUP       ] [Start!]
[20240325 11:28:59 629] [000000] [OPEN_POPUP       ] [Finish]
[20240325 11:28:59 647] [000000] [ChkValid         ] [Get_serial_data!]
[20240325 11:28:59 842] [000000] [PortOpen         ] [Start!]
[20240325 11:28:59 883] [000000] [PortOpen_Port    ] [12]
[20240325 11:29:00 564] [000000] [PortOpen         ] [Finish!]
[20240325 11:29:00 607] [000000] [PortOpen_rtn     ] [1]
[20240325 11:29:00 641] [000000] [Get_serial_data  ] [NicePosSign]
[20240325 11:29:00 681] [000000] [NicePosSign      ] [49]
[20240325 11:29:00 761] [000000] [PortClose        ] [Start!]
[20240325 11:29:00 772] [000000] [PortClose        ] [PortClose]
[20240325 11:29:00 782] [000000] [SC_ClosePort     ] [Start!]
[20240325 11:29:00 793] [000000] [ThreadWatchComm  ] [Fisish!]
[20240325 11:29:00 835] [000000] [SC_ClosePort     ] [Finish!]
[20240325 11:29:00 846] [000000] [PortClose        ] [Finish!]
[20240325 11:29:00 858] [000000] [ChkValid         ] [Get_RandomKey(RND_P1)]
[20240325 11:29:00 868] [000000] [PortOpen         ] [Start!]
[20240325 11:29:00 879] [000000] [PortOpen_Port    ] [12]
[20240325 11:29:01 565] [000000] [PortOpen         ] [Finish!]
[20240325 11:29:01 618] [000000] [PortOpen_rtn     ] [1]
[20240325 11:29:01 659] [000000] [ChkValid         ] [NicePosSign 1]
[20240325 11:29:01 702] [000000] [NicePosSign      ] [160]
[20240325 11:29:01 731] [000000] [ChkValid         ] [ClosePort 1]
[20240325 11:29:01 743] [000000] [ChkValid         ] [Get_RandomKey(RND_P2)]
[20240325 11:29:01 755] [000000] [ChkValid         ] [NicePosSign 2]
[20240325 11:29:01 772] [000000] [NicePosSign      ] [160]
[20240325 11:29:01 812] [000000] [ChkValid         ] [ClosePort 2]
[20240325 11:29:01 833] [000000] [ChkValid         ] [NicePosSign 3]
[20240325 11:29:01 845] [000000] [NicePosSign      ] [160]
[20240325 11:29:01 872] [000000] [ChkValid         ] [ClosePort 3]
[20240325 11:29:01 884] [000000] [CLOSE_POPUP      ] [Start]
[20240325 11:29:01 909] [000000] [CLOSE_POPUP      ] [Finish]
[20240325 11:29:01 934] [000000] [OPEN_POPUP       ] [Start!]
[20240325 11:29:02 263] [000000] [OPEN_POPUP       ] [Finish]
[20240325 11:29:02 274] [000000] [ChkValid         ] [NicePosSign 4]
[20240325 11:29:02 285] [000000] [NicePosSign      ] [161]
[20240325 11:29:02 323] [000000] [ChkValid         ] [ClosePort 4]
[20240325 11:29:02 334] [000000] [PortClose        ] [Start!]
[20240325 11:29:02 346] [000000] [PortClose        ] [PortClose]
[20240325 11:29:02 357] [000000] [SC_ClosePort     ] [Start!]
[20240325 11:29:02 368] [000000] [ThreadWatchComm  ] [Fisish!]
[20240325 11:29:02 472] [000000] [SC_ClosePort     ] [Finish!]
[20240325 11:29:02 487] [000000] [PortClose        ] [Finish!]
[20240325 11:29:02 504] [000000] [ChkValid_ERRCD   ] [0]
[20240325 11:29:02 517] [000000] [CLOSE_POPUP      ] [Start]
[20240325 11:29:02 546] [000000] [CLOSE_POPUP      ] [Finish]
[20240325 11:29:02 637] [000000] [Get_ReaderInfo   ] [Start!]
[20240325 11:29:02 648] [000000] [PortOpen         ] [Start!]
[20240325 11:29:02 675] [000000] [PortOpen_Port    ] [12]
[20240325 11:29:03 117] [000000] [PortOpen         ] [Finish!]
[20240325 11:29:03 140] [000000] [PortOpen_rtn     ] [1]
[20240325 11:29:03 166] [000000] [Get_ReaderInfo   ] [NicePosSign!]
[20240325 11:29:03 199] [000000] [NicePosSign      ] [49]
[20240325 11:29:03 246] [000000] [PortClose        ] [Start!]
[20240325 11:29:03 257] [000000] [PortClose        ] [PortClose]
[20240325 11:29:03 269] [000000] [SC_ClosePort     ] [Start!]
[20240325 11:29:03 281] [000000] [ThreadWatchComm  ] [Fisish!]
[20240325 11:29:03 416] [000000] [SC_ClosePort     ] [Finish!]
[20240325 11:29:03 456] [000000] [PortClose        ] [Finish!]
[20240325 11:29:03 489] [000000] [Get_ReaderInfo   ] [#####NR-5500K002]
[20240325 11:29:03 785] [000000] [GetEnv           ] [Start!]
[20240325 11:29:03 796] [000000] [Ver.             ] [#######NVCAT5002]
[20240325 11:29:03 807] [000000] [Date.            ] [24.1.22.1]
[20240325 11:29:03 821] [000000] [GetEnv_CatID     ] [3195189001]
[20240325 11:29:03 833] [000000] [GetEnv_BizNo     ] [4089673734]
[20240325 11:29:03 844] [000000] [GetEnv           ] [Finish!]
