[20240229 14:30:15 941] [000000] [SetEnv           ] [Start!]
[20240229 14:30:15 942] [000000] [SetEnv_ccatid    ] [3195189001]
[20240229 14:30:15 942] [000000] [SetEnv_CatID     ] [3195189001]
[20240229 14:30:15 943] [000000] [SetEnv_cbizno    ] [4089673714]
[20240229 14:30:15 943] [000000] [SetEnv_BizNo     ] [4089673714]
[20240229 14:30:15 949] [000000] [SetEnv           ] [Finish!]
[20240229 14:30:15 950] [000000] [Set_SvrInfo      ] [Start!]
[20240229 14:30:15 965] [000000] [GetCnlDisableYN  ] [Start]
[20240229 14:30:15 968] [000000] [GetStrEnv        ] [Start!]
[20240229 14:30:15 970] [000000] [CnlDisable       ] [N]
[20240229 14:30:15 970] [000000] [RT               ] [1]
[20240229 14:30:15 977] [000000] [SetCnlDisableYN  ] [Start]
[20240229 14:30:15 978] [000000] [DownType         ] [1]
[20240229 14:30:15 979] [000000] [Disable          ] [N]
[20240229 14:30:15 980] [000000] [SetCnlDisableYN  ] [Finish]
[20240229 14:30:17 000] [000000] [Get_SvrInfo      ] [Start!]
[20240229 14:30:17 002] [000000] [GetEnv           ] [Start!]
[20240229 14:30:17 002] [000000] [Ver.             ] [#######NVCAT5002]
[20240229 14:30:17 002] [000000] [Date.            ] [23.10.30.1]
[20240229 14:30:17 004] [000000] [GetEnv_CatID     ] [3195189001]
[20240229 14:30:17 005] [000000] [GetEnv_BizNo     ] [4089673714]
[20240229 14:30:17 005] [000000] [GetEnv           ] [Finish!]
[20240229 14:30:17 005] [000000] [Get_ReaderInfo   ] [Start!]
[20240229 14:30:17 007] [000000] [PortOpen         ] [Start!]
[20240229 14:30:17 007] [000000] [PortOpen_Port    ] [12]
[20240229 14:30:17 165] [000000] [PortOpen         ] [Finish!]
[20240229 14:30:17 166] [000000] [PortOpen_rtn     ] [0]
[20240229 14:30:17 167] [000000] [Get_ReaderInfo   ] [Reader PortOpen Error!]
[20240229 14:30:17 169] [000000] [Get_SignInfo2    ] [ROMVER Start!]
[20240229 14:30:17 227] [000000] [Get_SignInfo2    ] [SignPort Not Setting]
[20240229 14:30:17 228] [000000] [Get_SignInfo2    ] [ROMVER(16)]
[20240229 14:30:17 233] [000000] [Get_SignInfo2    ] []
[20240229 14:30:17 234] [000000] [MultiReaderInfo  ] [Start]
[20240229 14:30:17 235] [000000] [MultiReaderInfo  ] [READERTYPE : [01], MultiReaderUse : [N], READERCNT : [0], PORTNUM : [0], PORTBAUDRATE : [0]]
[20240229 14:30:17 235] [000000] [MultiReaderInfo  ] [Finish]
[20240229 14:30:17 235] [000000] [ChkValid         ] [Start!]
[20240229 14:30:17 238] [000000] [OPEN_POPUP       ] [Start!]
[20240229 14:30:17 396] [000000] [OPEN_POPUP       ] [Finish]
[20240229 14:30:17 397] [000000] [ChkValid         ] [Get_serial_data!]
[20240229 14:30:17 556] [000000] [PortOpen         ] [Start!]
[20240229 14:30:17 556] [000000] [PortOpen_Port    ] [12]
[20240229 14:30:17 710] [000000] [PortOpen         ] [Finish!]
[20240229 14:30:17 710] [000000] [PortOpen_rtn     ] [0]
[20240229 14:30:17 711] [000000] [Get_serial_data  ] [Reader PortOpen Error!]
[20240229 14:30:17 712] [000000] [CLOSE_POPUP      ] [Start]
[20240229 14:30:17 721] [000000] [CLOSE_POPUP      ] [Finish]
[20240229 14:30:21 034] [000000] [GetEnv           ] [Start!]
[20240229 14:30:21 035] [000000] [Ver.             ] [#######NVCAT5002]
[20240229 14:30:21 035] [000000] [Date.            ] [23.10.30.1]
[20240229 14:30:21 038] [000000] [GetEnv_CatID     ] [3195189001]
[20240229 14:30:21 038] [000000] [GetEnv_BizNo     ] [4089673714]
[20240229 14:30:21 039] [000000] [GetEnv           ] [Finish!]
[20240229 17:07:30 254] [000000] [SetEnv           ] [Start!]
[20240229 17:07:30 255] [000000] [SetEnv_ccatid    ] [3195189001]
[20240229 17:07:30 255] [000000] [SetEnv_CatID     ] [3195189001]
[20240229 17:07:30 256] [000000] [SetEnv_cbizno    ] [4089673714]
[20240229 17:07:30 256] [000000] [SetEnv_BizNo     ] [4089673714]
[20240229 17:07:30 261] [000000] [SetEnv           ] [Finish!]
[20240229 17:07:30 262] [000000] [Set_SvrInfo      ] [Start!]
[20240229 17:07:30 280] [000000] [GetCnlDisableYN  ] [Start]
[20240229 17:07:30 280] [000000] [GetStrEnv        ] [Start!]
[20240229 17:07:30 281] [000000] [CnlDisable       ] [N]
[20240229 17:07:30 281] [000000] [RT               ] [1]
[20240229 17:07:30 282] [000000] [SetCnlDisableYN  ] [Start]
[20240229 17:07:30 282] [000000] [DownType         ] [1]
[20240229 17:07:30 283] [000000] [Disable          ] [N]
[20240229 17:07:30 284] [000000] [SetCnlDisableYN  ] [Finish]
[20240229 17:07:30 943] [000000] [Get_SvrInfo      ] [Start!]
[20240229 17:07:30 946] [000000] [GetEnv           ] [Start!]
[20240229 17:07:30 948] [000000] [Ver.             ] [#######NVCAT5002]
[20240229 17:07:30 951] [000000] [Date.            ] [23.10.30.1]
[20240229 17:07:30 954] [000000] [GetEnv_CatID     ] [3195189001]
[20240229 17:07:30 955] [000000] [GetEnv_BizNo     ] [4089673714]
[20240229 17:07:30 955] [000000] [GetEnv           ] [Finish!]
[20240229 17:07:30 956] [000000] [Get_ReaderInfo   ] [Start!]
[20240229 17:07:30 958] [000000] [PortOpen         ] [Start!]
[20240229 17:07:30 961] [000000] [PortOpen_Port    ] [12]
[20240229 17:07:31 139] [000000] [PortOpen         ] [Finish!]
[20240229 17:07:31 141] [000000] [PortOpen_rtn     ] [0]
[20240229 17:07:31 143] [000000] [Get_ReaderInfo   ] [Reader PortOpen Error!]
[20240229 17:07:31 148] [000000] [Get_SignInfo2    ] [ROMVER Start!]
[20240229 17:07:31 223] [000000] [Get_SignInfo2    ] [SignPort Not Setting]
[20240229 17:07:31 224] [000000] [Get_SignInfo2    ] [ROMVER(16)]
[20240229 17:07:31 225] [000000] [Get_SignInfo2    ] []
[20240229 17:07:31 225] [000000] [MultiReaderInfo  ] [Start]
[20240229 17:07:31 227] [000000] [MultiReaderInfo  ] [READERTYPE : [01], MultiReaderUse : [N], READERCNT : [0], PORTNUM : [0], PORTBAUDRATE : [0]]
[20240229 17:07:31 230] [000000] [MultiReaderInfo  ] [Finish]
[20240229 17:07:31 231] [000000] [ChkValid         ] [Start!]
[20240229 17:07:31 234] [000000] [OPEN_POPUP       ] [Start!]
[20240229 17:07:31 529] [000000] [OPEN_POPUP       ] [Finish]
[20240229 17:07:31 530] [000000] [ChkValid         ] [Get_serial_data!]
[20240229 17:07:31 693] [000000] [PortOpen         ] [Start!]
[20240229 17:07:31 693] [000000] [PortOpen_Port    ] [12]
[20240229 17:07:31 849] [000000] [PortOpen         ] [Finish!]
[20240229 17:07:31 849] [000000] [PortOpen_rtn     ] [0]
[20240229 17:07:31 850] [000000] [Get_serial_data  ] [Reader PortOpen Error!]
[20240229 17:07:31 851] [000000] [CLOSE_POPUP      ] [Start]
[20240229 17:07:31 864] [000000] [CLOSE_POPUP      ] [Finish]
[20240229 17:07:37 170] [000000] [GetEnv           ] [Start!]
[20240229 17:07:37 170] [000000] [Ver.             ] [#######NVCAT5002]
[20240229 17:07:37 171] [000000] [Date.            ] [23.10.30.1]
[20240229 17:07:37 173] [000000] [GetEnv_CatID     ] [3195189001]
[20240229 17:07:37 174] [000000] [GetEnv_BizNo     ] [4089673714]
[20240229 17:07:37 174] [000000] [GetEnv           ] [Finish!]
