[20240330 14:52:58 207] [000000] [SetEnv           ] [Start!]
[20240330 14:52:58 215] [000000] [SetEnv_ccatid    ] [3195189001]
[20240330 14:52:58 222] [000000] [SetEnv_CatID     ] [3195189001]
[20240330 14:52:58 230] [000000] [SetEnv_cbizno    ] [4089673734]
[20240330 14:52:58 239] [000000] [SetEnv_BizNo     ] [4089673734]
[20240330 14:52:58 250] [000000] [SetEnv           ] [Finish!]
[20240330 14:52:58 269] [000000] [Set_SvrInfo      ] [Start!]
[20240330 14:52:58 284] [000000] [GetCnlDisableYN  ] [Start]
[20240330 14:52:58 293] [000000] [GetStrEnv        ] [Start!]
[20240330 14:52:58 301] [000000] [CnlDisable       ] [N]
[20240330 14:52:58 310] [000000] [RT               ] [1]
[20240330 14:52:58 318] [000000] [SetCnlDisableYN  ] [Start]
[20240330 14:52:58 327] [000000] [DownType         ] [1]
[20240330 14:52:58 335] [000000] [Disable          ] [N]
[20240330 14:52:58 345] [000000] [SetCnlDisableYN  ] [Finish]
[20240330 14:52:58 924] [000000] [Get_SvrInfo      ] [Start!]
[20240330 14:52:58 935] [000000] [GetEnv           ] [Start!]
[20240330 14:52:58 945] [000000] [Ver.             ] [#######NVCAT5002]
[20240330 14:52:58 954] [000000] [Date.            ] [24.1.22.1]
[20240330 14:52:58 966] [000000] [GetEnv_CatID     ] [3195189001]
[20240330 14:52:58 977] [000000] [GetEnv_BizNo     ] [4089673734]
[20240330 14:52:58 987] [000000] [GetEnv           ] [Finish!]
[20240330 14:52:58 996] [000000] [Get_ReaderInfo   ] [Start!]
[20240330 14:52:59 006] [000000] [PortOpen         ] [Start!]
[20240330 14:52:59 016] [000000] [PortOpen_Port    ] [12]
[20240330 14:52:59 273] [000000] [PortOpen         ] [Finish!]
[20240330 14:52:59 283] [000000] [PortOpen_rtn     ] [1]
[20240330 14:52:59 297] [000000] [Get_ReaderInfo   ] [NicePosSign!]
[20240330 14:52:59 308] [000000] [NicePosSign      ] [49]
[20240330 14:52:59 346] [000000] [PortClose        ] [Start!]
[20240330 14:52:59 355] [000000] [PortClose        ] [PortClose]
[20240330 14:52:59 366] [000000] [SC_ClosePort     ] [Start!]
[20240330 14:52:59 377] [000000] [ThreadWatchComm  ] [Fisish!]
[20240330 14:52:59 419] [000000] [SC_ClosePort     ] [Finish!]
[20240330 14:52:59 430] [000000] [PortClose        ] [Finish!]
[20240330 14:52:59 440] [000000] [Get_ReaderInfo   ] [#####NR-5500K002]
[20240330 14:52:59 451] [000000] [Get_SignInfo2    ] [ROMVER Start!]
[20240330 14:52:59 518] [000000] [Get_SignInfo2    ] [SignPort Not Setting]
[20240330 14:52:59 530] [000000] [Get_SignInfo2    ] [ROMVER(16)]
[20240330 14:52:59 540] [000000] [Get_SignInfo2    ] []
[20240330 14:52:59 551] [000000] [MultiReaderInfo  ] [Start]
[20240330 14:52:59 562] [000000] [MultiReaderInfo  ] [READERTYPE : [01], MultiReaderUse : [N], READERCNT : [0], PORTNUM : [0], PORTBAUDRATE : [0]]
[20240330 14:52:59 572] [000000] [MultiReaderInfo  ] [Finish]
[20240330 14:52:59 582] [000000] [ChkValid         ] [Start!]
[20240330 14:52:59 602] [000000] [OPEN_POPUP       ] [Start!]
[20240330 14:52:59 793] [000000] [OPEN_POPUP       ] [Finish]
[20240330 14:52:59 805] [000000] [ChkValid         ] [Get_serial_data!]
[20240330 14:52:59 970] [000000] [PortOpen         ] [Start!]
[20240330 14:52:59 984] [000000] [PortOpen_Port    ] [12]
[20240330 14:53:00 196] [000000] [PortOpen         ] [Finish!]
[20240330 14:53:00 207] [000000] [PortOpen_rtn     ] [1]
[20240330 14:53:00 217] [000000] [Get_serial_data  ] [NicePosSign]
[20240330 14:53:00 228] [000000] [NicePosSign      ] [49]
[20240330 14:53:00 252] [000000] [PortClose        ] [Start!]
[20240330 14:53:00 263] [000000] [PortClose        ] [PortClose]
[20240330 14:53:00 276] [000000] [SC_ClosePort     ] [Start!]
[20240330 14:53:00 288] [000000] [ThreadWatchComm  ] [Fisish!]
[20240330 14:53:00 329] [000000] [SC_ClosePort     ] [Finish!]
[20240330 14:53:00 341] [000000] [PortClose        ] [Finish!]
[20240330 14:53:00 354] [000000] [ChkValid         ] [Get_RandomKey(RND_P1)]
[20240330 14:53:00 366] [000000] [PortOpen         ] [Start!]
[20240330 14:53:00 377] [000000] [PortOpen_Port    ] [12]
[20240330 14:53:00 589] [000000] [PortOpen         ] [Finish!]
[20240330 14:53:00 590] [000000] [PortOpen_rtn     ] [1]
[20240330 14:53:00 600] [000000] [ChkValid         ] [NicePosSign 1]
[20240330 14:53:00 610] [000000] [NicePosSign      ] [160]
[20240330 14:53:00 644] [000000] [ChkValid         ] [ClosePort 1]
[20240330 14:53:00 655] [000000] [ChkValid         ] [Get_RandomKey(RND_P2)]
[20240330 14:53:00 666] [000000] [ChkValid         ] [NicePosSign 2]
[20240330 14:53:00 677] [000000] [NicePosSign      ] [160]
[20240330 14:53:00 709] [000000] [ChkValid         ] [ClosePort 2]
[20240330 14:53:00 719] [000000] [ChkValid         ] [NicePosSign 3]
[20240330 14:53:00 729] [000000] [NicePosSign      ] [160]
[20240330 14:53:00 754] [000000] [ChkValid         ] [ClosePort 3]
[20240330 14:53:00 764] [000000] [CLOSE_POPUP      ] [Start]
[20240330 14:53:00 782] [000000] [CLOSE_POPUP      ] [Finish]
[20240330 14:53:00 875] [000000] [OPEN_POPUP       ] [Start!]
[20240330 14:53:00 930] [000000] [OPEN_POPUP       ] [Finish]
[20240330 14:53:00 943] [000000] [ChkValid         ] [NicePosSign 4]
[20240330 14:53:00 955] [000000] [NicePosSign      ] [161]
[20240330 14:53:00 988] [000000] [ChkValid         ] [ClosePort 4]
[20240330 14:53:00 999] [000000] [PortClose        ] [Start!]
[20240330 14:53:01 010] [000000] [PortClose        ] [PortClose]
[20240330 14:53:01 023] [000000] [SC_ClosePort     ] [Start!]
[20240330 14:53:01 035] [000000] [ThreadWatchComm  ] [Fisish!]
[20240330 14:53:01 076] [000000] [SC_ClosePort     ] [Finish!]
[20240330 14:53:01 087] [000000] [PortClose        ] [Finish!]
[20240330 14:53:01 099] [000000] [ChkValid_ERRCD   ] [0]
[20240330 14:53:01 110] [000000] [CLOSE_POPUP      ] [Start]
[20240330 14:53:01 126] [000000] [CLOSE_POPUP      ] [Finish]
[20240330 14:53:01 226] [000000] [Get_ReaderInfo   ] [Start!]
[20240330 14:53:01 270] [000000] [PortOpen         ] [Start!]
[20240330 14:53:01 281] [000000] [PortOpen_Port    ] [12]
[20240330 14:53:01 519] [000000] [PortOpen         ] [Finish!]
[20240330 14:53:01 552] [000000] [PortOpen_rtn     ] [1]
[20240330 14:53:01 565] [000000] [Get_ReaderInfo   ] [NicePosSign!]
[20240330 14:53:01 577] [000000] [NicePosSign      ] [49]
[20240330 14:53:01 604] [000000] [PortClose        ] [Start!]
[20240330 14:53:01 615] [000000] [PortClose        ] [PortClose]
[20240330 14:53:01 627] [000000] [SC_ClosePort     ] [Start!]
[20240330 14:53:01 638] [000000] [ThreadWatchComm  ] [Fisish!]
[20240330 14:53:01 682] [000000] [SC_ClosePort     ] [Finish!]
[20240330 14:53:01 693] [000000] [PortClose        ] [Finish!]
[20240330 14:53:01 703] [000000] [Get_ReaderInfo   ] [#####NR-5500K002]
[20240330 14:53:01 974] [000000] [GetEnv           ] [Start!]
[20240330 14:53:01 987] [000000] [Ver.             ] [#######NVCAT5002]
[20240330 14:53:01 999] [000000] [Date.            ] [24.1.22.1]
[20240330 14:53:02 013] [000000] [GetEnv_CatID     ] [3195189001]
[20240330 14:53:02 025] [000000] [GetEnv_BizNo     ] [4089673734]
[20240330 14:53:02 039] [000000] [GetEnv           ] [Finish!]
