[20240402 13:56:49 848] [000000] [NICECATDlg       ] [OninitDialog]
[20240402 13:56:49 860] [000000] [setFileToReg     ] [START]
[20240402 13:56:50 036] [000000] [setFileToReg     ] [END]
[20240402 13:56:50 523] [000000] [FileToDllReg     ] [START]
[20240402 13:56:50 524] [000000] [FileToDllReg     ] [SetEnv]
[20240402 13:56:50 583] [000000] [FileToDllReg     ] [Set_SvrInfo]
[20240402 13:56:51 616] [000000] [FileToDllReg     ] [END]
[20240402 13:56:51 744] [000000] [SetEnv           ] [OnCreate]
[20240402 13:56:57 335] [000000] [ReaderInfo(1)    ] [#####NR-5500K002]
[20240402 13:56:57 336] [000000] [LockDisuse       ] [N]
[20240402 13:56:57 345] [000000] [MultiReaderInfo  ] [Start]
[20240402 13:56:57 354] [000000] [MultiReaderInfo  ] [READERTYPE : [01], MultiReaderUse : [N], READERCNT : [0], PORTNUM : [0], PORTBAUDRATE : [0]]
[20240402 13:56:57 362] [000000] [MultiReaderInfo  ] [Finish]
[20240402 13:56:58 014] [000000] [ThreadServer     ] [AcceptFunc_AJAX Call!]
[20240402 13:56:58 016] [000000] [AcceptFunc_AJAX  ] [Start]
[20240402 13:56:58 026] [000000] [AcceptFunc_AJAX  ] [9188]
[20240402 13:56:58 037] [000000] [OnInitDialog     ] [RegQueryValueEx Fail - ServerPortAjax]
[20240402 13:56:58 048] [000000] [AcceptFunc_AJAX  ] [HttpInitialize Start]
[20240402 13:56:58 058] [000000] [AcceptFunc_AJAX  ] [HttpInitialize End]
[20240402 13:56:58 071] [000000] [AcceptFunc_AJAX  ] [HttpCreateHttpHandle Start]
[20240402 13:56:58 082] [000000] [AcceptFunc_AJAX  ] [HttpCreateHttpHandle End]
[20240402 13:56:58 092] [000000] [AcceptFunc_AJAX  ] [HttpAddUrl Start]
[20240402 13:56:58 102] [000000] [AcceptFunc_AJAX  ] [http://127.0.0.1:9188/]
[20240402 13:56:58 115] [000000] [AcceptFunc_AJAX  ] [HttpAddUrl End]
[20240402 13:56:58 127] [000000] [AcceptFunc_AJAX  ] [DoReceiveRequests Start]
[20240402 13:56:58 138] [000000] [DoReceive        ] [DoReceiveRequests Start]
[20240402 13:56:59 028] [000000] [AcceptFunc_AJAX2 ] [Start]
[20240402 13:56:59 029] [000000] [AcceptFunc_AJAX2 ] [RegOpenKeyEx Start!]
[20240402 13:56:59 116] [000000] [OnInitDialog     ] [RegQueryValueEx Fail - ServerPortAjax]
[20240402 13:56:59 131] [000000] [AcceptFunc_AJAX2 ] [HttpInitialize Start]
[20240402 13:56:59 142] [000000] [AcceptFunc_AJAX2 ] [HttpInitialize End]
[20240402 13:56:59 160] [000000] [AcceptFunc_AJAX2 ] [HttpCreateHttpHandle Start]
[20240402 13:56:59 175] [000000] [AcceptFunc_AJAX2 ] [HttpCreateHttpHandle End]
[20240402 13:56:59 185] [000000] [AcceptFunc_AJAX2 ] [HttpAddUrl Start]
[20240402 13:56:59 198] [000000] [AcceptFunc_AJAX2 ] [http://127.0.0.1:9189/]
[20240402 13:56:59 214] [000000] [AcceptFunc_AJAX2 ] [HttpAddUrl End]
[20240402 13:56:59 223] [000000] [AcceptFunc_AJAX2 ] [DoReceiveRequests Start]
[20240402 13:56:59 237] [000000] [DoReceive        ] [DoReceiveRequests Start]
