[20240325 11:28:55 121] [000000] [NICECATDlg       ] [OninitDialog]
[20240325 11:28:55 122] [000000] [setFileToReg     ] [START]
[20240325 11:28:55 144] [000000] [setFileToReg     ] [END]
[20240325 11:28:55 889] [000000] [FileToDllReg     ] [START]
[20240325 11:28:55 987] [000000] [FileToDllReg     ] [SetEnv]
[20240325 11:28:56 349] [000000] [FileToDllReg     ] [Set_SvrInfo]
[20240325 11:28:56 726] [000000] [FileToDllReg     ] [END]
[20240325 11:28:57 099] [000000] [SetEnv           ] [OnCreate]
[20240325 11:29:03 503] [000000] [ReaderInfo(1)    ] [#####NR-5500K002]
[20240325 11:29:03 513] [000000] [LockDisuse       ] [N]
[20240325 11:29:03 527] [000000] [MultiReaderInfo  ] [Start]
[20240325 11:29:03 536] [000000] [MultiReaderInfo  ] [READERTYPE : [01], MultiReaderUse : [N], READERCNT : [0], PORTNUM : [0], PORTBAUDRATE : [0]]
[20240325 11:29:03 545] [000000] [MultiReaderInfo  ] [Finish]
[20240325 11:29:04 180] [000000] [ThreadServer     ] [AcceptFunc_AJAX Call!]
[20240325 11:29:04 190] [000000] [AcceptFunc_AJAX  ] [Start]
[20240325 11:29:04 198] [000000] [AcceptFunc_AJAX  ] [9188]
[20240325 11:29:04 209] [000000] [OnInitDialog     ] [RegQueryValueEx Fail - ServerPortAjax]
[20240325 11:29:04 220] [000000] [AcceptFunc_AJAX  ] [HttpInitialize Start]
[20240325 11:29:04 230] [000000] [AcceptFunc_AJAX  ] [HttpInitialize End]
[20240325 11:29:04 240] [000000] [AcceptFunc_AJAX  ] [HttpCreateHttpHandle Start]
[20240325 11:29:04 252] [000000] [AcceptFunc_AJAX  ] [HttpCreateHttpHandle End]
[20240325 11:29:04 264] [000000] [AcceptFunc_AJAX  ] [HttpAddUrl Start]
[20240325 11:29:04 275] [000000] [AcceptFunc_AJAX  ] [http://127.0.0.1:9188/]
[20240325 11:29:04 288] [000000] [AcceptFunc_AJAX  ] [HttpAddUrl End]
[20240325 11:29:04 299] [000000] [AcceptFunc_AJAX  ] [DoReceiveRequests Start]
[20240325 11:29:04 310] [000000] [DoReceive        ] [DoReceiveRequests Start]
[20240325 11:29:05 198] [000000] [AcceptFunc_AJAX2 ] [Start]
[20240325 11:29:05 210] [000000] [AcceptFunc_AJAX2 ] [RegOpenKeyEx Start!]
[20240325 11:29:05 222] [000000] [OnInitDialog     ] [RegQueryValueEx Fail - ServerPortAjax]
[20240325 11:29:05 234] [000000] [AcceptFunc_AJAX2 ] [HttpInitialize Start]
[20240325 11:29:05 252] [000000] [AcceptFunc_AJAX2 ] [HttpInitialize End]
[20240325 11:29:05 264] [000000] [AcceptFunc_AJAX2 ] [HttpCreateHttpHandle Start]
[20240325 11:29:05 282] [000000] [AcceptFunc_AJAX2 ] [HttpCreateHttpHandle End]
[20240325 11:29:05 298] [000000] [AcceptFunc_AJAX2 ] [HttpAddUrl Start]
[20240325 11:29:05 315] [000000] [AcceptFunc_AJAX2 ] [http://127.0.0.1:9189/]
[20240325 11:29:05 330] [000000] [AcceptFunc_AJAX2 ] [HttpAddUrl End]
[20240325 11:29:05 342] [000000] [AcceptFunc_AJAX2 ] [DoReceiveRequests Start]
[20240325 11:29:05 353] [000000] [DoReceive        ] [DoReceiveRequests Start]
