[20240224 17:10:34 550] [000000] [NICECATDlg       ] [OninitDialog]
[20240224 17:10:34 551] [000000] [setFileToReg     ] [START]
[20240224 17:10:34 566] [000000] [setFileToReg     ] [END]
[20240224 17:10:34 682] [000000] [FileToDllReg     ] [START]
[20240224 17:10:34 685] [000000] [FileToDllReg     ] [END]
[20240224 17:10:34 714] [000000] [SetEnv           ] [OnCreate]
[20240224 17:35:14 955] [000000] [NICECATDlg       ] [OninitDialog]
[20240224 17:35:14 958] [000000] [setFileToReg     ] [START]
[20240224 17:35:15 182] [000000] [setFileToReg     ] [END]
[20240224 17:35:15 416] [000000] [FileToDllReg     ] [START]
[20240224 17:35:15 420] [000000] [FileToDllReg     ] [END]
[20240224 17:35:15 608] [000000] [SetEnv           ] [OnCreate]
[20240224 17:36:55 332] [000000] [NICECATDlg       ] [OninitDialog]
[20240224 17:36:55 333] [000000] [setFileToReg     ] [START]
[20240224 17:36:55 347] [000000] [setFileToReg     ] [END]
[20240224 17:36:55 425] [000000] [FileToDllReg     ] [START]
[20240224 17:36:55 427] [000000] [FileToDllReg     ] [END]
[20240224 17:36:55 446] [000000] [SetEnv           ] [OnCreate]
[20240224 17:42:07 131] [000000] [가맹점다운로드   ] [에이스독서실                      ]
[20240224 17:42:07 132] [000000] [가맹점다운로드   ] [인천 부평구 충선로 174상록빌딩 5층 전체           ]
[20240224 17:53:34 347] [000000] [ReaderInfo       ] [#####NR-5500K002]
[20240224 17:53:34 351] [000000] [LockDisuse       ] [N]
[20240224 17:53:34 352] [000000] [MultiReaderInfo  ] [Start]
[20240224 17:53:34 352] [000000] [MultiReaderInfo  ] [READERTYPE : [01], MultiReaderUse : [N], READERCNT : [0], PORTNUM : [0], PORTBAUDRATE : [0]]
[20240224 17:53:34 353] [000000] [MultiReaderInfo  ] [Finish]
[20240224 17:54:07 508] [000000] [NICECATDlg       ] [OninitDialog]
[20240224 17:54:07 509] [000000] [setFileToReg     ] [START]
[20240224 17:54:07 530] [000000] [setFileToReg     ] [END]
[20240224 17:54:07 629] [000000] [FileToDllReg     ] [START]
[20240224 17:54:07 630] [000000] [FileToDllReg     ] [SetEnv]
[20240224 17:54:07 638] [000000] [FileToDllReg     ] [END]
[20240224 17:54:07 658] [000000] [SetEnv           ] [OnCreate]
[20240224 17:54:09 504] [000000] [ReaderInfo(1)    ] [#####NR-5500K002]
[20240224 17:54:09 504] [000000] [LockDisuse       ] [N]
[20240224 17:54:09 505] [000000] [MultiReaderInfo  ] [Start]
[20240224 17:54:09 506] [000000] [MultiReaderInfo  ] [READERTYPE : [01], MultiReaderUse : [N], READERCNT : [0], PORTNUM : [0], PORTBAUDRATE : [0]]
[20240224 17:54:09 506] [000000] [MultiReaderInfo  ] [Finish]
[20240224 17:55:53 363] [000000] [NICECATDlg       ] [OninitDialog]
[20240224 17:55:53 363] [000000] [setFileToReg     ] [START]
[20240224 17:55:53 377] [000000] [setFileToReg     ] [END]
[20240224 17:55:53 461] [000000] [FileToDllReg     ] [START]
[20240224 17:55:53 463] [000000] [FileToDllReg     ] [SetEnv]
[20240224 17:55:53 469] [000000] [FileToDllReg     ] [END]
[20240224 17:55:53 493] [000000] [SetEnv           ] [OnCreate]
[20240224 17:55:55 232] [000000] [ReaderInfo(1)    ] [#####NR-5500K002]
[20240224 17:55:55 234] [000000] [LockDisuse       ] [N]
[20240224 17:55:55 235] [000000] [MultiReaderInfo  ] [Start]
[20240224 17:55:55 236] [000000] [MultiReaderInfo  ] [READERTYPE : [01], MultiReaderUse : [N], READERCNT : [0], PORTNUM : [0], PORTBAUDRATE : [0]]
[20240224 17:55:55 236] [000000] [MultiReaderInfo  ] [Finish]
[20240224 17:57:55 515] [000000] [NICECATDlg       ] [OninitDialog]
[20240224 17:57:55 515] [000000] [setFileToReg     ] [START]
[20240224 17:57:55 536] [000000] [setFileToReg     ] [END]
[20240224 17:57:55 635] [000000] [FileToDllReg     ] [START]
[20240224 17:57:55 637] [000000] [FileToDllReg     ] [SetEnv]
[20240224 17:57:55 644] [000000] [FileToDllReg     ] [END]
[20240224 17:57:55 665] [000000] [SetEnv           ] [OnCreate]
[20240224 17:57:57 525] [000000] [ReaderInfo(1)    ] [#####NR-5500K002]
[20240224 17:57:57 525] [000000] [LockDisuse       ] [N]
[20240224 17:57:57 525] [000000] [MultiReaderInfo  ] [Start]
[20240224 17:57:57 526] [000000] [MultiReaderInfo  ] [READERTYPE : [01], MultiReaderUse : [N], READERCNT : [0], PORTNUM : [0], PORTBAUDRATE : [0]]
[20240224 17:57:57 526] [000000] [MultiReaderInfo  ] [Finish]
[20240224 17:58:26 274] [000000] [ReaderInfo       ] [#####NR-5500K002]
[20240224 17:58:26 278] [000000] [LockDisuse       ] [N]
[20240224 17:58:26 279] [000000] [MultiReaderInfo  ] [Start]
[20240224 17:58:26 279] [000000] [MultiReaderInfo  ] [READERTYPE : [01], MultiReaderUse : [N], READERCNT : [0], PORTNUM : [0], PORTBAUDRATE : [0]]
[20240224 17:58:26 280] [000000] [MultiReaderInfo  ] [Finish]
[20240224 17:58:39 318] [000000] [ReaderInfo       ] [#####NR-5500K002]
[20240224 17:58:39 322] [000000] [LockDisuse       ] [N]
[20240224 17:58:39 323] [000000] [MultiReaderInfo  ] [Start]
[20240224 17:58:39 324] [000000] [MultiReaderInfo  ] [READERTYPE : [01], MultiReaderUse : [N], READERCNT : [0], PORTNUM : [0], PORTBAUDRATE : [0]]
[20240224 17:58:39 324] [000000] [MultiReaderInfo  ] [Finish]
[20240224 17:59:16 090] [000000] [NICECATDlg       ] [OninitDialog]
[20240224 17:59:16 091] [000000] [setFileToReg     ] [START]
[20240224 17:59:16 110] [000000] [setFileToReg     ] [END]
[20240224 17:59:16 200] [000000] [FileToDllReg     ] [START]
[20240224 17:59:16 202] [000000] [FileToDllReg     ] [SetEnv]
[20240224 17:59:16 211] [000000] [FileToDllReg     ] [Set_SvrInfo]
[20240224 17:59:16 220] [000000] [FileToDllReg     ] [END]
[20240224 17:59:16 241] [000000] [SetEnv           ] [OnCreate]
[20240224 17:59:18 101] [000000] [ReaderInfo(1)    ] [#####NR-5500K002]
[20240224 17:59:18 102] [000000] [LockDisuse       ] [N]
[20240224 17:59:18 103] [000000] [MultiReaderInfo  ] [Start]
[20240224 17:59:18 104] [000000] [MultiReaderInfo  ] [READERTYPE : [01], MultiReaderUse : [N], READERCNT : [0], PORTNUM : [0], PORTBAUDRATE : [0]]
[20240224 17:59:18 104] [000000] [MultiReaderInfo  ] [Finish]
[20240224 18:00:54 248] [000000] [NICECATDlg       ] [OninitDialog]
[20240224 18:00:54 249] [000000] [setFileToReg     ] [START]
[20240224 18:00:54 270] [000000] [setFileToReg     ] [END]
[20240224 18:00:54 360] [000000] [FileToDllReg     ] [START]
[20240224 18:00:54 363] [000000] [FileToDllReg     ] [SetEnv]
[20240224 18:00:54 371] [000000] [FileToDllReg     ] [Set_SvrInfo]
[20240224 18:00:54 379] [000000] [FileToDllReg     ] [END]
[20240224 18:00:54 401] [000000] [SetEnv           ] [OnCreate]
[20240224 18:00:56 243] [000000] [ReaderInfo(1)    ] [#####NR-5500K002]
[20240224 18:00:56 244] [000000] [LockDisuse       ] [N]
[20240224 18:00:56 244] [000000] [MultiReaderInfo  ] [Start]
[20240224 18:00:56 245] [000000] [MultiReaderInfo  ] [READERTYPE : [01], MultiReaderUse : [N], READERCNT : [0], PORTNUM : [0], PORTBAUDRATE : [0]]
[20240224 18:00:56 245] [000000] [MultiReaderInfo  ] [Finish]
[20240224 18:01:51 405] [000000] [ReaderInfo       ] [#####NR-5500K002]
[20240224 18:01:51 408] [000000] [LockDisuse       ] [N]
[20240224 18:01:51 408] [000000] [MultiReaderInfo  ] [Start]
[20240224 18:01:51 409] [000000] [MultiReaderInfo  ] [READERTYPE : [01], MultiReaderUse : [N], READERCNT : [0], PORTNUM : [0], PORTBAUDRATE : [0]]
[20240224 18:01:51 409] [000000] [MultiReaderInfo  ] [Finish]
[20240224 18:02:11 582] [000000] [NICECATDlg       ] [OninitDialog]
[20240224 18:02:11 583] [000000] [setFileToReg     ] [START]
[20240224 18:02:11 602] [000000] [setFileToReg     ] [END]
[20240224 18:02:11 699] [000000] [FileToDllReg     ] [START]
[20240224 18:02:11 701] [000000] [FileToDllReg     ] [SetEnv]
[20240224 18:02:11 710] [000000] [FileToDllReg     ] [Set_SvrInfo]
[20240224 18:02:11 718] [000000] [FileToDllReg     ] [END]
[20240224 18:02:11 740] [000000] [SetEnv           ] [OnCreate]
[20240224 18:02:13 636] [000000] [ReaderInfo(1)    ] [#####NR-5500K002]
[20240224 18:02:13 636] [000000] [LockDisuse       ] [N]
[20240224 18:02:13 636] [000000] [MultiReaderInfo  ] [Start]
[20240224 18:02:13 637] [000000] [MultiReaderInfo  ] [READERTYPE : [01], MultiReaderUse : [N], READERCNT : [0], PORTNUM : [0], PORTBAUDRATE : [0]]
[20240224 18:02:13 637] [000000] [MultiReaderInfo  ] [Finish]
[20240224 18:02:53 972] [000000] [NICECATDlg       ] [OninitDialog]
[20240224 18:02:53 973] [000000] [setFileToReg     ] [START]
[20240224 18:02:53 987] [000000] [setFileToReg     ] [END]
[20240224 18:02:54 064] [000000] [FileToDllReg     ] [START]
[20240224 18:02:54 065] [000000] [FileToDllReg     ] [SetEnv]
[20240224 18:02:54 071] [000000] [FileToDllReg     ] [Set_SvrInfo]
[20240224 18:02:54 077] [000000] [FileToDllReg     ] [END]
[20240224 18:02:54 096] [000000] [SetEnv           ] [OnCreate]
[20240224 18:02:55 831] [000000] [ReaderInfo(1)    ] [#####NR-5500K002]
[20240224 18:02:55 832] [000000] [LockDisuse       ] [N]
[20240224 18:02:55 833] [000000] [MultiReaderInfo  ] [Start]
[20240224 18:02:55 834] [000000] [MultiReaderInfo  ] [READERTYPE : [01], MultiReaderUse : [N], READERCNT : [0], PORTNUM : [0], PORTBAUDRATE : [0]]
[20240224 18:02:55 834] [000000] [MultiReaderInfo  ] [Finish]
[20240224 18:03:11 954] [000000] [ReaderInfo       ] [#####NR-5500K002]
[20240224 18:03:11 957] [000000] [LockDisuse       ] [N]
[20240224 18:03:11 957] [000000] [MultiReaderInfo  ] [Start]
[20240224 18:03:11 958] [000000] [MultiReaderInfo  ] [READERTYPE : [01], MultiReaderUse : [N], READERCNT : [0], PORTNUM : [0], PORTBAUDRATE : [0]]
[20240224 18:03:11 958] [000000] [MultiReaderInfo  ] [Finish]
[20240224 18:04:45 400] [000000] [NICECATDlg       ] [OninitDialog]
[20240224 18:04:45 400] [000000] [setFileToReg     ] [START]
[20240224 18:04:45 415] [000000] [setFileToReg     ] [END]
[20240224 18:04:45 493] [000000] [FileToDllReg     ] [START]
[20240224 18:04:45 494] [000000] [FileToDllReg     ] [SetEnv]
[20240224 18:04:45 500] [000000] [FileToDllReg     ] [Set_SvrInfo]
[20240224 18:04:45 507] [000000] [FileToDllReg     ] [END]
[20240224 18:04:45 530] [000000] [SetEnv           ] [OnCreate]
[20240224 18:04:47 271] [000000] [ReaderInfo(1)    ] [#####NR-5500K002]
[20240224 18:04:47 272] [000000] [LockDisuse       ] [N]
[20240224 18:04:47 272] [000000] [MultiReaderInfo  ] [Start]
[20240224 18:04:47 273] [000000] [MultiReaderInfo  ] [READERTYPE : [01], MultiReaderUse : [N], READERCNT : [0], PORTNUM : [0], PORTBAUDRATE : [0]]
[20240224 18:04:47 274] [000000] [MultiReaderInfo  ] [Finish]
[20240224 18:17:34 403] [000000] [NICECATDlg       ] [OninitDialog]
[20240224 18:17:34 405] [000000] [setFileToReg     ] [START]
[20240224 18:17:34 446] [000000] [setFileToReg     ] [END]
[20240224 18:17:34 695] [000000] [FileToDllReg     ] [START]
[20240224 18:17:34 697] [000000] [FileToDllReg     ] [SetEnv]
[20240224 18:17:34 708] [000000] [FileToDllReg     ] [Set_SvrInfo]
[20240224 18:17:34 716] [000000] [FileToDllReg     ] [END]
[20240224 18:17:34 885] [000000] [SetEnv           ] [OnCreate]
[20240224 18:17:37 113] [000000] [ReaderInfo(1)    ] [#####NR-5500K002]
[20240224 18:17:37 114] [000000] [LockDisuse       ] [N]
[20240224 18:17:37 115] [000000] [MultiReaderInfo  ] [Start]
[20240224 18:17:37 116] [000000] [MultiReaderInfo  ] [READERTYPE : [01], MultiReaderUse : [N], READERCNT : [0], PORTNUM : [0], PORTBAUDRATE : [0]]
[20240224 18:17:37 116] [000000] [MultiReaderInfo  ] [Finish]
[20240224 18:18:01 933] [000000] [ReaderInfo       ] [#####NR-5500K002]
[20240224 18:18:01 935] [000000] [LockDisuse       ] [N]
[20240224 18:18:01 935] [000000] [MultiReaderInfo  ] [Start]
[20240224 18:18:01 936] [000000] [MultiReaderInfo  ] [READERTYPE : [01], MultiReaderUse : [N], READERCNT : [0], PORTNUM : [0], PORTBAUDRATE : [0]]
[20240224 18:18:01 936] [000000] [MultiReaderInfo  ] [Finish]
[20240224 18:18:17 606] [000000] [NICECATDlg       ] [OninitDialog]
[20240224 18:18:17 607] [000000] [setFileToReg     ] [START]
[20240224 18:18:17 619] [000000] [setFileToReg     ] [END]
[20240224 18:18:17 693] [000000] [FileToDllReg     ] [START]
[20240224 18:18:17 695] [000000] [FileToDllReg     ] [SetEnv]
[20240224 18:18:17 700] [000000] [FileToDllReg     ] [Set_SvrInfo]
[20240224 18:18:17 706] [000000] [FileToDllReg     ] [END]
[20240224 18:18:17 819] [000000] [SetEnv           ] [OnCreate]
[20240224 18:18:19 631] [000000] [ReaderInfo(1)    ] [#####NR-5500K002]
[20240224 18:18:19 632] [000000] [LockDisuse       ] [N]
[20240224 18:18:19 633] [000000] [MultiReaderInfo  ] [Start]
[20240224 18:18:19 634] [000000] [MultiReaderInfo  ] [READERTYPE : [01], MultiReaderUse : [N], READERCNT : [0], PORTNUM : [0], PORTBAUDRATE : [0]]
[20240224 18:18:19 634] [000000] [MultiReaderInfo  ] [Finish]
[20240224 18:18:42 960] [000000] [ReaderInfo       ] [#####NR-5500K002]
[20240224 18:18:42 964] [000000] [LockDisuse       ] [N]
[20240224 18:18:42 964] [000000] [MultiReaderInfo  ] [Start]
[20240224 18:18:42 965] [000000] [MultiReaderInfo  ] [READERTYPE : [01], MultiReaderUse : [N], READERCNT : [0], PORTNUM : [0], PORTBAUDRATE : [0]]
[20240224 18:18:42 966] [000000] [MultiReaderInfo  ] [Finish]
[20240224 18:18:50 982] [000000] [NICECATDlg       ] [OninitDialog]
[20240224 18:18:50 983] [000000] [setFileToReg     ] [START]
[20240224 18:18:51 007] [000000] [setFileToReg     ] [END]
[20240224 18:18:51 146] [000000] [FileToDllReg     ] [START]
[20240224 18:18:51 149] [000000] [FileToDllReg     ] [SetEnv]
[20240224 18:18:51 158] [000000] [FileToDllReg     ] [Set_SvrInfo]
[20240224 18:18:51 169] [000000] [FileToDllReg     ] [END]
[20240224 18:18:51 193] [000000] [SetEnv           ] [OnCreate]
[20240224 18:18:52 957] [000000] [ReaderInfo(1)    ] [#####NR-5500K002]
[20240224 18:18:52 958] [000000] [LockDisuse       ] [N]
[20240224 18:18:52 959] [000000] [MultiReaderInfo  ] [Start]
[20240224 18:18:52 960] [000000] [MultiReaderInfo  ] [READERTYPE : [01], MultiReaderUse : [N], READERCNT : [0], PORTNUM : [0], PORTBAUDRATE : [0]]
[20240224 18:18:52 961] [000000] [MultiReaderInfo  ] [Finish]
[20240224 18:19:47 264] [000000] [ReaderInfo       ] [#####NR-5500K002]
[20240224 18:19:47 269] [000000] [LockDisuse       ] [N]
[20240224 18:19:47 269] [000000] [MultiReaderInfo  ] [Start]
[20240224 18:19:47 270] [000000] [MultiReaderInfo  ] [READERTYPE : [01], MultiReaderUse : [N], READERCNT : [0], PORTNUM : [0], PORTBAUDRATE : [0]]
[20240224 18:19:47 270] [000000] [MultiReaderInfo  ] [Finish]
[20240224 18:20:17 290] [000000] [NICECATDlg       ] [OninitDialog]
[20240224 18:20:17 291] [000000] [setFileToReg     ] [START]
[20240224 18:20:17 306] [000000] [setFileToReg     ] [END]
[20240224 18:20:17 399] [000000] [FileToDllReg     ] [START]
[20240224 18:20:17 401] [000000] [FileToDllReg     ] [SetEnv]
[20240224 18:20:17 407] [000000] [FileToDllReg     ] [Set_SvrInfo]
[20240224 18:20:17 412] [000000] [FileToDllReg     ] [END]
[20240224 18:20:17 430] [000000] [SetEnv           ] [OnCreate]
[20240224 18:20:19 228] [000000] [ReaderInfo(1)    ] [#####NR-5500K002]
[20240224 18:20:19 228] [000000] [LockDisuse       ] [N]
[20240224 18:20:19 229] [000000] [MultiReaderInfo  ] [Start]
[20240224 18:20:19 230] [000000] [MultiReaderInfo  ] [READERTYPE : [01], MultiReaderUse : [N], READERCNT : [0], PORTNUM : [0], PORTBAUDRATE : [0]]
[20240224 18:20:19 230] [000000] [MultiReaderInfo  ] [Finish]
[20240224 18:33:20 744] [000000] [NICECATDlg       ] [OninitDialog]
[20240224 18:33:20 745] [000000] [setFileToReg     ] [START]
[20240224 18:33:20 761] [000000] [setFileToReg     ] [END]
[20240224 18:33:20 853] [000000] [FileToDllReg     ] [START]
[20240224 18:33:20 854] [000000] [FileToDllReg     ] [SetEnv]
[20240224 18:33:20 861] [000000] [FileToDllReg     ] [Set_SvrInfo]
[20240224 18:33:20 867] [000000] [FileToDllReg     ] [END]
[20240224 18:33:20 991] [000000] [SetEnv           ] [OnCreate]
[20240224 18:33:22 806] [000000] [ReaderInfo(1)    ] [#####NR-5500K002]
[20240224 18:33:22 807] [000000] [LockDisuse       ] [N]
[20240224 18:33:22 808] [000000] [MultiReaderInfo  ] [Start]
[20240224 18:33:22 809] [000000] [MultiReaderInfo  ] [READERTYPE : [01], MultiReaderUse : [N], READERCNT : [0], PORTNUM : [0], PORTBAUDRATE : [0]]
[20240224 18:33:22 809] [000000] [MultiReaderInfo  ] [Finish]
[20240224 18:37:08 399] [000000] [NICECATDlg       ] [OninitDialog]
[20240224 18:37:08 400] [000000] [setFileToReg     ] [START]
[20240224 18:37:08 415] [000000] [setFileToReg     ] [END]
[20240224 18:37:08 514] [000000] [FileToDllReg     ] [START]
[20240224 18:37:08 515] [000000] [FileToDllReg     ] [SetEnv]
[20240224 18:37:08 522] [000000] [FileToDllReg     ] [Set_SvrInfo]
[20240224 18:37:08 529] [000000] [FileToDllReg     ] [END]
[20240224 18:37:08 546] [000000] [SetEnv           ] [OnCreate]
[20240224 18:37:10 364] [000000] [ReaderInfo(1)    ] [#####NR-5500K002]
[20240224 18:37:10 364] [000000] [LockDisuse       ] [N]
[20240224 18:37:10 365] [000000] [MultiReaderInfo  ] [Start]
[20240224 18:37:10 365] [000000] [MultiReaderInfo  ] [READERTYPE : [01], MultiReaderUse : [N], READERCNT : [0], PORTNUM : [0], PORTBAUDRATE : [0]]
[20240224 18:37:10 366] [000000] [MultiReaderInfo  ] [Finish]
