[20240313 13:33:13 890] [000000] [NICECATDlg       ] [OninitDialog]
[20240313 13:33:13 908] [000000] [setFileToReg     ] [START]
[20240313 13:33:14 033] [000000] [setFileToReg     ] [END]
[20240313 13:33:19 932] [000000] [FileToDllReg     ] [START]
[20240313 13:33:20 205] [000000] [FileToDllReg     ] [SetEnv]
[20240313 13:33:21 454] [000000] [FileToDllReg     ] [Set_SvrInfo]
[20240313 13:33:22 089] [000000] [FileToDllReg     ] [END]
[20240313 13:33:24 158] [000000] [SetEnv           ] [OnCreate]
[20240313 13:33:50 824] [000000] [ReaderInfo(1)    ] [#####NR-5500K002]
[20240313 13:33:50 904] [000000] [LockDisuse       ] [N]
[20240313 13:33:51 008] [000000] [MultiReaderInfo  ] [Start]
[20240313 13:33:51 274] [000000] [MultiReaderInfo  ] [READERTYPE : [01], MultiReaderUse : [N], READERCNT : [0], PORTNUM : [0], PORTBAUDRATE : [0]]
[20240313 13:33:51 376] [000000] [MultiReaderInfo  ] [Finish]
[20240313 13:33:53 264] [000000] [ThreadServer     ] [AcceptFunc_AJAX Call!]
[20240313 13:33:53 357] [000000] [AcceptFunc_AJAX  ] [Start]
[20240313 13:33:53 449] [000000] [AcceptFunc_AJAX  ] [9188]
[20240313 13:33:53 461] [000000] [OnInitDialog     ] [RegQueryValueEx Fail - ServerPortAjax]
[20240313 13:33:53 558] [000000] [AcceptFunc_AJAX  ] [HttpInitialize Start]
[20240313 13:33:53 573] [000000] [AcceptFunc_AJAX  ] [HttpInitialize End]
[20240313 13:33:53 586] [000000] [AcceptFunc_AJAX  ] [HttpCreateHttpHandle Start]
[20240313 13:33:53 637] [000000] [AcceptFunc_AJAX  ] [HttpCreateHttpHandle End]
[20240313 13:33:53 690] [000000] [AcceptFunc_AJAX  ] [HttpAddUrl Start]
[20240313 13:33:53 972] [000000] [AcceptFunc_AJAX  ] [http://127.0.0.1:9188/]
[20240313 13:33:54 112] [000000] [AcceptFunc_AJAX  ] [HttpAddUrl End]
[20240313 13:33:54 127] [000000] [AcceptFunc_AJAX  ] [DoReceiveRequests Start]
[20240313 13:33:54 142] [000000] [DoReceive        ] [DoReceiveRequests Start]
[20240313 13:33:54 366] [000000] [AcceptFunc_AJAX2 ] [Start]
[20240313 13:33:54 381] [000000] [AcceptFunc_AJAX2 ] [RegOpenKeyEx Start!]
[20240313 13:33:54 513] [000000] [OnInitDialog     ] [RegQueryValueEx Fail - ServerPortAjax]
[20240313 13:33:54 528] [000000] [AcceptFunc_AJAX2 ] [HttpInitialize Start]
[20240313 13:33:54 542] [000000] [AcceptFunc_AJAX2 ] [HttpInitialize End]
[20240313 13:33:54 556] [000000] [AcceptFunc_AJAX2 ] [HttpCreateHttpHandle Start]
[20240313 13:33:54 798] [000000] [AcceptFunc_AJAX2 ] [HttpCreateHttpHandle End]
[20240313 13:33:54 948] [000000] [AcceptFunc_AJAX2 ] [HttpAddUrl Start]
[20240313 13:33:55 114] [000000] [AcceptFunc_AJAX2 ] [http://127.0.0.1:9189/]
[20240313 13:33:55 223] [000000] [AcceptFunc_AJAX2 ] [HttpAddUrl End]
[20240313 13:33:55 236] [000000] [AcceptFunc_AJAX2 ] [DoReceiveRequests Start]
[20240313 13:33:55 379] [000000] [DoReceive        ] [DoReceiveRequests Start]
