[20240414 13:13:18 107] [000000] [NICECATDlg       ] [OninitDialog]
[20240414 13:13:18 114] [000000] [setFileToReg     ] [START]
[20240414 13:13:18 147] [000000] [setFileToReg     ] [END]
[20240414 13:13:18 583] [000000] [FileToDllReg     ] [START]
[20240414 13:13:18 597] [000000] [FileToDllReg     ] [SetEnv]
[20240414 13:13:18 766] [000000] [FileToDllReg     ] [Set_SvrInfo]
[20240414 13:13:18 985] [000000] [FileToDllReg     ] [END]
[20240414 13:13:19 951] [000000] [SetEnv           ] [OnCreate]
[20240414 13:13:31 608] [000000] [ReaderInfo(1)    ] [#####NR-5500K002]
[20240414 13:13:31 623] [000000] [LockDisuse       ] [N]
[20240414 13:13:31 658] [000000] [MultiReaderInfo  ] [Start]
[20240414 13:13:31 669] [000000] [MultiReaderInfo  ] [READERTYPE : [01], MultiReaderUse : [N], READERCNT : [0], PORTNUM : [0], PORTBAUDRATE : [0]]
[20240414 13:13:31 680] [000000] [MultiReaderInfo  ] [Finish]
[20240414 13:13:32 552] [000000] [ThreadServer     ] [AcceptFunc_AJAX Call!]
[20240414 13:13:32 613] [000000] [AcceptFunc_AJAX  ] [Start]
[20240414 13:13:32 644] [000000] [AcceptFunc_AJAX  ] [9188]
[20240414 13:13:32 671] [000000] [OnInitDialog     ] [RegQueryValueEx Fail - ServerPortAjax]
[20240414 13:13:32 706] [000000] [AcceptFunc_AJAX  ] [HttpInitialize Start]
[20240414 13:13:32 735] [000000] [AcceptFunc_AJAX  ] [HttpInitialize End]
[20240414 13:13:32 810] [000000] [AcceptFunc_AJAX  ] [HttpCreateHttpHandle Start]
[20240414 13:13:32 862] [000000] [AcceptFunc_AJAX  ] [HttpCreateHttpHandle End]
[20240414 13:13:32 907] [000000] [AcceptFunc_AJAX  ] [HttpAddUrl Start]
[20240414 13:13:32 954] [000000] [AcceptFunc_AJAX  ] [http://127.0.0.1:9188/]
[20240414 13:13:33 148] [000000] [AcceptFunc_AJAX  ] [HttpAddUrl End]
[20240414 13:13:33 195] [000000] [AcceptFunc_AJAX  ] [DoReceiveRequests Start]
[20240414 13:13:33 225] [000000] [DoReceive        ] [DoReceiveRequests Start]
[20240414 13:13:33 693] [000000] [AcceptFunc_AJAX2 ] [Start]
[20240414 13:13:33 721] [000000] [AcceptFunc_AJAX2 ] [RegOpenKeyEx Start!]
[20240414 13:13:33 746] [000000] [OnInitDialog     ] [RegQueryValueEx Fail - ServerPortAjax]
[20240414 13:13:33 759] [000000] [AcceptFunc_AJAX2 ] [HttpInitialize Start]
[20240414 13:13:33 783] [000000] [AcceptFunc_AJAX2 ] [HttpInitialize End]
[20240414 13:13:33 805] [000000] [AcceptFunc_AJAX2 ] [HttpCreateHttpHandle Start]
[20240414 13:13:33 887] [000000] [AcceptFunc_AJAX2 ] [HttpCreateHttpHandle End]
[20240414 13:13:33 907] [000000] [AcceptFunc_AJAX2 ] [HttpAddUrl Start]
[20240414 13:13:33 944] [000000] [AcceptFunc_AJAX2 ] [http://127.0.0.1:9189/]
[20240414 13:13:34 057] [000000] [AcceptFunc_AJAX2 ] [HttpAddUrl End]
[20240414 13:13:34 124] [000000] [AcceptFunc_AJAX2 ] [DoReceiveRequests Start]
[20240414 13:13:34 222] [000000] [DoReceive        ] [DoReceiveRequests Start]
