[20240310 14:40:26 975] [000000] [NICECATDlg       ] [OninitDialog]
[20240310 14:40:27 054] [000000] [setFileToReg     ] [START]
[20240310 14:40:27 088] [000000] [setFileToReg     ] [END]
[20240310 14:40:27 718] [000000] [FileToDllReg     ] [START]
[20240310 14:40:27 733] [000000] [FileToDllReg     ] [SetEnv]
[20240310 14:40:27 801] [000000] [FileToDllReg     ] [Set_SvrInfo]
[20240310 14:40:27 889] [000000] [FileToDllReg     ] [END]
[20240310 14:40:28 186] [000000] [SetEnv           ] [OnCreate]
[20240310 14:40:31 233] [000000] [ReaderInfo(1)    ] [#####NR-5500K002]
[20240310 14:40:31 242] [000000] [LockDisuse       ] [N]
[20240310 14:40:31 251] [000000] [MultiReaderInfo  ] [Start]
[20240310 14:40:31 260] [000000] [MultiReaderInfo  ] [READERTYPE : [01], MultiReaderUse : [N], READERCNT : [0], PORTNUM : [0], PORTBAUDRATE : [0]]
[20240310 14:40:31 269] [000000] [MultiReaderInfo  ] [Finish]
[20240310 14:40:31 970] [000000] [ThreadServer     ] [AcceptFunc_AJAX Call!]
[20240310 14:40:31 989] [000000] [AcceptFunc_AJAX  ] [Start]
[20240310 14:40:32 013] [000000] [AcceptFunc_AJAX  ] [9188]
[20240310 14:40:32 028] [000000] [OnInitDialog     ] [RegQueryValueEx Fail - ServerPortAjax]
[20240310 14:40:32 047] [000000] [AcceptFunc_AJAX  ] [HttpInitialize Start]
[20240310 14:40:32 086] [000000] [AcceptFunc_AJAX  ] [HttpInitialize End]
[20240310 14:40:32 102] [000000] [AcceptFunc_AJAX  ] [HttpCreateHttpHandle Start]
[20240310 14:40:32 131] [000000] [AcceptFunc_AJAX  ] [HttpCreateHttpHandle End]
[20240310 14:40:32 143] [000000] [AcceptFunc_AJAX  ] [HttpAddUrl Start]
[20240310 14:40:32 186] [000000] [AcceptFunc_AJAX  ] [http://127.0.0.1:9188/]
[20240310 14:40:32 220] [000000] [AcceptFunc_AJAX  ] [HttpAddUrl End]
[20240310 14:40:32 240] [000000] [AcceptFunc_AJAX  ] [DoReceiveRequests Start]
[20240310 14:40:32 251] [000000] [DoReceive        ] [DoReceiveRequests Start]
[20240310 14:40:33 005] [000000] [AcceptFunc_AJAX2 ] [Start]
[20240310 14:40:33 040] [000000] [AcceptFunc_AJAX2 ] [RegOpenKeyEx Start!]
[20240310 14:40:33 080] [000000] [OnInitDialog     ] [RegQueryValueEx Fail - ServerPortAjax]
[20240310 14:40:33 152] [000000] [AcceptFunc_AJAX2 ] [HttpInitialize Start]
[20240310 14:40:33 191] [000000] [AcceptFunc_AJAX2 ] [HttpInitialize End]
[20240310 14:40:33 206] [000000] [AcceptFunc_AJAX2 ] [HttpCreateHttpHandle Start]
[20240310 14:40:33 251] [000000] [AcceptFunc_AJAX2 ] [HttpCreateHttpHandle End]
[20240310 14:40:33 292] [000000] [AcceptFunc_AJAX2 ] [HttpAddUrl Start]
[20240310 14:40:33 315] [000000] [AcceptFunc_AJAX2 ] [http://127.0.0.1:9189/]
[20240310 14:40:33 339] [000000] [AcceptFunc_AJAX2 ] [HttpAddUrl End]
[20240310 14:40:33 430] [000000] [AcceptFunc_AJAX2 ] [DoReceiveRequests Start]
[20240310 14:40:33 448] [000000] [DoReceive        ] [DoReceiveRequests Start]
