[20240330 14:52:45 574] [000000] [NICECATDlg       ] [OninitDialog]
[20240330 14:52:45 587] [000000] [setFileToReg     ] [START]
[20240330 14:52:45 609] [000000] [setFileToReg     ] [END]
[20240330 14:52:46 199] [000000] [FileToDllReg     ] [START]
[20240330 14:52:58 197] [000000] [FileToDllReg     ] [SetEnv]
[20240330 14:52:58 260] [000000] [FileToDllReg     ] [Set_SvrInfo]
[20240330 14:52:58 354] [000000] [FileToDllReg     ] [END]
[20240330 14:52:58 499] [000000] [SetEnv           ] [OnCreate]
[20240330 14:53:01 714] [000000] [ReaderInfo(1)    ] [#####NR-5500K002]
[20240330 14:53:01 715] [000000] [LockDisuse       ] [N]
[20240330 14:53:01 726] [000000] [MultiReaderInfo  ] [Start]
[20240330 14:53:01 734] [000000] [MultiReaderInfo  ] [READERTYPE : [01], MultiReaderUse : [N], READERCNT : [0], PORTNUM : [0], PORTBAUDRATE : [0]]
[20240330 14:53:01 743] [000000] [MultiReaderInfo  ] [Finish]
[20240330 14:53:02 325] [000000] [ThreadServer     ] [AcceptFunc_AJAX Call!]
[20240330 14:53:02 335] [000000] [AcceptFunc_AJAX  ] [Start]
[20240330 14:53:02 345] [000000] [AcceptFunc_AJAX  ] [9188]
[20240330 14:53:02 357] [000000] [OnInitDialog     ] [RegQueryValueEx Fail - ServerPortAjax]
[20240330 14:53:02 368] [000000] [AcceptFunc_AJAX  ] [HttpInitialize Start]
[20240330 14:53:02 378] [000000] [AcceptFunc_AJAX  ] [HttpInitialize End]
[20240330 14:53:02 388] [000000] [AcceptFunc_AJAX  ] [HttpCreateHttpHandle Start]
[20240330 14:53:02 398] [000000] [AcceptFunc_AJAX  ] [HttpCreateHttpHandle End]
[20240330 14:53:02 408] [000000] [AcceptFunc_AJAX  ] [HttpAddUrl Start]
[20240330 14:53:02 418] [000000] [AcceptFunc_AJAX  ] [http://127.0.0.1:9188/]
[20240330 14:53:02 430] [000000] [AcceptFunc_AJAX  ] [HttpAddUrl End]
[20240330 14:53:02 440] [000000] [AcceptFunc_AJAX  ] [DoReceiveRequests Start]
[20240330 14:53:02 451] [000000] [DoReceive        ] [DoReceiveRequests Start]
[20240330 14:53:03 340] [000000] [AcceptFunc_AJAX2 ] [Start]
[20240330 14:53:03 346] [000000] [AcceptFunc_AJAX2 ] [RegOpenKeyEx Start!]
[20240330 14:53:03 356] [000000] [OnInitDialog     ] [RegQueryValueEx Fail - ServerPortAjax]
[20240330 14:53:03 366] [000000] [AcceptFunc_AJAX2 ] [HttpInitialize Start]
[20240330 14:53:03 377] [000000] [AcceptFunc_AJAX2 ] [HttpInitialize End]
[20240330 14:53:03 388] [000000] [AcceptFunc_AJAX2 ] [HttpCreateHttpHandle Start]
[20240330 14:53:03 401] [000000] [AcceptFunc_AJAX2 ] [HttpCreateHttpHandle End]
[20240330 14:53:03 414] [000000] [AcceptFunc_AJAX2 ] [HttpAddUrl Start]
[20240330 14:53:03 424] [000000] [AcceptFunc_AJAX2 ] [http://127.0.0.1:9189/]
[20240330 14:53:03 433] [000000] [AcceptFunc_AJAX2 ] [HttpAddUrl End]
[20240330 14:53:03 441] [000000] [AcceptFunc_AJAX2 ] [DoReceiveRequests Start]
[20240330 14:53:03 449] [000000] [DoReceive        ] [DoReceiveRequests Start]
