[20240404 13:11:20 207] [000000] [NICECATDlg       ] [OninitDialog]
[20240404 13:11:20 209] [000000] [setFileToReg     ] [START]
[20240404 13:11:20 229] [000000] [setFileToReg     ] [END]
[20240404 13:11:20 814] [000000] [FileToDllReg     ] [START]
[20240404 13:11:20 823] [000000] [FileToDllReg     ] [SetEnv]
[20240404 13:11:21 011] [000000] [FileToDllReg     ] [Set_SvrInfo]
[20240404 13:11:21 165] [000000] [FileToDllReg     ] [END]
[20240404 13:11:21 407] [000000] [SetEnv           ] [OnCreate]
[20240404 13:11:25 656] [000000] [ReaderInfo(1)    ] [#####NR-5500K002]
[20240404 13:11:25 690] [000000] [LockDisuse       ] [N]
[20240404 13:11:25 741] [000000] [MultiReaderInfo  ] [Start]
[20240404 13:11:25 751] [000000] [MultiReaderInfo  ] [READERTYPE : [01], MultiReaderUse : [N], READERCNT : [0], PORTNUM : [0], PORTBAUDRATE : [0]]
[20240404 13:11:25 759] [000000] [MultiReaderInfo  ] [Finish]
[20240404 13:11:26 471] [000000] [ThreadServer     ] [AcceptFunc_AJAX Call!]
[20240404 13:11:26 503] [000000] [AcceptFunc_AJAX  ] [Start]
[20240404 13:11:26 539] [000000] [AcceptFunc_AJAX  ] [9188]
[20240404 13:11:26 562] [000000] [OnInitDialog     ] [RegQueryValueEx Fail - ServerPortAjax]
[20240404 13:11:26 588] [000000] [AcceptFunc_AJAX  ] [HttpInitialize Start]
[20240404 13:11:26 618] [000000] [AcceptFunc_AJAX  ] [HttpInitialize End]
[20240404 13:11:26 635] [000000] [AcceptFunc_AJAX  ] [HttpCreateHttpHandle Start]
[20240404 13:11:26 648] [000000] [AcceptFunc_AJAX  ] [HttpCreateHttpHandle End]
[20240404 13:11:26 678] [000000] [AcceptFunc_AJAX  ] [HttpAddUrl Start]
[20240404 13:11:26 688] [000000] [AcceptFunc_AJAX  ] [http://127.0.0.1:9188/]
[20240404 13:11:26 708] [000000] [AcceptFunc_AJAX  ] [HttpAddUrl End]
[20240404 13:11:26 719] [000000] [AcceptFunc_AJAX  ] [DoReceiveRequests Start]
[20240404 13:11:26 733] [000000] [DoReceive        ] [DoReceiveRequests Start]
[20240404 13:11:27 526] [000000] [AcceptFunc_AJAX2 ] [Start]
[20240404 13:11:27 547] [000000] [AcceptFunc_AJAX2 ] [RegOpenKeyEx Start!]
[20240404 13:11:27 562] [000000] [OnInitDialog     ] [RegQueryValueEx Fail - ServerPortAjax]
[20240404 13:11:27 578] [000000] [AcceptFunc_AJAX2 ] [HttpInitialize Start]
[20240404 13:11:27 599] [000000] [AcceptFunc_AJAX2 ] [HttpInitialize End]
[20240404 13:11:27 614] [000000] [AcceptFunc_AJAX2 ] [HttpCreateHttpHandle Start]
[20240404 13:11:27 627] [000000] [AcceptFunc_AJAX2 ] [HttpCreateHttpHandle End]
[20240404 13:11:27 641] [000000] [AcceptFunc_AJAX2 ] [HttpAddUrl Start]
[20240404 13:11:27 655] [000000] [AcceptFunc_AJAX2 ] [http://127.0.0.1:9189/]
[20240404 13:11:27 673] [000000] [AcceptFunc_AJAX2 ] [HttpAddUrl End]
[20240404 13:11:27 708] [000000] [AcceptFunc_AJAX2 ] [DoReceiveRequests Start]
[20240404 13:11:27 724] [000000] [DoReceive        ] [DoReceiveRequests Start]
