[20240314 13:08:55 655] [000000] [NICECATDlg       ] [OninitDialog]
[20240314 13:08:55 667] [000000] [setFileToReg     ] [START]
[20240314 13:08:55 746] [000000] [setFileToReg     ] [END]
[20240314 13:08:56 370] [000000] [FileToDllReg     ] [START]
[20240314 13:08:56 380] [000000] [FileToDllReg     ] [SetEnv]
[20240314 13:08:56 449] [000000] [FileToDllReg     ] [Set_SvrInfo]
[20240314 13:08:56 545] [000000] [FileToDllReg     ] [END]
[20240314 13:08:56 760] [000000] [SetEnv           ] [OnCreate]
[20240314 13:09:09 051] [000000] [ReaderInfo(1)    ] [#####NR-5500K002]
[20240314 13:09:09 072] [000000] [LockDisuse       ] [N]
[20240314 13:09:09 086] [000000] [MultiReaderInfo  ] [Start]
[20240314 13:09:09 098] [000000] [MultiReaderInfo  ] [READERTYPE : [01], MultiReaderUse : [N], READERCNT : [0], PORTNUM : [0], PORTBAUDRATE : [0]]
[20240314 13:09:09 111] [000000] [MultiReaderInfo  ] [Finish]
[20240314 13:09:09 951] [000000] [ThreadServer     ] [AcceptFunc_AJAX Call!]
[20240314 13:09:09 976] [000000] [AcceptFunc_AJAX  ] [Start]
[20240314 13:09:09 996] [000000] [AcceptFunc_AJAX  ] [9188]
[20240314 13:09:10 009] [000000] [OnInitDialog     ] [RegQueryValueEx Fail - ServerPortAjax]
[20240314 13:09:10 018] [000000] [AcceptFunc_AJAX  ] [HttpInitialize Start]
[20240314 13:09:10 028] [000000] [AcceptFunc_AJAX  ] [HttpInitialize End]
[20240314 13:09:10 040] [000000] [AcceptFunc_AJAX  ] [HttpCreateHttpHandle Start]
[20240314 13:09:10 054] [000000] [AcceptFunc_AJAX  ] [HttpCreateHttpHandle End]
[20240314 13:09:10 069] [000000] [AcceptFunc_AJAX  ] [HttpAddUrl Start]
[20240314 13:09:10 104] [000000] [AcceptFunc_AJAX  ] [http://127.0.0.1:9188/]
[20240314 13:09:10 131] [000000] [AcceptFunc_AJAX  ] [HttpAddUrl End]
[20240314 13:09:10 145] [000000] [AcceptFunc_AJAX  ] [DoReceiveRequests Start]
[20240314 13:09:10 158] [000000] [DoReceive        ] [DoReceiveRequests Start]
[20240314 13:09:10 977] [000000] [AcceptFunc_AJAX2 ] [Start]
[20240314 13:09:11 016] [000000] [AcceptFunc_AJAX2 ] [RegOpenKeyEx Start!]
[20240314 13:09:11 063] [000000] [OnInitDialog     ] [RegQueryValueEx Fail - ServerPortAjax]
[20240314 13:09:11 188] [000000] [AcceptFunc_AJAX2 ] [HttpInitialize Start]
[20240314 13:09:11 202] [000000] [AcceptFunc_AJAX2 ] [HttpInitialize End]
[20240314 13:09:11 224] [000000] [AcceptFunc_AJAX2 ] [HttpCreateHttpHandle Start]
[20240314 13:09:11 244] [000000] [AcceptFunc_AJAX2 ] [HttpCreateHttpHandle End]
[20240314 13:09:11 255] [000000] [AcceptFunc_AJAX2 ] [HttpAddUrl Start]
[20240314 13:09:11 280] [000000] [AcceptFunc_AJAX2 ] [http://127.0.0.1:9189/]
[20240314 13:09:11 316] [000000] [AcceptFunc_AJAX2 ] [HttpAddUrl End]
[20240314 13:09:11 332] [000000] [AcceptFunc_AJAX2 ] [DoReceiveRequests Start]
[20240314 13:09:11 343] [000000] [DoReceive        ] [DoReceiveRequests Start]
