[20240407 13:03:13 199] [000000] [NICECATDlg       ] [OninitDialog]
[20240407 13:03:13 213] [000000] [setFileToReg     ] [START]
[20240407 13:03:13 236] [000000] [setFileToReg     ] [END]
[20240407 13:03:13 681] [000000] [FileToDllReg     ] [START]
[20240407 13:03:13 694] [000000] [FileToDllReg     ] [SetEnv]
[20240407 13:03:13 771] [000000] [FileToDllReg     ] [Set_SvrInfo]
[20240407 13:03:13 889] [000000] [FileToDllReg     ] [END]
[20240407 13:03:14 368] [000000] [SetEnv           ] [OnCreate]
[20240407 13:03:18 032] [000000] [ReaderInfo(1)    ] [#####NR-5500K002]
[20240407 13:03:18 046] [000000] [LockDisuse       ] [N]
[20240407 13:03:18 055] [000000] [MultiReaderInfo  ] [Start]
[20240407 13:03:18 065] [000000] [MultiReaderInfo  ] [READERTYPE : [01], MultiReaderUse : [N], READERCNT : [0], PORTNUM : [0], PORTBAUDRATE : [0]]
[20240407 13:03:18 076] [000000] [MultiReaderInfo  ] [Finish]
[20240407 13:03:18 604] [000000] [ThreadServer     ] [AcceptFunc_AJAX Call!]
[20240407 13:03:18 616] [000000] [AcceptFunc_AJAX  ] [Start]
[20240407 13:03:18 626] [000000] [AcceptFunc_AJAX  ] [9188]
[20240407 13:03:18 637] [000000] [OnInitDialog     ] [RegQueryValueEx Fail - ServerPortAjax]
[20240407 13:03:18 648] [000000] [AcceptFunc_AJAX  ] [HttpInitialize Start]
[20240407 13:03:18 659] [000000] [AcceptFunc_AJAX  ] [HttpInitialize End]
[20240407 13:03:18 671] [000000] [AcceptFunc_AJAX  ] [HttpCreateHttpHandle Start]
[20240407 13:03:18 683] [000000] [AcceptFunc_AJAX  ] [HttpCreateHttpHandle End]
[20240407 13:03:18 694] [000000] [AcceptFunc_AJAX  ] [HttpAddUrl Start]
[20240407 13:03:18 704] [000000] [AcceptFunc_AJAX  ] [http://127.0.0.1:9188/]
[20240407 13:03:18 716] [000000] [AcceptFunc_AJAX  ] [HttpAddUrl End]
[20240407 13:03:18 727] [000000] [AcceptFunc_AJAX  ] [DoReceiveRequests Start]
[20240407 13:03:18 740] [000000] [DoReceive        ] [DoReceiveRequests Start]
[20240407 13:03:19 624] [000000] [AcceptFunc_AJAX2 ] [Start]
[20240407 13:03:19 660] [000000] [AcceptFunc_AJAX2 ] [RegOpenKeyEx Start!]
[20240407 13:03:19 682] [000000] [OnInitDialog     ] [RegQueryValueEx Fail - ServerPortAjax]
[20240407 13:03:19 703] [000000] [AcceptFunc_AJAX2 ] [HttpInitialize Start]
[20240407 13:03:19 726] [000000] [AcceptFunc_AJAX2 ] [HttpInitialize End]
[20240407 13:03:19 753] [000000] [AcceptFunc_AJAX2 ] [HttpCreateHttpHandle Start]
[20240407 13:03:19 765] [000000] [AcceptFunc_AJAX2 ] [HttpCreateHttpHandle End]
[20240407 13:03:19 783] [000000] [AcceptFunc_AJAX2 ] [HttpAddUrl Start]
[20240407 13:03:19 798] [000000] [AcceptFunc_AJAX2 ] [http://127.0.0.1:9189/]
[20240407 13:03:19 818] [000000] [AcceptFunc_AJAX2 ] [HttpAddUrl End]
[20240407 13:03:19 852] [000000] [AcceptFunc_AJAX2 ] [DoReceiveRequests Start]
[20240407 13:03:19 867] [000000] [DoReceive        ] [DoReceiveRequests Start]
