[20240406 12:52:26 090] [000000] [NICECATDlg       ] [OninitDialog]
[20240406 12:52:26 106] [000000] [setFileToReg     ] [START]
[20240406 12:52:26 269] [000000] [setFileToReg     ] [END]
[20240406 12:52:26 704] [000000] [FileToDllReg     ] [START]
[20240406 12:52:26 768] [000000] [FileToDllReg     ] [SetEnv]
[20240406 12:52:27 151] [000000] [FileToDllReg     ] [Set_SvrInfo]
[20240406 12:52:27 500] [000000] [FileToDllReg     ] [END]
[20240406 12:52:28 397] [000000] [SetEnv           ] [OnCreate]
[20240406 12:52:43 765] [000000] [ReaderInfo(1)    ] [#####NR-5500K002]
[20240406 12:52:43 888] [000000] [LockDisuse       ] [N]
[20240406 12:52:43 955] [000000] [MultiReaderInfo  ] [Start]
[20240406 12:52:43 970] [000000] [MultiReaderInfo  ] [READERTYPE : [01], MultiReaderUse : [N], READERCNT : [0], PORTNUM : [0], PORTBAUDRATE : [0]]
[20240406 12:52:43 984] [000000] [MultiReaderInfo  ] [Finish]
[20240406 12:52:45 764] [000000] [ThreadServer     ] [AcceptFunc_AJAX Call!]
[20240406 12:52:45 804] [000000] [AcceptFunc_AJAX  ] [Start]
[20240406 12:52:45 815] [000000] [AcceptFunc_AJAX  ] [9188]
[20240406 12:52:45 848] [000000] [OnInitDialog     ] [RegQueryValueEx Fail - ServerPortAjax]
[20240406 12:52:45 873] [000000] [AcceptFunc_AJAX  ] [HttpInitialize Start]
[20240406 12:52:45 889] [000000] [AcceptFunc_AJAX  ] [HttpInitialize End]
[20240406 12:52:45 938] [000000] [AcceptFunc_AJAX  ] [HttpCreateHttpHandle Start]
[20240406 12:52:46 040] [000000] [AcceptFunc_AJAX  ] [HttpCreateHttpHandle End]
[20240406 12:52:46 053] [000000] [AcceptFunc_AJAX  ] [HttpAddUrl Start]
[20240406 12:52:46 066] [000000] [AcceptFunc_AJAX  ] [http://127.0.0.1:9188/]
[20240406 12:52:46 123] [000000] [AcceptFunc_AJAX  ] [HttpAddUrl End]
[20240406 12:52:46 136] [000000] [AcceptFunc_AJAX  ] [DoReceiveRequests Start]
[20240406 12:52:46 158] [000000] [DoReceive        ] [DoReceiveRequests Start]
[20240406 12:52:46 817] [000000] [AcceptFunc_AJAX2 ] [Start]
[20240406 12:52:46 831] [000000] [AcceptFunc_AJAX2 ] [RegOpenKeyEx Start!]
[20240406 12:52:46 871] [000000] [OnInitDialog     ] [RegQueryValueEx Fail - ServerPortAjax]
[20240406 12:52:46 899] [000000] [AcceptFunc_AJAX2 ] [HttpInitialize Start]
[20240406 12:52:46 912] [000000] [AcceptFunc_AJAX2 ] [HttpInitialize End]
[20240406 12:52:46 926] [000000] [AcceptFunc_AJAX2 ] [HttpCreateHttpHandle Start]
[20240406 12:52:46 939] [000000] [AcceptFunc_AJAX2 ] [HttpCreateHttpHandle End]
[20240406 12:52:47 019] [000000] [AcceptFunc_AJAX2 ] [HttpAddUrl Start]
[20240406 12:52:47 033] [000000] [AcceptFunc_AJAX2 ] [http://127.0.0.1:9189/]
[20240406 12:52:47 051] [000000] [AcceptFunc_AJAX2 ] [HttpAddUrl End]
[20240406 12:52:47 065] [000000] [AcceptFunc_AJAX2 ] [DoReceiveRequests Start]
[20240406 12:52:47 084] [000000] [DoReceive        ] [DoReceiveRequests Start]
