[20240309 16:06:25 343] [000000] [NICECATDlg       ] [OninitDialog]
[20240309 16:06:25 345] [000000] [setFileToReg     ] [START]
[20240309 16:06:25 411] [000000] [setFileToReg     ] [END]
[20240309 16:06:25 867] [000000] [FileToDllReg     ] [START]
[20240309 16:06:25 869] [000000] [FileToDllReg     ] [SetEnv]
[20240309 16:06:25 880] [000000] [FileToDllReg     ] [Set_SvrInfo]
[20240309 16:06:25 893] [000000] [FileToDllReg     ] [END]
[20240309 16:06:27 963] [000000] [SetEnv           ] [OnCreate]
[20240309 16:06:32 911] [000000] [ReaderInfo(1)    ] [#####NR-5500K002]
[20240309 16:06:32 912] [000000] [LockDisuse       ] [N]
[20240309 16:06:32 913] [000000] [MultiReaderInfo  ] [Start]
[20240309 16:06:32 915] [000000] [MultiReaderInfo  ] [READERTYPE : [01], MultiReaderUse : [N], READERCNT : [0], PORTNUM : [0], PORTBAUDRATE : [0]]
[20240309 16:06:32 915] [000000] [MultiReaderInfo  ] [Finish]
[20240309 16:06:34 184] [000000] [ThreadServer     ] [AcceptFunc_AJAX Call!]
[20240309 16:06:34 186] [000000] [AcceptFunc_AJAX  ] [Start]
[20240309 16:06:34 187] [000000] [AcceptFunc_AJAX  ] [9188]
[20240309 16:06:34 188] [000000] [OnInitDialog     ] [RegQueryValueEx Fail - ServerPortAjax]
[20240309 16:06:34 189] [000000] [AcceptFunc_AJAX  ] [HttpInitialize Start]
[20240309 16:06:34 189] [000000] [AcceptFunc_AJAX  ] [HttpInitialize End]
[20240309 16:06:34 190] [000000] [AcceptFunc_AJAX  ] [HttpCreateHttpHandle Start]
[20240309 16:06:34 191] [000000] [AcceptFunc_AJAX  ] [HttpCreateHttpHandle End]
[20240309 16:06:34 192] [000000] [AcceptFunc_AJAX  ] [HttpAddUrl Start]
[20240309 16:06:34 193] [000000] [AcceptFunc_AJAX  ] [http://127.0.0.1:9188/]
[20240309 16:06:34 211] [000000] [AcceptFunc_AJAX  ] [HttpAddUrl End]
[20240309 16:06:34 212] [000000] [AcceptFunc_AJAX  ] [DoReceiveRequests Start]
[20240309 16:06:34 212] [000000] [DoReceive        ] [DoReceiveRequests Start]
[20240309 16:06:35 196] [000000] [AcceptFunc_AJAX2 ] [Start]
[20240309 16:06:35 197] [000000] [AcceptFunc_AJAX2 ] [RegOpenKeyEx Start!]
[20240309 16:06:35 198] [000000] [OnInitDialog     ] [RegQueryValueEx Fail - ServerPortAjax]
[20240309 16:06:35 198] [000000] [AcceptFunc_AJAX2 ] [HttpInitialize Start]
[20240309 16:06:35 199] [000000] [AcceptFunc_AJAX2 ] [HttpInitialize End]
[20240309 16:06:35 200] [000000] [AcceptFunc_AJAX2 ] [HttpCreateHttpHandle Start]
[20240309 16:06:35 200] [000000] [AcceptFunc_AJAX2 ] [HttpCreateHttpHandle End]
[20240309 16:06:35 201] [000000] [AcceptFunc_AJAX2 ] [HttpAddUrl Start]
[20240309 16:06:35 202] [000000] [AcceptFunc_AJAX2 ] [http://127.0.0.1:9189/]
[20240309 16:06:35 211] [000000] [AcceptFunc_AJAX2 ] [HttpAddUrl End]
[20240309 16:06:35 212] [000000] [AcceptFunc_AJAX2 ] [DoReceiveRequests Start]
[20240309 16:06:35 212] [000000] [DoReceive        ] [DoReceiveRequests Start]
