[20240327 14:35:42 677] [000000] [NICECATDlg       ] [OninitDialog]
[20240327 14:35:42 698] [000000] [setFileToReg     ] [START]
[20240327 14:35:42 720] [000000] [setFileToReg     ] [END]
[20240327 14:35:43 236] [000000] [FileToDllReg     ] [START]
[20240327 14:35:43 282] [000000] [FileToDllReg     ] [SetEnv]
[20240327 14:35:43 367] [000000] [FileToDllReg     ] [Set_SvrInfo]
[20240327 14:35:43 690] [000000] [FileToDllReg     ] [END]
[20240327 14:35:43 953] [000000] [SetEnv           ] [OnCreate]
[20240327 14:35:53 045] [000000] [ReaderInfo(1)    ] [#####NR-5500K002]
[20240327 14:35:53 053] [000000] [LockDisuse       ] [N]
[20240327 14:35:53 063] [000000] [MultiReaderInfo  ] [Start]
[20240327 14:35:53 072] [000000] [MultiReaderInfo  ] [READERTYPE : [01], MultiReaderUse : [N], READERCNT : [0], PORTNUM : [0], PORTBAUDRATE : [0]]
[20240327 14:35:53 084] [000000] [MultiReaderInfo  ] [Finish]
[20240327 14:35:54 392] [000000] [ThreadServer     ] [AcceptFunc_AJAX Call!]
[20240327 14:35:54 477] [000000] [AcceptFunc_AJAX  ] [Start]
[20240327 14:35:54 510] [000000] [AcceptFunc_AJAX  ] [9188]
[20240327 14:35:54 545] [000000] [OnInitDialog     ] [RegQueryValueEx Fail - ServerPortAjax]
[20240327 14:35:54 555] [000000] [AcceptFunc_AJAX  ] [HttpInitialize Start]
[20240327 14:35:54 565] [000000] [AcceptFunc_AJAX  ] [HttpInitialize End]
[20240327 14:35:54 575] [000000] [AcceptFunc_AJAX  ] [HttpCreateHttpHandle Start]
[20240327 14:35:54 585] [000000] [AcceptFunc_AJAX  ] [HttpCreateHttpHandle End]
[20240327 14:35:54 595] [000000] [AcceptFunc_AJAX  ] [HttpAddUrl Start]
[20240327 14:35:54 604] [000000] [AcceptFunc_AJAX  ] [http://127.0.0.1:9188/]
[20240327 14:35:54 751] [000000] [AcceptFunc_AJAX  ] [HttpAddUrl End]
[20240327 14:35:54 822] [000000] [AcceptFunc_AJAX  ] [DoReceiveRequests Start]
[20240327 14:35:54 835] [000000] [DoReceive        ] [DoReceiveRequests Start]
[20240327 14:35:55 560] [000000] [AcceptFunc_AJAX2 ] [Start]
[20240327 14:35:55 585] [000000] [AcceptFunc_AJAX2 ] [RegOpenKeyEx Start!]
[20240327 14:35:55 619] [000000] [OnInitDialog     ] [RegQueryValueEx Fail - ServerPortAjax]
[20240327 14:35:55 655] [000000] [AcceptFunc_AJAX2 ] [HttpInitialize Start]
[20240327 14:35:55 701] [000000] [AcceptFunc_AJAX2 ] [HttpInitialize End]
[20240327 14:35:55 745] [000000] [AcceptFunc_AJAX2 ] [HttpCreateHttpHandle Start]
[20240327 14:35:55 769] [000000] [AcceptFunc_AJAX2 ] [HttpCreateHttpHandle End]
[20240327 14:35:55 779] [000000] [AcceptFunc_AJAX2 ] [HttpAddUrl Start]
[20240327 14:35:55 794] [000000] [AcceptFunc_AJAX2 ] [http://127.0.0.1:9189/]
[20240327 14:35:55 805] [000000] [AcceptFunc_AJAX2 ] [HttpAddUrl End]
[20240327 14:35:55 816] [000000] [AcceptFunc_AJAX2 ] [DoReceiveRequests Start]
[20240327 14:35:55 826] [000000] [DoReceive        ] [DoReceiveRequests Start]
