[20240405 12:57:01 393] [000000] [NICECATDlg       ] [OninitDialog]
[20240405 12:57:01 409] [000000] [setFileToReg     ] [START]
[20240405 12:57:01 429] [000000] [setFileToReg     ] [END]
[20240405 12:57:02 120] [000000] [FileToDllReg     ] [START]
[20240405 12:57:02 131] [000000] [FileToDllReg     ] [SetEnv]
[20240405 12:57:02 417] [000000] [FileToDllReg     ] [Set_SvrInfo]
[20240405 12:57:02 949] [000000] [FileToDllReg     ] [END]
[20240405 12:57:03 418] [000000] [SetEnv           ] [OnCreate]
[20240405 12:57:12 524] [000000] [ReaderInfo(1)    ] [#####NR-5500K002]
[20240405 12:57:12 533] [000000] [LockDisuse       ] [N]
[20240405 12:57:12 542] [000000] [MultiReaderInfo  ] [Start]
[20240405 12:57:12 552] [000000] [MultiReaderInfo  ] [READERTYPE : [01], MultiReaderUse : [N], READERCNT : [0], PORTNUM : [0], PORTBAUDRATE : [0]]
[20240405 12:57:12 562] [000000] [MultiReaderInfo  ] [Finish]
[20240405 12:57:13 044] [000000] [ThreadServer     ] [AcceptFunc_AJAX Call!]
[20240405 12:57:13 063] [000000] [AcceptFunc_AJAX  ] [Start]
[20240405 12:57:13 079] [000000] [AcceptFunc_AJAX  ] [9188]
[20240405 12:57:13 093] [000000] [OnInitDialog     ] [RegQueryValueEx Fail - ServerPortAjax]
[20240405 12:57:13 103] [000000] [AcceptFunc_AJAX  ] [HttpInitialize Start]
[20240405 12:57:13 128] [000000] [AcceptFunc_AJAX  ] [HttpInitialize End]
[20240405 12:57:13 144] [000000] [AcceptFunc_AJAX  ] [HttpCreateHttpHandle Start]
[20240405 12:57:13 188] [000000] [AcceptFunc_AJAX  ] [HttpCreateHttpHandle End]
[20240405 12:57:13 231] [000000] [AcceptFunc_AJAX  ] [HttpAddUrl Start]
[20240405 12:57:13 251] [000000] [AcceptFunc_AJAX  ] [http://127.0.0.1:9188/]
[20240405 12:57:13 267] [000000] [AcceptFunc_AJAX  ] [HttpAddUrl End]
[20240405 12:57:13 296] [000000] [AcceptFunc_AJAX  ] [DoReceiveRequests Start]
[20240405 12:57:13 333] [000000] [DoReceive        ] [DoReceiveRequests Start]
[20240405 12:57:14 082] [000000] [AcceptFunc_AJAX2 ] [Start]
[20240405 12:57:14 106] [000000] [AcceptFunc_AJAX2 ] [RegOpenKeyEx Start!]
[20240405 12:57:14 147] [000000] [OnInitDialog     ] [RegQueryValueEx Fail - ServerPortAjax]
[20240405 12:57:14 169] [000000] [AcceptFunc_AJAX2 ] [HttpInitialize Start]
[20240405 12:57:14 181] [000000] [AcceptFunc_AJAX2 ] [HttpInitialize End]
[20240405 12:57:14 197] [000000] [AcceptFunc_AJAX2 ] [HttpCreateHttpHandle Start]
[20240405 12:57:14 217] [000000] [AcceptFunc_AJAX2 ] [HttpCreateHttpHandle End]
[20240405 12:57:14 256] [000000] [AcceptFunc_AJAX2 ] [HttpAddUrl Start]
[20240405 12:57:14 267] [000000] [AcceptFunc_AJAX2 ] [http://127.0.0.1:9189/]
[20240405 12:57:14 283] [000000] [AcceptFunc_AJAX2 ] [HttpAddUrl End]
[20240405 12:57:14 294] [000000] [AcceptFunc_AJAX2 ] [DoReceiveRequests Start]
[20240405 12:57:14 305] [000000] [DoReceive        ] [DoReceiveRequests Start]
