[20240401 12:22:01 180] [000000] [NICECATDlg       ] [OninitDialog]
[20240401 12:22:01 184] [000000] [setFileToReg     ] [START]
[20240401 12:22:01 217] [000000] [setFileToReg     ] [END]
[20240401 12:22:01 537] [000000] [FileToDllReg     ] [START]
[20240401 12:22:01 552] [000000] [FileToDllReg     ] [SetEnv]
[20240401 12:22:01 669] [000000] [FileToDllReg     ] [Set_SvrInfo]
[20240401 12:22:01 863] [000000] [FileToDllReg     ] [END]
[20240401 12:22:02 078] [000000] [SetEnv           ] [OnCreate]
[20240401 12:22:08 156] [000000] [ReaderInfo(1)    ] [#####NR-5500K002]
[20240401 12:22:08 157] [000000] [LockDisuse       ] [N]
[20240401 12:22:08 182] [000000] [MultiReaderInfo  ] [Start]
[20240401 12:22:08 206] [000000] [MultiReaderInfo  ] [READERTYPE : [01], MultiReaderUse : [N], READERCNT : [0], PORTNUM : [0], PORTBAUDRATE : [0]]
[20240401 12:22:08 221] [000000] [MultiReaderInfo  ] [Finish]
[20240401 12:22:09 132] [000000] [ThreadServer     ] [AcceptFunc_AJAX Call!]
[20240401 12:22:09 134] [000000] [AcceptFunc_AJAX  ] [Start]
[20240401 12:22:09 171] [000000] [AcceptFunc_AJAX  ] [9188]
[20240401 12:22:09 191] [000000] [OnInitDialog     ] [RegQueryValueEx Fail - ServerPortAjax]
[20240401 12:22:09 217] [000000] [AcceptFunc_AJAX  ] [HttpInitialize Start]
[20240401 12:22:09 239] [000000] [AcceptFunc_AJAX  ] [HttpInitialize End]
[20240401 12:22:09 255] [000000] [AcceptFunc_AJAX  ] [HttpCreateHttpHandle Start]
[20240401 12:22:09 293] [000000] [AcceptFunc_AJAX  ] [HttpCreateHttpHandle End]
[20240401 12:22:09 307] [000000] [AcceptFunc_AJAX  ] [HttpAddUrl Start]
[20240401 12:22:09 344] [000000] [AcceptFunc_AJAX  ] [http://127.0.0.1:9188/]
[20240401 12:22:09 367] [000000] [AcceptFunc_AJAX  ] [HttpAddUrl End]
[20240401 12:22:09 390] [000000] [AcceptFunc_AJAX  ] [DoReceiveRequests Start]
[20240401 12:22:09 408] [000000] [DoReceive        ] [DoReceiveRequests Start]
[20240401 12:22:10 142] [000000] [AcceptFunc_AJAX2 ] [Start]
[20240401 12:22:10 144] [000000] [AcceptFunc_AJAX2 ] [RegOpenKeyEx Start!]
[20240401 12:22:10 259] [000000] [OnInitDialog     ] [RegQueryValueEx Fail - ServerPortAjax]
[20240401 12:22:10 280] [000000] [AcceptFunc_AJAX2 ] [HttpInitialize Start]
[20240401 12:22:10 300] [000000] [AcceptFunc_AJAX2 ] [HttpInitialize End]
[20240401 12:22:10 322] [000000] [AcceptFunc_AJAX2 ] [HttpCreateHttpHandle Start]
[20240401 12:22:10 340] [000000] [AcceptFunc_AJAX2 ] [HttpCreateHttpHandle End]
[20240401 12:22:10 356] [000000] [AcceptFunc_AJAX2 ] [HttpAddUrl Start]
[20240401 12:22:10 375] [000000] [AcceptFunc_AJAX2 ] [http://127.0.0.1:9189/]
[20240401 12:22:10 397] [000000] [AcceptFunc_AJAX2 ] [HttpAddUrl End]
[20240401 12:22:10 434] [000000] [AcceptFunc_AJAX2 ] [DoReceiveRequests Start]
[20240401 12:22:10 455] [000000] [DoReceive        ] [DoReceiveRequests Start]
