[20240305 14:49:04 325] [000000] [가맹점다운로드   ] [에이스독서실                      ]
[20240305 14:49:04 330] [000000] [가맹점다운로드   ] [인천 부평구 충선로 174상록빌딩 5층 전체           ]
[20240305 14:49:10 191] [000000] [ReaderInfo       ] [#####NR-5500K002]
[20240305 14:49:10 193] [000000] [LockDisuse       ] [N]
[20240305 14:49:10 193] [000000] [MultiReaderInfo  ] [Start]
[20240305 14:49:10 196] [000000] [MultiReaderInfo  ] [READERTYPE : [01], MultiReaderUse : [N], READERCNT : [0], PORTNUM : [0], PORTBAUDRATE : [0]]
[20240305 14:49:10 196] [000000] [MultiReaderInfo  ] [Finish]
[20240305 14:49:50 646] [000000] [ReaderInfo       ] [#####NR-5500K002]
[20240305 14:49:50 649] [000000] [LockDisuse       ] [N]
[20240305 14:49:50 649] [000000] [MultiReaderInfo  ] [Start]
[20240305 14:49:50 650] [000000] [MultiReaderInfo  ] [READERTYPE : [01], MultiReaderUse : [N], READERCNT : [0], PORTNUM : [0], PORTBAUDRATE : [0]]
[20240305 14:49:50 650] [000000] [MultiReaderInfo  ] [Finish]
[20240305 14:50:19 358] [000000] [ReaderInfo       ] [#####NR-5500K002]
[20240305 14:50:19 361] [000000] [LockDisuse       ] [N]
[20240305 14:50:19 361] [000000] [MultiReaderInfo  ] [Start]
[20240305 14:50:19 362] [000000] [MultiReaderInfo  ] [READERTYPE : [01], MultiReaderUse : [N], READERCNT : [0], PORTNUM : [0], PORTBAUDRATE : [0]]
[20240305 14:50:19 362] [000000] [MultiReaderInfo  ] [Finish]
[20240305 16:11:42 220] [000000] [NICECATDlg       ] [OninitDialog]
[20240305 16:11:42 224] [000000] [setFileToReg     ] [START]
[20240305 16:11:42 250] [000000] [setFileToReg     ] [END]
[20240305 16:11:42 518] [000000] [FileToDllReg     ] [START]
[20240305 16:11:42 521] [000000] [FileToDllReg     ] [SetEnv]
[20240305 16:11:42 535] [000000] [FileToDllReg     ] [Set_SvrInfo]
[20240305 16:11:42 545] [000000] [FileToDllReg     ] [END]
[20240305 16:11:42 704] [000000] [SetEnv           ] [OnCreate]
[20240305 16:18:06 398] [000000] [NICECATDlg       ] [OninitDialog]
[20240305 16:18:06 401] [000000] [setFileToReg     ] [START]
[20240305 16:18:06 482] [000000] [setFileToReg     ] [END]
[20240305 16:18:06 866] [000000] [FileToDllReg     ] [START]
[20240305 16:18:06 868] [000000] [FileToDllReg     ] [SetEnv]
[20240305 16:18:06 889] [000000] [FileToDllReg     ] [Set_SvrInfo]
[20240305 16:18:06 899] [000000] [FileToDllReg     ] [END]
[20240305 16:18:08 450] [000000] [SetEnv           ] [OnCreate]
[20240305 16:20:23 738] [000000] [ReaderInfo       ] [#####NR-5500K002]
[20240305 16:20:23 743] [000000] [LockDisuse       ] [N]
[20240305 16:20:23 743] [000000] [MultiReaderInfo  ] [Start]
[20240305 16:20:23 744] [000000] [MultiReaderInfo  ] [READERTYPE : [01], MultiReaderUse : [N], READERCNT : [0], PORTNUM : [0], PORTBAUDRATE : [0]]
[20240305 16:20:23 744] [000000] [MultiReaderInfo  ] [Finish]
[20240305 16:20:40 378] [000000] [ReaderInfo       ] [#####NR-5500K002]
[20240305 16:20:40 383] [000000] [LockDisuse       ] [N]
[20240305 16:20:40 383] [000000] [MultiReaderInfo  ] [Start]
[20240305 16:20:40 384] [000000] [MultiReaderInfo  ] [READERTYPE : [01], MultiReaderUse : [N], READERCNT : [0], PORTNUM : [0], PORTBAUDRATE : [0]]
[20240305 16:20:40 385] [000000] [MultiReaderInfo  ] [Finish]
[20240305 18:18:00 018] [000000] [ReaderInfo       ] [#####NR-5500K002]
[20240305 18:18:00 025] [000000] [LockDisuse       ] [N]
[20240305 18:18:00 025] [000000] [MultiReaderInfo  ] [Start]
[20240305 18:18:00 028] [000000] [MultiReaderInfo  ] [READERTYPE : [01], MultiReaderUse : [N], READERCNT : [0], PORTNUM : [0], PORTBAUDRATE : [0]]
[20240305 18:18:00 029] [000000] [MultiReaderInfo  ] [Finish]
[20240305 18:22:45 088] [000000] [ReaderInfo       ] [#####NR-5500K002]
[20240305 18:22:45 092] [000000] [LockDisuse       ] [N]
[20240305 18:22:45 092] [000000] [MultiReaderInfo  ] [Start]
[20240305 18:22:45 093] [000000] [MultiReaderInfo  ] [READERTYPE : [01], MultiReaderUse : [N], READERCNT : [0], PORTNUM : [0], PORTBAUDRATE : [0]]
[20240305 18:22:45 093] [000000] [MultiReaderInfo  ] [Finish]
[20240305 18:25:46 683] [000000] [NICECATDlg       ] [OninitDialog]
[20240305 18:25:46 684] [000000] [setFileToReg     ] [START]
[20240305 18:25:46 705] [000000] [setFileToReg     ] [END]
[20240305 18:25:46 844] [000000] [FileToDllReg     ] [START]
[20240305 18:25:46 845] [000000] [FileToDllReg     ] [SetEnv]
[20240305 18:25:46 855] [000000] [FileToDllReg     ] [Set_SvrInfo]
[20240305 18:25:46 862] [000000] [FileToDllReg     ] [END]
[20240305 18:25:46 996] [000000] [SetEnv           ] [OnCreate]
[20240305 18:25:48 928] [000000] [ReaderInfo(1)    ] [#####NR-5500K002]
[20240305 18:25:48 929] [000000] [LockDisuse       ] [N]
[20240305 18:25:48 930] [000000] [MultiReaderInfo  ] [Start]
[20240305 18:25:48 930] [000000] [MultiReaderInfo  ] [READERTYPE : [01], MultiReaderUse : [N], READERCNT : [0], PORTNUM : [0], PORTBAUDRATE : [0]]
[20240305 18:25:48 931] [000000] [MultiReaderInfo  ] [Finish]
[20240305 18:25:49 686] [000000] [ThreadServer     ] [AcceptFunc_AJAX Call!]
[20240305 18:25:49 687] [000000] [AcceptFunc_AJAX  ] [Start]
[20240305 18:25:49 688] [000000] [AcceptFunc_AJAX  ] [9188]
[20240305 18:25:49 688] [000000] [OnInitDialog     ] [RegQueryValueEx Fail - ServerPortAjax]
[20240305 18:25:49 688] [000000] [AcceptFunc_AJAX  ] [HttpInitialize Start]
[20240305 18:25:49 689] [000000] [AcceptFunc_AJAX  ] [HttpInitialize End]
[20240305 18:25:49 689] [000000] [AcceptFunc_AJAX  ] [HttpCreateHttpHandle Start]
[20240305 18:25:49 690] [000000] [AcceptFunc_AJAX  ] [HttpCreateHttpHandle End]
[20240305 18:25:49 690] [000000] [AcceptFunc_AJAX  ] [HttpAddUrl Start]
[20240305 18:25:49 691] [000000] [AcceptFunc_AJAX  ] [http://127.0.0.1:9188/]
[20240305 18:25:49 692] [000000] [AcceptFunc_AJAX  ] [HttpAddUrl End]
[20240305 18:25:49 693] [000000] [AcceptFunc_AJAX  ] [DoReceiveRequests Start]
[20240305 18:25:49 693] [000000] [DoReceive        ] [DoReceiveRequests Start]
[20240305 18:25:50 698] [000000] [AcceptFunc_AJAX2 ] [Start]
[20240305 18:25:50 699] [000000] [AcceptFunc_AJAX2 ] [RegOpenKeyEx Start!]
[20240305 18:25:50 700] [000000] [OnInitDialog     ] [RegQueryValueEx Fail - ServerPortAjax]
[20240305 18:25:50 701] [000000] [AcceptFunc_AJAX2 ] [HttpInitialize Start]
[20240305 18:25:50 702] [000000] [AcceptFunc_AJAX2 ] [HttpInitialize End]
[20240305 18:25:50 702] [000000] [AcceptFunc_AJAX2 ] [HttpCreateHttpHandle Start]
[20240305 18:25:50 703] [000000] [AcceptFunc_AJAX2 ] [HttpCreateHttpHandle End]
[20240305 18:25:50 704] [000000] [AcceptFunc_AJAX2 ] [HttpAddUrl Start]
[20240305 18:25:50 704] [000000] [AcceptFunc_AJAX2 ] [http://127.0.0.1:9189/]
[20240305 18:25:50 705] [000000] [AcceptFunc_AJAX2 ] [HttpAddUrl End]
[20240305 18:25:50 706] [000000] [AcceptFunc_AJAX2 ] [DoReceiveRequests Start]
[20240305 18:25:50 707] [000000] [DoReceive        ] [DoReceiveRequests Start]
[20240305 18:31:17 651] [000000] [NICECATDlg       ] [OninitDialog]
[20240305 18:31:17 652] [000000] [setFileToReg     ] [START]
[20240305 18:31:17 678] [000000] [setFileToReg     ] [END]
[20240305 18:31:17 811] [000000] [FileToDllReg     ] [START]
[20240305 18:31:17 813] [000000] [FileToDllReg     ] [SetEnv]
[20240305 18:31:17 824] [000000] [FileToDllReg     ] [Set_SvrInfo]
[20240305 18:31:17 834] [000000] [FileToDllReg     ] [END]
[20240305 18:31:17 862] [000000] [SetEnv           ] [OnCreate]
[20240305 18:31:19 667] [000000] [ReaderInfo(1)    ] [#####NR-5500K002]
[20240305 18:31:19 667] [000000] [LockDisuse       ] [N]
[20240305 18:31:19 668] [000000] [MultiReaderInfo  ] [Start]
[20240305 18:31:19 668] [000000] [MultiReaderInfo  ] [READERTYPE : [01], MultiReaderUse : [N], READERCNT : [0], PORTNUM : [0], PORTBAUDRATE : [0]]
[20240305 18:31:19 669] [000000] [MultiReaderInfo  ] [Finish]
[20240305 18:31:20 302] [000000] [ThreadServer     ] [AcceptFunc_AJAX Call!]
[20240305 18:31:20 303] [000000] [AcceptFunc_AJAX  ] [Start]
[20240305 18:31:20 303] [000000] [AcceptFunc_AJAX  ] [9188]
[20240305 18:31:20 304] [000000] [OnInitDialog     ] [RegQueryValueEx Fail - ServerPortAjax]
[20240305 18:31:20 304] [000000] [AcceptFunc_AJAX  ] [HttpInitialize Start]
[20240305 18:31:20 304] [000000] [AcceptFunc_AJAX  ] [HttpInitialize End]
[20240305 18:31:20 305] [000000] [AcceptFunc_AJAX  ] [HttpCreateHttpHandle Start]
[20240305 18:31:20 305] [000000] [AcceptFunc_AJAX  ] [HttpCreateHttpHandle End]
[20240305 18:31:20 305] [000000] [AcceptFunc_AJAX  ] [HttpAddUrl Start]
[20240305 18:31:20 305] [000000] [AcceptFunc_AJAX  ] [http://127.0.0.1:9188/]
[20240305 18:31:20 306] [000000] [AcceptFunc_AJAX  ] [HttpAddUrl End]
[20240305 18:31:20 306] [000000] [AcceptFunc_AJAX  ] [DoReceiveRequests Start]
[20240305 18:31:20 307] [000000] [DoReceive        ] [DoReceiveRequests Start]
[20240305 18:31:21 315] [000000] [AcceptFunc_AJAX2 ] [Start]
[20240305 18:31:21 315] [000000] [AcceptFunc_AJAX2 ] [RegOpenKeyEx Start!]
[20240305 18:31:21 316] [000000] [OnInitDialog     ] [RegQueryValueEx Fail - ServerPortAjax]
[20240305 18:31:21 317] [000000] [AcceptFunc_AJAX2 ] [HttpInitialize Start]
[20240305 18:31:21 317] [000000] [AcceptFunc_AJAX2 ] [HttpInitialize End]
[20240305 18:31:21 318] [000000] [AcceptFunc_AJAX2 ] [HttpCreateHttpHandle Start]
[20240305 18:31:21 319] [000000] [AcceptFunc_AJAX2 ] [HttpCreateHttpHandle End]
[20240305 18:31:21 319] [000000] [AcceptFunc_AJAX2 ] [HttpAddUrl Start]
[20240305 18:31:21 320] [000000] [AcceptFunc_AJAX2 ] [http://127.0.0.1:9189/]
[20240305 18:31:21 321] [000000] [AcceptFunc_AJAX2 ] [HttpAddUrl End]
[20240305 18:31:21 322] [000000] [AcceptFunc_AJAX2 ] [DoReceiveRequests Start]
[20240305 18:31:21 323] [000000] [DoReceive        ] [DoReceiveRequests Start]
[20240305 21:20:35 384] [000000] [NICECATDlg       ] [OninitDialog]
[20240305 21:20:35 393] [000000] [setFileToReg     ] [START]
[20240305 21:20:35 436] [000000] [setFileToReg     ] [END]
[20240305 21:20:35 795] [000000] [FileToDllReg     ] [START]
[20240305 21:20:35 815] [000000] [FileToDllReg     ] [SetEnv]
[20240305 21:20:35 828] [000000] [FileToDllReg     ] [Set_SvrInfo]
[20240305 21:20:35 876] [000000] [FileToDllReg     ] [END]
[20240305 21:20:37 350] [000000] [SetEnv           ] [OnCreate]
[20240305 21:20:39 971] [000000] [ReaderInfo(1)    ] [#####NR-5500K002]
[20240305 21:20:39 973] [000000] [LockDisuse       ] [N]
[20240305 21:20:39 974] [000000] [MultiReaderInfo  ] [Start]
[20240305 21:20:39 976] [000000] [MultiReaderInfo  ] [READERTYPE : [01], MultiReaderUse : [N], READERCNT : [0], PORTNUM : [0], PORTBAUDRATE : [0]]
[20240305 21:20:39 977] [000000] [MultiReaderInfo  ] [Finish]
[20240305 21:20:40 842] [000000] [ThreadServer     ] [AcceptFunc_AJAX Call!]
[20240305 21:20:40 853] [000000] [AcceptFunc_AJAX  ] [Start]
[20240305 21:20:40 867] [000000] [AcceptFunc_AJAX  ] [9188]
[20240305 21:20:40 868] [000000] [OnInitDialog     ] [RegQueryValueEx Fail - ServerPortAjax]
[20240305 21:20:40 868] [000000] [AcceptFunc_AJAX  ] [HttpInitialize Start]
[20240305 21:20:40 869] [000000] [AcceptFunc_AJAX  ] [HttpInitialize End]
[20240305 21:20:40 869] [000000] [AcceptFunc_AJAX  ] [HttpCreateHttpHandle Start]
[20240305 21:20:40 870] [000000] [AcceptFunc_AJAX  ] [HttpCreateHttpHandle End]
[20240305 21:20:40 870] [000000] [AcceptFunc_AJAX  ] [HttpAddUrl Start]
[20240305 21:20:40 871] [000000] [AcceptFunc_AJAX  ] [http://127.0.0.1:9188/]
[20240305 21:20:40 916] [000000] [AcceptFunc_AJAX  ] [HttpAddUrl End]
[20240305 21:20:40 916] [000000] [AcceptFunc_AJAX  ] [DoReceiveRequests Start]
[20240305 21:20:40 918] [000000] [DoReceive        ] [DoReceiveRequests Start]
[20240305 21:20:41 869] [000000] [AcceptFunc_AJAX2 ] [Start]
[20240305 21:20:41 870] [000000] [AcceptFunc_AJAX2 ] [RegOpenKeyEx Start!]
[20240305 21:20:41 870] [000000] [OnInitDialog     ] [RegQueryValueEx Fail - ServerPortAjax]
[20240305 21:20:41 871] [000000] [AcceptFunc_AJAX2 ] [HttpInitialize Start]
[20240305 21:20:41 872] [000000] [AcceptFunc_AJAX2 ] [HttpInitialize End]
[20240305 21:20:41 873] [000000] [AcceptFunc_AJAX2 ] [HttpCreateHttpHandle Start]
[20240305 21:20:41 873] [000000] [AcceptFunc_AJAX2 ] [HttpCreateHttpHandle End]
[20240305 21:20:41 874] [000000] [AcceptFunc_AJAX2 ] [HttpAddUrl Start]
[20240305 21:20:41 875] [000000] [AcceptFunc_AJAX2 ] [http://127.0.0.1:9189/]
[20240305 21:20:41 877] [000000] [AcceptFunc_AJAX2 ] [HttpAddUrl End]
[20240305 21:20:41 878] [000000] [AcceptFunc_AJAX2 ] [DoReceiveRequests Start]
[20240305 21:20:41 879] [000000] [DoReceive        ] [DoReceiveRequests Start]
[20240305 21:27:48 775] [000000] [NICECATDlg       ] [OninitDialog]
[20240305 21:27:48 778] [000000] [setFileToReg     ] [START]
[20240305 21:27:48 810] [000000] [setFileToReg     ] [END]
[20240305 21:27:49 111] [000000] [FileToDllReg     ] [START]
[20240305 21:27:49 115] [000000] [FileToDllReg     ] [SetEnv]
[20240305 21:27:49 127] [000000] [FileToDllReg     ] [Set_SvrInfo]
[20240305 21:27:49 154] [000000] [FileToDllReg     ] [END]
[20240305 21:27:49 490] [000000] [SetEnv           ] [OnCreate]
[20240305 21:27:52 356] [000000] [ReaderInfo(1)    ] [#####NR-5500K002]
[20240305 21:27:52 357] [000000] [LockDisuse       ] [N]
[20240305 21:27:52 357] [000000] [MultiReaderInfo  ] [Start]
[20240305 21:27:52 359] [000000] [MultiReaderInfo  ] [READERTYPE : [01], MultiReaderUse : [N], READERCNT : [0], PORTNUM : [0], PORTBAUDRATE : [0]]
[20240305 21:27:52 359] [000000] [MultiReaderInfo  ] [Finish]
[20240305 21:27:53 254] [000000] [ThreadServer     ] [AcceptFunc_AJAX Call!]
[20240305 21:27:53 261] [000000] [AcceptFunc_AJAX  ] [Start]
[20240305 21:27:53 262] [000000] [AcceptFunc_AJAX  ] [9188]
[20240305 21:27:53 262] [000000] [OnInitDialog     ] [RegQueryValueEx Fail - ServerPortAjax]
[20240305 21:27:53 263] [000000] [AcceptFunc_AJAX  ] [HttpInitialize Start]
[20240305 21:27:53 263] [000000] [AcceptFunc_AJAX  ] [HttpInitialize End]
[20240305 21:27:53 264] [000000] [AcceptFunc_AJAX  ] [HttpCreateHttpHandle Start]
[20240305 21:27:53 264] [000000] [AcceptFunc_AJAX  ] [HttpCreateHttpHandle End]
[20240305 21:27:53 265] [000000] [AcceptFunc_AJAX  ] [HttpAddUrl Start]
[20240305 21:27:53 265] [000000] [AcceptFunc_AJAX  ] [http://127.0.0.1:9188/]
[20240305 21:27:53 269] [000000] [AcceptFunc_AJAX  ] [HttpAddUrl End]
[20240305 21:27:53 269] [000000] [AcceptFunc_AJAX  ] [DoReceiveRequests Start]
[20240305 21:27:53 270] [000000] [DoReceive        ] [DoReceiveRequests Start]
[20240305 21:27:54 270] [000000] [AcceptFunc_AJAX2 ] [Start]
[20240305 21:27:54 270] [000000] [AcceptFunc_AJAX2 ] [RegOpenKeyEx Start!]
[20240305 21:27:54 271] [000000] [OnInitDialog     ] [RegQueryValueEx Fail - ServerPortAjax]
[20240305 21:27:54 271] [000000] [AcceptFunc_AJAX2 ] [HttpInitialize Start]
[20240305 21:27:54 272] [000000] [AcceptFunc_AJAX2 ] [HttpInitialize End]
[20240305 21:27:54 272] [000000] [AcceptFunc_AJAX2 ] [HttpCreateHttpHandle Start]
[20240305 21:27:54 273] [000000] [AcceptFunc_AJAX2 ] [HttpCreateHttpHandle End]
[20240305 21:27:54 273] [000000] [AcceptFunc_AJAX2 ] [HttpAddUrl Start]
[20240305 21:27:54 274] [000000] [AcceptFunc_AJAX2 ] [http://127.0.0.1:9189/]
[20240305 21:27:54 294] [000000] [AcceptFunc_AJAX2 ] [HttpAddUrl End]
[20240305 21:27:54 295] [000000] [AcceptFunc_AJAX2 ] [DoReceiveRequests Start]
[20240305 21:27:54 295] [000000] [DoReceive        ] [DoReceiveRequests Start]
[20240305 21:31:30 085] [000000] [NICECATDlg       ] [OninitDialog]
[20240305 21:31:30 087] [000000] [setFileToReg     ] [START]
[20240305 21:31:30 351] [000000] [setFileToReg     ] [END]
[20240305 21:31:30 855] [000000] [FileToDllReg     ] [START]
[20240305 21:31:30 859] [000000] [FileToDllReg     ] [SetEnv]
[20240305 21:31:30 871] [000000] [FileToDllReg     ] [Set_SvrInfo]
[20240305 21:31:31 005] [000000] [FileToDllReg     ] [END]
[20240305 21:31:38 900] [000000] [SetEnv           ] [OnCreate]
[20240305 21:31:50 983] [000000] [ReaderInfo(1)    ] [#####NR-5500K002]
[20240305 21:31:50 984] [000000] [LockDisuse       ] [N]
[20240305 21:31:50 984] [000000] [MultiReaderInfo  ] [Start]
[20240305 21:31:50 985] [000000] [MultiReaderInfo  ] [READERTYPE : [01], MultiReaderUse : [N], READERCNT : [0], PORTNUM : [0], PORTBAUDRATE : [0]]
[20240305 21:31:50 986] [000000] [MultiReaderInfo  ] [Finish]
[20240305 21:31:52 545] [000000] [ThreadServer     ] [AcceptFunc_AJAX Call!]
[20240305 21:31:52 669] [000000] [AcceptFunc_AJAX  ] [Start]
[20240305 21:31:52 674] [000000] [AcceptFunc_AJAX  ] [9188]
[20240305 21:31:52 674] [000000] [OnInitDialog     ] [RegQueryValueEx Fail - ServerPortAjax]
[20240305 21:31:52 675] [000000] [AcceptFunc_AJAX  ] [HttpInitialize Start]
[20240305 21:31:52 676] [000000] [AcceptFunc_AJAX  ] [HttpInitialize End]
[20240305 21:31:52 676] [000000] [AcceptFunc_AJAX  ] [HttpCreateHttpHandle Start]
[20240305 21:31:52 677] [000000] [AcceptFunc_AJAX  ] [HttpCreateHttpHandle End]
[20240305 21:31:52 678] [000000] [AcceptFunc_AJAX  ] [HttpAddUrl Start]
[20240305 21:31:52 680] [000000] [AcceptFunc_AJAX  ] [http://127.0.0.1:9188/]
[20240305 21:31:52 831] [000000] [AcceptFunc_AJAX  ] [HttpAddUrl End]
[20240305 21:31:52 842] [000000] [AcceptFunc_AJAX  ] [DoReceiveRequests Start]
[20240305 21:31:52 844] [000000] [DoReceive        ] [DoReceiveRequests Start]
[20240305 21:31:53 877] [000000] [AcceptFunc_AJAX2 ] [Start]
[20240305 21:31:53 878] [000000] [AcceptFunc_AJAX2 ] [RegOpenKeyEx Start!]
[20240305 21:31:53 879] [000000] [OnInitDialog     ] [RegQueryValueEx Fail - ServerPortAjax]
[20240305 21:31:53 880] [000000] [AcceptFunc_AJAX2 ] [HttpInitialize Start]
[20240305 21:31:53 881] [000000] [AcceptFunc_AJAX2 ] [HttpInitialize End]
[20240305 21:31:53 882] [000000] [AcceptFunc_AJAX2 ] [HttpCreateHttpHandle Start]
[20240305 21:31:53 882] [000000] [AcceptFunc_AJAX2 ] [HttpCreateHttpHandle End]
[20240305 21:31:53 884] [000000] [AcceptFunc_AJAX2 ] [HttpAddUrl Start]
[20240305 21:31:53 892] [000000] [AcceptFunc_AJAX2 ] [http://127.0.0.1:9189/]
[20240305 21:31:53 999] [000000] [AcceptFunc_AJAX2 ] [HttpAddUrl End]
[20240305 21:31:54 000] [000000] [AcceptFunc_AJAX2 ] [DoReceiveRequests Start]
[20240305 21:31:54 008] [000000] [DoReceive        ] [DoReceiveRequests Start]
