[20240304 14:12:34 333] [000000] [NICECATDlg       ] [OninitDialog]
[20240304 14:12:34 336] [000000] [setFileToReg     ] [START]
[20240304 14:12:34 361] [000000] [setFileToReg     ] [END]
[20240304 14:12:34 839] [000000] [FileToDllReg     ] [START]
[20240304 14:12:34 841] [000000] [FileToDllReg     ] [SetEnv]
[20240304 14:12:34 867] [000000] [FileToDllReg     ] [Set_SvrInfo]
[20240304 14:12:34 890] [000000] [FileToDllReg     ] [END]
[20240304 14:12:35 358] [000000] [SetEnv           ] [OnCreate]
[20240304 16:20:50 832] [000000] [NICECATDlg       ] [OninitDialog]
[20240304 16:20:50 835] [000000] [setFileToReg     ] [START]
[20240304 16:20:50 863] [000000] [setFileToReg     ] [END]
[20240304 16:20:51 401] [000000] [FileToDllReg     ] [START]
[20240304 16:20:51 404] [000000] [FileToDllReg     ] [SetEnv]
[20240304 16:20:51 418] [000000] [FileToDllReg     ] [Set_SvrInfo]
[20240304 16:20:51 430] [000000] [FileToDllReg     ] [END]
[20240304 16:20:51 586] [000000] [SetEnv           ] [OnCreate]
[20240304 17:17:36 570] [000000] [가맹점다운로드   ] [에이스독서실                      ]
[20240304 17:17:36 571] [000000] [가맹점다운로드   ] [인천 부평구 충선로 174상록빌딩 5층 전체           ]
[20240304 17:17:46 663] [000000] [가맹점다운로드   ] [에이스독서실                      ]
[20240304 17:17:46 663] [000000] [가맹점다운로드   ] [인천 부평구 충선로 174상록빌딩 5층 전체           ]
[20240304 17:17:49 748] [000000] [가맹점다운로드   ] [에이스독서실                      ]
[20240304 17:17:49 749] [000000] [가맹점다운로드   ] [인천 부평구 충선로 174상록빌딩 5층 전체           ]
[20240304 17:36:08 762] [000000] [NICECATDlg       ] [OninitDialog]
[20240304 17:36:09 239] [000000] [SetEnv           ] [OnCreate]
[20240304 17:44:53 038] [000000] [가맹점다운로드   ] [에이스독서실                      ]
[20240304 17:44:53 039] [000000] [가맹점다운로드   ] [인천 부평구 충선로 174상록빌딩 5층 전체           ]
[20240304 17:51:54 306] [000000] [가맹점다운로드   ] [에이스독서실                      ]
[20240304 17:51:54 307] [000000] [가맹점다운로드   ] [인천 부평구 충선로 174상록빌딩 5층 전체           ]
[20240304 17:57:08 994] [000000] [NICECATDlg       ] [OninitDialog]
[20240304 17:57:08 995] [000000] [setFileToReg     ] [START]
[20240304 17:57:09 022] [000000] [setFileToReg     ] [END]
[20240304 17:57:09 378] [000000] [FileToDllReg     ] [START]
[20240304 17:57:09 385] [000000] [FileToDllReg     ] [SetEnv]
[20240304 17:57:09 396] [000000] [FileToDllReg     ] [Set_SvrInfo]
[20240304 17:57:09 414] [000000] [FileToDllReg     ] [END]
[20240304 17:57:09 670] [000000] [SetEnv           ] [OnCreate]
[20240304 18:08:50 716] [000000] [ReaderInfo       ] [#####NR-5500K002]
[20240304 18:08:50 720] [000000] [LockDisuse       ] [N]
[20240304 18:08:50 720] [000000] [MultiReaderInfo  ] [Start]
[20240304 18:08:50 721] [000000] [MultiReaderInfo  ] [READERTYPE : [01], MultiReaderUse : [N], READERCNT : [0], PORTNUM : [0], PORTBAUDRATE : [0]]
[20240304 18:08:50 722] [000000] [MultiReaderInfo  ] [Finish]
[20240304 18:09:38 668] [000000] [ReaderInfo       ] [#####NR-5500K002]
[20240304 18:09:38 671] [000000] [LockDisuse       ] [N]
[20240304 18:09:38 671] [000000] [MultiReaderInfo  ] [Start]
[20240304 18:09:38 672] [000000] [MultiReaderInfo  ] [READERTYPE : [01], MultiReaderUse : [N], READERCNT : [0], PORTNUM : [0], PORTBAUDRATE : [0]]
[20240304 18:09:38 672] [000000] [MultiReaderInfo  ] [Finish]
[20240304 19:22:51 085] [000000] [NICECATDlg       ] [OninitDialog]
[20240304 19:22:51 088] [000000] [setFileToReg     ] [START]
[20240304 19:22:51 105] [000000] [setFileToReg     ] [END]
[20240304 19:22:51 222] [000000] [FileToDllReg     ] [START]
[20240304 19:22:51 222] [000000] [FileToDllReg     ] [SetEnv]
[20240304 19:22:51 239] [000000] [FileToDllReg     ] [Set_SvrInfo]
[20240304 19:22:51 239] [000000] [FileToDllReg     ] [END]
[20240304 19:22:51 396] [000000] [SetEnv           ] [OnCreate]
[20240304 19:22:53 294] [000000] [ReaderInfo(1)    ] [#####NR-5500K002]
[20240304 19:22:53 295] [000000] [LockDisuse       ] [N]
[20240304 19:22:53 295] [000000] [MultiReaderInfo  ] [Start]
[20240304 19:22:53 296] [000000] [MultiReaderInfo  ] [READERTYPE : [01], MultiReaderUse : [N], READERCNT : [0], PORTNUM : [0], PORTBAUDRATE : [0]]
[20240304 19:22:53 296] [000000] [MultiReaderInfo  ] [Finish]
[20240304 19:23:39 253] [000000] [ReaderInfo       ] [#####NR-5500K002]
[20240304 19:23:39 256] [000000] [LockDisuse       ] [N]
[20240304 19:23:39 256] [000000] [MultiReaderInfo  ] [Start]
[20240304 19:23:39 257] [000000] [MultiReaderInfo  ] [READERTYPE : [01], MultiReaderUse : [N], READERCNT : [0], PORTNUM : [0], PORTBAUDRATE : [0]]
[20240304 19:23:39 257] [000000] [MultiReaderInfo  ] [Finish]
[20240304 19:59:45 124] [000000] [ReaderInfo       ] [#####NR-5500K002]
[20240304 19:59:45 129] [000000] [LockDisuse       ] [N]
[20240304 19:59:45 129] [000000] [MultiReaderInfo  ] [Start]
[20240304 19:59:45 130] [000000] [MultiReaderInfo  ] [READERTYPE : [01], MultiReaderUse : [N], READERCNT : [0], PORTNUM : [0], PORTBAUDRATE : [0]]
[20240304 19:59:45 130] [000000] [MultiReaderInfo  ] [Finish]
[20240304 22:54:45 102] [000000] [ReaderInfo       ] [#####NR-5500K002]
[20240304 22:54:45 115] [000000] [LockDisuse       ] [N]
[20240304 22:54:45 115] [000000] [MultiReaderInfo  ] [Start]
[20240304 22:54:45 116] [000000] [MultiReaderInfo  ] [READERTYPE : [01], MultiReaderUse : [N], READERCNT : [0], PORTNUM : [0], PORTBAUDRATE : [0]]
[20240304 22:54:45 116] [000000] [MultiReaderInfo  ] [Finish]
[20240304 23:40:59 145] [000000] [가맹점다운로드   ] [에이스독서실                      ]
[20240304 23:40:59 147] [000000] [가맹점다운로드   ] [인천 부평구 충선로 174상록빌딩 5층 전체           ]
